Member-1-Generation-19
S11     S22     S12

MaxStressData =

  528.9000   22.1600   14.6100
  453.7000   18.4800   15.5500
  541.7000   22.2000   19.2500
  460.0000   18.2100   20.9500

S11     S22     S12

MinStressData =

 -156.0000   -6.6920  -14.6200
 -448.7000  -18.1200  -15.6900
 -113.0000    2.4040  -18.4200
 -458.7000  -14.8000  -21.0500

***********************************************************************************
G19ID00028000001039A7089200813450000
***********************************************************************************
************************FAILURE LIMITS*********************************************
Failure(STR) S11 max= 2320 ----  Allowed S11 Max (Tensile)    = 1160 ------> Model S11 Max (Tensile)    = 541.7 ------>>  [  OK  ]      max value from loadcase=  3 >>> Effort = 0.23349 <<<<
Failure(STR) S11 min= -981 ----  Allowed S11 Min (Compressive)= -490.5 ------> Model S11 Min (Compressive)= -458.7 ------>>   [  OK  ]     min value from loadcase=  4 >>> Effort = 0.46758 <<<<
Failure(STR) S22 max= 49 ----  Allowed S22 Max (Tensile)    = 24.5 ------> Model S22 Max (Tensile)    = 22.2 ------>>   [  OK  ]     max value from loadcase=  3 >>> Effort = 0.45306 <<<<
Failure(STR) S22 min= -160 ----  Allowed S22 Min (Compressive)= -80 ------> Model S22 Min (Compressive)= -18.12 ------>>   [  OK  ]     min value from loadcase=  2 >>> Effort = 0.11325 <<<<
Failure(STR) S12 max= 67 ----  Allowed S12 Max (Tensile)    = 33.5 ------> Model S12 Max (Tensile)    = 20.95 ------>>   [  OK  ]     max value from loadcase=  4 >>> Effort = 0.31269 <<<<
Failure(STR) S12 min= -67 ----  Allowed S12 Min (Compressive)= -33.5 ------> Model S12 Min (Compressive)= -21.05 ------>>   [  OK  ]     min value from loadcase=  4 >>> Effort = 0.31418 <<<<
*********************************************************************
************************MEMBER OUTPUT*********************************************
eigenPerformanceError=1.6255
materialRelativeDifferenceError=7.6705
s11Error= 1.8403e-08
s22Error= 9.0718e-15
s12Error= 4.3849e-75
objectiveVal= 7.8408
*********************************************************************
Load case 1 effort:     S11        S22       S12 
   tensile:           0.22797     0.45224     0.21806
   compressive:       0.15902    0.041825     0.21821
Load case 2 effort:     S11        S22       S12 
   tensile:           0.19556     0.37714     0.23209
   compressive:       0.45739     0.11325     0.23418
Load case 3 effort:     S11        S22       S12 
   tensile:           0.23349     0.45306     0.28731
   compressive:       0.11519    0.049061     0.27493
Load case 4 effort:     S11        S22       S12 
   tensile:           0.19828     0.37163     0.31269
   compressive:       0.46758      0.0925     0.31418
***********************************************************************************
D00028000001039A7089200813450000
***********************************************************************************
Member-2-Generation-19
S11     S22     S12

MaxStressData =

  529.1000   22.1700   14.6200
  454.5000   18.5100   15.5700
  544.0000   22.2900   19.2700
  460.6000   18.2900   20.9300

S11     S22     S12

MinStressData =

 -155.7000   -6.6790  -14.6300
 -448.9000  -18.1200  -15.6900
 -113.4000    2.4040  -18.5200
 -460.5000  -14.8000  -21.1900

***********************************************************************************
G19ID00028000001079A2399A10813450001
***********************************************************************************
************************FAILURE LIMITS*********************************************
Failure(STR) S11 max= 2320 ----  Allowed S11 Max (Tensile)    = 1160 ------> Model S11 Max (Tensile)    = 544 ------>>  [  OK  ]      max value from loadcase=  3 >>> Effort = 0.23448 <<<<
Failure(STR) S11 min= -981 ----  Allowed S11 Min (Compressive)= -490.5 ------> Model S11 Min (Compressive)= -460.5 ------>>   [  OK  ]     min value from loadcase=  4 >>> Effort = 0.46942 <<<<
Failure(STR) S22 max= 49 ----  Allowed S22 Max (Tensile)    = 24.5 ------> Model S22 Max (Tensile)    = 22.29 ------>>   [  OK  ]     max value from loadcase=  3 >>> Effort = 0.4549 <<<<
Failure(STR) S22 min= -160 ----  Allowed S22 Min (Compressive)= -80 ------> Model S22 Min (Compressive)= -18.12 ------>>   [  OK  ]     min value from loadcase=  2 >>> Effort = 0.11325 <<<<
Failure(STR) S12 max= 67 ----  Allowed S12 Max (Tensile)    = 33.5 ------> Model S12 Max (Tensile)    = 20.93 ------>>   [  OK  ]     max value from loadcase=  4 >>> Effort = 0.31239 <<<<
Failure(STR) S12 min= -67 ----  Allowed S12 Min (Compressive)= -33.5 ------> Model S12 Min (Compressive)= -21.19 ------>>   [  OK  ]     min value from loadcase=  4 >>> Effort = 0.31627 <<<<
*********************************************************************
************************MEMBER OUTPUT*********************************************
eigenPerformanceError=1.8196
materialRelativeDifferenceError=0
s11Error= 1.1528e-07
s22Error= 5.6935e-14
s12Error= 3.5435e-74
objectiveVal= 1.8196
*********************************************************************
Load case 1 effort:     S11        S22       S12 
   tensile:           0.22806     0.45245     0.21821
   compressive:       0.15872    0.041744     0.21836
Load case 2 effort:     S11        S22       S12 
   tensile:           0.19591     0.37776     0.23239
   compressive:       0.45759     0.11325     0.23418
Load case 3 effort:     S11        S22       S12 
   tensile:           0.23448      0.4549     0.28761
   compressive:       0.1156    0.049061     0.27642
Load case 4 effort:     S11        S22       S12 
   tensile:           0.19853     0.37327     0.31239
   compressive:       0.46942      0.0925     0.31627
***********************************************************************************
D00028000001079A2399A10813450001
***********************************************************************************
Member-3-Generation-19
S11     S22     S12

MaxStressData =

  529.3000   22.1400   14.7100
  453.9000   18.4900   15.5400
  546.5000   22.4900   19.2300
  462.2000   19.3000   20.7900

S11     S22     S12

MinStressData =

 -156.2000   -6.7010  -14.7200
 -448.8000  -18.1200  -15.7100
 -113.1000    2.4050  -18.4100
 -470.3000  -14.8000  -21.1200

***********************************************************************************
G19ID000280200010396D883A10813450000
***********************************************************************************
************************FAILURE LIMITS*********************************************
Failure(STR) S11 max= 2320 ----  Allowed S11 Max (Tensile)    = 1160 ------> Model S11 Max (Tensile)    = 546.5 ------>>  [  OK  ]      max value from loadcase=  3 >>> Effort = 0.23556 <<<<
Failure(STR) S11 min= -981 ----  Allowed S11 Min (Compressive)= -490.5 ------> Model S11 Min (Compressive)= -470.3 ------>>   [  OK  ]     min value from loadcase=  4 >>> Effort = 0.47941 <<<<
Failure(STR) S22 max= 49 ----  Allowed S22 Max (Tensile)    = 24.5 ------> Model S22 Max (Tensile)    = 22.49 ------>>   [  OK  ]     max value from loadcase=  3 >>> Effort = 0.45898 <<<<
Failure(STR) S22 min= -160 ----  Allowed S22 Min (Compressive)= -80 ------> Model S22 Min (Compressive)= -18.12 ------>>   [  OK  ]     min value from loadcase=  2 >>> Effort = 0.11325 <<<<
Failure(STR) S12 max= 67 ----  Allowed S12 Max (Tensile)    = 33.5 ------> Model S12 Max (Tensile)    = 20.79 ------>>   [  OK  ]     max value from loadcase=  4 >>> Effort = 0.3103 <<<<
Failure(STR) S12 min= -67 ----  Allowed S12 Min (Compressive)= -33.5 ------> Model S12 Min (Compressive)= -21.12 ------>>   [  OK  ]     min value from loadcase=  4 >>> Effort = 0.31522 <<<<
*********************************************************************
************************MEMBER OUTPUT*********************************************
eigenPerformanceError=1.7472
materialRelativeDifferenceError=0
s11Error= 0.0025135
s22Error= 3.3729e-12
s12Error= 1.2465e-74
objectiveVal= 1.7472
*********************************************************************
Load case 1 effort:     S11        S22       S12 
   tensile:           0.22815     0.45184     0.21955
   compressive:       0.15923    0.041881      0.2197
Load case 2 effort:     S11        S22       S12 
   tensile:           0.19565     0.37735     0.23194
   compressive:       0.45749     0.11325     0.23448
Load case 3 effort:     S11        S22       S12 
   tensile:           0.23556     0.45898     0.28701
   compressive:       0.11529    0.049082     0.27478
Load case 4 effort:     S11        S22       S12 
   tensile:           0.19922     0.39388      0.3103
   compressive:       0.47941      0.0925     0.31522
***********************************************************************************
D000280200010396D883A10813450000
***********************************************************************************
Member-4-Generation-19
S11     S22     S12

MaxStressData =

  529.3000   22.1400   14.7100
  452.4000   18.4300   15.4900
  547.2000   22.5200   19.2500
  462.1000   19.3000   20.7800

S11     S22     S12

MinStressData =

 -155.6000   -6.6790  -14.7200
 -448.5000  -18.1100  -15.7000
 -113.2000    2.3900  -18.4300
 -470.4000  -14.8100  -21.1200

***********************************************************************************
G19ID00028020001039A2383A00813440000
***********************************************************************************
************************FAILURE LIMITS*********************************************
Failure(STR) S11 max= 2320 ----  Allowed S11 Max (Tensile)    = 1160 ------> Model S11 Max (Tensile)    = 547.2 ------>>  [  OK  ]      max value from loadcase=  3 >>> Effort = 0.23586 <<<<
Failure(STR) S11 min= -981 ----  Allowed S11 Min (Compressive)= -490.5 ------> Model S11 Min (Compressive)= -470.4 ------>>   [  OK  ]     min value from loadcase=  4 >>> Effort = 0.47951 <<<<
Failure(STR) S22 max= 49 ----  Allowed S22 Max (Tensile)    = 24.5 ------> Model S22 Max (Tensile)    = 22.52 ------>>   [  OK  ]     max value from loadcase=  3 >>> Effort = 0.45959 <<<<
Failure(STR) S22 min= -160 ----  Allowed S22 Min (Compressive)= -80 ------> Model S22 Min (Compressive)= -18.11 ------>>   [  OK  ]     min value from loadcase=  2 >>> Effort = 0.11319 <<<<
Failure(STR) S12 max= 67 ----  Allowed S12 Max (Tensile)    = 33.5 ------> Model S12 Max (Tensile)    = 20.78 ------>>   [  OK  ]     max value from loadcase=  4 >>> Effort = 0.31015 <<<<
Failure(STR) S12 min= -67 ----  Allowed S12 Min (Compressive)= -33.5 ------> Model S12 Min (Compressive)= -21.12 ------>>   [  OK  ]     min value from loadcase=  4 >>> Effort = 0.31522 <<<<
*********************************************************************
************************MEMBER OUTPUT*********************************************
eigenPerformanceError=1.6815
materialRelativeDifferenceError=4.7822
s11Error= 0.0027832
s22Error= 6.2216e-12
s12Error= 1.2465e-74
objectiveVal= 5.0692
*********************************************************************
Load case 1 effort:     S11        S22       S12 
   tensile:           0.22815     0.45184     0.21955
   compressive:       0.15861    0.041744      0.2197
Load case 2 effort:     S11        S22       S12 
   tensile:           0.195     0.37612     0.23119
   compressive:       0.45719     0.11319     0.23433
Load case 3 effort:     S11        S22       S12 
   tensile:           0.23586     0.45959     0.28731
   compressive:       0.11539    0.048776     0.27507
Load case 4 effort:     S11        S22       S12 
   tensile:           0.19918     0.39388     0.31015
   compressive:       0.47951    0.092563     0.31522
***********************************************************************************
D00028020001039A2383A00813440000
***********************************************************************************
Member-5-Generation-19
S11     S22     S12

MaxStressData =

  526.3000   22.0600   14.4000
  451.8000   18.4000   15.4600
  547.2000   22.5200   19.2300
  462.1000   19.3000   20.9500

S11     S22     S12

MinStressData =

 -155.3000   -6.6630  -14.4000
 -448.2000  -18.1000  -15.6600
 -113.2000    2.3890  -18.4300
 -470.4000  -14.7900  -21.0600

***********************************************************************************
G19ID00028020001039A7988A10813440000
***********************************************************************************
************************FAILURE LIMITS*********************************************
Failure(STR) S11 max= 2320 ----  Allowed S11 Max (Tensile)    = 1160 ------> Model S11 Max (Tensile)    = 547.2 ------>>  [  OK  ]      max value from loadcase=  3 >>> Effort = 0.23586 <<<<
Failure(STR) S11 min= -981 ----  Allowed S11 Min (Compressive)= -490.5 ------> Model S11 Min (Compressive)= -470.4 ------>>   [  OK  ]     min value from loadcase=  4 >>> Effort = 0.47951 <<<<
Failure(STR) S22 max= 49 ----  Allowed S22 Max (Tensile)    = 24.5 ------> Model S22 Max (Tensile)    = 22.52 ------>>   [  OK  ]     max value from loadcase=  3 >>> Effort = 0.45959 <<<<
Failure(STR) S22 min= -160 ----  Allowed S22 Min (Compressive)= -80 ------> Model S22 Min (Compressive)= -18.1 ------>>   [  OK  ]     min value from loadcase=  2 >>> Effort = 0.11313 <<<<
Failure(STR) S12 max= 67 ----  Allowed S12 Max (Tensile)    = 33.5 ------> Model S12 Max (Tensile)    = 20.95 ------>>   [  OK  ]     max value from loadcase=  4 >>> Effort = 0.31269 <<<<
Failure(STR) S12 min= -67 ----  Allowed S12 Min (Compressive)= -33.5 ------> Model S12 Min (Compressive)= -21.06 ------>>   [  OK  ]     min value from loadcase=  4 >>> Effort = 0.31433 <<<<
*********************************************************************
************************MEMBER OUTPUT*********************************************
eigenPerformanceError=1.7667
materialRelativeDifferenceError=0
s11Error= 0.0027832
s22Error= 6.2216e-12
s12Error= 5.0907e-75
objectiveVal= 1.7667
*********************************************************************
Load case 1 effort:     S11        S22       S12 
   tensile:           0.22685      0.4502     0.21493
   compressive:       0.15831    0.041644     0.21493
Load case 2 effort:     S11        S22       S12 
   tensile:           0.19474     0.37551     0.23075
   compressive:       0.45688     0.11313     0.23373
Load case 3 effort:     S11        S22       S12 
   tensile:           0.23586     0.45959     0.28701
   compressive:       0.11539    0.048755     0.27507
Load case 4 effort:     S11        S22       S12 
   tensile:           0.19918     0.39388     0.31269
   compressive:       0.47951    0.092437     0.31433
***********************************************************************************
D00028020001039A7988A10813440000
***********************************************************************************
Member-6-Generation-19
S11     S22     S12

MaxStressData =

  529.1000   22.1700   14.6200
  454.3000   18.5000   15.5700
  546.1000   22.4800   19.2400
  462.1000   19.3000   20.7900

S11     S22     S12

MinStressData =

 -155.7000   -6.6820  -14.6300
 -448.7000  -18.1200  -15.6800
 -113.6000    2.4050  -18.4300
 -470.8000  -14.8000  -21.1200

***********************************************************************************
G19ID00028020001039EF881A10813450001
***********************************************************************************
************************FAILURE LIMITS*********************************************
Failure(STR) S11 max= 2320 ----  Allowed S11 Max (Tensile)    = 1160 ------> Model S11 Max (Tensile)    = 546.1 ------>>  [  OK  ]      max value from loadcase=  3 >>> Effort = 0.23539 <<<<
Failure(STR) S11 min= -981 ----  Allowed S11 Min (Compressive)= -490.5 ------> Model S11 Min (Compressive)= -470.8 ------>>   [  OK  ]     min value from loadcase=  4 >>> Effort = 0.47992 <<<<
Failure(STR) S22 max= 49 ----  Allowed S22 Max (Tensile)    = 24.5 ------> Model S22 Max (Tensile)    = 22.48 ------>>   [  OK  ]     max value from loadcase=  3 >>> Effort = 0.45878 <<<<
Failure(STR) S22 min= -160 ----  Allowed S22 Min (Compressive)= -80 ------> Model S22 Min (Compressive)= -18.12 ------>>   [  OK  ]     min value from loadcase=  2 >>> Effort = 0.11325 <<<<
Failure(STR) S12 max= 67 ----  Allowed S12 Max (Tensile)    = 33.5 ------> Model S12 Max (Tensile)    = 20.79 ------>>   [  OK  ]     max value from loadcase=  4 >>> Effort = 0.3103 <<<<
Failure(STR) S12 min= -67 ----  Allowed S12 Min (Compressive)= -33.5 ------> Model S12 Min (Compressive)= -21.12 ------>>   [  OK  ]     min value from loadcase=  4 >>> Effort = 0.31522 <<<<
*********************************************************************
************************MEMBER OUTPUT*********************************************
eigenPerformanceError=1.8034
materialRelativeDifferenceError=0
s11Error= 0.0041843
s22Error= 2.7503e-12
s12Error= 1.2465e-74
objectiveVal= 1.8034
*********************************************************************
Load case 1 effort:     S11        S22       S12 
   tensile:           0.22806     0.45245     0.21821
   compressive:       0.15872    0.041763     0.21836
Load case 2 effort:     S11        S22       S12 
   tensile:           0.19582     0.37755     0.23239
   compressive:       0.45739     0.11325     0.23403
Load case 3 effort:     S11        S22       S12 
   tensile:           0.23539     0.45878     0.28716
   compressive:       0.1158    0.049082     0.27507
Load case 4 effort:     S11        S22       S12 
   tensile:           0.19918     0.39388      0.3103
   compressive:       0.47992      0.0925     0.31522
***********************************************************************************
D00028020001039EF881A10813450001
***********************************************************************************
Member-7-Generation-19
S11     S22     S12

MaxStressData =

  526.3000   22.0600   14.4000
  453.5000   18.4700   15.5100
  546.8000   22.5100   19.2100
  462.5000   19.6500   20.9300

S11     S22     S12

MinStressData =

 -155.9000   -6.6840  -14.4000
 -448.6000  -18.1100  -15.6800
 -113.0000    2.4060  -18.4300
 -470.5000  -14.8000  -21.1000

***********************************************************************************
G19ID00028020001079A2398210813450000
***********************************************************************************
************************FAILURE LIMITS*********************************************
Failure(STR) S11 max= 2320 ----  Allowed S11 Max (Tensile)    = 1160 ------> Model S11 Max (Tensile)    = 546.8 ------>>  [  OK  ]      max value from loadcase=  3 >>> Effort = 0.23569 <<<<
Failure(STR) S11 min= -981 ----  Allowed S11 Min (Compressive)= -490.5 ------> Model S11 Min (Compressive)= -470.5 ------>>   [  OK  ]     min value from loadcase=  4 >>> Effort = 0.47961 <<<<
Failure(STR) S22 max= 49 ----  Allowed S22 Max (Tensile)    = 24.5 ------> Model S22 Max (Tensile)    = 22.51 ------>>   [  OK  ]     max value from loadcase=  3 >>> Effort = 0.45939 <<<<
Failure(STR) S22 min= -160 ----  Allowed S22 Min (Compressive)= -80 ------> Model S22 Min (Compressive)= -18.11 ------>>   [  OK  ]     min value from loadcase=  2 >>> Effort = 0.11319 <<<<
Failure(STR) S12 max= 67 ----  Allowed S12 Max (Tensile)    = 33.5 ------> Model S12 Max (Tensile)    = 20.93 ------>>   [  OK  ]     max value from loadcase=  4 >>> Effort = 0.31239 <<<<
Failure(STR) S12 min= -67 ----  Allowed S12 Min (Compressive)= -33.5 ------> Model S12 Min (Compressive)= -21.1 ------>>   [  OK  ]     min value from loadcase=  4 >>> Effort = 0.31493 <<<<
*********************************************************************
************************MEMBER OUTPUT*********************************************
eigenPerformanceError=1.7639
materialRelativeDifferenceError=0
s11Error= 0.0030819
s22Error= 5.0731e-12
s12Error= 9.2482e-75
objectiveVal= 1.7639
*********************************************************************
Load case 1 effort:     S11        S22       S12 
   tensile:           0.22685      0.4502     0.21493
   compressive:       0.15892    0.041775     0.21493
Load case 2 effort:     S11        S22       S12 
   tensile:           0.19547     0.37694     0.23149
   compressive:       0.45729     0.11319     0.23403
Load case 3 effort:     S11        S22       S12 
   tensile:           0.23569     0.45939     0.28672
   compressive:       0.11519    0.049102     0.27507
Load case 4 effort:     S11        S22       S12 
   tensile:           0.19935     0.40102     0.31239
   compressive:       0.47961      0.0925     0.31493
***********************************************************************************
D00028020001079A2398210813450000
***********************************************************************************
Member-8-Generation-19
S11     S22     S12

MaxStressData =

  526.5000   22.0700   14.4100
  454.2000   18.5000   15.5400
  546.4000   22.4900   19.2700
  462.5000   19.6500   20.9400

S11     S22     S12

MinStressData =

 -155.6000   -6.6720  -14.4100
 -448.8000  -18.1200  -15.6800
 -113.6000    2.4050  -18.4400
 -471.0000  -14.8000  -21.1900

***********************************************************************************
G19ID00028020001079A2398210813450001
***********************************************************************************
************************FAILURE LIMITS*********************************************
Failure(STR) S11 max= 2320 ----  Allowed S11 Max (Tensile)    = 1160 ------> Model S11 Max (Tensile)    = 546.4 ------>>  [  OK  ]      max value from loadcase=  3 >>> Effort = 0.23552 <<<<
Failure(STR) S11 min= -981 ----  Allowed S11 Min (Compressive)= -490.5 ------> Model S11 Min (Compressive)= -471 ------>>   [  OK  ]     min value from loadcase=  4 >>> Effort = 0.48012 <<<<
Failure(STR) S22 max= 49 ----  Allowed S22 Max (Tensile)    = 24.5 ------> Model S22 Max (Tensile)    = 22.49 ------>>   [  OK  ]     max value from loadcase=  3 >>> Effort = 0.45898 <<<<
Failure(STR) S22 min= -160 ----  Allowed S22 Min (Compressive)= -80 ------> Model S22 Min (Compressive)= -18.12 ------>>   [  OK  ]     min value from loadcase=  2 >>> Effort = 0.11325 <<<<
Failure(STR) S12 max= 67 ----  Allowed S12 Max (Tensile)    = 33.5 ------> Model S12 Max (Tensile)    = 20.94 ------>>   [  OK  ]     max value from loadcase=  4 >>> Effort = 0.31254 <<<<
Failure(STR) S12 min= -67 ----  Allowed S12 Min (Compressive)= -33.5 ------> Model S12 Min (Compressive)= -21.19 ------>>   [  OK  ]     min value from loadcase=  4 >>> Effort = 0.31627 <<<<
*********************************************************************
************************MEMBER OUTPUT*********************************************
eigenPerformanceError=1.7992
materialRelativeDifferenceError=0
s11Error= 0.0051305
s22Error= 3.3729e-12
s12Error= 3.5435e-74
objectiveVal= 1.7992
*********************************************************************
Load case 1 effort:     S11        S22       S12 
   tensile:           0.22694     0.45041     0.21507
   compressive:       0.15861      0.0417     0.21507
Load case 2 effort:     S11        S22       S12 
   tensile:           0.19578     0.37755     0.23194
   compressive:       0.45749     0.11325     0.23403
Load case 3 effort:     S11        S22       S12 
   tensile:           0.23552     0.45898     0.28761
   compressive:       0.1158    0.049082     0.27522
Load case 4 effort:     S11        S22       S12 
   tensile:           0.19935     0.40102     0.31254
   compressive:       0.48012      0.0925     0.31627
***********************************************************************************
D00028020001079A2398210813450001
***********************************************************************************
Member-9-Generation-19
S11     S22     S12

MaxStressData =

  528.9000   22.1600   14.6100
  453.6000   18.4700   15.5500
  546.5000   22.4900   19.2900
  462.1000   19.3000   20.7900

S11     S22     S12

MinStressData =

 -156.0000   -6.6930  -14.6200
 -448.8000  -18.1200  -15.6600
 -113.3000    2.4050  -18.4100
 -470.4000  -14.8000  -21.1100

***********************************************************************************
G19ID000280200010B9AF881A00813450000
***********************************************************************************
************************FAILURE LIMITS*********************************************
Failure(STR) S11 max= 2320 ----  Allowed S11 Max (Tensile)    = 1160 ------> Model S11 Max (Tensile)    = 546.5 ------>>  [  OK  ]      max value from loadcase=  3 >>> Effort = 0.23556 <<<<
Failure(STR) S11 min= -981 ----  Allowed S11 Min (Compressive)= -490.5 ------> Model S11 Min (Compressive)= -470.4 ------>>   [  OK  ]     min value from loadcase=  4 >>> Effort = 0.47951 <<<<
Failure(STR) S22 max= 49 ----  Allowed S22 Max (Tensile)    = 24.5 ------> Model S22 Max (Tensile)    = 22.49 ------>>   [  OK  ]     max value from loadcase=  3 >>> Effort = 0.45898 <<<<
Failure(STR) S22 min= -160 ----  Allowed S22 Min (Compressive)= -80 ------> Model S22 Min (Compressive)= -18.12 ------>>   [  OK  ]     min value from loadcase=  2 >>> Effort = 0.11325 <<<<
Failure(STR) S12 max= 67 ----  Allowed S12 Max (Tensile)    = 33.5 ------> Model S12 Max (Tensile)    = 20.79 ------>>   [  OK  ]     max value from loadcase=  4 >>> Effort = 0.3103 <<<<
Failure(STR) S12 min= -67 ----  Allowed S12 Min (Compressive)= -33.5 ------> Model S12 Min (Compressive)= -21.11 ------>>   [  OK  ]     min value from loadcase=  4 >>> Effort = 0.31507 <<<<
*********************************************************************
************************MEMBER OUTPUT*********************************************
eigenPerformanceError=1.7129
materialRelativeDifferenceError=0
s11Error= 0.0027832
s22Error= 3.3729e-12
s12Error= 1.0737e-74
objectiveVal= 1.7129
*********************************************************************
Load case 1 effort:     S11        S22       S12 
   tensile:           0.22797     0.45224     0.21806
   compressive:       0.15902    0.041831     0.21821
Load case 2 effort:     S11        S22       S12 
   tensile:           0.19552     0.37694     0.23209
   compressive:       0.45749     0.11325     0.23373
Load case 3 effort:     S11        S22       S12 
   tensile:           0.23556     0.45898     0.28791
   compressive:       0.11549    0.049082     0.27478
Load case 4 effort:     S11        S22       S12 
   tensile:           0.19918     0.39388      0.3103
   compressive:       0.47951      0.0925     0.31507
***********************************************************************************
D000280200010B9AF881A00813450000
***********************************************************************************
Member-10-Generation-19
S11     S22     S12

MaxStressData =

  526.3000   22.0600   14.4000
  451.9000   18.4000   15.4600
  547.6000   22.5400   19.2600
  462.5000   19.6500   20.9300

S11     S22     S12

MinStressData =

 -155.3000   -6.6620  -14.4000
 -448.4000  -18.1100  -15.6500
 -113.5000    2.3910  -18.4500
 -470.6000  -14.8000  -21.1000

***********************************************************************************
G19ID000280600010F9A2398210813440000
***********************************************************************************
************************FAILURE LIMITS*********************************************
Failure(STR) S11 max= 2320 ----  Allowed S11 Max (Tensile)    = 1160 ------> Model S11 Max (Tensile)    = 547.6 ------>>  [  OK  ]      max value from loadcase=  3 >>> Effort = 0.23603 <<<<
Failure(STR) S11 min= -981 ----  Allowed S11 Min (Compressive)= -490.5 ------> Model S11 Min (Compressive)= -470.6 ------>>   [  OK  ]     min value from loadcase=  4 >>> Effort = 0.47971 <<<<
Failure(STR) S22 max= 49 ----  Allowed S22 Max (Tensile)    = 24.5 ------> Model S22 Max (Tensile)    = 22.54 ------>>   [  OK  ]     max value from loadcase=  3 >>> Effort = 0.46 <<<<
Failure(STR) S22 min= -160 ----  Allowed S22 Min (Compressive)= -80 ------> Model S22 Min (Compressive)= -18.11 ------>>   [  OK  ]     min value from loadcase=  2 >>> Effort = 0.11319 <<<<
Failure(STR) S12 max= 67 ----  Allowed S12 Max (Tensile)    = 33.5 ------> Model S12 Max (Tensile)    = 20.93 ------>>   [  OK  ]     max value from loadcase=  4 >>> Effort = 0.31239 <<<<
Failure(STR) S12 min= -67 ----  Allowed S12 Min (Compressive)= -33.5 ------> Model S12 Min (Compressive)= -21.1 ------>>   [  OK  ]     min value from loadcase=  4 >>> Effort = 0.31493 <<<<
*********************************************************************
************************MEMBER OUTPUT*********************************************
eigenPerformanceError=1.7371
materialRelativeDifferenceError=0
s11Error= 0.0034126
s22Error= 9.3576e-12
s12Error= 9.2482e-75
objectiveVal= 1.7371
*********************************************************************
Load case 1 effort:     S11        S22       S12 
   tensile:           0.22685      0.4502     0.21493
   compressive:       0.15831    0.041638     0.21493
Load case 2 effort:     S11        S22       S12 
   tensile:           0.19478     0.37551     0.23075
   compressive:       0.45708     0.11319     0.23358
Load case 3 effort:     S11        S22       S12 
   tensile:           0.23603        0.46     0.28746
   compressive:       0.1157    0.048796     0.27537
Load case 4 effort:     S11        S22       S12 
   tensile:           0.19935     0.40102     0.31239
   compressive:       0.47971      0.0925     0.31493
***********************************************************************************
D000280600010F9A2398210813440000
***********************************************************************************
Member-11-Generation-19
S11     S22     S12

MaxStressData =

  534.7000   22.3700   14.6800
  453.8000   18.5000   15.5400
  544.5000   22.3900   19.4100
  469.4000   19.5000   22.2700

S11     S22     S12

MinStressData =

 -156.1000   -6.6800  -14.6600
 -448.4000  -18.1100  -15.6400
 -114.0000    2.3970  -18.3100
 -481.5000  -15.1400  -22.0600

***********************************************************************************
G19ID0205002120052AE0829000002020200
***********************************************************************************
************************FAILURE LIMITS*********************************************
Failure(STR) S11 max= 2320 ----  Allowed S11 Max (Tensile)    = 1160 ------> Model S11 Max (Tensile)    = 544.5 ------>>  [  OK  ]      max value from loadcase=  3 >>> Effort = 0.2347 <<<<
Failure(STR) S11 min= -981 ----  Allowed S11 Min (Compressive)= -490.5 ------> Model S11 Min (Compressive)= -481.5 ------>>   [  OK  ]     min value from loadcase=  4 >>> Effort = 0.49083 <<<<
Failure(STR) S22 max= 49 ----  Allowed S22 Max (Tensile)    = 24.5 ------> Model S22 Max (Tensile)    = 22.39 ------>>   [  OK  ]     max value from loadcase=  3 >>> Effort = 0.45694 <<<<
Failure(STR) S22 min= -160 ----  Allowed S22 Min (Compressive)= -80 ------> Model S22 Min (Compressive)= -18.11 ------>>   [  OK  ]     min value from loadcase=  2 >>> Effort = 0.11319 <<<<
Failure(STR) S12 max= 67 ----  Allowed S12 Max (Tensile)    = 33.5 ------> Model S12 Max (Tensile)    = 22.27 ------>>   [  OK  ]     max value from loadcase=  4 >>> Effort = 0.33239 <<<<
Failure(STR) S12 min= -67 ----  Allowed S12 Min (Compressive)= -33.5 ------> Model S12 Min (Compressive)= -22.06 ------>>   [  OK  ]     min value from loadcase=  4 >>> Effort = 0.32925 <<<<
*********************************************************************
************************MEMBER OUTPUT*********************************************
eigenPerformanceError=2.0174
materialRelativeDifferenceError=18.312
s11Error= 69.5442
s22Error= 4.3822e-13
s12Error= 3.5482e-67
objectiveVal= 71.943
*********************************************************************
Load case 1 effort:     S11        S22       S12 
   tensile:           0.23047     0.45653      0.2191
   compressive:       0.15912     0.04175     0.21881
Load case 2 effort:     S11        S22       S12 
   tensile:           0.1956     0.37755     0.23194
   compressive:       0.45708     0.11319     0.23343
Load case 3 effort:     S11        S22       S12 
   tensile:           0.2347     0.45694      0.2897
   compressive:       0.11621    0.048918     0.27328
Load case 4 effort:     S11        S22       S12 
   tensile:           0.20233     0.39796     0.33239
   compressive:       0.49083    0.094625     0.32925
***********************************************************************************
D0205002120052AE0829000002020200
***********************************************************************************
Member-12-Generation-19
S11     S22     S12

MaxStressData =

  562.7000   23.6500   14.4200
  454.9000   18.5200   15.6000
  557.2000   22.8900   19.5200
  475.7000   19.3700   22.3600

S11     S22     S12

MinStressData =

 -159.6000   -6.9060  -15.5400
 -453.4000  -18.3100  -15.8500
 -115.6000    2.3980  -18.7600
 -478.9000  -16.1300  -23.0500

***********************************************************************************
G19ID0497063D62E103024826475DC7CA268
***********************************************************************************
************************FAILURE LIMITS*********************************************
Failure(STR) S11 max= 2320 ----  Allowed S11 Max (Tensile)    = 1160 ------> Model S11 Max (Tensile)    = 562.7 ------>>  [  OK  ]      max value from loadcase=  1 >>> Effort = 0.24254 <<<<
Failure(STR) S11 min= -981 ----  Allowed S11 Min (Compressive)= -490.5 ------> Model S11 Min (Compressive)= -478.9 ------>>   [  OK  ]     min value from loadcase=  4 >>> Effort = 0.48818 <<<<
Failure(STR) S22 max= 49 ----  Allowed S22 Max (Tensile)    = 24.5 ------> Model S22 Max (Tensile)    = 23.65 ------>>   [  OK  ]     max value from loadcase=  1 >>> Effort = 0.48265 <<<<
Failure(STR) S22 min= -160 ----  Allowed S22 Min (Compressive)= -80 ------> Model S22 Min (Compressive)= -18.31 ------>>   [  OK  ]     min value from loadcase=  2 >>> Effort = 0.11444 <<<<
Failure(STR) S12 max= 67 ----  Allowed S12 Max (Tensile)    = 33.5 ------> Model S12 Max (Tensile)    = 22.36 ------>>   [  OK  ]     max value from loadcase=  4 >>> Effort = 0.33373 <<<<
Failure(STR) S12 min= -67 ----  Allowed S12 Min (Compressive)= -33.5 ------> Model S12 Min (Compressive)= -23.05 ------>>   [  OK  ]     min value from loadcase=  4 >>> Effort = 0.34403 <<<<
*********************************************************************
************************MEMBER OUTPUT*********************************************
eigenPerformanceError=5.609
materialRelativeDifferenceError=0
s11Error= 13.8875
s22Error= 0.064415
s12Error= 4.0362e-62
objectiveVal= 14.9775
*********************************************************************
Load case 1 effort:     S11        S22       S12 
   tensile:           0.24254     0.48265     0.21522
   compressive:       0.16269    0.043162     0.23194
Load case 2 effort:     S11        S22       S12 
   tensile:           0.19608     0.37796     0.23284
   compressive:       0.46218     0.11444     0.23657
Load case 3 effort:     S11        S22       S12 
   tensile:           0.24017     0.46714     0.29134
   compressive:       0.11784    0.048939        0.28
Load case 4 effort:     S11        S22       S12 
   tensile:           0.20504     0.39531     0.33373
   compressive:       0.48818     0.10081     0.34403
***********************************************************************************
D0497063D62E103024826475DC7CA268
***********************************************************************************
Member-13-Generation-19
S11     S22     S12

MaxStressData =

  582.8000   24.4200   14.6200
  457.0000   18.6200   15.5800
  553.6000   22.6300   19.3900
  477.0000   18.7800   22.9700

S11     S22     S12

MinStressData =

 -160.5000   -6.9460  -15.6000
 -451.7000  -18.2300  -15.8100
 -114.7000    2.3920  -18.6000
 -479.7000  -15.5300  -23.1100

***********************************************************************************
G19ID0DE2478E410A1A20CB00D8C3DD8B9A2
***********************************************************************************
************************FAILURE LIMITS*********************************************
Failure(STR) S11 max= 2320 ----  Allowed S11 Max (Tensile)    = 1160 ------> Model S11 Max (Tensile)    = 582.8 ------>>  [  OK  ]      max value from loadcase=  1 >>> Effort = 0.25121 <<<<
Failure(STR) S11 min= -981 ----  Allowed S11 Min (Compressive)= -490.5 ------> Model S11 Min (Compressive)= -479.7 ------>>   [  OK  ]     min value from loadcase=  4 >>> Effort = 0.48899 <<<<
Failure(STR) S22 max= 49 ----  Allowed S22 Max (Tensile)    = 24.5 ------> Model S22 Max (Tensile)    = 24.42 ------>>   [  OK  ]     max value from loadcase=  1 >>> Effort = 0.49837 <<<<
Failure(STR) S22 min= -160 ----  Allowed S22 Min (Compressive)= -80 ------> Model S22 Min (Compressive)= -18.23 ------>>   [  OK  ]     min value from loadcase=  2 >>> Effort = 0.11394 <<<<
Failure(STR) S12 max= 67 ----  Allowed S12 Max (Tensile)    = 33.5 ------> Model S12 Max (Tensile)    = 22.97 ------>>   [  OK  ]     max value from loadcase=  4 >>> Effort = 0.34284 <<<<
Failure(STR) S12 min= -67 ----  Allowed S12 Min (Compressive)= -33.5 ------> Model S12 Min (Compressive)= -23.11 ------>>   [  OK  ]     min value from loadcase=  4 >>> Effort = 0.34493 <<<<
*********************************************************************
************************MEMBER OUTPUT*********************************************
eigenPerformanceError=6.1838
materialRelativeDifferenceError=0
s11Error= 26.7141
s22Error= 99.9768
s12Error= 9.883e-62
objectiveVal= 103.6689
*********************************************************************
Load case 1 effort:     S11        S22       S12 
   tensile:           0.25121     0.49837     0.21821
   compressive:       0.16361    0.043412     0.23284
Load case 2 effort:     S11        S22       S12 
   tensile:           0.19698        0.38     0.23254
   compressive:       0.46045     0.11394     0.23597
Load case 3 effort:     S11        S22       S12 
   tensile:           0.23862     0.46184      0.2894
   compressive:       0.11692    0.048816     0.27761
Load case 4 effort:     S11        S22       S12 
   tensile:           0.2056     0.38327     0.34284
   compressive:       0.48899    0.097062     0.34493
***********************************************************************************
D0DE2478E410A1A20CB00D8C3DD8B9A2
***********************************************************************************
Member-14-Generation-19
S11     S22     S12

MaxStressData =

  581.8000   24.5200   16.3000
  454.5000   18.5100   15.5500
  566.5000   23.0600   19.2300
  477.6000   19.1200   22.3600

S11     S22     S12

MinStressData =

 -157.3000   -6.8560  -16.0200
 -449.4000  -18.1400  -15.6800
 -112.9000    2.3730  -18.5600
 -485.4000  -15.7900  -22.9200

***********************************************************************************
G19ID10A011AD232AB5403855AE40C0031DC
***********************************************************************************
************************FAILURE LIMITS*********************************************
Failure(STR) S11 max= 2320 ----  Allowed S11 Max (Tensile)    = 1160 ------> Model S11 Max (Tensile)    = 581.8 ------>>  [  OK  ]      max value from loadcase=  1 >>> Effort = 0.25078 <<<<
Failure(STR) S11 min= -981 ----  Allowed S11 Min (Compressive)= -490.5 ------> Model S11 Min (Compressive)= -485.4 ------>>   [  OK  ]     min value from loadcase=  4 >>> Effort = 0.4948 <<<<
Failure(STR) S22 max= 49 ----  Allowed S22 Max (Tensile)    = 24.5 ------> Model S22 Max (Tensile)    = 24.52 ------>>  !!!  VIOLATED  !!!  max value from loadcase=  1 >>> Effort = 0.50041 <<<<
Failure(STR) S22 min= -160 ----  Allowed S22 Min (Compressive)= -80 ------> Model S22 Min (Compressive)= -18.14 ------>>   [  OK  ]     min value from loadcase=  2 >>> Effort = 0.11338 <<<<
Failure(STR) S12 max= 67 ----  Allowed S12 Max (Tensile)    = 33.5 ------> Model S12 Max (Tensile)    = 22.36 ------>>   [  OK  ]     max value from loadcase=  4 >>> Effort = 0.33373 <<<<
Failure(STR) S12 min= -67 ----  Allowed S12 Min (Compressive)= -33.5 ------> Model S12 Min (Compressive)= -22.92 ------>>   [  OK  ]     min value from loadcase=  4 >>> Effort = 0.34209 <<<<
*********************************************************************
************************MEMBER OUTPUT*********************************************
eigenPerformanceError=6.3634
materialRelativeDifferenceError=0
s11Error= 99.1847
s22Error= 99.997
s12Error= 5.7984e-63
objectiveVal= 140.9876
*********************************************************************
Load case 1 effort:     S11        S22       S12 
   tensile:           0.25078     0.50041     0.24328
   compressive:       0.16035     0.04285      0.2391
Load case 2 effort:     S11        S22       S12 
   tensile:           0.19591     0.37776     0.23209
   compressive:       0.4581     0.11338     0.23403
Load case 3 effort:     S11        S22       S12 
   tensile:           0.24418     0.47061     0.28701
   compressive:       0.11509    0.048429     0.27701
Load case 4 effort:     S11        S22       S12 
   tensile:           0.20586      0.3902     0.33373
   compressive:       0.4948    0.098687     0.34209
***********************************************************************************
D10A011AD232AB5403855AE40C0031DC
***********************************************************************************
Member-15-Generation-19
S11     S22     S12

MaxStressData =

  572.1000   23.9700   15.4700
  453.2000   18.4700   15.5900
  546.2000   22.4800   19.2700
  474.9000   18.6900   22.3000

S11     S22     S12

MinStressData =

 -158.8000   -6.8470  -15.5100
 -451.4000  -18.2600  -15.8800
 -114.2000    2.3780  -18.7900
 -467.4000  -16.1900  -23.3900

***********************************************************************************
G19ID3505CC5120C218358227F1D31880DB0
***********************************************************************************
************************FAILURE LIMITS*********************************************
Failure(STR) S11 max= 2320 ----  Allowed S11 Max (Tensile)    = 1160 ------> Model S11 Max (Tensile)    = 572.1 ------>>  [  OK  ]      max value from loadcase=  1 >>> Effort = 0.24659 <<<<
Failure(STR) S11 min= -981 ----  Allowed S11 Min (Compressive)= -490.5 ------> Model S11 Min (Compressive)= -467.4 ------>>   [  OK  ]     min value from loadcase=  4 >>> Effort = 0.47645 <<<<
Failure(STR) S22 max= 49 ----  Allowed S22 Max (Tensile)    = 24.5 ------> Model S22 Max (Tensile)    = 23.97 ------>>   [  OK  ]     max value from loadcase=  1 >>> Effort = 0.48918 <<<<
Failure(STR) S22 min= -160 ----  Allowed S22 Min (Compressive)= -80 ------> Model S22 Min (Compressive)= -18.26 ------>>   [  OK  ]     min value from loadcase=  2 >>> Effort = 0.11413 <<<<
Failure(STR) S12 max= 67 ----  Allowed S12 Max (Tensile)    = 33.5 ------> Model S12 Max (Tensile)    = 22.3 ------>>   [  OK  ]     max value from loadcase=  4 >>> Effort = 0.33284 <<<<
Failure(STR) S12 min= -67 ----  Allowed S12 Min (Compressive)= -33.5 ------> Model S12 Min (Compressive)= -23.39 ------>>   [  OK  ]     min value from loadcase=  4 >>> Effort = 0.3491 <<<<
*********************************************************************
************************MEMBER OUTPUT*********************************************
eigenPerformanceError=5.8521
materialRelativeDifferenceError=0
s11Error= 0.00013075
s22Error= 30.6544
s12Error= 6.4543e-60
objectiveVal= 31.208
*********************************************************************
Load case 1 effort:     S11        S22       S12 
   tensile:           0.24659     0.48918      0.2309
   compressive:       0.16188    0.042794     0.23149
Load case 2 effort:     S11        S22       S12 
   tensile:           0.19534     0.37694     0.23269
   compressive:       0.46014     0.11413     0.23701
Load case 3 effort:     S11        S22       S12 
   tensile:           0.23543     0.45878     0.28761
   compressive:       0.11641    0.048531     0.28045
Load case 4 effort:     S11        S22       S12 
   tensile:           0.2047     0.38143     0.33284
   compressive:       0.47645     0.10119      0.3491
***********************************************************************************
D3505CC5120C218358227F1D31880DB0
***********************************************************************************

*****	GENERATION #19 simulation complete	***********
GEN: 19 | Obj: 1.685210 | RCYCLE: 31.029830 %
