Member-1-Generation-34
S11     S22     S12

MaxStressData =

  528.9000   22.1600   14.6100
  452.0000   18.4100   15.5000
  542.7000   22.2500   19.2800
  460.0000   18.2900   20.7900

S11     S22     S12

MinStressData =

 -155.5000   -6.6720  -14.6200
 -448.2000  -18.1000  -15.6700
 -113.2000    2.3900  -18.3500
 -459.7000  -14.8000  -21.1100

***********************************************************************************
G34ID000280000010792F881A10813440000
***********************************************************************************
************************FAILURE LIMITS*********************************************
Failure(STR) S11 max= 2320 ----  Allowed S11 Max (Tensile)    = 1160 ------> Model S11 Max (Tensile)    = 542.7 ------>>  [  OK  ]      max value from loadcase=  3 >>> Effort = 0.23392 <<<<
Failure(STR) S11 min= -981 ----  Allowed S11 Min (Compressive)= -490.5 ------> Model S11 Min (Compressive)= -459.7 ------>>   [  OK  ]     min value from loadcase=  4 >>> Effort = 0.4686 <<<<
Failure(STR) S22 max= 49 ----  Allowed S22 Max (Tensile)    = 24.5 ------> Model S22 Max (Tensile)    = 22.25 ------>>   [  OK  ]     max value from loadcase=  3 >>> Effort = 0.45408 <<<<
Failure(STR) S22 min= -160 ----  Allowed S22 Min (Compressive)= -80 ------> Model S22 Min (Compressive)= -18.1 ------>>   [  OK  ]     min value from loadcase=  2 >>> Effort = 0.11313 <<<<
Failure(STR) S12 max= 67 ----  Allowed S12 Max (Tensile)    = 33.5 ------> Model S12 Max (Tensile)    = 20.79 ------>>   [  OK  ]     max value from loadcase=  4 >>> Effort = 0.3103 <<<<
Failure(STR) S12 min= -67 ----  Allowed S12 Min (Compressive)= -33.5 ------> Model S12 Min (Compressive)= -21.11 ------>>   [  OK  ]     min value from loadcase=  4 >>> Effort = 0.31507 <<<<
*********************************************************************
************************MEMBER OUTPUT*********************************************
eigenPerformanceError=1.6089
materialRelativeDifferenceError=0.18939
s11Error= 5.1004e-08
s22Error= 2.5168e-14
s12Error= 1.0737e-74
objectiveVal= 1.62
*********************************************************************
Load case 1 effort:     S11        S22       S12 
   tensile:           0.22797     0.45224     0.21806
   compressive:       0.15851      0.0417     0.21821
Load case 2 effort:     S11        S22       S12 
   tensile:           0.19483     0.37571     0.23134
   compressive:       0.45688     0.11313     0.23388
Load case 3 effort:     S11        S22       S12 
   tensile:           0.23392     0.45408     0.28776
   compressive:       0.11539    0.048776     0.27388
Load case 4 effort:     S11        S22       S12 
   tensile:           0.19828     0.37327      0.3103
   compressive:       0.4686      0.0925     0.31507
***********************************************************************************
D000280000010792F881A10813440000
***********************************************************************************
Member-2-Generation-34
S11     S22     S12

MaxStressData =

  526.3000   22.0600   14.4000
  451.7000   18.4000   15.4600
  542.7000   22.2500   19.2400
  460.4000   18.2900   20.7900

S11     S22     S12

MinStressData =

 -155.3000   -6.6650  -14.4000
 -448.1000  -18.0900  -15.6600
 -113.2000    2.3900  -18.3500
 -460.3000  -14.7900  -21.1100

***********************************************************************************
G34ID00028000001079A7180A10813440000
***********************************************************************************
************************FAILURE LIMITS*********************************************
Failure(STR) S11 max= 2320 ----  Allowed S11 Max (Tensile)    = 1160 ------> Model S11 Max (Tensile)    = 542.7 ------>>  [  OK  ]      max value from loadcase=  3 >>> Effort = 0.23392 <<<<
Failure(STR) S11 min= -981 ----  Allowed S11 Min (Compressive)= -490.5 ------> Model S11 Min (Compressive)= -460.3 ------>>   [  OK  ]     min value from loadcase=  4 >>> Effort = 0.46922 <<<<
Failure(STR) S22 max= 49 ----  Allowed S22 Max (Tensile)    = 24.5 ------> Model S22 Max (Tensile)    = 22.25 ------>>   [  OK  ]     max value from loadcase=  3 >>> Effort = 0.45408 <<<<
Failure(STR) S22 min= -160 ----  Allowed S22 Min (Compressive)= -80 ------> Model S22 Min (Compressive)= -18.09 ------>>   [  OK  ]     min value from loadcase=  2 >>> Effort = 0.11306 <<<<
Failure(STR) S12 max= 67 ----  Allowed S12 Max (Tensile)    = 33.5 ------> Model S12 Max (Tensile)    = 20.79 ------>>   [  OK  ]     max value from loadcase=  4 >>> Effort = 0.3103 <<<<
Failure(STR) S12 min= -67 ----  Allowed S12 Min (Compressive)= -33.5 ------> Model S12 Min (Compressive)= -21.11 ------>>   [  OK  ]     min value from loadcase=  4 >>> Effort = 0.31507 <<<<
*********************************************************************
************************MEMBER OUTPUT*********************************************
eigenPerformanceError=1.5377
materialRelativeDifferenceError=4.3561
s11Error= 9.4021e-08
s22Error= 2.5168e-14
s12Error= 1.0737e-74
objectiveVal= 4.6195
*********************************************************************
Load case 1 effort:     S11        S22       S12 
   tensile:           0.22685      0.4502     0.21493
   compressive:       0.15831    0.041656     0.21493
Load case 2 effort:     S11        S22       S12 
   tensile:           0.1947     0.37551     0.23075
   compressive:       0.45678     0.11306     0.23373
Load case 3 effort:     S11        S22       S12 
   tensile:           0.23392     0.45408     0.28716
   compressive:       0.11539    0.048776     0.27388
Load case 4 effort:     S11        S22       S12 
   tensile:           0.19845     0.37327      0.3103
   compressive:       0.46922    0.092437     0.31507
***********************************************************************************
D00028000001079A7180A10813440000
***********************************************************************************
Member-3-Generation-34
S11     S22     S12

MaxStressData =

  526.3000   22.0600   14.4000
  451.7000   18.4000   15.4600
  542.7000   22.2500   19.2400
  460.4000   18.2900   20.7700

S11     S22     S12

MinStressData =

 -155.3000   -6.6640  -14.4000
 -448.1000  -18.0900  -15.6600
 -113.2000    2.3900  -18.3500
 -460.1000  -14.7900  -21.1100

***********************************************************************************
G34ID00028000001079A7980A10813440000
***********************************************************************************
************************FAILURE LIMITS*********************************************
Failure(STR) S11 max= 2320 ----  Allowed S11 Max (Tensile)    = 1160 ------> Model S11 Max (Tensile)    = 542.7 ------>>  [  OK  ]      max value from loadcase=  3 >>> Effort = 0.23392 <<<<
Failure(STR) S11 min= -981 ----  Allowed S11 Min (Compressive)= -490.5 ------> Model S11 Min (Compressive)= -460.1 ------>>   [  OK  ]     min value from loadcase=  4 >>> Effort = 0.46901 <<<<
Failure(STR) S22 max= 49 ----  Allowed S22 Max (Tensile)    = 24.5 ------> Model S22 Max (Tensile)    = 22.25 ------>>   [  OK  ]     max value from loadcase=  3 >>> Effort = 0.45408 <<<<
Failure(STR) S22 min= -160 ----  Allowed S22 Min (Compressive)= -80 ------> Model S22 Min (Compressive)= -18.09 ------>>   [  OK  ]     min value from loadcase=  2 >>> Effort = 0.11306 <<<<
Failure(STR) S12 max= 67 ----  Allowed S12 Max (Tensile)    = 33.5 ------> Model S12 Max (Tensile)    = 20.77 ------>>   [  OK  ]     max value from loadcase=  4 >>> Effort = 0.31 <<<<
Failure(STR) S12 min= -67 ----  Allowed S12 Min (Compressive)= -33.5 ------> Model S12 Min (Compressive)= -21.11 ------>>   [  OK  ]     min value from loadcase=  4 >>> Effort = 0.31507 <<<<
*********************************************************************
************************MEMBER OUTPUT*********************************************
eigenPerformanceError=1.6207
materialRelativeDifferenceError=0
s11Error= 7.6681e-08
s22Error= 2.5168e-14
s12Error= 1.0737e-74
objectiveVal= 1.6207
*********************************************************************
Load case 1 effort:     S11        S22       S12 
   tensile:           0.22685      0.4502     0.21493
   compressive:       0.15831     0.04165     0.21493
Load case 2 effort:     S11        S22       S12 
   tensile:           0.1947     0.37551     0.23075
   compressive:       0.45678     0.11306     0.23373
Load case 3 effort:     S11        S22       S12 
   tensile:           0.23392     0.45408     0.28716
   compressive:       0.11539    0.048776     0.27388
Load case 4 effort:     S11        S22       S12 
   tensile:           0.19845     0.37327        0.31
   compressive:       0.46901    0.092437     0.31507
***********************************************************************************
D00028000001079A7980A10813440000
***********************************************************************************
Member-4-Generation-34
S11     S22     S12

MaxStressData =

  526.3000   22.0600   14.4000
  451.7000   18.4000   15.4600
  542.7000   22.2500   19.2400
  460.1000   18.2900   20.7900

S11     S22     S12

MinStressData =

 -155.3000   -6.6650  -14.4000
 -448.1000  -18.0900  -15.6600
 -113.2000    2.3900  -18.3500
 -459.7000  -14.8000  -21.1100

***********************************************************************************
G34ID00028000001079AF880A11813440000
***********************************************************************************
************************FAILURE LIMITS*********************************************
Failure(STR) S11 max= 2320 ----  Allowed S11 Max (Tensile)    = 1160 ------> Model S11 Max (Tensile)    = 542.7 ------>>  [  OK  ]      max value from loadcase=  3 >>> Effort = 0.23392 <<<<
Failure(STR) S11 min= -981 ----  Allowed S11 Min (Compressive)= -490.5 ------> Model S11 Min (Compressive)= -459.7 ------>>   [  OK  ]     min value from loadcase=  4 >>> Effort = 0.4686 <<<<
Failure(STR) S22 max= 49 ----  Allowed S22 Max (Tensile)    = 24.5 ------> Model S22 Max (Tensile)    = 22.25 ------>>   [  OK  ]     max value from loadcase=  3 >>> Effort = 0.45408 <<<<
Failure(STR) S22 min= -160 ----  Allowed S22 Min (Compressive)= -80 ------> Model S22 Min (Compressive)= -18.09 ------>>   [  OK  ]     min value from loadcase=  2 >>> Effort = 0.11306 <<<<
Failure(STR) S12 max= 67 ----  Allowed S12 Max (Tensile)    = 33.5 ------> Model S12 Max (Tensile)    = 20.79 ------>>   [  OK  ]     max value from loadcase=  4 >>> Effort = 0.3103 <<<<
Failure(STR) S12 min= -67 ----  Allowed S12 Min (Compressive)= -33.5 ------> Model S12 Min (Compressive)= -21.11 ------>>   [  OK  ]     min value from loadcase=  4 >>> Effort = 0.31507 <<<<
*********************************************************************
************************MEMBER OUTPUT*********************************************
eigenPerformanceError=1.6031
materialRelativeDifferenceError=0
s11Error= 5.1004e-08
s22Error= 2.5168e-14
s12Error= 1.0737e-74
objectiveVal= 1.6031
*********************************************************************
Load case 1 effort:     S11        S22       S12 
   tensile:           0.22685      0.4502     0.21493
   compressive:       0.15831    0.041656     0.21493
Load case 2 effort:     S11        S22       S12 
   tensile:           0.1947     0.37551     0.23075
   compressive:       0.45678     0.11306     0.23373
Load case 3 effort:     S11        S22       S12 
   tensile:           0.23392     0.45408     0.28716
   compressive:       0.11539    0.048776     0.27388
Load case 4 effort:     S11        S22       S12 
   tensile:           0.19832     0.37327      0.3103
   compressive:       0.4686      0.0925     0.31507
***********************************************************************************
D00028000001079AF880A11813440000
***********************************************************************************
Member-5-Generation-34
S11     S22     S12

MaxStressData =

  528.9000   22.1600   14.6100
  452.0000   18.4100   15.5000
  542.7000   22.2500   19.3100
  460.0000   18.2900   20.7900

S11     S22     S12

MinStressData =

 -155.5000   -6.6720  -14.6200
 -448.4000  -18.1100  -15.6500
 -113.5000    2.3900  -18.3300
 -459.7000  -14.8000  -21.1100

***********************************************************************************
G34ID000280000010F9A7881A00813440000
***********************************************************************************
************************FAILURE LIMITS*********************************************
Failure(STR) S11 max= 2320 ----  Allowed S11 Max (Tensile)    = 1160 ------> Model S11 Max (Tensile)    = 542.7 ------>>  [  OK  ]      max value from loadcase=  3 >>> Effort = 0.23392 <<<<
Failure(STR) S11 min= -981 ----  Allowed S11 Min (Compressive)= -490.5 ------> Model S11 Min (Compressive)= -459.7 ------>>   [  OK  ]     min value from loadcase=  4 >>> Effort = 0.4686 <<<<
Failure(STR) S22 max= 49 ----  Allowed S22 Max (Tensile)    = 24.5 ------> Model S22 Max (Tensile)    = 22.25 ------>>   [  OK  ]     max value from loadcase=  3 >>> Effort = 0.45408 <<<<
Failure(STR) S22 min= -160 ----  Allowed S22 Min (Compressive)= -80 ------> Model S22 Min (Compressive)= -18.11 ------>>   [  OK  ]     min value from loadcase=  2 >>> Effort = 0.11319 <<<<
Failure(STR) S12 max= 67 ----  Allowed S12 Max (Tensile)    = 33.5 ------> Model S12 Max (Tensile)    = 20.79 ------>>   [  OK  ]     max value from loadcase=  4 >>> Effort = 0.3103 <<<<
Failure(STR) S12 min= -67 ----  Allowed S12 Min (Compressive)= -33.5 ------> Model S12 Min (Compressive)= -21.11 ------>>   [  OK  ]     min value from loadcase=  4 >>> Effort = 0.31507 <<<<
*********************************************************************
************************MEMBER OUTPUT*********************************************
eigenPerformanceError=1.579
materialRelativeDifferenceError=1.6809
s11Error= 5.1004e-08
s22Error= 2.5168e-14
s12Error= 1.0737e-74
objectiveVal= 2.3062
*********************************************************************
Load case 1 effort:     S11        S22       S12 
   tensile:           0.22797     0.45224     0.21806
   compressive:       0.15851      0.0417     0.21821
Load case 2 effort:     S11        S22       S12 
   tensile:           0.19483     0.37571     0.23134
   compressive:       0.45708     0.11319     0.23358
Load case 3 effort:     S11        S22       S12 
   tensile:           0.23392     0.45408     0.28821
   compressive:       0.1157    0.048776     0.27358
Load case 4 effort:     S11        S22       S12 
   tensile:           0.19828     0.37327      0.3103
   compressive:       0.4686      0.0925     0.31507
***********************************************************************************
D000280000010F9A7881A00813440000
***********************************************************************************
Member-6-Generation-34
S11     S22     S12

MaxStressData =

  526.3000   22.0600   14.4000
  451.8000   18.4000   15.4600
  542.6000   22.2400   19.2600
  460.5000   18.2100   20.9500

S11     S22     S12

MinStressData =

 -155.3000   -6.6630  -14.4000
 -448.4000  -18.1000  -15.6500
 -113.5000    2.3890  -18.3400
 -460.1000  -14.7900  -21.0600

***********************************************************************************
G34ID000280000010F9A7988200813440000
***********************************************************************************
************************FAILURE LIMITS*********************************************
Failure(STR) S11 max= 2320 ----  Allowed S11 Max (Tensile)    = 1160 ------> Model S11 Max (Tensile)    = 542.6 ------>>  [  OK  ]      max value from loadcase=  3 >>> Effort = 0.23388 <<<<
Failure(STR) S11 min= -981 ----  Allowed S11 Min (Compressive)= -490.5 ------> Model S11 Min (Compressive)= -460.1 ------>>   [  OK  ]     min value from loadcase=  4 >>> Effort = 0.46901 <<<<
Failure(STR) S22 max= 49 ----  Allowed S22 Max (Tensile)    = 24.5 ------> Model S22 Max (Tensile)    = 22.24 ------>>   [  OK  ]     max value from loadcase=  3 >>> Effort = 0.45388 <<<<
Failure(STR) S22 min= -160 ----  Allowed S22 Min (Compressive)= -80 ------> Model S22 Min (Compressive)= -18.1 ------>>   [  OK  ]     min value from loadcase=  2 >>> Effort = 0.11313 <<<<
Failure(STR) S12 max= 67 ----  Allowed S12 Max (Tensile)    = 33.5 ------> Model S12 Max (Tensile)    = 20.95 ------>>   [  OK  ]     max value from loadcase=  4 >>> Effort = 0.31269 <<<<
Failure(STR) S12 min= -67 ----  Allowed S12 Min (Compressive)= -33.5 ------> Model S12 Min (Compressive)= -21.06 ------>>   [  OK  ]     min value from loadcase=  4 >>> Effort = 0.31433 <<<<
*********************************************************************
************************MEMBER OUTPUT*********************************************
eigenPerformanceError=1.7162
materialRelativeDifferenceError=0
s11Error= 7.6681e-08
s22Error= 2.0522e-14
s12Error= 5.0907e-75
objectiveVal= 1.7162
*********************************************************************
Load case 1 effort:     S11        S22       S12 
   tensile:           0.22685      0.4502     0.21493
   compressive:       0.15831    0.041644     0.21493
Load case 2 effort:     S11        S22       S12 
   tensile:           0.19474     0.37551     0.23075
   compressive:       0.45708     0.11313     0.23358
Load case 3 effort:     S11        S22       S12 
   tensile:           0.23388     0.45388     0.28746
   compressive:       0.1157    0.048755     0.27373
Load case 4 effort:     S11        S22       S12 
   tensile:           0.19849     0.37163     0.31269
   compressive:       0.46901    0.092437     0.31433
***********************************************************************************
D000280000010F9A7988200813440000
***********************************************************************************
Member-7-Generation-34
S11     S22     S12

MaxStressData =

  526.3000   22.0600   14.4000
  451.7000   18.3900   15.4700
  542.7000   22.2500   19.2400
  460.3000   18.2900   21.5200

S11     S22     S12

MinStressData =

 -155.3000   -6.6620  -14.4000
 -448.1000  -18.0900  -15.6600
 -113.2000    2.3900  -18.3400
 -467.0000  -15.1200  -22.3400

***********************************************************************************
G34ID00028000009079AF880A10813440000
***********************************************************************************
************************FAILURE LIMITS*********************************************
Failure(STR) S11 max= 2320 ----  Allowed S11 Max (Tensile)    = 1160 ------> Model S11 Max (Tensile)    = 542.7 ------>>  [  OK  ]      max value from loadcase=  3 >>> Effort = 0.23392 <<<<
Failure(STR) S11 min= -981 ----  Allowed S11 Min (Compressive)= -490.5 ------> Model S11 Min (Compressive)= -467 ------>>   [  OK  ]     min value from loadcase=  4 >>> Effort = 0.47604 <<<<
Failure(STR) S22 max= 49 ----  Allowed S22 Max (Tensile)    = 24.5 ------> Model S22 Max (Tensile)    = 22.25 ------>>   [  OK  ]     max value from loadcase=  3 >>> Effort = 0.45408 <<<<
Failure(STR) S22 min= -160 ----  Allowed S22 Min (Compressive)= -80 ------> Model S22 Min (Compressive)= -18.09 ------>>   [  OK  ]     min value from loadcase=  2 >>> Effort = 0.11306 <<<<
Failure(STR) S12 max= 67 ----  Allowed S12 Max (Tensile)    = 33.5 ------> Model S12 Max (Tensile)    = 21.52 ------>>   [  OK  ]     max value from loadcase=  4 >>> Effort = 0.32119 <<<<
Failure(STR) S12 min= -67 ----  Allowed S12 Min (Compressive)= -33.5 ------> Model S12 Min (Compressive)= -22.34 ------>>   [  OK  ]     min value from loadcase=  4 >>> Effort = 0.33343 <<<<
*********************************************************************
************************MEMBER OUTPUT*********************************************
eigenPerformanceError=1.8256
materialRelativeDifferenceError=0
s11Error= 8.6967e-05
s22Error= 2.5168e-14
s12Error= 1.0087e-66
objectiveVal= 1.8256
*********************************************************************
Load case 1 effort:     S11        S22       S12 
   tensile:           0.22685      0.4502     0.21493
   compressive:       0.15831    0.041638     0.21493
Load case 2 effort:     S11        S22       S12 
   tensile:           0.1947     0.37531      0.2309
   compressive:       0.45678     0.11306     0.23373
Load case 3 effort:     S11        S22       S12 
   tensile:           0.23392     0.45408     0.28716
   compressive:       0.11539    0.048776     0.27373
Load case 4 effort:     S11        S22       S12 
   tensile:           0.19841     0.37327     0.32119
   compressive:       0.47604      0.0945     0.33343
***********************************************************************************
D00028000009079AF880A10813440000
***********************************************************************************
Member-8-Generation-34
S11     S22     S12

MaxStressData =

  526.3000   22.0700   14.4000
  451.7000   18.4000   15.4600
  542.7000   22.2500   19.2700
  474.6000   18.2900   21.1600

S11     S22     S12

MinStressData =

 -155.3000   -6.6640  -14.4000
 -448.3000  -18.1000  -15.6400
 -113.5000    2.3900  -18.3200
 -478.5000  -14.7800  -21.1500

***********************************************************************************
G34ID000280000410F9AF980A02813440000
***********************************************************************************
************************FAILURE LIMITS*********************************************
Failure(STR) S11 max= 2320 ----  Allowed S11 Max (Tensile)    = 1160 ------> Model S11 Max (Tensile)    = 542.7 ------>>  [  OK  ]      max value from loadcase=  3 >>> Effort = 0.23392 <<<<
Failure(STR) S11 min= -981 ----  Allowed S11 Min (Compressive)= -490.5 ------> Model S11 Min (Compressive)= -478.5 ------>>   [  OK  ]     min value from loadcase=  4 >>> Effort = 0.48777 <<<<
Failure(STR) S22 max= 49 ----  Allowed S22 Max (Tensile)    = 24.5 ------> Model S22 Max (Tensile)    = 22.25 ------>>   [  OK  ]     max value from loadcase=  3 >>> Effort = 0.45408 <<<<
Failure(STR) S22 min= -160 ----  Allowed S22 Min (Compressive)= -80 ------> Model S22 Min (Compressive)= -18.1 ------>>   [  OK  ]     min value from loadcase=  2 >>> Effort = 0.11313 <<<<
Failure(STR) S12 max= 67 ----  Allowed S12 Max (Tensile)    = 33.5 ------> Model S12 Max (Tensile)    = 21.16 ------>>   [  OK  ]     max value from loadcase=  4 >>> Effort = 0.31582 <<<<
Failure(STR) S12 min= -67 ----  Allowed S12 Min (Compressive)= -33.5 ------> Model S12 Min (Compressive)= -21.15 ------>>   [  OK  ]     min value from loadcase=  4 >>> Effort = 0.31567 <<<<
*********************************************************************
************************MEMBER OUTPUT*********************************************
eigenPerformanceError=1.8965
materialRelativeDifferenceError=0
s11Error= 9.6877
s22Error= 2.5168e-14
s12Error= 2.2645e-74
objectiveVal= 9.8716
*********************************************************************
Load case 1 effort:     S11        S22       S12 
   tensile:           0.22685     0.45041     0.21493
   compressive:       0.15831     0.04165     0.21493
Load case 2 effort:     S11        S22       S12 
   tensile:           0.1947     0.37551     0.23075
   compressive:       0.45698     0.11313     0.23343
Load case 3 effort:     S11        S22       S12 
   tensile:           0.23392     0.45408     0.28761
   compressive:       0.1157    0.048776     0.27343
Load case 4 effort:     S11        S22       S12 
   tensile:           0.20457     0.37327     0.31582
   compressive:       0.48777    0.092375     0.31567
***********************************************************************************
D000280000410F9AF980A02813440000
***********************************************************************************
Member-9-Generation-34
S11     S22     S12

MaxStressData =

  528.9000   22.1600   14.6100
  452.0000   18.4100   15.5000
  542.6000   22.2500   19.2800
  460.0000   18.2900   20.7900

S11     S22     S12

MinStressData =

 -155.5000   -6.6720  -14.6200
 -448.2000  -18.1000  -15.6700
 -113.2000    2.3900  -18.3500
 -459.7000  -14.8000  -21.1100

***********************************************************************************
G34ID004280000010792F881A10813440000
***********************************************************************************
************************FAILURE LIMITS*********************************************
Failure(STR) S11 max= 2320 ----  Allowed S11 Max (Tensile)    = 1160 ------> Model S11 Max (Tensile)    = 542.6 ------>>  [  OK  ]      max value from loadcase=  3 >>> Effort = 0.23388 <<<<
Failure(STR) S11 min= -981 ----  Allowed S11 Min (Compressive)= -490.5 ------> Model S11 Min (Compressive)= -459.7 ------>>   [  OK  ]     min value from loadcase=  4 >>> Effort = 0.4686 <<<<
Failure(STR) S22 max= 49 ----  Allowed S22 Max (Tensile)    = 24.5 ------> Model S22 Max (Tensile)    = 22.25 ------>>   [  OK  ]     max value from loadcase=  3 >>> Effort = 0.45408 <<<<
Failure(STR) S22 min= -160 ----  Allowed S22 Min (Compressive)= -80 ------> Model S22 Min (Compressive)= -18.1 ------>>   [  OK  ]     min value from loadcase=  2 >>> Effort = 0.11313 <<<<
Failure(STR) S12 max= 67 ----  Allowed S12 Max (Tensile)    = 33.5 ------> Model S12 Max (Tensile)    = 20.79 ------>>   [  OK  ]     max value from loadcase=  4 >>> Effort = 0.3103 <<<<
Failure(STR) S12 min= -67 ----  Allowed S12 Min (Compressive)= -33.5 ------> Model S12 Min (Compressive)= -21.11 ------>>   [  OK  ]     min value from loadcase=  4 >>> Effort = 0.31507 <<<<
*********************************************************************
************************MEMBER OUTPUT*********************************************
eigenPerformanceError=1.7977
materialRelativeDifferenceError=0
s11Error= 5.1004e-08
s22Error= 2.5168e-14
s12Error= 1.0737e-74
objectiveVal= 1.7977
*********************************************************************
Load case 1 effort:     S11        S22       S12 
   tensile:           0.22797     0.45224     0.21806
   compressive:       0.15851      0.0417     0.21821
Load case 2 effort:     S11        S22       S12 
   tensile:           0.19483     0.37571     0.23134
   compressive:       0.45688     0.11313     0.23388
Load case 3 effort:     S11        S22       S12 
   tensile:           0.23388     0.45408     0.28776
   compressive:       0.11539    0.048776     0.27388
Load case 4 effort:     S11        S22       S12 
   tensile:           0.19828     0.37327      0.3103
   compressive:       0.4686      0.0925     0.31507
***********************************************************************************
D004280000010792F881A10813440000
***********************************************************************************
Member-10-Generation-34
S11     S22     S12

MaxStressData =

  575.2000   24.1400   15.6400
  455.7000   18.5600   15.6000
  557.9000   22.8400   19.6200
  478.6000   18.8500   22.2700

S11     S22     S12

MinStressData =

 -156.7000   -6.7790  -15.6500
 -449.8000  -18.1600  -15.6600
 -115.0000    2.3830  -18.4000
 -479.8000  -15.3600  -23.1800

***********************************************************************************
G34ID02D31315AC690310050096605401377
***********************************************************************************
************************FAILURE LIMITS*********************************************
Failure(STR) S11 max= 2320 ----  Allowed S11 Max (Tensile)    = 1160 ------> Model S11 Max (Tensile)    = 575.2 ------>>  [  OK  ]      max value from loadcase=  1 >>> Effort = 0.24793 <<<<
Failure(STR) S11 min= -981 ----  Allowed S11 Min (Compressive)= -490.5 ------> Model S11 Min (Compressive)= -479.8 ------>>   [  OK  ]     min value from loadcase=  4 >>> Effort = 0.48909 <<<<
Failure(STR) S22 max= 49 ----  Allowed S22 Max (Tensile)    = 24.5 ------> Model S22 Max (Tensile)    = 24.14 ------>>   [  OK  ]     max value from loadcase=  1 >>> Effort = 0.49265 <<<<
Failure(STR) S22 min= -160 ----  Allowed S22 Min (Compressive)= -80 ------> Model S22 Min (Compressive)= -18.16 ------>>   [  OK  ]     min value from loadcase=  2 >>> Effort = 0.1135 <<<<
Failure(STR) S12 max= 67 ----  Allowed S12 Max (Tensile)    = 33.5 ------> Model S12 Max (Tensile)    = 22.27 ------>>   [  OK  ]     max value from loadcase=  4 >>> Effort = 0.33239 <<<<
Failure(STR) S12 min= -67 ----  Allowed S12 Min (Compressive)= -33.5 ------> Model S12 Min (Compressive)= -23.18 ------>>   [  OK  ]     min value from loadcase=  4 >>> Effort = 0.34597 <<<<
*********************************************************************
************************MEMBER OUTPUT*********************************************
eigenPerformanceError=6.6166
materialRelativeDifferenceError=2.6752
s11Error= 28.7565
s22Error= 93.4199
s12Error= 2.8095e-61
objectiveVal= 98.0059
*********************************************************************
Load case 1 effort:     S11        S22       S12 
   tensile:           0.24793     0.49265     0.23343
   compressive:       0.15973    0.042369     0.23358
Load case 2 effort:     S11        S22       S12 
   tensile:           0.19642     0.37878     0.23284
   compressive:       0.45851      0.1135     0.23373
Load case 3 effort:     S11        S22       S12 
   tensile:           0.24047     0.46612     0.29284
   compressive:       0.11723    0.048633     0.27463
Load case 4 effort:     S11        S22       S12 
   tensile:           0.20629     0.38469     0.33239
   compressive:       0.48909       0.096     0.34597
***********************************************************************************
D02D31315AC690310050096605401377
***********************************************************************************
Member-11-Generation-34
S11     S22     S12

MaxStressData =

  569.8000   23.9000   15.2600
  460.4000   18.7500   15.7500
  551.5000   22.6200   19.7800
  474.5000   19.8400   22.6400

S11     S22     S12

MinStressData =

 -158.2000   -6.8290  -15.3000
 -453.6000  -18.3000  -15.8800
 -116.3000    2.4080  -18.5700
 -477.8000  -15.8900  -22.9200

***********************************************************************************
G34ID04B0BAB156B44A0261043D4012B5327
***********************************************************************************
************************FAILURE LIMITS*********************************************
Failure(STR) S11 max= 2320 ----  Allowed S11 Max (Tensile)    = 1160 ------> Model S11 Max (Tensile)    = 569.8 ------>>  [  OK  ]      max value from loadcase=  1 >>> Effort = 0.2456 <<<<
Failure(STR) S11 min= -981 ----  Allowed S11 Min (Compressive)= -490.5 ------> Model S11 Min (Compressive)= -477.8 ------>>   [  OK  ]     min value from loadcase=  4 >>> Effort = 0.48705 <<<<
Failure(STR) S22 max= 49 ----  Allowed S22 Max (Tensile)    = 24.5 ------> Model S22 Max (Tensile)    = 23.9 ------>>   [  OK  ]     max value from loadcase=  1 >>> Effort = 0.48776 <<<<
Failure(STR) S22 min= -160 ----  Allowed S22 Min (Compressive)= -80 ------> Model S22 Min (Compressive)= -18.3 ------>>   [  OK  ]     min value from loadcase=  2 >>> Effort = 0.11438 <<<<
Failure(STR) S12 max= 67 ----  Allowed S12 Max (Tensile)    = 33.5 ------> Model S12 Max (Tensile)    = 22.64 ------>>   [  OK  ]     max value from loadcase=  4 >>> Effort = 0.33791 <<<<
Failure(STR) S12 min= -67 ----  Allowed S12 Min (Compressive)= -33.5 ------> Model S12 Min (Compressive)= -22.92 ------>>   [  OK  ]     min value from loadcase=  4 >>> Effort = 0.34209 <<<<
*********************************************************************
************************MEMBER OUTPUT*********************************************
eigenPerformanceError=6.714
materialRelativeDifferenceError=0
s11Error= 4.9927
s22Error= 9.579
s12Error= 5.7984e-63
objectiveVal= 12.7186
*********************************************************************
Load case 1 effort:     S11        S22       S12 
   tensile:           0.2456     0.48776     0.22776
   compressive:       0.16126    0.042681     0.22836
Load case 2 effort:     S11        S22       S12 
   tensile:           0.19845     0.38265     0.23507
   compressive:       0.46239     0.11438     0.23701
Load case 3 effort:     S11        S22       S12 
   tensile:           0.23772     0.46163     0.29522
   compressive:       0.11855    0.049143     0.27716
Load case 4 effort:     S11        S22       S12 
   tensile:           0.20453      0.4049     0.33791
   compressive:       0.48705    0.099312     0.34209
***********************************************************************************
D04B0BAB156B44A0261043D4012B5327
***********************************************************************************
Member-12-Generation-34
S11     S22     S12

MaxStressData =

  572.7000   24.0700   15.3500
  456.0000   18.5700   15.6200
  545.5000   22.3600   19.3500
  480.1000   19.1600   22.7300

S11     S22     S12

MinStressData =

 -157.4000   -6.8630  -14.4600
 -451.1000  -18.2200  -15.7300
 -114.3000    2.3990  -18.8800
 -472.7000  -15.5200  -23.1000

***********************************************************************************
G34ID1ACC22015436A8AC100BD8F3C060936
***********************************************************************************
************************FAILURE LIMITS*********************************************
Failure(STR) S11 max= 2320 ----  Allowed S11 Max (Tensile)    = 1160 ------> Model S11 Max (Tensile)    = 572.7 ------>>  [  OK  ]      max value from loadcase=  1 >>> Effort = 0.24685 <<<<
Failure(STR) S11 min= -981 ----  Allowed S11 Min (Compressive)= -490.5 ------> Model S11 Min (Compressive)= -472.7 ------>>   [  OK  ]     min value from loadcase=  4 >>> Effort = 0.48186 <<<<
Failure(STR) S22 max= 49 ----  Allowed S22 Max (Tensile)    = 24.5 ------> Model S22 Max (Tensile)    = 24.07 ------>>   [  OK  ]     max value from loadcase=  1 >>> Effort = 0.49122 <<<<
Failure(STR) S22 min= -160 ----  Allowed S22 Min (Compressive)= -80 ------> Model S22 Min (Compressive)= -18.22 ------>>   [  OK  ]     min value from loadcase=  2 >>> Effort = 0.11387 <<<<
Failure(STR) S12 max= 67 ----  Allowed S12 Max (Tensile)    = 33.5 ------> Model S12 Max (Tensile)    = 22.73 ------>>   [  OK  ]     max value from loadcase=  4 >>> Effort = 0.33925 <<<<
Failure(STR) S12 min= -67 ----  Allowed S12 Min (Compressive)= -33.5 ------> Model S12 Min (Compressive)= -23.1 ------>>   [  OK  ]     min value from loadcase=  4 >>> Effort = 0.34478 <<<<
*********************************************************************
************************MEMBER OUTPUT*********************************************
eigenPerformanceError=5.7966
materialRelativeDifferenceError=0
s11Error= 0.029017
s22Error= 77.2853
s12Error= 8.5128e-62
objectiveVal= 77.5023
*********************************************************************
Load case 1 effort:     S11        S22       S12 
   tensile:           0.24685     0.49122      0.2291
   compressive:       0.16045    0.042894     0.21582
Load case 2 effort:     S11        S22       S12 
   tensile:           0.19655     0.37898     0.23313
   compressive:       0.45984     0.11387     0.23478
Load case 3 effort:     S11        S22       S12 
   tensile:           0.23513     0.45633     0.28881
   compressive:       0.11651    0.048959     0.28179
Load case 4 effort:     S11        S22       S12 
   tensile:           0.20694     0.39102     0.33925
   compressive:       0.48186       0.097     0.34478
***********************************************************************************
D1ACC22015436A8AC100BD8F3C060936
***********************************************************************************
Member-13-Generation-34
S11     S22     S12

MaxStressData =

  527.2000   22.1000   14.4300
  452.3000   18.4200   15.4800
  544.0000   22.3300   19.2100
  460.5000   19.1500   20.9300

S11     S22     S12

MinStressData =

 -154.7000   -6.6400  -14.4300
 -448.4000  -18.1000  -15.6700
 -113.1000    2.3960  -18.3900
 -460.2000  -14.7900  -21.0600

***********************************************************************************
G34ID20028000001079A7188A40813440002
***********************************************************************************
************************FAILURE LIMITS*********************************************
Failure(STR) S11 max= 2320 ----  Allowed S11 Max (Tensile)    = 1160 ------> Model S11 Max (Tensile)    = 544 ------>>  [  OK  ]      max value from loadcase=  3 >>> Effort = 0.23448 <<<<
Failure(STR) S11 min= -981 ----  Allowed S11 Min (Compressive)= -490.5 ------> Model S11 Min (Compressive)= -460.2 ------>>   [  OK  ]     min value from loadcase=  4 >>> Effort = 0.46911 <<<<
Failure(STR) S22 max= 49 ----  Allowed S22 Max (Tensile)    = 24.5 ------> Model S22 Max (Tensile)    = 22.33 ------>>   [  OK  ]     max value from loadcase=  3 >>> Effort = 0.45571 <<<<
Failure(STR) S22 min= -160 ----  Allowed S22 Min (Compressive)= -80 ------> Model S22 Min (Compressive)= -18.1 ------>>   [  OK  ]     min value from loadcase=  2 >>> Effort = 0.11313 <<<<
Failure(STR) S12 max= 67 ----  Allowed S12 Max (Tensile)    = 33.5 ------> Model S12 Max (Tensile)    = 20.93 ------>>   [  OK  ]     max value from loadcase=  4 >>> Effort = 0.31239 <<<<
Failure(STR) S12 min= -67 ----  Allowed S12 Min (Compressive)= -33.5 ------> Model S12 Min (Compressive)= -21.06 ------>>   [  OK  ]     min value from loadcase=  4 >>> Effort = 0.31433 <<<<
*********************************************************************
************************MEMBER OUTPUT*********************************************
eigenPerformanceError=1.6929
materialRelativeDifferenceError=0
s11Error= 8.4909e-08
s22Error= 1.288e-13
s12Error= 5.0907e-75
objectiveVal= 1.6929
*********************************************************************
Load case 1 effort:     S11        S22       S12 
   tensile:           0.22724     0.45102     0.21537
   compressive:       0.1577      0.0415     0.21537
Load case 2 effort:     S11        S22       S12 
   tensile:           0.19496     0.37592     0.23104
   compressive:       0.45708     0.11313     0.23388
Load case 3 effort:     S11        S22       S12 
   tensile:           0.23448     0.45571     0.28672
   compressive:       0.11529    0.048898     0.27448
Load case 4 effort:     S11        S22       S12 
   tensile:           0.19849     0.39082     0.31239
   compressive:       0.46911    0.092437     0.31433
***********************************************************************************
D20028000001079A7188A40813440002
***********************************************************************************
Member-14-Generation-34
S11     S22     S12

MaxStressData =

  567.1000   23.7500   15.5900
  458.8000   18.7100   15.6500
  551.2000   22.6300   19.7500
  476.2000   20.7600   21.7300

S11     S22     S12

MinStressData =

 -157.6000   -6.8470  -15.6100
 -452.3000  -18.2500  -15.8300
 -116.2000    2.4150  -18.5100
 -485.0000  -15.5800  -23.4800

***********************************************************************************
G34ID29678176219C4300015DB8BFDAA876C
***********************************************************************************
************************FAILURE LIMITS*********************************************
Failure(STR) S11 max= 2320 ----  Allowed S11 Max (Tensile)    = 1160 ------> Model S11 Max (Tensile)    = 567.1 ------>>  [  OK  ]      max value from loadcase=  1 >>> Effort = 0.24444 <<<<
Failure(STR) S11 min= -981 ----  Allowed S11 Min (Compressive)= -490.5 ------> Model S11 Min (Compressive)= -485 ------>>   [  OK  ]     min value from loadcase=  4 >>> Effort = 0.49439 <<<<
Failure(STR) S22 max= 49 ----  Allowed S22 Max (Tensile)    = 24.5 ------> Model S22 Max (Tensile)    = 23.75 ------>>   [  OK  ]     max value from loadcase=  1 >>> Effort = 0.48469 <<<<
Failure(STR) S22 min= -160 ----  Allowed S22 Min (Compressive)= -80 ------> Model S22 Min (Compressive)= -18.25 ------>>   [  OK  ]     min value from loadcase=  2 >>> Effort = 0.11406 <<<<
Failure(STR) S12 max= 67 ----  Allowed S12 Max (Tensile)    = 33.5 ------> Model S12 Max (Tensile)    = 21.73 ------>>   [  OK  ]     max value from loadcase=  4 >>> Effort = 0.32433 <<<<
Failure(STR) S12 min= -67 ----  Allowed S12 Min (Compressive)= -33.5 ------> Model S12 Min (Compressive)= -23.48 ------>>   [  OK  ]     min value from loadcase=  4 >>> Effort = 0.35045 <<<<
*********************************************************************
************************MEMBER OUTPUT*********************************************
eigenPerformanceError=6.1204
materialRelativeDifferenceError=0
s11Error= 98.7793
s22Error= 0.49366
s12Error= 2.473e-59
objectiveVal= 98.97
*********************************************************************
Load case 1 effort:     S11        S22       S12 
   tensile:           0.24444     0.48469     0.23269
   compressive:       0.16065    0.042794     0.23299
Load case 2 effort:     S11        S22       S12 
   tensile:           0.19776     0.38184     0.23358
   compressive:       0.46106     0.11406     0.23627
Load case 3 effort:     S11        S22       S12 
   tensile:           0.23759     0.46184     0.29478
   compressive:       0.11845    0.049286     0.27627
Load case 4 effort:     S11        S22       S12 
   tensile:           0.20526     0.42367     0.32433
   compressive:       0.49439    0.097375     0.35045
***********************************************************************************
D29678176219C4300015DB8BFDAA876C
***********************************************************************************
Member-15-Generation-34
S11     S22     S12

MaxStressData =

  567.2000   23.9300   15.5900
  457.5000   18.6400   15.6700
  562.5000   22.8600   19.5600
  489.3000   20.0600   22.1500

S11     S22     S12

MinStressData =

 -157.2000   -6.7970  -15.6600
 -454.4000  -18.3500  -15.9400
 -115.4000    2.4160  -18.9100
 -491.9000  -15.9600  -23.4900

***********************************************************************************
G34ID33F61C35700092089515030C51A1DCF
***********************************************************************************
************************FAILURE LIMITS*********************************************
Failure(STR) S11 max= 2320 ----  Allowed S11 Max (Tensile)    = 1160 ------> Model S11 Max (Tensile)    = 567.2 ------>>  [  OK  ]      max value from loadcase=  1 >>> Effort = 0.24448 <<<<
Failure(STR) S11 min= -981 ----  Allowed S11 Min (Compressive)= -490.5 ------> Model S11 Min (Compressive)= -491.9 ------>> !!!  VIOLATED  !!!   min value from loadcase=  4 >>> Effort = 0.50143 <<<<
Failure(STR) S22 max= 49 ----  Allowed S22 Max (Tensile)    = 24.5 ------> Model S22 Max (Tensile)    = 23.93 ------>>   [  OK  ]     max value from loadcase=  1 >>> Effort = 0.48837 <<<<
Failure(STR) S22 min= -160 ----  Allowed S22 Min (Compressive)= -80 ------> Model S22 Min (Compressive)= -18.35 ------>>   [  OK  ]     min value from loadcase=  2 >>> Effort = 0.11469 <<<<
Failure(STR) S12 max= 67 ----  Allowed S12 Max (Tensile)    = 33.5 ------> Model S12 Max (Tensile)    = 22.15 ------>>   [  OK  ]     max value from loadcase=  4 >>> Effort = 0.3306 <<<<
Failure(STR) S12 min= -67 ----  Allowed S12 Min (Compressive)= -33.5 ------> Model S12 Min (Compressive)= -23.49 ------>>   [  OK  ]     min value from loadcase=  4 >>> Effort = 0.3506 <<<<
*********************************************************************
************************MEMBER OUTPUT*********************************************
eigenPerformanceError=6.4224
materialRelativeDifferenceError=0
s11Error= 99.9989
s22Error= 16.3467
s12Error= 2.8711e-59
objectiveVal= 101.5295
*********************************************************************
Load case 1 effort:     S11        S22       S12 
   tensile:           0.24448     0.48837     0.23269
   compressive:       0.16024    0.042481     0.23373
Load case 2 effort:     S11        S22       S12 
   tensile:           0.1972     0.38041     0.23388
   compressive:       0.4632     0.11469     0.23791
Load case 3 effort:     S11        S22       S12 
   tensile:           0.24246     0.46653     0.29194
   compressive:       0.11764    0.049306     0.28224
Load case 4 effort:     S11        S22       S12 
   tensile:           0.21091     0.40939      0.3306
   compressive:       0.50143     0.09975      0.3506
***********************************************************************************
D33F61C35700092089515030C51A1DCF
***********************************************************************************

*****	GENERATION #34 simulation complete	***********
GEN: 34 | Obj: 1.576589 | RCYCLE: 30.568182 %
