Member-1-Generation-25
S11     S22     S12

MaxStressData =

  526.3000   22.0600   14.4000
  451.8000   18.4000   15.4600
  542.7000   22.2500   19.2300
  460.5000   18.2900   20.9500

S11     S22     S12

MinStressData =

 -155.3000   -6.6630  -14.4000
 -448.2000  -18.1000  -15.6600
 -113.2000    2.3890  -18.3600
 -460.6000  -14.8700  -21.0600

***********************************************************************************
G25ID00028000001079A3188A10833440000
***********************************************************************************
************************FAILURE LIMITS*********************************************
Failure(STR) S11 max= 2320 ----  Allowed S11 Max (Tensile)    = 1160 ------> Model S11 Max (Tensile)    = 542.7 ------>>  [  OK  ]      max value from loadcase=  3 >>> Effort = 0.23392 <<<<
Failure(STR) S11 min= -981 ----  Allowed S11 Min (Compressive)= -490.5 ------> Model S11 Min (Compressive)= -460.6 ------>>   [  OK  ]     min value from loadcase=  4 >>> Effort = 0.46952 <<<<
Failure(STR) S22 max= 49 ----  Allowed S22 Max (Tensile)    = 24.5 ------> Model S22 Max (Tensile)    = 22.25 ------>>   [  OK  ]     max value from loadcase=  3 >>> Effort = 0.45408 <<<<
Failure(STR) S22 min= -160 ----  Allowed S22 Min (Compressive)= -80 ------> Model S22 Min (Compressive)= -18.1 ------>>   [  OK  ]     min value from loadcase=  2 >>> Effort = 0.11313 <<<<
Failure(STR) S12 max= 67 ----  Allowed S12 Max (Tensile)    = 33.5 ------> Model S12 Max (Tensile)    = 20.95 ------>>   [  OK  ]     max value from loadcase=  4 >>> Effort = 0.31269 <<<<
Failure(STR) S12 min= -67 ----  Allowed S12 Min (Compressive)= -33.5 ------> Model S12 Min (Compressive)= -21.06 ------>>   [  OK  ]     min value from loadcase=  4 >>> Effort = 0.31433 <<<<
*********************************************************************
************************MEMBER OUTPUT*********************************************
eigenPerformanceError=1.5961
materialRelativeDifferenceError=2.7936
s11Error= 1.2766e-07
s22Error= 2.5168e-14
s12Error= 5.0907e-75
objectiveVal= 3.2174
*********************************************************************
Load case 1 effort:     S11        S22       S12 
   tensile:           0.22685      0.4502     0.21493
   compressive:       0.15831    0.041644     0.21493
Load case 2 effort:     S11        S22       S12 
   tensile:           0.19474     0.37551     0.23075
   compressive:       0.45688     0.11313     0.23373
Load case 3 effort:     S11        S22       S12 
   tensile:           0.23392     0.45408     0.28701
   compressive:       0.11539    0.048755     0.27403
Load case 4 effort:     S11        S22       S12 
   tensile:           0.19849     0.37327     0.31269
   compressive:       0.46952    0.092937     0.31433
***********************************************************************************
D00028000001079A3188A10833440000
***********************************************************************************
Member-2-Generation-25
S11     S22     S12

MaxStressData =

  526.3000   22.0600   14.4000
  453.4000   18.4700   15.5100
  542.0000   22.2200   19.2100
  460.4000   18.2900   20.9500

S11     S22     S12

MinStressData =

 -155.9000   -6.6850  -14.4000
 -448.5000  -18.1100  -15.6700
 -113.0000    2.4040  -18.4400
 -460.2000  -14.7900  -21.0600

***********************************************************************************
G25ID00028000001079A7188A00813450000
***********************************************************************************
************************FAILURE LIMITS*********************************************
Failure(STR) S11 max= 2320 ----  Allowed S11 Max (Tensile)    = 1160 ------> Model S11 Max (Tensile)    = 542 ------>>  [  OK  ]      max value from loadcase=  3 >>> Effort = 0.23362 <<<<
Failure(STR) S11 min= -981 ----  Allowed S11 Min (Compressive)= -490.5 ------> Model S11 Min (Compressive)= -460.2 ------>>   [  OK  ]     min value from loadcase=  4 >>> Effort = 0.46911 <<<<
Failure(STR) S22 max= 49 ----  Allowed S22 Max (Tensile)    = 24.5 ------> Model S22 Max (Tensile)    = 22.22 ------>>   [  OK  ]     max value from loadcase=  3 >>> Effort = 0.45347 <<<<
Failure(STR) S22 min= -160 ----  Allowed S22 Min (Compressive)= -80 ------> Model S22 Min (Compressive)= -18.11 ------>>   [  OK  ]     min value from loadcase=  2 >>> Effort = 0.11319 <<<<
Failure(STR) S12 max= 67 ----  Allowed S12 Max (Tensile)    = 33.5 ------> Model S12 Max (Tensile)    = 20.95 ------>>   [  OK  ]     max value from loadcase=  4 >>> Effort = 0.31269 <<<<
Failure(STR) S12 min= -67 ----  Allowed S12 Min (Compressive)= -33.5 ------> Model S12 Min (Compressive)= -21.06 ------>>   [  OK  ]     min value from loadcase=  4 >>> Effort = 0.31433 <<<<
*********************************************************************
************************MEMBER OUTPUT*********************************************
eigenPerformanceError=1.6602
materialRelativeDifferenceError=0
s11Error= 8.4909e-08
s22Error= 1.3644e-14
s12Error= 5.0907e-75
objectiveVal= 1.6602
*********************************************************************
Load case 1 effort:     S11        S22       S12 
   tensile:           0.22685      0.4502     0.21493
   compressive:       0.15892    0.041781     0.21493
Load case 2 effort:     S11        S22       S12 
   tensile:           0.19543     0.37694     0.23149
   compressive:       0.45719     0.11319     0.23388
Load case 3 effort:     S11        S22       S12 
   tensile:           0.23362     0.45347     0.28672
   compressive:       0.11519    0.049061     0.27522
Load case 4 effort:     S11        S22       S12 
   tensile:           0.19845     0.37327     0.31269
   compressive:       0.46911    0.092437     0.31433
***********************************************************************************
D00028000001079A7188A00813450000
***********************************************************************************
Member-3-Generation-25
S11     S22     S12

MaxStressData =

  528.9000   22.1600   14.6100
  453.6000   18.4700   15.5500
  542.0000   22.2200   19.2600
  460.4000   18.2900   20.7700

S11     S22     S12

MinStressData =

 -156.0000   -6.6930  -14.6200
 -448.6000  -18.1100  -15.6800
 -113.0000    2.4040  -18.4400
 -460.1000  -14.7900  -21.1100

***********************************************************************************
G25ID00028000001079AE981A00813450000
***********************************************************************************
************************FAILURE LIMITS*********************************************
Failure(STR) S11 max= 2320 ----  Allowed S11 Max (Tensile)    = 1160 ------> Model S11 Max (Tensile)    = 542 ------>>  [  OK  ]      max value from loadcase=  3 >>> Effort = 0.23362 <<<<
Failure(STR) S11 min= -981 ----  Allowed S11 Min (Compressive)= -490.5 ------> Model S11 Min (Compressive)= -460.1 ------>>   [  OK  ]     min value from loadcase=  4 >>> Effort = 0.46901 <<<<
Failure(STR) S22 max= 49 ----  Allowed S22 Max (Tensile)    = 24.5 ------> Model S22 Max (Tensile)    = 22.22 ------>>   [  OK  ]     max value from loadcase=  3 >>> Effort = 0.45347 <<<<
Failure(STR) S22 min= -160 ----  Allowed S22 Min (Compressive)= -80 ------> Model S22 Min (Compressive)= -18.11 ------>>   [  OK  ]     min value from loadcase=  2 >>> Effort = 0.11319 <<<<
Failure(STR) S12 max= 67 ----  Allowed S12 Max (Tensile)    = 33.5 ------> Model S12 Max (Tensile)    = 20.77 ------>>   [  OK  ]     max value from loadcase=  4 >>> Effort = 0.31 <<<<
Failure(STR) S12 min= -67 ----  Allowed S12 Min (Compressive)= -33.5 ------> Model S12 Min (Compressive)= -21.11 ------>>   [  OK  ]     min value from loadcase=  4 >>> Effort = 0.31507 <<<<
*********************************************************************
************************MEMBER OUTPUT*********************************************
eigenPerformanceError=1.6849
materialRelativeDifferenceError=0
s11Error= 7.6681e-08
s22Error= 1.3644e-14
s12Error= 1.0737e-74
objectiveVal= 1.6849
*********************************************************************
Load case 1 effort:     S11        S22       S12 
   tensile:           0.22797     0.45224     0.21806
   compressive:       0.15902    0.041831     0.21821
Load case 2 effort:     S11        S22       S12 
   tensile:           0.19552     0.37694     0.23209
   compressive:       0.45729     0.11319     0.23403
Load case 3 effort:     S11        S22       S12 
   tensile:           0.23362     0.45347     0.28746
   compressive:       0.11519    0.049061     0.27522
Load case 4 effort:     S11        S22       S12 
   tensile:           0.19845     0.37327        0.31
   compressive:       0.46901    0.092437     0.31507
***********************************************************************************
D00028000001079AE981A00813450000
***********************************************************************************
Member-4-Generation-25
S11     S22     S12

MaxStressData =

  528.9000   22.1600   14.6100
  452.0000   18.4100   15.5000
  542.7000   22.2500   19.2800
  460.0000   18.2900   20.7900

S11     S22     S12

MinStressData =

 -155.5000   -6.6720  -14.6200
 -448.2000  -18.1000  -15.6700
 -113.2000    2.3900  -18.3500
 -459.7000  -14.8000  -21.1100

***********************************************************************************
G25ID00028000001079AF881A10813440000
***********************************************************************************
************************FAILURE LIMITS*********************************************
Failure(STR) S11 max= 2320 ----  Allowed S11 Max (Tensile)    = 1160 ------> Model S11 Max (Tensile)    = 542.7 ------>>  [  OK  ]      max value from loadcase=  3 >>> Effort = 0.23392 <<<<
Failure(STR) S11 min= -981 ----  Allowed S11 Min (Compressive)= -490.5 ------> Model S11 Min (Compressive)= -459.7 ------>>   [  OK  ]     min value from loadcase=  4 >>> Effort = 0.4686 <<<<
Failure(STR) S22 max= 49 ----  Allowed S22 Max (Tensile)    = 24.5 ------> Model S22 Max (Tensile)    = 22.25 ------>>   [  OK  ]     max value from loadcase=  3 >>> Effort = 0.45408 <<<<
Failure(STR) S22 min= -160 ----  Allowed S22 Min (Compressive)= -80 ------> Model S22 Min (Compressive)= -18.1 ------>>   [  OK  ]     min value from loadcase=  2 >>> Effort = 0.11313 <<<<
Failure(STR) S12 max= 67 ----  Allowed S12 Max (Tensile)    = 33.5 ------> Model S12 Max (Tensile)    = 20.79 ------>>   [  OK  ]     max value from loadcase=  4 >>> Effort = 0.3103 <<<<
Failure(STR) S12 min= -67 ----  Allowed S12 Min (Compressive)= -33.5 ------> Model S12 Min (Compressive)= -21.11 ------>>   [  OK  ]     min value from loadcase=  4 >>> Effort = 0.31507 <<<<
*********************************************************************
************************MEMBER OUTPUT*********************************************
eigenPerformanceError=1.653
materialRelativeDifferenceError=0
s11Error= 5.1004e-08
s22Error= 2.5168e-14
s12Error= 1.0737e-74
objectiveVal= 1.653
*********************************************************************
Load case 1 effort:     S11        S22       S12 
   tensile:           0.22797     0.45224     0.21806
   compressive:       0.15851      0.0417     0.21821
Load case 2 effort:     S11        S22       S12 
   tensile:           0.19483     0.37571     0.23134
   compressive:       0.45688     0.11313     0.23388
Load case 3 effort:     S11        S22       S12 
   tensile:           0.23392     0.45408     0.28776
   compressive:       0.11539    0.048776     0.27388
Load case 4 effort:     S11        S22       S12 
   tensile:           0.19828     0.37327      0.3103
   compressive:       0.4686      0.0925     0.31507
***********************************************************************************
D00028000001079AF881A10813440000
***********************************************************************************
Member-5-Generation-25
S11     S22     S12

MaxStressData =

  526.3000   22.0600   14.4000
  451.8000   18.4000   15.4600
  547.5000   22.5400   19.2300
  462.6000   19.7400   20.9500

S11     S22     S12

MinStressData =

 -155.3000   -6.6630  -14.4000
 -448.2000  -18.1000  -15.6600
 -113.2000    2.3890  -18.4500
 -470.5000  -14.7900  -21.0600

***********************************************************************************
G25ID0002802000107927988A04813440000
***********************************************************************************
************************FAILURE LIMITS*********************************************
Failure(STR) S11 max= 2320 ----  Allowed S11 Max (Tensile)    = 1160 ------> Model S11 Max (Tensile)    = 547.5 ------>>  [  OK  ]      max value from loadcase=  3 >>> Effort = 0.23599 <<<<
Failure(STR) S11 min= -981 ----  Allowed S11 Min (Compressive)= -490.5 ------> Model S11 Min (Compressive)= -470.5 ------>>   [  OK  ]     min value from loadcase=  4 >>> Effort = 0.47961 <<<<
Failure(STR) S22 max= 49 ----  Allowed S22 Max (Tensile)    = 24.5 ------> Model S22 Max (Tensile)    = 22.54 ------>>   [  OK  ]     max value from loadcase=  3 >>> Effort = 0.46 <<<<
Failure(STR) S22 min= -160 ----  Allowed S22 Min (Compressive)= -80 ------> Model S22 Min (Compressive)= -18.1 ------>>   [  OK  ]     min value from loadcase=  2 >>> Effort = 0.11313 <<<<
Failure(STR) S12 max= 67 ----  Allowed S12 Max (Tensile)    = 33.5 ------> Model S12 Max (Tensile)    = 20.95 ------>>   [  OK  ]     max value from loadcase=  4 >>> Effort = 0.31269 <<<<
Failure(STR) S12 min= -67 ----  Allowed S12 Min (Compressive)= -33.5 ------> Model S12 Min (Compressive)= -21.06 ------>>   [  OK  ]     min value from loadcase=  4 >>> Effort = 0.31433 <<<<
*********************************************************************
************************MEMBER OUTPUT*********************************************
eigenPerformanceError=1.7249
materialRelativeDifferenceError=0
s11Error= 0.0030819
s22Error= 9.3576e-12
s12Error= 5.0907e-75
objectiveVal= 1.7249
*********************************************************************
Load case 1 effort:     S11        S22       S12 
   tensile:           0.22685      0.4502     0.21493
   compressive:       0.15831    0.041644     0.21493
Load case 2 effort:     S11        S22       S12 
   tensile:           0.19474     0.37551     0.23075
   compressive:       0.45688     0.11313     0.23373
Load case 3 effort:     S11        S22       S12 
   tensile:           0.23599        0.46     0.28701
   compressive:       0.11539    0.048755     0.27537
Load case 4 effort:     S11        S22       S12 
   tensile:           0.1994     0.40286     0.31269
   compressive:       0.47961    0.092437     0.31433
***********************************************************************************
D0002802000107927988A04813440000
***********************************************************************************
Member-6-Generation-25
S11     S22     S12

MaxStressData =

  526.3000   22.0600   14.4000
  451.7000   18.4000   15.4600
  547.5000   22.5400   19.2400
  462.6000   19.7400   20.7900

S11     S22     S12

MinStressData =

 -155.3000   -6.6650  -14.4000
 -448.1000  -18.0900  -15.6600
 -113.2000    2.3900  -18.4500
 -470.5000  -14.8000  -21.1100

***********************************************************************************
G25ID000280200010792E880A00813440000
***********************************************************************************
************************FAILURE LIMITS*********************************************
Failure(STR) S11 max= 2320 ----  Allowed S11 Max (Tensile)    = 1160 ------> Model S11 Max (Tensile)    = 547.5 ------>>  [  OK  ]      max value from loadcase=  3 >>> Effort = 0.23599 <<<<
Failure(STR) S11 min= -981 ----  Allowed S11 Min (Compressive)= -490.5 ------> Model S11 Min (Compressive)= -470.5 ------>>   [  OK  ]     min value from loadcase=  4 >>> Effort = 0.47961 <<<<
Failure(STR) S22 max= 49 ----  Allowed S22 Max (Tensile)    = 24.5 ------> Model S22 Max (Tensile)    = 22.54 ------>>   [  OK  ]     max value from loadcase=  3 >>> Effort = 0.46 <<<<
Failure(STR) S22 min= -160 ----  Allowed S22 Min (Compressive)= -80 ------> Model S22 Min (Compressive)= -18.09 ------>>   [  OK  ]     min value from loadcase=  2 >>> Effort = 0.11306 <<<<
Failure(STR) S12 max= 67 ----  Allowed S12 Max (Tensile)    = 33.5 ------> Model S12 Max (Tensile)    = 20.79 ------>>   [  OK  ]     max value from loadcase=  4 >>> Effort = 0.3103 <<<<
Failure(STR) S12 min= -67 ----  Allowed S12 Min (Compressive)= -33.5 ------> Model S12 Min (Compressive)= -21.11 ------>>   [  OK  ]     min value from loadcase=  4 >>> Effort = 0.31507 <<<<
*********************************************************************
************************MEMBER OUTPUT*********************************************
eigenPerformanceError=1.4945
materialRelativeDifferenceError=8.9489
s11Error= 0.0030819
s22Error= 9.3576e-12
s12Error= 1.0737e-74
objectiveVal= 9.0728
*********************************************************************
Load case 1 effort:     S11        S22       S12 
   tensile:           0.22685      0.4502     0.21493
   compressive:       0.15831    0.041656     0.21493
Load case 2 effort:     S11        S22       S12 
   tensile:           0.1947     0.37551     0.23075
   compressive:       0.45678     0.11306     0.23373
Load case 3 effort:     S11        S22       S12 
   tensile:           0.23599        0.46     0.28716
   compressive:       0.11539    0.048776     0.27537
Load case 4 effort:     S11        S22       S12 
   tensile:           0.1994     0.40286      0.3103
   compressive:       0.47961      0.0925     0.31507
***********************************************************************************
D000280200010792E880A00813440000
***********************************************************************************
Member-7-Generation-25
S11     S22     S12

MaxStressData =

  526.3000   22.0600   14.4000
  451.8000   18.4000   15.4600
  547.6000   22.5400   19.2300
  462.6000   19.7400   20.9500

S11     S22     S12

MinStressData =

 -155.3000   -6.6640  -14.4000
 -448.2000  -18.1000  -15.6600
 -113.2000    2.3890  -18.4500
 -470.6000  -14.8000  -21.0500

***********************************************************************************
G25ID00028020001079AF888A10813440000
***********************************************************************************
************************FAILURE LIMITS*********************************************
Failure(STR) S11 max= 2320 ----  Allowed S11 Max (Tensile)    = 1160 ------> Model S11 Max (Tensile)    = 547.6 ------>>  [  OK  ]      max value from loadcase=  3 >>> Effort = 0.23603 <<<<
Failure(STR) S11 min= -981 ----  Allowed S11 Min (Compressive)= -490.5 ------> Model S11 Min (Compressive)= -470.6 ------>>   [  OK  ]     min value from loadcase=  4 >>> Effort = 0.47971 <<<<
Failure(STR) S22 max= 49 ----  Allowed S22 Max (Tensile)    = 24.5 ------> Model S22 Max (Tensile)    = 22.54 ------>>   [  OK  ]     max value from loadcase=  3 >>> Effort = 0.46 <<<<
Failure(STR) S22 min= -160 ----  Allowed S22 Min (Compressive)= -80 ------> Model S22 Min (Compressive)= -18.1 ------>>   [  OK  ]     min value from loadcase=  2 >>> Effort = 0.11313 <<<<
Failure(STR) S12 max= 67 ----  Allowed S12 Max (Tensile)    = 33.5 ------> Model S12 Max (Tensile)    = 20.95 ------>>   [  OK  ]     max value from loadcase=  4 >>> Effort = 0.31269 <<<<
Failure(STR) S12 min= -67 ----  Allowed S12 Min (Compressive)= -33.5 ------> Model S12 Min (Compressive)= -21.05 ------>>   [  OK  ]     min value from loadcase=  4 >>> Effort = 0.31418 <<<<
*********************************************************************
************************MEMBER OUTPUT*********************************************
eigenPerformanceError=1.7369
materialRelativeDifferenceError=0
s11Error= 0.0034126
s22Error= 9.3576e-12
s12Error= 4.3849e-75
objectiveVal= 1.7369
*********************************************************************
Load case 1 effort:     S11        S22       S12 
   tensile:           0.22685      0.4502     0.21493
   compressive:       0.15831     0.04165     0.21493
Load case 2 effort:     S11        S22       S12 
   tensile:           0.19474     0.37551     0.23075
   compressive:       0.45688     0.11313     0.23373
Load case 3 effort:     S11        S22       S12 
   tensile:           0.23603        0.46     0.28701
   compressive:       0.11539    0.048755     0.27537
Load case 4 effort:     S11        S22       S12 
   tensile:           0.1994     0.40286     0.31269
   compressive:       0.47971      0.0925     0.31418
***********************************************************************************
D00028020001079AF888A10813440000
***********************************************************************************
Member-8-Generation-25
S11     S22     S12

MaxStressData =

  526.3000   22.0600   14.4000
  451.8000   18.4000   15.4600
  547.5000   22.5400   19.2600
  462.6000   19.7400   20.9500

S11     S22     S12

MinStressData =

 -155.3000   -6.6630  -14.4000
 -448.4000  -18.1000  -15.6500
 -113.5000    2.3890  -18.4500
 -470.5000  -14.7900  -21.0600

***********************************************************************************
G25ID000280200010F92F988A00813440000
***********************************************************************************
************************FAILURE LIMITS*********************************************
Failure(STR) S11 max= 2320 ----  Allowed S11 Max (Tensile)    = 1160 ------> Model S11 Max (Tensile)    = 547.5 ------>>  [  OK  ]      max value from loadcase=  3 >>> Effort = 0.23599 <<<<
Failure(STR) S11 min= -981 ----  Allowed S11 Min (Compressive)= -490.5 ------> Model S11 Min (Compressive)= -470.5 ------>>   [  OK  ]     min value from loadcase=  4 >>> Effort = 0.47961 <<<<
Failure(STR) S22 max= 49 ----  Allowed S22 Max (Tensile)    = 24.5 ------> Model S22 Max (Tensile)    = 22.54 ------>>   [  OK  ]     max value from loadcase=  3 >>> Effort = 0.46 <<<<
Failure(STR) S22 min= -160 ----  Allowed S22 Min (Compressive)= -80 ------> Model S22 Min (Compressive)= -18.1 ------>>   [  OK  ]     min value from loadcase=  2 >>> Effort = 0.11313 <<<<
Failure(STR) S12 max= 67 ----  Allowed S12 Max (Tensile)    = 33.5 ------> Model S12 Max (Tensile)    = 20.95 ------>>   [  OK  ]     max value from loadcase=  4 >>> Effort = 0.31269 <<<<
Failure(STR) S12 min= -67 ----  Allowed S12 Min (Compressive)= -33.5 ------> Model S12 Min (Compressive)= -21.06 ------>>   [  OK  ]     min value from loadcase=  4 >>> Effort = 0.31433 <<<<
*********************************************************************
************************MEMBER OUTPUT*********************************************
eigenPerformanceError=1.7717
materialRelativeDifferenceError=0
s11Error= 0.0030819
s22Error= 9.3576e-12
s12Error= 5.0907e-75
objectiveVal= 1.7717
*********************************************************************
Load case 1 effort:     S11        S22       S12 
   tensile:           0.22685      0.4502     0.21493
   compressive:       0.15831    0.041644     0.21493
Load case 2 effort:     S11        S22       S12 
   tensile:           0.19474     0.37551     0.23075
   compressive:       0.45708     0.11313     0.23358
Load case 3 effort:     S11        S22       S12 
   tensile:           0.23599        0.46     0.28746
   compressive:       0.1157    0.048755     0.27537
Load case 4 effort:     S11        S22       S12 
   tensile:           0.1994     0.40286     0.31269
   compressive:       0.47961    0.092437     0.31433
***********************************************************************************
D000280200010F92F988A00813440000
***********************************************************************************
Member-9-Generation-25
S11     S22     S12

MaxStressData =

  528.9000   22.1600   14.6100
  453.6000   18.4700   15.5500
  546.9000   22.5100   19.2900
  462.6000   19.7400   20.7900

S11     S22     S12

MinStressData =

 -156.0000   -6.6930  -14.6200
 -448.8000  -18.1200  -15.6600
 -113.3000    2.4050  -18.4300
 -470.6000  -14.8000  -21.1100

***********************************************************************************
G25ID000280200010F9AF881A00813450000
***********************************************************************************
************************FAILURE LIMITS*********************************************
Failure(STR) S11 max= 2320 ----  Allowed S11 Max (Tensile)    = 1160 ------> Model S11 Max (Tensile)    = 546.9 ------>>  [  OK  ]      max value from loadcase=  3 >>> Effort = 0.23573 <<<<
Failure(STR) S11 min= -981 ----  Allowed S11 Min (Compressive)= -490.5 ------> Model S11 Min (Compressive)= -470.6 ------>>   [  OK  ]     min value from loadcase=  4 >>> Effort = 0.47971 <<<<
Failure(STR) S22 max= 49 ----  Allowed S22 Max (Tensile)    = 24.5 ------> Model S22 Max (Tensile)    = 22.51 ------>>   [  OK  ]     max value from loadcase=  3 >>> Effort = 0.45939 <<<<
Failure(STR) S22 min= -160 ----  Allowed S22 Min (Compressive)= -80 ------> Model S22 Min (Compressive)= -18.12 ------>>   [  OK  ]     min value from loadcase=  2 >>> Effort = 0.11325 <<<<
Failure(STR) S12 max= 67 ----  Allowed S12 Max (Tensile)    = 33.5 ------> Model S12 Max (Tensile)    = 20.79 ------>>   [  OK  ]     max value from loadcase=  4 >>> Effort = 0.3103 <<<<
Failure(STR) S12 min= -67 ----  Allowed S12 Min (Compressive)= -33.5 ------> Model S12 Min (Compressive)= -21.11 ------>>   [  OK  ]     min value from loadcase=  4 >>> Effort = 0.31507 <<<<
*********************************************************************
************************MEMBER OUTPUT*********************************************
eigenPerformanceError=1.7147
materialRelativeDifferenceError=0
s11Error= 0.0034126
s22Error= 5.0731e-12
s12Error= 1.0737e-74
objectiveVal= 1.7147
*********************************************************************
Load case 1 effort:     S11        S22       S12 
   tensile:           0.22797     0.45224     0.21806
   compressive:       0.15902    0.041831     0.21821
Load case 2 effort:     S11        S22       S12 
   tensile:           0.19552     0.37694     0.23209
   compressive:       0.45749     0.11325     0.23373
Load case 3 effort:     S11        S22       S12 
   tensile:           0.23573     0.45939     0.28791
   compressive:       0.11549    0.049082     0.27507
Load case 4 effort:     S11        S22       S12 
   tensile:           0.1994     0.40286      0.3103
   compressive:       0.47971      0.0925     0.31507
***********************************************************************************
D000280200010F9AF881A00813450000
***********************************************************************************
Member-10-Generation-25
S11     S22     S12

MaxStressData =

  528.9000   22.1600   14.6100
  453.6000   18.4700   15.5500
  546.9000   22.5100   19.2900
  462.6000   19.7400   20.9200

S11     S22     S12

MinStressData =

 -156.0000   -6.6920  -14.6200
 -448.8000  -18.1200  -15.6600
 -113.3000    2.4050  -18.4300
 -470.6000  -14.7800  -22.0700

***********************************************************************************
G25ID000280200110F9AF881A00813450000
***********************************************************************************
************************FAILURE LIMITS*********************************************
Failure(STR) S11 max= 2320 ----  Allowed S11 Max (Tensile)    = 1160 ------> Model S11 Max (Tensile)    = 546.9 ------>>  [  OK  ]      max value from loadcase=  3 >>> Effort = 0.23573 <<<<
Failure(STR) S11 min= -981 ----  Allowed S11 Min (Compressive)= -490.5 ------> Model S11 Min (Compressive)= -470.6 ------>>   [  OK  ]     min value from loadcase=  4 >>> Effort = 0.47971 <<<<
Failure(STR) S22 max= 49 ----  Allowed S22 Max (Tensile)    = 24.5 ------> Model S22 Max (Tensile)    = 22.51 ------>>   [  OK  ]     max value from loadcase=  3 >>> Effort = 0.45939 <<<<
Failure(STR) S22 min= -160 ----  Allowed S22 Min (Compressive)= -80 ------> Model S22 Min (Compressive)= -18.12 ------>>   [  OK  ]     min value from loadcase=  2 >>> Effort = 0.11325 <<<<
Failure(STR) S12 max= 67 ----  Allowed S12 Max (Tensile)    = 33.5 ------> Model S12 Max (Tensile)    = 20.92 ------>>   [  OK  ]     max value from loadcase=  4 >>> Effort = 0.31224 <<<<
Failure(STR) S12 min= -67 ----  Allowed S12 Min (Compressive)= -33.5 ------> Model S12 Min (Compressive)= -22.07 ------>>   [  OK  ]     min value from loadcase=  4 >>> Effort = 0.3294 <<<<
*********************************************************************
************************MEMBER OUTPUT*********************************************
eigenPerformanceError=1.9202
materialRelativeDifferenceError=0
s11Error= 0.0034126
s22Error= 5.0731e-12
s12Error= 1.7931e-68
objectiveVal= 1.9202
*********************************************************************
Load case 1 effort:     S11        S22       S12 
   tensile:           0.22797     0.45224     0.21806
   compressive:       0.15902    0.041825     0.21821
Load case 2 effort:     S11        S22       S12 
   tensile:           0.19552     0.37694     0.23209
   compressive:       0.45749     0.11325     0.23373
Load case 3 effort:     S11        S22       S12 
   tensile:           0.23573     0.45939     0.28791
   compressive:       0.11549    0.049082     0.27507
Load case 4 effort:     S11        S22       S12 
   tensile:           0.1994     0.40286     0.31224
   compressive:       0.47971    0.092375      0.3294
***********************************************************************************
D000280200110F9AF881A00813450000
***********************************************************************************
Member-11-Generation-25
S11     S22     S12

MaxStressData =

  545.7000   22.6500   14.6800
  453.5000   18.4800   15.4900
  547.2000   22.4300   19.2200
  467.6000   18.2300   21.7000

S11     S22     S12

MinStressData =

 -157.0000   -6.7570  -14.8900
 -449.7000  -18.1500  -15.7400
 -113.9000    2.3860  -18.6200
 -477.4000  -15.4400  -22.5400

***********************************************************************************
G25ID0008240902106290022180081101D01
***********************************************************************************
************************FAILURE LIMITS*********************************************
Failure(STR) S11 max= 2320 ----  Allowed S11 Max (Tensile)    = 1160 ------> Model S11 Max (Tensile)    = 547.2 ------>>  [  OK  ]      max value from loadcase=  3 >>> Effort = 0.23586 <<<<
Failure(STR) S11 min= -981 ----  Allowed S11 Min (Compressive)= -490.5 ------> Model S11 Min (Compressive)= -477.4 ------>>   [  OK  ]     min value from loadcase=  4 >>> Effort = 0.48665 <<<<
Failure(STR) S22 max= 49 ----  Allowed S22 Max (Tensile)    = 24.5 ------> Model S22 Max (Tensile)    = 22.65 ------>>   [  OK  ]     max value from loadcase=  1 >>> Effort = 0.46224 <<<<
Failure(STR) S22 min= -160 ----  Allowed S22 Min (Compressive)= -80 ------> Model S22 Min (Compressive)= -18.15 ------>>   [  OK  ]     min value from loadcase=  2 >>> Effort = 0.11344 <<<<
Failure(STR) S12 max= 67 ----  Allowed S12 Max (Tensile)    = 33.5 ------> Model S12 Max (Tensile)    = 21.7 ------>>   [  OK  ]     max value from loadcase=  4 >>> Effort = 0.32388 <<<<
Failure(STR) S12 min= -67 ----  Allowed S12 Min (Compressive)= -33.5 ------> Model S12 Min (Compressive)= -22.54 ------>>   [  OK  ]     min value from loadcase=  4 >>> Effort = 0.33642 <<<<
*********************************************************************
************************MEMBER OUTPUT*********************************************
eigenPerformanceError=2.7899
materialRelativeDifferenceError=24.491
s11Error= 3.3774
s22Error= 8.8331e-11
s12Error= 1.9959e-65
objectiveVal= 24.8797
*********************************************************************
Load case 1 effort:     S11        S22       S12 
   tensile:           0.23522     0.46224      0.2191
   compressive:       0.16004    0.042231     0.22224
Load case 2 effort:     S11        S22       S12 
   tensile:           0.19547     0.37714     0.23119
   compressive:       0.45841     0.11344     0.23493
Load case 3 effort:     S11        S22       S12 
   tensile:           0.23586     0.45776     0.28687
   compressive:       0.11611    0.048694     0.27791
Load case 4 effort:     S11        S22       S12 
   tensile:           0.20155     0.37204     0.32388
   compressive:       0.48665      0.0965     0.33642
***********************************************************************************
D0008240902106290022180081101D01
***********************************************************************************
Member-12-Generation-25
S11     S22     S12

MaxStressData =

  548.0000   22.9200   15.1300
  461.3000   18.7900   15.7600
  556.7000   22.8200   19.8200
  466.1000   19.3200   22.6800

S11     S22     S12

MinStressData =

 -158.6000   -6.8000  -15.1300
 -451.7000  -18.2400  -15.8000
 -117.1000    2.4120  -18.6500
 -479.6000  -15.0900  -23.1200

***********************************************************************************
G25ID042F417D19F83A1040271E6514BD225
***********************************************************************************
************************FAILURE LIMITS*********************************************
Failure(STR) S11 max= 2320 ----  Allowed S11 Max (Tensile)    = 1160 ------> Model S11 Max (Tensile)    = 556.7 ------>>  [  OK  ]      max value from loadcase=  3 >>> Effort = 0.23996 <<<<
Failure(STR) S11 min= -981 ----  Allowed S11 Min (Compressive)= -490.5 ------> Model S11 Min (Compressive)= -479.6 ------>>   [  OK  ]     min value from loadcase=  4 >>> Effort = 0.48889 <<<<
Failure(STR) S22 max= 49 ----  Allowed S22 Max (Tensile)    = 24.5 ------> Model S22 Max (Tensile)    = 22.92 ------>>   [  OK  ]     max value from loadcase=  1 >>> Effort = 0.46776 <<<<
Failure(STR) S22 min= -160 ----  Allowed S22 Min (Compressive)= -80 ------> Model S22 Min (Compressive)= -18.24 ------>>   [  OK  ]     min value from loadcase=  2 >>> Effort = 0.114 <<<<
Failure(STR) S12 max= 67 ----  Allowed S12 Max (Tensile)    = 33.5 ------> Model S12 Max (Tensile)    = 22.68 ------>>   [  OK  ]     max value from loadcase=  4 >>> Effort = 0.33851 <<<<
Failure(STR) S12 min= -67 ----  Allowed S12 Min (Compressive)= -33.5 ------> Model S12 Min (Compressive)= -23.12 ------>>   [  OK  ]     min value from loadcase=  4 >>> Effort = 0.34507 <<<<
*********************************************************************
************************MEMBER OUTPUT*********************************************
eigenPerformanceError=5.555
materialRelativeDifferenceError=0
s11Error= 24.7664
s22Error= 2.1836e-08
s12Error= 1.1474e-61
objectiveVal= 25.3817
*********************************************************************
Load case 1 effort:     S11        S22       S12 
   tensile:           0.23621     0.46776     0.22582
   compressive:       0.16167      0.0425     0.22582
Load case 2 effort:     S11        S22       S12 
   tensile:           0.19884     0.38347     0.23522
   compressive:       0.46045       0.114     0.23582
Load case 3 effort:     S11        S22       S12 
   tensile:           0.23996     0.46571     0.29582
   compressive:       0.11937    0.049224     0.27836
Load case 4 effort:     S11        S22       S12 
   tensile:           0.20091     0.39429     0.33851
   compressive:       0.48889    0.094312     0.34507
***********************************************************************************
D042F417D19F83A1040271E6514BD225
***********************************************************************************
Member-13-Generation-25
S11     S22     S12

MaxStressData =

  575.3000   24.0600   15.6400
  459.3000   18.7300   15.6400
  548.7000   22.5300   19.3000
  464.9000   20.2100   22.3500

S11     S22     S12

MinStressData =

 -158.5000   -6.7990  -13.7200
 -451.5000  -18.2200  -15.8200
 -114.5000    2.3880  -18.9200
 -469.4000  -15.3200  -23.1000

***********************************************************************************
G25ID1CA21905A80E82620A02128BAE330D2
***********************************************************************************
************************FAILURE LIMITS*********************************************
Failure(STR) S11 max= 2320 ----  Allowed S11 Max (Tensile)    = 1160 ------> Model S11 Max (Tensile)    = 575.3 ------>>  [  OK  ]      max value from loadcase=  1 >>> Effort = 0.24797 <<<<
Failure(STR) S11 min= -981 ----  Allowed S11 Min (Compressive)= -490.5 ------> Model S11 Min (Compressive)= -469.4 ------>>   [  OK  ]     min value from loadcase=  4 >>> Effort = 0.47849 <<<<
Failure(STR) S22 max= 49 ----  Allowed S22 Max (Tensile)    = 24.5 ------> Model S22 Max (Tensile)    = 24.06 ------>>   [  OK  ]     max value from loadcase=  1 >>> Effort = 0.49102 <<<<
Failure(STR) S22 min= -160 ----  Allowed S22 Min (Compressive)= -80 ------> Model S22 Min (Compressive)= -18.22 ------>>   [  OK  ]     min value from loadcase=  2 >>> Effort = 0.11387 <<<<
Failure(STR) S12 max= 67 ----  Allowed S12 Max (Tensile)    = 33.5 ------> Model S12 Max (Tensile)    = 22.35 ------>>   [  OK  ]     max value from loadcase=  4 >>> Effort = 0.33358 <<<<
Failure(STR) S12 min= -67 ----  Allowed S12 Min (Compressive)= -33.5 ------> Model S12 Min (Compressive)= -23.1 ------>>   [  OK  ]     min value from loadcase=  4 >>> Effort = 0.34478 <<<<
*********************************************************************
************************MEMBER OUTPUT*********************************************
eigenPerformanceError=5.8073
materialRelativeDifferenceError=0
s11Error= 0.0010043
s22Error= 73.5052
s12Error= 8.5128e-62
objectiveVal= 73.7343
*********************************************************************
Load case 1 effort:     S11        S22       S12 
   tensile:           0.24797     0.49102     0.23343
   compressive:       0.16157    0.042494     0.20478
Load case 2 effort:     S11        S22       S12 
   tensile:           0.19797     0.38224     0.23343
   compressive:       0.46024     0.11387     0.23612
Load case 3 effort:     S11        S22       S12 
   tensile:           0.23651      0.4598     0.28806
   compressive:       0.11672    0.048735     0.28239
Load case 4 effort:     S11        S22       S12 
   tensile:           0.20039     0.41245     0.33358
   compressive:       0.47849     0.09575     0.34478
***********************************************************************************
D1CA21905A80E82620A02128BAE330D2
***********************************************************************************
Member-14-Generation-25
S11     S22     S12

MaxStressData =

  557.5000   23.4100   15.3800
  454.9000   18.5000   15.6400
  547.6000   22.5000   19.5500
  464.5000   19.1100   22.3900

S11     S22     S12

MinStressData =

 -158.9000   -6.8310  -15.1700
 -451.2000  -18.2100  -15.7400
 -114.9000    2.3900  -18.4700
 -480.4000  -15.3500  -23.4100

***********************************************************************************
G25ID296B1191C0D2661B420835066593061
***********************************************************************************
************************FAILURE LIMITS*********************************************
Failure(STR) S11 max= 2320 ----  Allowed S11 Max (Tensile)    = 1160 ------> Model S11 Max (Tensile)    = 557.5 ------>>  [  OK  ]      max value from loadcase=  1 >>> Effort = 0.2403 <<<<
Failure(STR) S11 min= -981 ----  Allowed S11 Min (Compressive)= -490.5 ------> Model S11 Min (Compressive)= -480.4 ------>>   [  OK  ]     min value from loadcase=  4 >>> Effort = 0.4897 <<<<
Failure(STR) S22 max= 49 ----  Allowed S22 Max (Tensile)    = 24.5 ------> Model S22 Max (Tensile)    = 23.41 ------>>   [  OK  ]     max value from loadcase=  1 >>> Effort = 0.47776 <<<<
Failure(STR) S22 min= -160 ----  Allowed S22 Min (Compressive)= -80 ------> Model S22 Min (Compressive)= -18.21 ------>>   [  OK  ]     min value from loadcase=  2 >>> Effort = 0.11381 <<<<
Failure(STR) S12 max= 67 ----  Allowed S12 Max (Tensile)    = 33.5 ------> Model S12 Max (Tensile)    = 22.39 ------>>   [  OK  ]     max value from loadcase=  4 >>> Effort = 0.33418 <<<<
Failure(STR) S12 min= -67 ----  Allowed S12 Min (Compressive)= -33.5 ------> Model S12 Min (Compressive)= -23.41 ------>>   [  OK  ]     min value from loadcase=  4 >>> Effort = 0.3494 <<<<
*********************************************************************
************************MEMBER OUTPUT*********************************************
eigenPerformanceError=5.3211
materialRelativeDifferenceError=0
s11Error= 42.6629
s22Error= 0.00048096
s12Error= 8.6995e-60
objectiveVal= 42.9935
*********************************************************************
Load case 1 effort:     S11        S22       S12 
   tensile:           0.2403     0.47776     0.22955
   compressive:       0.16198    0.042694     0.22642
Load case 2 effort:     S11        S22       S12 
   tensile:           0.19608     0.37755     0.23343
   compressive:       0.45994     0.11381     0.23493
Load case 3 effort:     S11        S22       S12 
   tensile:           0.23603     0.45918     0.29179
   compressive:       0.11713    0.048776     0.27567
Load case 4 effort:     S11        S22       S12 
   tensile:           0.20022        0.39     0.33418
   compressive:       0.4897    0.095937      0.3494
***********************************************************************************
D296B1191C0D2661B420835066593061
***********************************************************************************
Member-15-Generation-25
S11     S22     S12

MaxStressData =

  534.4000   24.6100   16.0500
  456.2000   18.6000   15.5600
  558.5000   23.0000   19.2300
  472.7000   18.8900   21.5400

S11     S22     S12

MinStressData =

 -158.1000   -6.8560  -15.9500
 -452.0000  -18.2600  -15.8500
 -113.9000    2.3940  -18.6500
 -482.6000  -15.9300  -22.9100

***********************************************************************************
G25ID363D6C4410AA89C0A01BD5B4C9003F7
***********************************************************************************
************************FAILURE LIMITS*********************************************
Failure(STR) S11 max= 2320 ----  Allowed S11 Max (Tensile)    = 1160 ------> Model S11 Max (Tensile)    = 558.5 ------>>  [  OK  ]      max value from loadcase=  3 >>> Effort = 0.24073 <<<<
Failure(STR) S11 min= -981 ----  Allowed S11 Min (Compressive)= -490.5 ------> Model S11 Min (Compressive)= -482.6 ------>>   [  OK  ]     min value from loadcase=  4 >>> Effort = 0.49195 <<<<
Failure(STR) S22 max= 49 ----  Allowed S22 Max (Tensile)    = 24.5 ------> Model S22 Max (Tensile)    = 24.61 ------>>  !!!  VIOLATED  !!!  max value from loadcase=  1 >>> Effort = 0.50224 <<<<
Failure(STR) S22 min= -160 ----  Allowed S22 Min (Compressive)= -80 ------> Model S22 Min (Compressive)= -18.26 ------>>   [  OK  ]     min value from loadcase=  2 >>> Effort = 0.11413 <<<<
Failure(STR) S12 max= 67 ----  Allowed S12 Max (Tensile)    = 33.5 ------> Model S12 Max (Tensile)    = 21.54 ------>>   [  OK  ]     max value from loadcase=  4 >>> Effort = 0.32149 <<<<
Failure(STR) S12 min= -67 ----  Allowed S12 Min (Compressive)= -33.5 ------> Model S12 Min (Compressive)= -22.91 ------>>   [  OK  ]     min value from loadcase=  4 >>> Effort = 0.34194 <<<<
*********************************************************************
************************MEMBER OUTPUT*********************************************
eigenPerformanceError=7.454
materialRelativeDifferenceError=0
s11Error= 87.5118
s22Error= 99.9995
s12Error= 4.9945e-63
objectiveVal= 133.0932
*********************************************************************
Load case 1 effort:     S11        S22       S12 
   tensile:           0.23034     0.50224     0.23955
   compressive:       0.16116     0.04285     0.23806
Load case 2 effort:     S11        S22       S12 
   tensile:           0.19664     0.37959     0.23224
   compressive:       0.46075     0.11413     0.23657
Load case 3 effort:     S11        S22       S12 
   tensile:           0.24073     0.46939     0.28701
   compressive:       0.11611    0.048857     0.27836
Load case 4 effort:     S11        S22       S12 
   tensile:           0.20375     0.38551     0.32149
   compressive:       0.49195    0.099562     0.34194
***********************************************************************************
D363D6C4410AA89C0A01BD5B4C9003F7
***********************************************************************************

*****	GENERATION #25 simulation complete	***********
GEN: 25 | Obj: 1.653018 | RCYCLE: 30.667614 %
