Member-1-Generation-26
S11     S22     S12

MaxStressData =

  526.3000   22.0600   14.4000
  453.4000   18.4700   15.5100
  541.9000   22.2200   19.2100
  460.4000   18.2100   20.9500

S11     S22     S12

MinStressData =

 -155.9000   -6.6850  -14.4000
 -448.5000  -18.1100  -15.6700
 -113.0000    2.4040  -18.4400
 -460.2000  -14.7900  -21.0600

***********************************************************************************
G26ID00028000001079A7188210813450000
***********************************************************************************
************************FAILURE LIMITS*********************************************
Failure(STR) S11 max= 2320 ----  Allowed S11 Max (Tensile)    = 1160 ------> Model S11 Max (Tensile)    = 541.9 ------>>  [  OK  ]      max value from loadcase=  3 >>> Effort = 0.23358 <<<<
Failure(STR) S11 min= -981 ----  Allowed S11 Min (Compressive)= -490.5 ------> Model S11 Min (Compressive)= -460.2 ------>>   [  OK  ]     min value from loadcase=  4 >>> Effort = 0.46911 <<<<
Failure(STR) S22 max= 49 ----  Allowed S22 Max (Tensile)    = 24.5 ------> Model S22 Max (Tensile)    = 22.22 ------>>   [  OK  ]     max value from loadcase=  3 >>> Effort = 0.45347 <<<<
Failure(STR) S22 min= -160 ----  Allowed S22 Min (Compressive)= -80 ------> Model S22 Min (Compressive)= -18.11 ------>>   [  OK  ]     min value from loadcase=  2 >>> Effort = 0.11319 <<<<
Failure(STR) S12 max= 67 ----  Allowed S12 Max (Tensile)    = 33.5 ------> Model S12 Max (Tensile)    = 20.95 ------>>   [  OK  ]     max value from loadcase=  4 >>> Effort = 0.31269 <<<<
Failure(STR) S12 min= -67 ----  Allowed S12 Min (Compressive)= -33.5 ------> Model S12 Min (Compressive)= -21.06 ------>>   [  OK  ]     min value from loadcase=  4 >>> Effort = 0.31433 <<<<
*********************************************************************
************************MEMBER OUTPUT*********************************************
eigenPerformanceError=1.6733
materialRelativeDifferenceError=0
s11Error= 8.4909e-08
s22Error= 1.3644e-14
s12Error= 5.0907e-75
objectiveVal= 1.6733
*********************************************************************
Load case 1 effort:     S11        S22       S12 
   tensile:           0.22685      0.4502     0.21493
   compressive:       0.15892    0.041781     0.21493
Load case 2 effort:     S11        S22       S12 
   tensile:           0.19543     0.37694     0.23149
   compressive:       0.45719     0.11319     0.23388
Load case 3 effort:     S11        S22       S12 
   tensile:           0.23358     0.45347     0.28672
   compressive:       0.11519    0.049061     0.27522
Load case 4 effort:     S11        S22       S12 
   tensile:           0.19845     0.37163     0.31269
   compressive:       0.46911    0.092437     0.31433
***********************************************************************************
D00028000001079A7188210813450000
***********************************************************************************
Member-2-Generation-26
S11     S22     S12

MaxStressData =

  526.3000   22.0600   14.4000
  451.8000   18.4000   15.4600
  542.7000   22.2500   19.2300
  460.4000   18.2900   20.9500

S11     S22     S12

MinStressData =

 -155.3000   -6.6630  -14.4000
 -448.2000  -18.1000  -15.6600
 -113.2000    2.3890  -18.3600
 -460.2000  -14.7900  -21.0600

***********************************************************************************
G26ID00028000001079A7188A00813440000
***********************************************************************************
************************FAILURE LIMITS*********************************************
Failure(STR) S11 max= 2320 ----  Allowed S11 Max (Tensile)    = 1160 ------> Model S11 Max (Tensile)    = 542.7 ------>>  [  OK  ]      max value from loadcase=  3 >>> Effort = 0.23392 <<<<
Failure(STR) S11 min= -981 ----  Allowed S11 Min (Compressive)= -490.5 ------> Model S11 Min (Compressive)= -460.2 ------>>   [  OK  ]     min value from loadcase=  4 >>> Effort = 0.46911 <<<<
Failure(STR) S22 max= 49 ----  Allowed S22 Max (Tensile)    = 24.5 ------> Model S22 Max (Tensile)    = 22.25 ------>>   [  OK  ]     max value from loadcase=  3 >>> Effort = 0.45408 <<<<
Failure(STR) S22 min= -160 ----  Allowed S22 Min (Compressive)= -80 ------> Model S22 Min (Compressive)= -18.1 ------>>   [  OK  ]     min value from loadcase=  2 >>> Effort = 0.11313 <<<<
Failure(STR) S12 max= 67 ----  Allowed S12 Max (Tensile)    = 33.5 ------> Model S12 Max (Tensile)    = 20.95 ------>>   [  OK  ]     max value from loadcase=  4 >>> Effort = 0.31269 <<<<
Failure(STR) S12 min= -67 ----  Allowed S12 Min (Compressive)= -33.5 ------> Model S12 Min (Compressive)= -21.06 ------>>   [  OK  ]     min value from loadcase=  4 >>> Effort = 0.31433 <<<<
*********************************************************************
************************MEMBER OUTPUT*********************************************
eigenPerformanceError=1.6327
materialRelativeDifferenceError=0
s11Error= 8.4909e-08
s22Error= 2.5168e-14
s12Error= 5.0907e-75
objectiveVal= 1.6327
*********************************************************************
Load case 1 effort:     S11        S22       S12 
   tensile:           0.22685      0.4502     0.21493
   compressive:       0.15831    0.041644     0.21493
Load case 2 effort:     S11        S22       S12 
   tensile:           0.19474     0.37551     0.23075
   compressive:       0.45688     0.11313     0.23373
Load case 3 effort:     S11        S22       S12 
   tensile:           0.23392     0.45408     0.28701
   compressive:       0.11539    0.048755     0.27403
Load case 4 effort:     S11        S22       S12 
   tensile:           0.19845     0.37327     0.31269
   compressive:       0.46911    0.092437     0.31433
***********************************************************************************
D00028000001079A7188A00813440000
***********************************************************************************
Member-3-Generation-26
S11     S22     S12

MaxStressData =

  526.3000   22.0600   14.4000
  451.8000   18.4000   15.4600
  542.7000   22.2500   19.2300
  460.4000   18.2900   20.9500

S11     S22     S12

MinStressData =

 -155.3000   -6.6630  -14.4000
 -448.2000  -18.1000  -15.6600
 -113.2000    2.3890  -18.3600
 -460.2000  -14.7900  -21.0600

***********************************************************************************
G26ID00028000001079A7188A10813440000
***********************************************************************************
************************FAILURE LIMITS*********************************************
Failure(STR) S11 max= 2320 ----  Allowed S11 Max (Tensile)    = 1160 ------> Model S11 Max (Tensile)    = 542.7 ------>>  [  OK  ]      max value from loadcase=  3 >>> Effort = 0.23392 <<<<
Failure(STR) S11 min= -981 ----  Allowed S11 Min (Compressive)= -490.5 ------> Model S11 Min (Compressive)= -460.2 ------>>   [  OK  ]     min value from loadcase=  4 >>> Effort = 0.46911 <<<<
Failure(STR) S22 max= 49 ----  Allowed S22 Max (Tensile)    = 24.5 ------> Model S22 Max (Tensile)    = 22.25 ------>>   [  OK  ]     max value from loadcase=  3 >>> Effort = 0.45408 <<<<
Failure(STR) S22 min= -160 ----  Allowed S22 Min (Compressive)= -80 ------> Model S22 Min (Compressive)= -18.1 ------>>   [  OK  ]     min value from loadcase=  2 >>> Effort = 0.11313 <<<<
Failure(STR) S12 max= 67 ----  Allowed S12 Max (Tensile)    = 33.5 ------> Model S12 Max (Tensile)    = 20.95 ------>>   [  OK  ]     max value from loadcase=  4 >>> Effort = 0.31269 <<<<
Failure(STR) S12 min= -67 ----  Allowed S12 Min (Compressive)= -33.5 ------> Model S12 Min (Compressive)= -21.06 ------>>   [  OK  ]     min value from loadcase=  4 >>> Effort = 0.31433 <<<<
*********************************************************************
************************MEMBER OUTPUT*********************************************
eigenPerformanceError=1.6396
materialRelativeDifferenceError=0
s11Error= 8.4909e-08
s22Error= 2.5168e-14
s12Error= 5.0907e-75
objectiveVal= 1.6396
*********************************************************************
Load case 1 effort:     S11        S22       S12 
   tensile:           0.22685      0.4502     0.21493
   compressive:       0.15831    0.041644     0.21493
Load case 2 effort:     S11        S22       S12 
   tensile:           0.19474     0.37551     0.23075
   compressive:       0.45688     0.11313     0.23373
Load case 3 effort:     S11        S22       S12 
   tensile:           0.23392     0.45408     0.28701
   compressive:       0.11539    0.048755     0.27403
Load case 4 effort:     S11        S22       S12 
   tensile:           0.19845     0.37327     0.31269
   compressive:       0.46911    0.092437     0.31433
***********************************************************************************
D00028000001079A7188A10813440000
***********************************************************************************
Member-4-Generation-26
S11     S22     S12

MaxStressData =

  528.9000   22.1600   14.6100
  453.6000   18.4700   15.5500
  542.0000   22.2200   19.2600
  460.4000   18.2900   20.7700

S11     S22     S12

MinStressData =

 -156.0000   -6.6930  -14.6200
 -448.6000  -18.1100  -15.6800
 -113.0000    2.4040  -18.4400
 -460.1000  -14.7900  -21.1100

***********************************************************************************
G26ID00028000001079A7981A00813450000
***********************************************************************************
************************FAILURE LIMITS*********************************************
Failure(STR) S11 max= 2320 ----  Allowed S11 Max (Tensile)    = 1160 ------> Model S11 Max (Tensile)    = 542 ------>>  [  OK  ]      max value from loadcase=  3 >>> Effort = 0.23362 <<<<
Failure(STR) S11 min= -981 ----  Allowed S11 Min (Compressive)= -490.5 ------> Model S11 Min (Compressive)= -460.1 ------>>   [  OK  ]     min value from loadcase=  4 >>> Effort = 0.46901 <<<<
Failure(STR) S22 max= 49 ----  Allowed S22 Max (Tensile)    = 24.5 ------> Model S22 Max (Tensile)    = 22.22 ------>>   [  OK  ]     max value from loadcase=  3 >>> Effort = 0.45347 <<<<
Failure(STR) S22 min= -160 ----  Allowed S22 Min (Compressive)= -80 ------> Model S22 Min (Compressive)= -18.11 ------>>   [  OK  ]     min value from loadcase=  2 >>> Effort = 0.11319 <<<<
Failure(STR) S12 max= 67 ----  Allowed S12 Max (Tensile)    = 33.5 ------> Model S12 Max (Tensile)    = 20.77 ------>>   [  OK  ]     max value from loadcase=  4 >>> Effort = 0.31 <<<<
Failure(STR) S12 min= -67 ----  Allowed S12 Min (Compressive)= -33.5 ------> Model S12 Min (Compressive)= -21.11 ------>>   [  OK  ]     min value from loadcase=  4 >>> Effort = 0.31507 <<<<
*********************************************************************
************************MEMBER OUTPUT*********************************************
eigenPerformanceError=1.7048
materialRelativeDifferenceError=0
s11Error= 7.6681e-08
s22Error= 1.3644e-14
s12Error= 1.0737e-74
objectiveVal= 1.7048
*********************************************************************
Load case 1 effort:     S11        S22       S12 
   tensile:           0.22797     0.45224     0.21806
   compressive:       0.15902    0.041831     0.21821
Load case 2 effort:     S11        S22       S12 
   tensile:           0.19552     0.37694     0.23209
   compressive:       0.45729     0.11319     0.23403
Load case 3 effort:     S11        S22       S12 
   tensile:           0.23362     0.45347     0.28746
   compressive:       0.11519    0.049061     0.27522
Load case 4 effort:     S11        S22       S12 
   tensile:           0.19845     0.37327        0.31
   compressive:       0.46901    0.092437     0.31507
***********************************************************************************
D00028000001079A7981A00813450000
***********************************************************************************
Member-5-Generation-26
S11     S22     S12

MaxStressData =

  528.9000   22.1600   14.6100
  452.0000   18.4100   15.5000
  542.7000   22.2500   19.2800
  460.4000   18.2900   20.7700

S11     S22     S12

MinStressData =

 -155.5000   -6.6710  -14.6200
 -448.2000  -18.1000  -15.6700
 -113.2000    2.3900  -18.3500
 -460.1000  -14.7900  -21.1100

***********************************************************************************
G26ID00028000001079AE981A00813440000
***********************************************************************************
************************FAILURE LIMITS*********************************************
Failure(STR) S11 max= 2320 ----  Allowed S11 Max (Tensile)    = 1160 ------> Model S11 Max (Tensile)    = 542.7 ------>>  [  OK  ]      max value from loadcase=  3 >>> Effort = 0.23392 <<<<
Failure(STR) S11 min= -981 ----  Allowed S11 Min (Compressive)= -490.5 ------> Model S11 Min (Compressive)= -460.1 ------>>   [  OK  ]     min value from loadcase=  4 >>> Effort = 0.46901 <<<<
Failure(STR) S22 max= 49 ----  Allowed S22 Max (Tensile)    = 24.5 ------> Model S22 Max (Tensile)    = 22.25 ------>>   [  OK  ]     max value from loadcase=  3 >>> Effort = 0.45408 <<<<
Failure(STR) S22 min= -160 ----  Allowed S22 Min (Compressive)= -80 ------> Model S22 Min (Compressive)= -18.1 ------>>   [  OK  ]     min value from loadcase=  2 >>> Effort = 0.11313 <<<<
Failure(STR) S12 max= 67 ----  Allowed S12 Max (Tensile)    = 33.5 ------> Model S12 Max (Tensile)    = 20.77 ------>>   [  OK  ]     max value from loadcase=  4 >>> Effort = 0.31 <<<<
Failure(STR) S12 min= -67 ----  Allowed S12 Min (Compressive)= -33.5 ------> Model S12 Min (Compressive)= -21.11 ------>>   [  OK  ]     min value from loadcase=  4 >>> Effort = 0.31507 <<<<
*********************************************************************
************************MEMBER OUTPUT*********************************************
eigenPerformanceError=1.6554
materialRelativeDifferenceError=0
s11Error= 7.6681e-08
s22Error= 2.5168e-14
s12Error= 1.0737e-74
objectiveVal= 1.6554
*********************************************************************
Load case 1 effort:     S11        S22       S12 
   tensile:           0.22797     0.45224     0.21806
   compressive:       0.15851    0.041694     0.21821
Load case 2 effort:     S11        S22       S12 
   tensile:           0.19483     0.37571     0.23134
   compressive:       0.45688     0.11313     0.23388
Load case 3 effort:     S11        S22       S12 
   tensile:           0.23392     0.45408     0.28776
   compressive:       0.11539    0.048776     0.27388
Load case 4 effort:     S11        S22       S12 
   tensile:           0.19845     0.37327        0.31
   compressive:       0.46901    0.092437     0.31507
***********************************************************************************
D00028000001079AE981A00813440000
***********************************************************************************
Member-6-Generation-26
S11     S22     S12

MaxStressData =

  528.9000   22.1600   14.6100
  452.0000   18.4100   15.5000
  547.5000   22.5400   19.2800
  462.6000   19.7400   20.7900

S11     S22     S12

MinStressData =

 -155.5000   -6.6720  -14.6200
 -448.2000  -18.1000  -15.6700
 -113.2000    2.3900  -18.4500
 -470.5000  -14.8000  -21.1100

***********************************************************************************
G26ID000280200010792F881A00813440000
***********************************************************************************
************************FAILURE LIMITS*********************************************
Failure(STR) S11 max= 2320 ----  Allowed S11 Max (Tensile)    = 1160 ------> Model S11 Max (Tensile)    = 547.5 ------>>  [  OK  ]      max value from loadcase=  3 >>> Effort = 0.23599 <<<<
Failure(STR) S11 min= -981 ----  Allowed S11 Min (Compressive)= -490.5 ------> Model S11 Min (Compressive)= -470.5 ------>>   [  OK  ]     min value from loadcase=  4 >>> Effort = 0.47961 <<<<
Failure(STR) S22 max= 49 ----  Allowed S22 Max (Tensile)    = 24.5 ------> Model S22 Max (Tensile)    = 22.54 ------>>   [  OK  ]     max value from loadcase=  3 >>> Effort = 0.46 <<<<
Failure(STR) S22 min= -160 ----  Allowed S22 Min (Compressive)= -80 ------> Model S22 Min (Compressive)= -18.1 ------>>   [  OK  ]     min value from loadcase=  2 >>> Effort = 0.11313 <<<<
Failure(STR) S12 max= 67 ----  Allowed S12 Max (Tensile)    = 33.5 ------> Model S12 Max (Tensile)    = 20.79 ------>>   [  OK  ]     max value from loadcase=  4 >>> Effort = 0.3103 <<<<
Failure(STR) S12 min= -67 ----  Allowed S12 Min (Compressive)= -33.5 ------> Model S12 Min (Compressive)= -21.11 ------>>   [  OK  ]     min value from loadcase=  4 >>> Effort = 0.31507 <<<<
*********************************************************************
************************MEMBER OUTPUT*********************************************
eigenPerformanceError=1.6336
materialRelativeDifferenceError=0
s11Error= 0.0030819
s22Error= 9.3576e-12
s12Error= 1.0737e-74
objectiveVal= 1.6336
*********************************************************************
Load case 1 effort:     S11        S22       S12 
   tensile:           0.22797     0.45224     0.21806
   compressive:       0.15851      0.0417     0.21821
Load case 2 effort:     S11        S22       S12 
   tensile:           0.19483     0.37571     0.23134
   compressive:       0.45688     0.11313     0.23388
Load case 3 effort:     S11        S22       S12 
   tensile:           0.23599        0.46     0.28776
   compressive:       0.11539    0.048776     0.27537
Load case 4 effort:     S11        S22       S12 
   tensile:           0.1994     0.40286      0.3103
   compressive:       0.47961      0.0925     0.31507
***********************************************************************************
D000280200010792F881A00813440000
***********************************************************************************
Member-7-Generation-26
S11     S22     S12

MaxStressData =

  528.9000   22.1600   14.6100
  453.6000   18.4700   15.5500
  546.9000   22.5100   19.2600
  462.6000   19.7400   20.7900

S11     S22     S12

MinStressData =

 -156.0000   -6.6930  -14.6200
 -448.6000  -18.1100  -15.6800
 -113.0000    2.4050  -18.4300
 -470.5000  -14.8000  -21.1100

***********************************************************************************
G26ID000280200010792F881A10813450000
***********************************************************************************
************************FAILURE LIMITS*********************************************
Failure(STR) S11 max= 2320 ----  Allowed S11 Max (Tensile)    = 1160 ------> Model S11 Max (Tensile)    = 546.9 ------>>  [  OK  ]      max value from loadcase=  3 >>> Effort = 0.23573 <<<<
Failure(STR) S11 min= -981 ----  Allowed S11 Min (Compressive)= -490.5 ------> Model S11 Min (Compressive)= -470.5 ------>>   [  OK  ]     min value from loadcase=  4 >>> Effort = 0.47961 <<<<
Failure(STR) S22 max= 49 ----  Allowed S22 Max (Tensile)    = 24.5 ------> Model S22 Max (Tensile)    = 22.51 ------>>   [  OK  ]     max value from loadcase=  3 >>> Effort = 0.45939 <<<<
Failure(STR) S22 min= -160 ----  Allowed S22 Min (Compressive)= -80 ------> Model S22 Min (Compressive)= -18.11 ------>>   [  OK  ]     min value from loadcase=  2 >>> Effort = 0.11319 <<<<
Failure(STR) S12 max= 67 ----  Allowed S12 Max (Tensile)    = 33.5 ------> Model S12 Max (Tensile)    = 20.79 ------>>   [  OK  ]     max value from loadcase=  4 >>> Effort = 0.3103 <<<<
Failure(STR) S12 min= -67 ----  Allowed S12 Min (Compressive)= -33.5 ------> Model S12 Min (Compressive)= -21.11 ------>>   [  OK  ]     min value from loadcase=  4 >>> Effort = 0.31507 <<<<
*********************************************************************
************************MEMBER OUTPUT*********************************************
eigenPerformanceError=1.6742
materialRelativeDifferenceError=0
s11Error= 0.0030819
s22Error= 5.0731e-12
s12Error= 1.0737e-74
objectiveVal= 1.6742
*********************************************************************
Load case 1 effort:     S11        S22       S12 
   tensile:           0.22797     0.45224     0.21806
   compressive:       0.15902    0.041831     0.21821
Load case 2 effort:     S11        S22       S12 
   tensile:           0.19552     0.37694     0.23209
   compressive:       0.45729     0.11319     0.23403
Load case 3 effort:     S11        S22       S12 
   tensile:           0.23573     0.45939     0.28746
   compressive:       0.11519    0.049082     0.27507
Load case 4 effort:     S11        S22       S12 
   tensile:           0.1994     0.40286      0.3103
   compressive:       0.47961      0.0925     0.31507
***********************************************************************************
D000280200010792F881A10813450000
***********************************************************************************
Member-8-Generation-26
S11     S22     S12

MaxStressData =

  526.3000   22.0600   14.4000
  453.4000   18.4700   15.5100
  546.9000   22.5100   19.2100
  462.6000   19.7400   20.9500

S11     S22     S12

MinStressData =

 -155.9000   -6.6850  -14.4000
 -448.5000  -18.1100  -15.6700
 -113.0000    2.4040  -18.4300
 -470.5000  -14.8000  -21.0500

***********************************************************************************
G26ID000280200010792F888A00813450000
***********************************************************************************
************************FAILURE LIMITS*********************************************
Failure(STR) S11 max= 2320 ----  Allowed S11 Max (Tensile)    = 1160 ------> Model S11 Max (Tensile)    = 546.9 ------>>  [  OK  ]      max value from loadcase=  3 >>> Effort = 0.23573 <<<<
Failure(STR) S11 min= -981 ----  Allowed S11 Min (Compressive)= -490.5 ------> Model S11 Min (Compressive)= -470.5 ------>>   [  OK  ]     min value from loadcase=  4 >>> Effort = 0.47961 <<<<
Failure(STR) S22 max= 49 ----  Allowed S22 Max (Tensile)    = 24.5 ------> Model S22 Max (Tensile)    = 22.51 ------>>   [  OK  ]     max value from loadcase=  3 >>> Effort = 0.45939 <<<<
Failure(STR) S22 min= -160 ----  Allowed S22 Min (Compressive)= -80 ------> Model S22 Min (Compressive)= -18.11 ------>>   [  OK  ]     min value from loadcase=  2 >>> Effort = 0.11319 <<<<
Failure(STR) S12 max= 67 ----  Allowed S12 Max (Tensile)    = 33.5 ------> Model S12 Max (Tensile)    = 20.95 ------>>   [  OK  ]     max value from loadcase=  4 >>> Effort = 0.31269 <<<<
Failure(STR) S12 min= -67 ----  Allowed S12 Min (Compressive)= -33.5 ------> Model S12 Min (Compressive)= -21.05 ------>>   [  OK  ]     min value from loadcase=  4 >>> Effort = 0.31418 <<<<
*********************************************************************
************************MEMBER OUTPUT*********************************************
eigenPerformanceError=1.7058
materialRelativeDifferenceError=0
s11Error= 0.0030819
s22Error= 5.0731e-12
s12Error= 4.3849e-75
objectiveVal= 1.7058
*********************************************************************
Load case 1 effort:     S11        S22       S12 
   tensile:           0.22685      0.4502     0.21493
   compressive:       0.15892    0.041781     0.21493
Load case 2 effort:     S11        S22       S12 
   tensile:           0.19543     0.37694     0.23149
   compressive:       0.45719     0.11319     0.23388
Load case 3 effort:     S11        S22       S12 
   tensile:           0.23573     0.45939     0.28672
   compressive:       0.11519    0.049061     0.27507
Load case 4 effort:     S11        S22       S12 
   tensile:           0.1994     0.40286     0.31269
   compressive:       0.47961      0.0925     0.31418
***********************************************************************************
D000280200010792F888A00813450000
***********************************************************************************
Member-9-Generation-26
S11     S22     S12

MaxStressData =

  526.3000   22.0600   14.4000
  451.8000   18.4000   15.4600
  547.6000   22.5400   19.2300
  462.6000   19.7400   20.9500

S11     S22     S12

MinStressData =

 -155.3000   -6.6630  -14.4000
 -448.2000  -18.1000  -15.6600
 -113.2000    2.3890  -18.4500
 -470.6000  -14.7900  -21.0600

***********************************************************************************
G26ID00028020001079A7988A10813440000
***********************************************************************************
************************FAILURE LIMITS*********************************************
Failure(STR) S11 max= 2320 ----  Allowed S11 Max (Tensile)    = 1160 ------> Model S11 Max (Tensile)    = 547.6 ------>>  [  OK  ]      max value from loadcase=  3 >>> Effort = 0.23603 <<<<
Failure(STR) S11 min= -981 ----  Allowed S11 Min (Compressive)= -490.5 ------> Model S11 Min (Compressive)= -470.6 ------>>   [  OK  ]     min value from loadcase=  4 >>> Effort = 0.47971 <<<<
Failure(STR) S22 max= 49 ----  Allowed S22 Max (Tensile)    = 24.5 ------> Model S22 Max (Tensile)    = 22.54 ------>>   [  OK  ]     max value from loadcase=  3 >>> Effort = 0.46 <<<<
Failure(STR) S22 min= -160 ----  Allowed S22 Min (Compressive)= -80 ------> Model S22 Min (Compressive)= -18.1 ------>>   [  OK  ]     min value from loadcase=  2 >>> Effort = 0.11313 <<<<
Failure(STR) S12 max= 67 ----  Allowed S12 Max (Tensile)    = 33.5 ------> Model S12 Max (Tensile)    = 20.95 ------>>   [  OK  ]     max value from loadcase=  4 >>> Effort = 0.31269 <<<<
Failure(STR) S12 min= -67 ----  Allowed S12 Min (Compressive)= -33.5 ------> Model S12 Min (Compressive)= -21.06 ------>>   [  OK  ]     min value from loadcase=  4 >>> Effort = 0.31433 <<<<
*********************************************************************
************************MEMBER OUTPUT*********************************************
eigenPerformanceError=1.7685
materialRelativeDifferenceError=0
s11Error= 0.0034126
s22Error= 9.3576e-12
s12Error= 5.0907e-75
objectiveVal= 1.7685
*********************************************************************
Load case 1 effort:     S11        S22       S12 
   tensile:           0.22685      0.4502     0.21493
   compressive:       0.15831    0.041644     0.21493
Load case 2 effort:     S11        S22       S12 
   tensile:           0.19474     0.37551     0.23075
   compressive:       0.45688     0.11313     0.23373
Load case 3 effort:     S11        S22       S12 
   tensile:           0.23603        0.46     0.28701
   compressive:       0.11539    0.048755     0.27537
Load case 4 effort:     S11        S22       S12 
   tensile:           0.1994     0.40286     0.31269
   compressive:       0.47971    0.092437     0.31433
***********************************************************************************
D00028020001079A7988A10813440000
***********************************************************************************
Member-10-Generation-26
S11     S22     S12

MaxStressData =

  535.3000   22.4000   14.5200
  453.4000   18.4600   15.5200
  546.9000   22.5100   19.3700
  462.6000   19.7400   20.7600

S11     S22     S12

MinStressData =

 -156.0000   -6.6930  -14.4500
 -448.9000  -18.1300  -15.6800
 -113.8000    2.4040  -18.4300
 -470.6000  -14.8100  -21.1100

***********************************************************************************
G26ID00028020001279AF980A00813450000
***********************************************************************************
************************FAILURE LIMITS*********************************************
Failure(STR) S11 max= 2320 ----  Allowed S11 Max (Tensile)    = 1160 ------> Model S11 Max (Tensile)    = 546.9 ------>>  [  OK  ]      max value from loadcase=  3 >>> Effort = 0.23573 <<<<
Failure(STR) S11 min= -981 ----  Allowed S11 Min (Compressive)= -490.5 ------> Model S11 Min (Compressive)= -470.6 ------>>   [  OK  ]     min value from loadcase=  4 >>> Effort = 0.47971 <<<<
Failure(STR) S22 max= 49 ----  Allowed S22 Max (Tensile)    = 24.5 ------> Model S22 Max (Tensile)    = 22.51 ------>>   [  OK  ]     max value from loadcase=  3 >>> Effort = 0.45939 <<<<
Failure(STR) S22 min= -160 ----  Allowed S22 Min (Compressive)= -80 ------> Model S22 Min (Compressive)= -18.13 ------>>   [  OK  ]     min value from loadcase=  2 >>> Effort = 0.11331 <<<<
Failure(STR) S12 max= 67 ----  Allowed S12 Max (Tensile)    = 33.5 ------> Model S12 Max (Tensile)    = 20.76 ------>>   [  OK  ]     max value from loadcase=  4 >>> Effort = 0.30985 <<<<
Failure(STR) S12 min= -67 ----  Allowed S12 Min (Compressive)= -33.5 ------> Model S12 Min (Compressive)= -21.11 ------>>   [  OK  ]     min value from loadcase=  4 >>> Effort = 0.31507 <<<<
*********************************************************************
************************MEMBER OUTPUT*********************************************
eigenPerformanceError=1.9801
materialRelativeDifferenceError=0
s11Error= 0.0034126
s22Error= 5.0731e-12
s12Error= 1.0737e-74
objectiveVal= 1.9801
*********************************************************************
Load case 1 effort:     S11        S22       S12 
   tensile:           0.23073     0.45714     0.21672
   compressive:       0.15902    0.041831     0.21567
Load case 2 effort:     S11        S22       S12 
   tensile:           0.19543     0.37673     0.23164
   compressive:       0.45759     0.11331     0.23403
Load case 3 effort:     S11        S22       S12 
   tensile:           0.23573     0.45939      0.2891
   compressive:       0.116    0.049061     0.27507
Load case 4 effort:     S11        S22       S12 
   tensile:           0.1994     0.40286     0.30985
   compressive:       0.47971    0.092563     0.31507
***********************************************************************************
D00028020001279AF980A00813450000
***********************************************************************************
Member-11-Generation-26
S11     S22     S12

MaxStressData =

  568.4000   23.8100   14.2100
  461.8000   18.8500   15.6600
  554.2000   22.7500   19.5200
  480.4000   19.8400   22.1500

S11     S22     S12

MinStressData =

 -159.4000   -6.8750  -15.5900
 -453.5000  -18.3200  -15.9200
 -115.3000    2.4120  -18.6000
 -487.1000  -16.4400  -22.9400

***********************************************************************************
G26ID0D284E26281D080F2912A3EA04AE505
***********************************************************************************
************************FAILURE LIMITS*********************************************
Failure(STR) S11 max= 2320 ----  Allowed S11 Max (Tensile)    = 1160 ------> Model S11 Max (Tensile)    = 568.4 ------>>  [  OK  ]      max value from loadcase=  1 >>> Effort = 0.245 <<<<
Failure(STR) S11 min= -981 ----  Allowed S11 Min (Compressive)= -490.5 ------> Model S11 Min (Compressive)= -487.1 ------>>   [  OK  ]     min value from loadcase=  4 >>> Effort = 0.49653 <<<<
Failure(STR) S22 max= 49 ----  Allowed S22 Max (Tensile)    = 24.5 ------> Model S22 Max (Tensile)    = 23.81 ------>>   [  OK  ]     max value from loadcase=  1 >>> Effort = 0.48592 <<<<
Failure(STR) S22 min= -160 ----  Allowed S22 Min (Compressive)= -80 ------> Model S22 Min (Compressive)= -18.32 ------>>   [  OK  ]     min value from loadcase=  2 >>> Effort = 0.1145 <<<<
Failure(STR) S12 max= 67 ----  Allowed S12 Max (Tensile)    = 33.5 ------> Model S12 Max (Tensile)    = 22.15 ------>>   [  OK  ]     max value from loadcase=  4 >>> Effort = 0.3306 <<<<
Failure(STR) S12 min= -67 ----  Allowed S12 Min (Compressive)= -33.5 ------> Model S12 Min (Compressive)= -22.94 ------>>   [  OK  ]     min value from loadcase=  4 >>> Effort = 0.34239 <<<<
*********************************************************************
************************MEMBER OUTPUT*********************************************
eigenPerformanceError=5.8225
materialRelativeDifferenceError=0
s11Error= 99.8549
s22Error= 1.66
s12Error= 7.8154e-63
objectiveVal= 100.0383
*********************************************************************
Load case 1 effort:     S11        S22       S12 
   tensile:           0.245     0.48592     0.21209
   compressive:       0.16249    0.042969     0.23269
Load case 2 effort:     S11        S22       S12 
   tensile:           0.19905     0.38469     0.23373
   compressive:       0.46228      0.1145     0.23761
Load case 3 effort:     S11        S22       S12 
   tensile:           0.23888     0.46429     0.29134
   compressive:       0.11753    0.049224     0.27761
Load case 4 effort:     S11        S22       S12 
   tensile:           0.20707      0.4049      0.3306
   compressive:       0.49653     0.10275     0.34239
***********************************************************************************
D0D284E26281D080F2912A3EA04AE505
***********************************************************************************
Member-12-Generation-26
S11     S22     S12

MaxStressData =

  579.0000   24.1500   15.5200
  459.2000   18.7100   15.6700
  551.6000   22.4900   19.7600
  473.9000   20.1600   22.5600

S11     S22     S12

MinStressData =

 -158.0000   -6.7950  -12.5400
 -453.9000  -18.3300  -15.9200
 -115.8000    2.4100  -18.5300
 -484.6000  -16.2600  -23.1900

***********************************************************************************
G26ID269C0D55C57FE0B0830C1471429B94A
***********************************************************************************
************************FAILURE LIMITS*********************************************
Failure(STR) S11 max= 2320 ----  Allowed S11 Max (Tensile)    = 1160 ------> Model S11 Max (Tensile)    = 579 ------>>  [  OK  ]      max value from loadcase=  1 >>> Effort = 0.24957 <<<<
Failure(STR) S11 min= -981 ----  Allowed S11 Min (Compressive)= -490.5 ------> Model S11 Min (Compressive)= -484.6 ------>>   [  OK  ]     min value from loadcase=  4 >>> Effort = 0.49399 <<<<
Failure(STR) S22 max= 49 ----  Allowed S22 Max (Tensile)    = 24.5 ------> Model S22 Max (Tensile)    = 24.15 ------>>   [  OK  ]     max value from loadcase=  1 >>> Effort = 0.49286 <<<<
Failure(STR) S22 min= -160 ----  Allowed S22 Min (Compressive)= -80 ------> Model S22 Min (Compressive)= -18.33 ------>>   [  OK  ]     min value from loadcase=  2 >>> Effort = 0.11456 <<<<
Failure(STR) S12 max= 67 ----  Allowed S12 Max (Tensile)    = 33.5 ------> Model S12 Max (Tensile)    = 22.56 ------>>   [  OK  ]     max value from loadcase=  4 >>> Effort = 0.33672 <<<<
Failure(STR) S12 min= -67 ----  Allowed S12 Min (Compressive)= -33.5 ------> Model S12 Min (Compressive)= -23.19 ------>>   [  OK  ]     min value from loadcase=  4 >>> Effort = 0.34612 <<<<
*********************************************************************
************************MEMBER OUTPUT*********************************************
eigenPerformanceError=7.0287
materialRelativeDifferenceError=0
s11Error= 98.176
s22Error= 94.5687
s12Error= 3.2617e-61
objectiveVal= 136.496
*********************************************************************
Load case 1 effort:     S11        S22       S12 
   tensile:           0.24957     0.49286     0.23164
   compressive:       0.16106    0.042469     0.18716
Load case 2 effort:     S11        S22       S12 
   tensile:           0.19793     0.38184     0.23388
   compressive:       0.46269     0.11456     0.23761
Load case 3 effort:     S11        S22       S12 
   tensile:           0.23776     0.45898     0.29493
   compressive:       0.11804    0.049184     0.27657
Load case 4 effort:     S11        S22       S12 
   tensile:           0.20427     0.41143     0.33672
   compressive:       0.49399     0.10163     0.34612
***********************************************************************************
D269C0D55C57FE0B0830C1471429B94A
***********************************************************************************
Member-13-Generation-26
S11     S22     S12

MaxStressData =

  556.0000   23.2400   14.9100
  457.4000   18.6600   15.6000
  552.0000   22.6700   19.6700
  469.9000   18.7000   22.3200

S11     S22     S12

MinStressData =

 -159.0000   -6.8220  -14.8800
 -454.8000  -18.3600  -15.8800
 -116.1000    2.3870  -18.6900
 -485.9000  -16.2200  -22.7100

***********************************************************************************
G26ID29491400581B1C18C1C0A998E5C4421
***********************************************************************************
************************FAILURE LIMITS*********************************************
Failure(STR) S11 max= 2320 ----  Allowed S11 Max (Tensile)    = 1160 ------> Model S11 Max (Tensile)    = 556 ------>>  [  OK  ]      max value from loadcase=  1 >>> Effort = 0.23966 <<<<
Failure(STR) S11 min= -981 ----  Allowed S11 Min (Compressive)= -490.5 ------> Model S11 Min (Compressive)= -485.9 ------>>   [  OK  ]     min value from loadcase=  4 >>> Effort = 0.49531 <<<<
Failure(STR) S22 max= 49 ----  Allowed S22 Max (Tensile)    = 24.5 ------> Model S22 Max (Tensile)    = 23.24 ------>>   [  OK  ]     max value from loadcase=  1 >>> Effort = 0.47429 <<<<
Failure(STR) S22 min= -160 ----  Allowed S22 Min (Compressive)= -80 ------> Model S22 Min (Compressive)= -18.36 ------>>   [  OK  ]     min value from loadcase=  2 >>> Effort = 0.11475 <<<<
Failure(STR) S12 max= 67 ----  Allowed S12 Max (Tensile)    = 33.5 ------> Model S12 Max (Tensile)    = 22.32 ------>>   [  OK  ]     max value from loadcase=  4 >>> Effort = 0.33313 <<<<
Failure(STR) S12 min= -67 ----  Allowed S12 Min (Compressive)= -33.5 ------> Model S12 Min (Compressive)= -22.71 ------>>   [  OK  ]     min value from loadcase=  4 >>> Effort = 0.33896 <<<<
*********************************************************************
************************MEMBER OUTPUT*********************************************
eigenPerformanceError=5.0344
materialRelativeDifferenceError=0
s11Error= 99.5087
s22Error= 1.4975e-05
s12Error= 2.524e-64
objectiveVal= 99.636
*********************************************************************
Load case 1 effort:     S11        S22       S12 
   tensile:           0.23966     0.47429     0.22254
   compressive:       0.16208    0.042638     0.22209
Load case 2 effort:     S11        S22       S12 
   tensile:           0.19716     0.38082     0.23284
   compressive:       0.46361     0.11475     0.23701
Load case 3 effort:     S11        S22       S12 
   tensile:           0.23793     0.46265     0.29358
   compressive:       0.11835    0.048714     0.27896
Load case 4 effort:     S11        S22       S12 
   tensile:           0.20254     0.38163     0.33313
   compressive:       0.49531     0.10137     0.33896
***********************************************************************************
D29491400581B1C18C1C0A998E5C4421
***********************************************************************************
Member-14-Generation-26
S11     S22     S12

MaxStressData =

  556.6000   23.3500   15.6200
  455.2000   18.5200   15.6900
  551.4000   22.6600   19.7900
  466.3000   18.9700   22.8400

S11     S22     S12

MinStressData =

 -157.6000   -6.7770  -15.2500
 -452.9000  -18.2900  -15.7800
 -116.4000    2.3870  -18.5500
 -469.7000  -15.7100  -23.1000

***********************************************************************************
G26ID32E0A1403852999E001CBE514963A48
***********************************************************************************
************************FAILURE LIMITS*********************************************
Failure(STR) S11 max= 2320 ----  Allowed S11 Max (Tensile)    = 1160 ------> Model S11 Max (Tensile)    = 556.6 ------>>  [  OK  ]      max value from loadcase=  1 >>> Effort = 0.23991 <<<<
Failure(STR) S11 min= -981 ----  Allowed S11 Min (Compressive)= -490.5 ------> Model S11 Min (Compressive)= -469.7 ------>>   [  OK  ]     min value from loadcase=  4 >>> Effort = 0.4788 <<<<
Failure(STR) S22 max= 49 ----  Allowed S22 Max (Tensile)    = 24.5 ------> Model S22 Max (Tensile)    = 23.35 ------>>   [  OK  ]     max value from loadcase=  1 >>> Effort = 0.47653 <<<<
Failure(STR) S22 min= -160 ----  Allowed S22 Min (Compressive)= -80 ------> Model S22 Min (Compressive)= -18.29 ------>>   [  OK  ]     min value from loadcase=  2 >>> Effort = 0.11431 <<<<
Failure(STR) S12 max= 67 ----  Allowed S12 Max (Tensile)    = 33.5 ------> Model S12 Max (Tensile)    = 22.84 ------>>   [  OK  ]     max value from loadcase=  4 >>> Effort = 0.3409 <<<<
Failure(STR) S12 min= -67 ----  Allowed S12 Min (Compressive)= -33.5 ------> Model S12 Min (Compressive)= -23.1 ------>>   [  OK  ]     min value from loadcase=  4 >>> Effort = 0.34478 <<<<
*********************************************************************
************************MEMBER OUTPUT*********************************************
eigenPerformanceError=4.6696
materialRelativeDifferenceError=0
s11Error= 0.0013635
s22Error= 0.00014136
s12Error= 8.5128e-62
objectiveVal= 4.6696
*********************************************************************
Load case 1 effort:     S11        S22       S12 
   tensile:           0.23991     0.47653     0.23313
   compressive:       0.16065    0.042356     0.22761
Load case 2 effort:     S11        S22       S12 
   tensile:           0.19621     0.37796     0.23418
   compressive:       0.46167     0.11431     0.23552
Load case 3 effort:     S11        S22       S12 
   tensile:           0.23767     0.46245     0.29537
   compressive:       0.11865    0.048714     0.27687
Load case 4 effort:     S11        S22       S12 
   tensile:           0.20099     0.38714      0.3409
   compressive:       0.4788    0.098188     0.34478
***********************************************************************************
D32E0A1403852999E001CBE514963A48
***********************************************************************************
Member-15-Generation-26
S11     S22     S12

MaxStressData =

  568.8000   23.8200   15.2400
  456.6000   18.6000   15.6600
  547.5000   22.4700   19.3900
  490.1000   20.1900   22.4300

S11     S22     S12

MinStressData =

 -158.1000   -6.8380  -15.3200
 -454.0000  -18.3300  -15.9300
 -114.3000    2.3950  -18.8200
 -466.9000  -16.4000  -23.1500

***********************************************************************************
G26ID399EDB1C0B04610041A45DD9A6D1550
***********************************************************************************
************************FAILURE LIMITS*********************************************
Failure(STR) S11 max= 2320 ----  Allowed S11 Max (Tensile)    = 1160 ------> Model S11 Max (Tensile)    = 568.8 ------>>  [  OK  ]      max value from loadcase=  1 >>> Effort = 0.24517 <<<<
Failure(STR) S11 min= -981 ----  Allowed S11 Min (Compressive)= -490.5 ------> Model S11 Min (Compressive)= -466.9 ------>>   [  OK  ]     min value from loadcase=  4 >>> Effort = 0.47594 <<<<
Failure(STR) S22 max= 49 ----  Allowed S22 Max (Tensile)    = 24.5 ------> Model S22 Max (Tensile)    = 23.82 ------>>   [  OK  ]     max value from loadcase=  1 >>> Effort = 0.48612 <<<<
Failure(STR) S22 min= -160 ----  Allowed S22 Min (Compressive)= -80 ------> Model S22 Min (Compressive)= -18.33 ------>>   [  OK  ]     min value from loadcase=  2 >>> Effort = 0.11456 <<<<
Failure(STR) S12 max= 67 ----  Allowed S12 Max (Tensile)    = 33.5 ------> Model S12 Max (Tensile)    = 22.43 ------>>   [  OK  ]     max value from loadcase=  4 >>> Effort = 0.33478 <<<<
Failure(STR) S12 min= -67 ----  Allowed S12 Min (Compressive)= -33.5 ------> Model S12 Min (Compressive)= -23.15 ------>>   [  OK  ]     min value from loadcase=  4 >>> Effort = 0.34552 <<<<
*********************************************************************
************************MEMBER OUTPUT*********************************************
eigenPerformanceError=6.1454
materialRelativeDifferenceError=0
s11Error= 7.8539e-05
s22Error= 2.0282
s12Error= 1.7954e-61
objectiveVal= 6.4715
*********************************************************************
Load case 1 effort:     S11        S22       S12 
   tensile:           0.24517     0.48612     0.22746
   compressive:       0.16116    0.042737     0.22866
Load case 2 effort:     S11        S22       S12 
   tensile:           0.19681     0.37959     0.23373
   compressive:       0.46279     0.11456     0.23776
Load case 3 effort:     S11        S22       S12 
   tensile:           0.23599     0.45857      0.2894
   compressive:       0.11651    0.048878      0.2809
Load case 4 effort:     S11        S22       S12 
   tensile:           0.21125     0.41204     0.33478
   compressive:       0.47594      0.1025     0.34552
***********************************************************************************
D399EDB1C0B04610041A45DD9A6D1550
***********************************************************************************

*****	GENERATION #26 simulation complete	***********
GEN: 26 | Obj: 1.632722 | RCYCLE: 30.440341 %
