Member-1-Generation-44
S11     S22     S12

MaxStressData =

  526.3000   22.0700   14.4000
  451.7000   18.4000   15.4600
  542.7000   22.2500   19.2300
  459.9000   18.2900   20.7800

S11     S22     S12

MinStressData =

 -155.3000   -6.6650  -14.4000
 -448.1000  -18.0900  -15.6600
 -113.2000    2.3900  -18.3500
 -459.7000  -14.8100  -21.1100

***********************************************************************************
G44ID0000800000107DAF880A10813440000
***********************************************************************************
************************FAILURE LIMITS*********************************************
Failure(STR) S11 max= 2320 ----  Allowed S11 Max (Tensile)    = 1160 ------> Model S11 Max (Tensile)    = 542.7 ------>>  [  OK  ]      max value from loadcase=  3 >>> Effort = 0.23392 <<<<
Failure(STR) S11 min= -981 ----  Allowed S11 Min (Compressive)= -490.5 ------> Model S11 Min (Compressive)= -459.7 ------>>   [  OK  ]     min value from loadcase=  4 >>> Effort = 0.4686 <<<<
Failure(STR) S22 max= 49 ----  Allowed S22 Max (Tensile)    = 24.5 ------> Model S22 Max (Tensile)    = 22.25 ------>>   [  OK  ]     max value from loadcase=  3 >>> Effort = 0.45408 <<<<
Failure(STR) S22 min= -160 ----  Allowed S22 Min (Compressive)= -80 ------> Model S22 Min (Compressive)= -18.09 ------>>   [  OK  ]     min value from loadcase=  2 >>> Effort = 0.11306 <<<<
Failure(STR) S12 max= 67 ----  Allowed S12 Max (Tensile)    = 33.5 ------> Model S12 Max (Tensile)    = 20.78 ------>>   [  OK  ]     max value from loadcase=  4 >>> Effort = 0.31015 <<<<
Failure(STR) S12 min= -67 ----  Allowed S12 Min (Compressive)= -33.5 ------> Model S12 Min (Compressive)= -21.11 ------>>   [  OK  ]     min value from loadcase=  4 >>> Effort = 0.31507 <<<<
*********************************************************************
************************MEMBER OUTPUT*********************************************
eigenPerformanceError=1.4225
materialRelativeDifferenceError=0
s11Error= 5.1004e-08
s22Error= 2.5168e-14
s12Error= 1.0737e-74
objectiveVal= 1.4225
*********************************************************************
Load case 1 effort:     S11        S22       S12 
   tensile:           0.22685     0.45041     0.21493
   compressive:       0.15831    0.041656     0.21493
Load case 2 effort:     S11        S22       S12 
   tensile:           0.1947     0.37551     0.23075
   compressive:       0.45678     0.11306     0.23373
Load case 3 effort:     S11        S22       S12 
   tensile:           0.23392     0.45408     0.28701
   compressive:       0.11539    0.048776     0.27388
Load case 4 effort:     S11        S22       S12 
   tensile:           0.19823     0.37327     0.31015
   compressive:       0.4686    0.092563     0.31507
***********************************************************************************
D0000800000107DAF880A10813440000
***********************************************************************************
Member-2-Generation-44
S11     S22     S12

MaxStressData =

  526.3000   22.0700   14.4000
  451.7000   18.4000   15.4600
  542.7000   22.2500   19.2600
  459.9000   18.2900   20.7800

S11     S22     S12

MinStressData =

 -155.3000   -6.6650  -14.4000
 -448.3000  -18.1000  -15.6400
 -113.5000    2.3900  -18.3300
 -459.7000  -14.8100  -21.1100

***********************************************************************************
G44ID000080000010F9A7880A04813440000
***********************************************************************************
************************FAILURE LIMITS*********************************************
Failure(STR) S11 max= 2320 ----  Allowed S11 Max (Tensile)    = 1160 ------> Model S11 Max (Tensile)    = 542.7 ------>>  [  OK  ]      max value from loadcase=  3 >>> Effort = 0.23392 <<<<
Failure(STR) S11 min= -981 ----  Allowed S11 Min (Compressive)= -490.5 ------> Model S11 Min (Compressive)= -459.7 ------>>   [  OK  ]     min value from loadcase=  4 >>> Effort = 0.4686 <<<<
Failure(STR) S22 max= 49 ----  Allowed S22 Max (Tensile)    = 24.5 ------> Model S22 Max (Tensile)    = 22.25 ------>>   [  OK  ]     max value from loadcase=  3 >>> Effort = 0.45408 <<<<
Failure(STR) S22 min= -160 ----  Allowed S22 Min (Compressive)= -80 ------> Model S22 Min (Compressive)= -18.1 ------>>   [  OK  ]     min value from loadcase=  2 >>> Effort = 0.11313 <<<<
Failure(STR) S12 max= 67 ----  Allowed S12 Max (Tensile)    = 33.5 ------> Model S12 Max (Tensile)    = 20.78 ------>>   [  OK  ]     max value from loadcase=  4 >>> Effort = 0.31015 <<<<
Failure(STR) S12 min= -67 ----  Allowed S12 Min (Compressive)= -33.5 ------> Model S12 Min (Compressive)= -21.11 ------>>   [  OK  ]     min value from loadcase=  4 >>> Effort = 0.31507 <<<<
*********************************************************************
************************MEMBER OUTPUT*********************************************
eigenPerformanceError=1.3254
materialRelativeDifferenceError=6.3684
s11Error= 5.1004e-08
s22Error= 2.5168e-14
s12Error= 1.0737e-74
objectiveVal= 6.5048
*********************************************************************
Load case 1 effort:     S11        S22       S12 
   tensile:           0.22685     0.45041     0.21493
   compressive:       0.15831    0.041656     0.21493
Load case 2 effort:     S11        S22       S12 
   tensile:           0.1947     0.37551     0.23075
   compressive:       0.45698     0.11313     0.23343
Load case 3 effort:     S11        S22       S12 
   tensile:           0.23392     0.45408     0.28746
   compressive:       0.1157    0.048776     0.27358
Load case 4 effort:     S11        S22       S12 
   tensile:           0.19823     0.37327     0.31015
   compressive:       0.4686    0.092563     0.31507
***********************************************************************************
D000080000010F9A7880A04813440000
***********************************************************************************
Member-3-Generation-44
S11     S22     S12

MaxStressData =

  526.3000   22.0700   14.4000
  451.7000   18.4000   15.4600
  542.7000   22.2500   19.2600
  459.9000   18.2900   20.7800

S11     S22     S12

MinStressData =

 -155.3000   -6.6650  -14.4000
 -448.3000  -18.1000  -15.6400
 -113.5000    2.3900  -18.3300
 -459.7000  -14.8100  -21.1100

***********************************************************************************
G44ID000080000010F9AF880A00813440000
***********************************************************************************
************************FAILURE LIMITS*********************************************
Failure(STR) S11 max= 2320 ----  Allowed S11 Max (Tensile)    = 1160 ------> Model S11 Max (Tensile)    = 542.7 ------>>  [  OK  ]      max value from loadcase=  3 >>> Effort = 0.23392 <<<<
Failure(STR) S11 min= -981 ----  Allowed S11 Min (Compressive)= -490.5 ------> Model S11 Min (Compressive)= -459.7 ------>>   [  OK  ]     min value from loadcase=  4 >>> Effort = 0.4686 <<<<
Failure(STR) S22 max= 49 ----  Allowed S22 Max (Tensile)    = 24.5 ------> Model S22 Max (Tensile)    = 22.25 ------>>   [  OK  ]     max value from loadcase=  3 >>> Effort = 0.45408 <<<<
Failure(STR) S22 min= -160 ----  Allowed S22 Min (Compressive)= -80 ------> Model S22 Min (Compressive)= -18.1 ------>>   [  OK  ]     min value from loadcase=  2 >>> Effort = 0.11313 <<<<
Failure(STR) S12 max= 67 ----  Allowed S12 Max (Tensile)    = 33.5 ------> Model S12 Max (Tensile)    = 20.78 ------>>   [  OK  ]     max value from loadcase=  4 >>> Effort = 0.31015 <<<<
Failure(STR) S12 min= -67 ----  Allowed S12 Min (Compressive)= -33.5 ------> Model S12 Min (Compressive)= -21.11 ------>>   [  OK  ]     min value from loadcase=  4 >>> Effort = 0.31507 <<<<
*********************************************************************
************************MEMBER OUTPUT*********************************************
eigenPerformanceError=1.3724
materialRelativeDifferenceError=1.6809
s11Error= 5.1004e-08
s22Error= 2.5168e-14
s12Error= 1.0737e-74
objectiveVal= 2.17
*********************************************************************
Load case 1 effort:     S11        S22       S12 
   tensile:           0.22685     0.45041     0.21493
   compressive:       0.15831    0.041656     0.21493
Load case 2 effort:     S11        S22       S12 
   tensile:           0.1947     0.37551     0.23075
   compressive:       0.45698     0.11313     0.23343
Load case 3 effort:     S11        S22       S12 
   tensile:           0.23392     0.45408     0.28746
   compressive:       0.1157    0.048776     0.27358
Load case 4 effort:     S11        S22       S12 
   tensile:           0.19823     0.37327     0.31015
   compressive:       0.4686    0.092563     0.31507
***********************************************************************************
D000080000010F9AF880A00813440000
***********************************************************************************
Member-4-Generation-44
S11     S22     S12

MaxStressData =

  526.3000   22.0700   14.4000
  451.2000   18.3700   15.4400
  539.1000   22.1000   19.1400
  459.9000   18.2800   20.7800

S11     S22     S12

MinStressData =

 -155.5000   -6.6710  -14.4000
 -446.3000  -18.0200  -15.5700
 -112.7000    2.3930  -18.3600
 -459.7000  -14.8100  -21.1100

***********************************************************************************
G44ID000080000010F9AF880A01813400000
***********************************************************************************
************************FAILURE LIMITS*********************************************
Failure(STR) S11 max= 2320 ----  Allowed S11 Max (Tensile)    = 1160 ------> Model S11 Max (Tensile)    = 539.1 ------>>  [  OK  ]      max value from loadcase=  3 >>> Effort = 0.23237 <<<<
Failure(STR) S11 min= -981 ----  Allowed S11 Min (Compressive)= -490.5 ------> Model S11 Min (Compressive)= -459.7 ------>>   [  OK  ]     min value from loadcase=  4 >>> Effort = 0.4686 <<<<
Failure(STR) S22 max= 49 ----  Allowed S22 Max (Tensile)    = 24.5 ------> Model S22 Max (Tensile)    = 22.1 ------>>   [  OK  ]     max value from loadcase=  3 >>> Effort = 0.45102 <<<<
Failure(STR) S22 min= -160 ----  Allowed S22 Min (Compressive)= -80 ------> Model S22 Min (Compressive)= -18.02 ------>>   [  OK  ]     min value from loadcase=  2 >>> Effort = 0.11263 <<<<
Failure(STR) S12 max= 67 ----  Allowed S12 Max (Tensile)    = 33.5 ------> Model S12 Max (Tensile)    = 20.78 ------>>   [  OK  ]     max value from loadcase=  4 >>> Effort = 0.31015 <<<<
Failure(STR) S12 min= -67 ----  Allowed S12 Min (Compressive)= -33.5 ------> Model S12 Min (Compressive)= -21.11 ------>>   [  OK  ]     min value from loadcase=  4 >>> Effort = 0.31507 <<<<
*********************************************************************
************************MEMBER OUTPUT*********************************************
eigenPerformanceError=1.3604
materialRelativeDifferenceError=2.0123
s11Error= 5.1004e-08
s22Error= 1.1786e-15
s12Error= 1.0737e-74
objectiveVal= 2.429
*********************************************************************
Load case 1 effort:     S11        S22       S12 
   tensile:           0.22685     0.45041     0.21493
   compressive:       0.15851    0.041694     0.21493
Load case 2 effort:     S11        S22       S12 
   tensile:           0.19448      0.3749     0.23045
   compressive:       0.45494     0.11263     0.23239
Load case 3 effort:     S11        S22       S12 
   tensile:           0.23237     0.45102     0.28567
   compressive:       0.11488    0.048837     0.27403
Load case 4 effort:     S11        S22       S12 
   tensile:           0.19823     0.37306     0.31015
   compressive:       0.4686    0.092563     0.31507
***********************************************************************************
D000080000010F9AF880A01813400000
***********************************************************************************
Member-5-Generation-44
S11     S22     S12

MaxStressData =

  526.3000   22.0700   14.4000
  451.7000   18.4000   15.4600
  542.7000   22.2500   19.2600
  459.9000   18.2900   20.7800

S11     S22     S12

MinStressData =

 -155.3000   -6.6650  -14.4000
 -448.3000  -18.1000  -15.6400
 -113.5000    2.3900  -18.3300
 -459.7000  -14.8100  -21.1100

***********************************************************************************
G44ID000080000010F9AF880A14813440000
***********************************************************************************
************************FAILURE LIMITS*********************************************
Failure(STR) S11 max= 2320 ----  Allowed S11 Max (Tensile)    = 1160 ------> Model S11 Max (Tensile)    = 542.7 ------>>  [  OK  ]      max value from loadcase=  3 >>> Effort = 0.23392 <<<<
Failure(STR) S11 min= -981 ----  Allowed S11 Min (Compressive)= -490.5 ------> Model S11 Min (Compressive)= -459.7 ------>>   [  OK  ]     min value from loadcase=  4 >>> Effort = 0.4686 <<<<
Failure(STR) S22 max= 49 ----  Allowed S22 Max (Tensile)    = 24.5 ------> Model S22 Max (Tensile)    = 22.25 ------>>   [  OK  ]     max value from loadcase=  3 >>> Effort = 0.45408 <<<<
Failure(STR) S22 min= -160 ----  Allowed S22 Min (Compressive)= -80 ------> Model S22 Min (Compressive)= -18.1 ------>>   [  OK  ]     min value from loadcase=  2 >>> Effort = 0.11313 <<<<
Failure(STR) S12 max= 67 ----  Allowed S12 Max (Tensile)    = 33.5 ------> Model S12 Max (Tensile)    = 20.78 ------>>   [  OK  ]     max value from loadcase=  4 >>> Effort = 0.31015 <<<<
Failure(STR) S12 min= -67 ----  Allowed S12 Min (Compressive)= -33.5 ------> Model S12 Min (Compressive)= -21.11 ------>>   [  OK  ]     min value from loadcase=  4 >>> Effort = 0.31507 <<<<
*********************************************************************
************************MEMBER OUTPUT*********************************************
eigenPerformanceError=1.3995
materialRelativeDifferenceError=0
s11Error= 5.1004e-08
s22Error= 2.5168e-14
s12Error= 1.0737e-74
objectiveVal= 1.3995
*********************************************************************
Load case 1 effort:     S11        S22       S12 
   tensile:           0.22685     0.45041     0.21493
   compressive:       0.15831    0.041656     0.21493
Load case 2 effort:     S11        S22       S12 
   tensile:           0.1947     0.37551     0.23075
   compressive:       0.45698     0.11313     0.23343
Load case 3 effort:     S11        S22       S12 
   tensile:           0.23392     0.45408     0.28746
   compressive:       0.1157    0.048776     0.27358
Load case 4 effort:     S11        S22       S12 
   tensile:           0.19823     0.37327     0.31015
   compressive:       0.4686    0.092563     0.31507
***********************************************************************************
D000080000010F9AF880A14813440000
***********************************************************************************
Member-6-Generation-44
S11     S22     S12

MaxStressData =

  526.3000   22.0700   14.4000
  451.7000   18.4000   15.4600
  542.7000   22.2500   19.2600
  459.9000   18.2900   20.7800

S11     S22     S12

MinStressData =

 -155.3000   -6.6650  -14.4000
 -448.3000  -18.1000  -15.6400
 -113.5000    2.3900  -18.3300
 -459.7000  -14.8100  -21.1100

***********************************************************************************
G44ID000080000010F9AF880A80013440000
***********************************************************************************
************************FAILURE LIMITS*********************************************
Failure(STR) S11 max= 2320 ----  Allowed S11 Max (Tensile)    = 1160 ------> Model S11 Max (Tensile)    = 542.7 ------>>  [  OK  ]      max value from loadcase=  3 >>> Effort = 0.23392 <<<<
Failure(STR) S11 min= -981 ----  Allowed S11 Min (Compressive)= -490.5 ------> Model S11 Min (Compressive)= -459.7 ------>>   [  OK  ]     min value from loadcase=  4 >>> Effort = 0.4686 <<<<
Failure(STR) S22 max= 49 ----  Allowed S22 Max (Tensile)    = 24.5 ------> Model S22 Max (Tensile)    = 22.25 ------>>   [  OK  ]     max value from loadcase=  3 >>> Effort = 0.45408 <<<<
Failure(STR) S22 min= -160 ----  Allowed S22 Min (Compressive)= -80 ------> Model S22 Min (Compressive)= -18.1 ------>>   [  OK  ]     min value from loadcase=  2 >>> Effort = 0.11313 <<<<
Failure(STR) S12 max= 67 ----  Allowed S12 Max (Tensile)    = 33.5 ------> Model S12 Max (Tensile)    = 20.78 ------>>   [  OK  ]     max value from loadcase=  4 >>> Effort = 0.31015 <<<<
Failure(STR) S12 min= -67 ----  Allowed S12 Min (Compressive)= -33.5 ------> Model S12 Min (Compressive)= -21.11 ------>>   [  OK  ]     min value from loadcase=  4 >>> Effort = 0.31507 <<<<
*********************************************************************
************************MEMBER OUTPUT*********************************************
eigenPerformanceError=1.3705
materialRelativeDifferenceError=1.6809
s11Error= 5.1004e-08
s22Error= 2.5168e-14
s12Error= 1.0737e-74
objectiveVal= 2.1688
*********************************************************************
Load case 1 effort:     S11        S22       S12 
   tensile:           0.22685     0.45041     0.21493
   compressive:       0.15831    0.041656     0.21493
Load case 2 effort:     S11        S22       S12 
   tensile:           0.1947     0.37551     0.23075
   compressive:       0.45698     0.11313     0.23343
Load case 3 effort:     S11        S22       S12 
   tensile:           0.23392     0.45408     0.28746
   compressive:       0.1157    0.048776     0.27358
Load case 4 effort:     S11        S22       S12 
   tensile:           0.19823     0.37327     0.31015
   compressive:       0.4686    0.092563     0.31507
***********************************************************************************
D000080000010F9AF880A80013440000
***********************************************************************************
Member-7-Generation-44
S11     S22     S12

MaxStressData =

  526.3000   22.0600   14.4000
  451.7000   18.4000   15.4600
  542.7000   22.2500   19.2400
  460.1000   18.2900   20.7900

S11     S22     S12

MinStressData =

 -155.3000   -6.6650  -14.4000
 -448.1000  -18.0900  -15.6600
 -113.2000    2.3900  -18.3500
 -459.7000  -14.8000  -21.1100

***********************************************************************************
G44ID00028000001079A7880A90813440000
***********************************************************************************
************************FAILURE LIMITS*********************************************
Failure(STR) S11 max= 2320 ----  Allowed S11 Max (Tensile)    = 1160 ------> Model S11 Max (Tensile)    = 542.7 ------>>  [  OK  ]      max value from loadcase=  3 >>> Effort = 0.23392 <<<<
Failure(STR) S11 min= -981 ----  Allowed S11 Min (Compressive)= -490.5 ------> Model S11 Min (Compressive)= -459.7 ------>>   [  OK  ]     min value from loadcase=  4 >>> Effort = 0.4686 <<<<
Failure(STR) S22 max= 49 ----  Allowed S22 Max (Tensile)    = 24.5 ------> Model S22 Max (Tensile)    = 22.25 ------>>   [  OK  ]     max value from loadcase=  3 >>> Effort = 0.45408 <<<<
Failure(STR) S22 min= -160 ----  Allowed S22 Min (Compressive)= -80 ------> Model S22 Min (Compressive)= -18.09 ------>>   [  OK  ]     min value from loadcase=  2 >>> Effort = 0.11306 <<<<
Failure(STR) S12 max= 67 ----  Allowed S12 Max (Tensile)    = 33.5 ------> Model S12 Max (Tensile)    = 20.79 ------>>   [  OK  ]     max value from loadcase=  4 >>> Effort = 0.3103 <<<<
Failure(STR) S12 min= -67 ----  Allowed S12 Min (Compressive)= -33.5 ------> Model S12 Min (Compressive)= -21.11 ------>>   [  OK  ]     min value from loadcase=  4 >>> Effort = 0.31507 <<<<
*********************************************************************
************************MEMBER OUTPUT*********************************************
eigenPerformanceError=1.534
materialRelativeDifferenceError=2.7936
s11Error= 5.1004e-08
s22Error= 2.5168e-14
s12Error= 1.0737e-74
objectiveVal= 3.187
*********************************************************************
Load case 1 effort:     S11        S22       S12 
   tensile:           0.22685      0.4502     0.21493
   compressive:       0.15831    0.041656     0.21493
Load case 2 effort:     S11        S22       S12 
   tensile:           0.1947     0.37551     0.23075
   compressive:       0.45678     0.11306     0.23373
Load case 3 effort:     S11        S22       S12 
   tensile:           0.23392     0.45408     0.28716
   compressive:       0.11539    0.048776     0.27388
Load case 4 effort:     S11        S22       S12 
   tensile:           0.19832     0.37327      0.3103
   compressive:       0.4686      0.0925     0.31507
***********************************************************************************
D00028000001079A7880A90813440000
***********************************************************************************
Member-8-Generation-44
S11     S22     S12

MaxStressData =

  526.3000   22.0600   14.4000
  451.7000   18.4000   15.4600
  542.7000   22.2500   19.2400
  460.1000   18.2100   20.7900

S11     S22     S12

MinStressData =

 -155.3000   -6.6650  -14.4000
 -448.1000  -18.0900  -15.6600
 -113.2000    2.3900  -18.3500
 -458.7000  -14.8000  -21.1100

***********************************************************************************
G44ID0002800000107DA7880210013440000
***********************************************************************************
************************FAILURE LIMITS*********************************************
Failure(STR) S11 max= 2320 ----  Allowed S11 Max (Tensile)    = 1160 ------> Model S11 Max (Tensile)    = 542.7 ------>>  [  OK  ]      max value from loadcase=  3 >>> Effort = 0.23392 <<<<
Failure(STR) S11 min= -981 ----  Allowed S11 Min (Compressive)= -490.5 ------> Model S11 Min (Compressive)= -458.7 ------>>   [  OK  ]     min value from loadcase=  4 >>> Effort = 0.46758 <<<<
Failure(STR) S22 max= 49 ----  Allowed S22 Max (Tensile)    = 24.5 ------> Model S22 Max (Tensile)    = 22.25 ------>>   [  OK  ]     max value from loadcase=  3 >>> Effort = 0.45408 <<<<
Failure(STR) S22 min= -160 ----  Allowed S22 Min (Compressive)= -80 ------> Model S22 Min (Compressive)= -18.09 ------>>   [  OK  ]     min value from loadcase=  2 >>> Effort = 0.11306 <<<<
Failure(STR) S12 max= 67 ----  Allowed S12 Max (Tensile)    = 33.5 ------> Model S12 Max (Tensile)    = 20.79 ------>>   [  OK  ]     max value from loadcase=  4 >>> Effort = 0.3103 <<<<
Failure(STR) S12 min= -67 ----  Allowed S12 Min (Compressive)= -33.5 ------> Model S12 Min (Compressive)= -21.11 ------>>   [  OK  ]     min value from loadcase=  4 >>> Effort = 0.31507 <<<<
*********************************************************************
************************MEMBER OUTPUT*********************************************
eigenPerformanceError=1.5489
materialRelativeDifferenceError=1.2311
s11Error= 1.8403e-08
s22Error= 2.5168e-14
s12Error= 1.0737e-74
objectiveVal= 1.9785
*********************************************************************
Load case 1 effort:     S11        S22       S12 
   tensile:           0.22685      0.4502     0.21493
   compressive:       0.15831    0.041656     0.21493
Load case 2 effort:     S11        S22       S12 
   tensile:           0.1947     0.37551     0.23075
   compressive:       0.45678     0.11306     0.23373
Load case 3 effort:     S11        S22       S12 
   tensile:           0.23392     0.45408     0.28716
   compressive:       0.11539    0.048776     0.27388
Load case 4 effort:     S11        S22       S12 
   tensile:           0.19832     0.37163      0.3103
   compressive:       0.46758      0.0925     0.31507
***********************************************************************************
D0002800000107DA7880210013440000
***********************************************************************************
Member-9-Generation-44
S11     S22     S12

MaxStressData =

  526.3000   22.0600   14.4000
  451.8000   18.4000   15.4600
  542.7000   22.2500   19.2600
  460.1000   18.2900   20.9500

S11     S22     S12

MinStressData =

 -155.3000   -6.6640  -14.4000
 -448.4000  -18.1000  -15.6500
 -113.5000    2.3890  -18.3400
 -459.7000  -14.8000  -21.0500

***********************************************************************************
G44ID000280000010F9AF888A80013440000
***********************************************************************************
************************FAILURE LIMITS*********************************************
Failure(STR) S11 max= 2320 ----  Allowed S11 Max (Tensile)    = 1160 ------> Model S11 Max (Tensile)    = 542.7 ------>>  [  OK  ]      max value from loadcase=  3 >>> Effort = 0.23392 <<<<
Failure(STR) S11 min= -981 ----  Allowed S11 Min (Compressive)= -490.5 ------> Model S11 Min (Compressive)= -459.7 ------>>   [  OK  ]     min value from loadcase=  4 >>> Effort = 0.4686 <<<<
Failure(STR) S22 max= 49 ----  Allowed S22 Max (Tensile)    = 24.5 ------> Model S22 Max (Tensile)    = 22.25 ------>>   [  OK  ]     max value from loadcase=  3 >>> Effort = 0.45408 <<<<
Failure(STR) S22 min= -160 ----  Allowed S22 Min (Compressive)= -80 ------> Model S22 Min (Compressive)= -18.1 ------>>   [  OK  ]     min value from loadcase=  2 >>> Effort = 0.11313 <<<<
Failure(STR) S12 max= 67 ----  Allowed S12 Max (Tensile)    = 33.5 ------> Model S12 Max (Tensile)    = 20.95 ------>>   [  OK  ]     max value from loadcase=  4 >>> Effort = 0.31269 <<<<
Failure(STR) S12 min= -67 ----  Allowed S12 Min (Compressive)= -33.5 ------> Model S12 Min (Compressive)= -21.05 ------>>   [  OK  ]     min value from loadcase=  4 >>> Effort = 0.31418 <<<<
*********************************************************************
************************MEMBER OUTPUT*********************************************
eigenPerformanceError=1.6762
materialRelativeDifferenceError=0
s11Error= 5.1004e-08
s22Error= 2.5168e-14
s12Error= 4.3849e-75
objectiveVal= 1.6762
*********************************************************************
Load case 1 effort:     S11        S22       S12 
   tensile:           0.22685      0.4502     0.21493
   compressive:       0.15831     0.04165     0.21493
Load case 2 effort:     S11        S22       S12 
   tensile:           0.19474     0.37551     0.23075
   compressive:       0.45708     0.11313     0.23358
Load case 3 effort:     S11        S22       S12 
   tensile:           0.23392     0.45408     0.28746
   compressive:       0.1157    0.048755     0.27373
Load case 4 effort:     S11        S22       S12 
   tensile:           0.19832     0.37327     0.31269
   compressive:       0.4686      0.0925     0.31418
***********************************************************************************
D000280000010F9AF888A80013440000
***********************************************************************************
Member-10-Generation-44
S11     S22     S12

MaxStressData =

  526.3000   22.0700   14.4000
  451.7000   18.4000   15.4600
  547.5000   22.5400   19.2600
  462.3000   19.7300   20.8400

S11     S22     S12

MinStressData =

 -155.3000   -6.6650  -14.4000
 -448.3000  -18.1000  -15.6400
 -113.5000    2.3850  -18.4500
 -470.4000  -14.8300  -21.1100

***********************************************************************************
G44ID008080200010F9AF880A04813440000
***********************************************************************************
************************FAILURE LIMITS*********************************************
Failure(STR) S11 max= 2320 ----  Allowed S11 Max (Tensile)    = 1160 ------> Model S11 Max (Tensile)    = 547.5 ------>>  [  OK  ]      max value from loadcase=  3 >>> Effort = 0.23599 <<<<
Failure(STR) S11 min= -981 ----  Allowed S11 Min (Compressive)= -490.5 ------> Model S11 Min (Compressive)= -470.4 ------>>   [  OK  ]     min value from loadcase=  4 >>> Effort = 0.47951 <<<<
Failure(STR) S22 max= 49 ----  Allowed S22 Max (Tensile)    = 24.5 ------> Model S22 Max (Tensile)    = 22.54 ------>>   [  OK  ]     max value from loadcase=  3 >>> Effort = 0.46 <<<<
Failure(STR) S22 min= -160 ----  Allowed S22 Min (Compressive)= -80 ------> Model S22 Min (Compressive)= -18.1 ------>>   [  OK  ]     min value from loadcase=  2 >>> Effort = 0.11313 <<<<
Failure(STR) S12 max= 67 ----  Allowed S12 Max (Tensile)    = 33.5 ------> Model S12 Max (Tensile)    = 20.84 ------>>   [  OK  ]     max value from loadcase=  4 >>> Effort = 0.31104 <<<<
Failure(STR) S12 min= -67 ----  Allowed S12 Min (Compressive)= -33.5 ------> Model S12 Min (Compressive)= -21.11 ------>>   [  OK  ]     min value from loadcase=  4 >>> Effort = 0.31507 <<<<
*********************************************************************
************************MEMBER OUTPUT*********************************************
eigenPerformanceError=1.6121
materialRelativeDifferenceError=0
s11Error= 0.0027832
s22Error= 9.3576e-12
s12Error= 1.0737e-74
objectiveVal= 1.6121
*********************************************************************
Load case 1 effort:     S11        S22       S12 
   tensile:           0.22685     0.45041     0.21493
   compressive:       0.15831    0.041656     0.21493
Load case 2 effort:     S11        S22       S12 
   tensile:           0.1947     0.37551     0.23075
   compressive:       0.45698     0.11313     0.23343
Load case 3 effort:     S11        S22       S12 
   tensile:           0.23599        0.46     0.28746
   compressive:       0.1157    0.048673     0.27537
Load case 4 effort:     S11        S22       S12 
   tensile:           0.19927     0.40265     0.31104
   compressive:       0.47951    0.092688     0.31507
***********************************************************************************
D008080200010F9AF880A04813440000
***********************************************************************************
Member-11-Generation-44
S11     S22     S12

MaxStressData =

  557.0000   23.4700   15.2100
  454.8000   18.5200   15.6100
  556.4000   22.6100   19.5400
  474.9000   17.9600   22.4000

S11     S22     S12

MinStressData =

 -156.9000   -6.7540  -15.2500
 -453.5000  -18.3100  -15.8900
 -115.1000    2.3850  -18.8300
 -482.7000  -15.4600  -23.2300

***********************************************************************************
G44ID06BCC8D5389082890442F613AB43CD3
***********************************************************************************
************************FAILURE LIMITS*********************************************
Failure(STR) S11 max= 2320 ----  Allowed S11 Max (Tensile)    = 1160 ------> Model S11 Max (Tensile)    = 557 ------>>  [  OK  ]      max value from loadcase=  1 >>> Effort = 0.24009 <<<<
Failure(STR) S11 min= -981 ----  Allowed S11 Min (Compressive)= -490.5 ------> Model S11 Min (Compressive)= -482.7 ------>>   [  OK  ]     min value from loadcase=  4 >>> Effort = 0.49205 <<<<
Failure(STR) S22 max= 49 ----  Allowed S22 Max (Tensile)    = 24.5 ------> Model S22 Max (Tensile)    = 23.47 ------>>   [  OK  ]     max value from loadcase=  1 >>> Effort = 0.47898 <<<<
Failure(STR) S22 min= -160 ----  Allowed S22 Min (Compressive)= -80 ------> Model S22 Min (Compressive)= -18.31 ------>>   [  OK  ]     min value from loadcase=  2 >>> Effort = 0.11444 <<<<
Failure(STR) S12 max= 67 ----  Allowed S12 Max (Tensile)    = 33.5 ------> Model S12 Max (Tensile)    = 22.4 ------>>   [  OK  ]     max value from loadcase=  4 >>> Effort = 0.33433 <<<<
Failure(STR) S12 min= -67 ----  Allowed S12 Min (Compressive)= -33.5 ------> Model S12 Min (Compressive)= -23.23 ------>>   [  OK  ]     min value from loadcase=  4 >>> Effort = 0.34672 <<<<
*********************************************************************
************************MEMBER OUTPUT*********************************************
eigenPerformanceError=5.948
materialRelativeDifferenceError=0
s11Error= 88.5839
s22Error= 0.0016364
s12Error= 5.9256e-61
objectiveVal= 88.7834
*********************************************************************
Load case 1 effort:     S11        S22       S12 
   tensile:           0.24009     0.47898     0.22701
   compressive:       0.15994    0.042213     0.22761
Load case 2 effort:     S11        S22       S12 
   tensile:           0.19603     0.37796     0.23299
   compressive:       0.46228     0.11444     0.23716
Load case 3 effort:     S11        S22       S12 
   tensile:           0.23983     0.46143     0.29164
   compressive:       0.11733    0.048673     0.28104
Load case 4 effort:     S11        S22       S12 
   tensile:           0.2047     0.36653     0.33433
   compressive:       0.49205    0.096625     0.34672
***********************************************************************************
D06BCC8D5389082890442F613AB43CD3
***********************************************************************************
Member-12-Generation-44
S11     S22     S12

MaxStressData =

  577.5000   24.1900   14.8000
  460.0000   18.7500   15.6300
  558.0000   22.8600   19.6200
  486.5000   20.2000   22.8200

S11     S22     S12

MinStressData =

 -157.7000   -6.8600  -13.9400
 -449.8000  -18.1600  -15.7500
 -116.8000    2.3710  -18.8700
 -482.4000  -16.2800  -23.1300

***********************************************************************************
G44ID108327F0019E226034C04A2F3C1814F
***********************************************************************************
************************FAILURE LIMITS*********************************************
Failure(STR) S11 max= 2320 ----  Allowed S11 Max (Tensile)    = 1160 ------> Model S11 Max (Tensile)    = 577.5 ------>>  [  OK  ]      max value from loadcase=  1 >>> Effort = 0.24892 <<<<
Failure(STR) S11 min= -981 ----  Allowed S11 Min (Compressive)= -490.5 ------> Model S11 Min (Compressive)= -482.4 ------>>   [  OK  ]     min value from loadcase=  4 >>> Effort = 0.49174 <<<<
Failure(STR) S22 max= 49 ----  Allowed S22 Max (Tensile)    = 24.5 ------> Model S22 Max (Tensile)    = 24.19 ------>>   [  OK  ]     max value from loadcase=  1 >>> Effort = 0.49367 <<<<
Failure(STR) S22 min= -160 ----  Allowed S22 Min (Compressive)= -80 ------> Model S22 Min (Compressive)= -18.16 ------>>   [  OK  ]     min value from loadcase=  2 >>> Effort = 0.1135 <<<<
Failure(STR) S12 max= 67 ----  Allowed S12 Max (Tensile)    = 33.5 ------> Model S12 Max (Tensile)    = 22.82 ------>>   [  OK  ]     max value from loadcase=  4 >>> Effort = 0.3406 <<<<
Failure(STR) S12 min= -67 ----  Allowed S12 Min (Compressive)= -33.5 ------> Model S12 Min (Compressive)= -23.13 ------>>   [  OK  ]     min value from loadcase=  4 >>> Effort = 0.34522 <<<<
*********************************************************************
************************MEMBER OUTPUT*********************************************
eigenPerformanceError=5.962
materialRelativeDifferenceError=0
s11Error= 85.1083
s22Error= 97.524
s12Error= 1.3321e-61
objectiveVal= 129.5759
*********************************************************************
Load case 1 effort:     S11        S22       S12 
   tensile:           0.24892     0.49367      0.2209
   compressive:       0.16075    0.042875     0.20806
Load case 2 effort:     S11        S22       S12 
   tensile:           0.19828     0.38265     0.23328
   compressive:       0.45851      0.1135     0.23507
Load case 3 effort:     S11        S22       S12 
   tensile:           0.24052     0.46653     0.29284
   compressive:       0.11906    0.048388     0.28164
Load case 4 effort:     S11        S22       S12 
   tensile:           0.2097     0.41224      0.3406
   compressive:       0.49174     0.10175     0.34522
***********************************************************************************
D108327F0019E226034C04A2F3C1814F
***********************************************************************************
Member-13-Generation-44
S11     S22     S12

MaxStressData =

  567.7000   23.7500   15.2900
  454.3000   18.5200   15.4400
  546.8000   22.2000   19.3100
  488.8000   19.1200   22.4500

S11     S22     S12

MinStressData =

 -157.1000   -6.8110  -15.4700
 -450.4000  -18.1900  -15.6800
 -114.4000    2.3780  -18.6500
 -480.0000  -15.9900  -23.0800

***********************************************************************************
G44ID1DB3E480316D912CC600101FE8805D0
***********************************************************************************
************************FAILURE LIMITS*********************************************
Failure(STR) S11 max= 2320 ----  Allowed S11 Max (Tensile)    = 1160 ------> Model S11 Max (Tensile)    = 567.7 ------>>  [  OK  ]      max value from loadcase=  1 >>> Effort = 0.2447 <<<<
Failure(STR) S11 min= -981 ----  Allowed S11 Min (Compressive)= -490.5 ------> Model S11 Min (Compressive)= -480 ------>>   [  OK  ]     min value from loadcase=  4 >>> Effort = 0.4893 <<<<
Failure(STR) S22 max= 49 ----  Allowed S22 Max (Tensile)    = 24.5 ------> Model S22 Max (Tensile)    = 23.75 ------>>   [  OK  ]     max value from loadcase=  1 >>> Effort = 0.48469 <<<<
Failure(STR) S22 min= -160 ----  Allowed S22 Min (Compressive)= -80 ------> Model S22 Min (Compressive)= -18.19 ------>>   [  OK  ]     min value from loadcase=  2 >>> Effort = 0.11369 <<<<
Failure(STR) S12 max= 67 ----  Allowed S12 Max (Tensile)    = 33.5 ------> Model S12 Max (Tensile)    = 22.45 ------>>   [  OK  ]     max value from loadcase=  4 >>> Effort = 0.33507 <<<<
Failure(STR) S12 min= -67 ----  Allowed S12 Min (Compressive)= -33.5 ------> Model S12 Min (Compressive)= -23.08 ------>>   [  OK  ]     min value from loadcase=  4 >>> Effort = 0.34448 <<<<
*********************************************************************
************************MEMBER OUTPUT*********************************************
eigenPerformanceError=7.1092
materialRelativeDifferenceError=0
s11Error= 33.1067
s22Error= 0.49366
s12Error= 6.3158e-62
objectiveVal= 33.865
*********************************************************************
Load case 1 effort:     S11        S22       S12 
   tensile:           0.2447     0.48469     0.22821
   compressive:       0.16014    0.042569      0.2309
Load case 2 effort:     S11        S22       S12 
   tensile:           0.19582     0.37796     0.23045
   compressive:       0.45912     0.11369     0.23403
Load case 3 effort:     S11        S22       S12 
   tensile:           0.23569     0.45306     0.28821
   compressive:       0.11662    0.048531     0.27836
Load case 4 effort:     S11        S22       S12 
   tensile:           0.21069      0.3902     0.33507
   compressive:       0.4893    0.099937     0.34448
***********************************************************************************
D1DB3E480316D912CC600101FE8805D0
***********************************************************************************
Member-14-Generation-44
S11     S22     S12

MaxStressData =

  579.2000   24.2200   15.3500
  459.8000   18.7400   15.6900
  549.7000   22.5900   19.5500
  475.7000   20.2000   22.3600

S11     S22     S12

MinStressData =

 -158.0000   -6.8110  -13.9500
 -454.4000  -18.3400  -15.9200
 -115.6000    2.4190  -18.6000
 -477.6000  -15.7000  -22.9700

***********************************************************************************
G44ID2EB4AB4585CE8180800FA70CE8B1ECC
***********************************************************************************
************************FAILURE LIMITS*********************************************
Failure(STR) S11 max= 2320 ----  Allowed S11 Max (Tensile)    = 1160 ------> Model S11 Max (Tensile)    = 579.2 ------>>  [  OK  ]      max value from loadcase=  1 >>> Effort = 0.24966 <<<<
Failure(STR) S11 min= -981 ----  Allowed S11 Min (Compressive)= -490.5 ------> Model S11 Min (Compressive)= -477.6 ------>>   [  OK  ]     min value from loadcase=  4 >>> Effort = 0.48685 <<<<
Failure(STR) S22 max= 49 ----  Allowed S22 Max (Tensile)    = 24.5 ------> Model S22 Max (Tensile)    = 24.22 ------>>   [  OK  ]     max value from loadcase=  1 >>> Effort = 0.49429 <<<<
Failure(STR) S22 min= -160 ----  Allowed S22 Min (Compressive)= -80 ------> Model S22 Min (Compressive)= -18.34 ------>>   [  OK  ]     min value from loadcase=  2 >>> Effort = 0.11463 <<<<
Failure(STR) S12 max= 67 ----  Allowed S12 Max (Tensile)    = 33.5 ------> Model S12 Max (Tensile)    = 22.36 ------>>   [  OK  ]     max value from loadcase=  4 >>> Effort = 0.33373 <<<<
Failure(STR) S12 min= -67 ----  Allowed S12 Min (Compressive)= -33.5 ------> Model S12 Min (Compressive)= -22.97 ------>>   [  OK  ]     min value from loadcase=  4 >>> Effort = 0.34284 <<<<
*********************************************************************
************************MEMBER OUTPUT*********************************************
eigenPerformanceError=6.4745
materialRelativeDifferenceError=0
s11Error= 4.1097
s22Error= 98.6423
s12Error= 1.223e-62
objectiveVal= 98.94
*********************************************************************
Load case 1 effort:     S11        S22       S12 
   tensile:           0.24966     0.49429      0.2291
   compressive:       0.16106    0.042569     0.20821
Load case 2 effort:     S11        S22       S12 
   tensile:           0.19819     0.38245     0.23418
   compressive:       0.4632     0.11463     0.23761
Load case 3 effort:     S11        S22       S12 
   tensile:           0.23694     0.46102     0.29179
   compressive:       0.11784    0.049367     0.27761
Load case 4 effort:     S11        S22       S12 
   tensile:           0.20504     0.41224     0.33373
   compressive:       0.48685    0.098125     0.34284
***********************************************************************************
D2EB4AB4585CE8180800FA70CE8B1ECC
***********************************************************************************
Member-15-Generation-44
S11     S22     S12

MaxStressData =

  564.1000   23.5700   15.0200
  455.0000   18.5400   15.5900
  548.9000   22.5800   19.8300
  475.5000   19.1100   22.5400

S11     S22     S12

MinStressData =

 -156.4000   -6.8200  -14.1300
 -453.1000  -18.3000  -15.7700
 -116.9000    2.4020  -18.6800
 -487.6000  -15.5500  -23.0500

***********************************************************************************
G44ID3A204247DDC7908A96073E4C99A2618
***********************************************************************************
************************FAILURE LIMITS*********************************************
Failure(STR) S11 max= 2320 ----  Allowed S11 Max (Tensile)    = 1160 ------> Model S11 Max (Tensile)    = 564.1 ------>>  [  OK  ]      max value from loadcase=  1 >>> Effort = 0.24315 <<<<
Failure(STR) S11 min= -981 ----  Allowed S11 Min (Compressive)= -490.5 ------> Model S11 Min (Compressive)= -487.6 ------>>   [  OK  ]     min value from loadcase=  4 >>> Effort = 0.49704 <<<<
Failure(STR) S22 max= 49 ----  Allowed S22 Max (Tensile)    = 24.5 ------> Model S22 Max (Tensile)    = 23.57 ------>>   [  OK  ]     max value from loadcase=  1 >>> Effort = 0.48102 <<<<
Failure(STR) S22 min= -160 ----  Allowed S22 Min (Compressive)= -80 ------> Model S22 Min (Compressive)= -18.3 ------>>   [  OK  ]     min value from loadcase=  2 >>> Effort = 0.11438 <<<<
Failure(STR) S12 max= 67 ----  Allowed S12 Max (Tensile)    = 33.5 ------> Model S12 Max (Tensile)    = 22.54 ------>>   [  OK  ]     max value from loadcase=  4 >>> Effort = 0.33642 <<<<
Failure(STR) S12 min= -67 ----  Allowed S12 Min (Compressive)= -33.5 ------> Model S12 Min (Compressive)= -23.05 ------>>   [  OK  ]     min value from loadcase=  4 >>> Effort = 0.34403 <<<<
*********************************************************************
************************MEMBER OUTPUT*********************************************
eigenPerformanceError=5.1727
materialRelativeDifferenceError=0
s11Error= 99.9128
s22Error= 0.012594
s12Error= 4.0362e-62
objectiveVal= 100.0466
*********************************************************************
Load case 1 effort:     S11        S22       S12 
   tensile:           0.24315     0.48102     0.22418
   compressive:       0.15943    0.042625      0.2109
Load case 2 effort:     S11        S22       S12 
   tensile:           0.19612     0.37837     0.23269
   compressive:       0.46188     0.11438     0.23537
Load case 3 effort:     S11        S22       S12 
   tensile:           0.23659     0.46082     0.29597
   compressive:       0.11916     0.04902     0.27881
Load case 4 effort:     S11        S22       S12 
   tensile:           0.20496        0.39     0.33642
   compressive:       0.49704    0.097188     0.34403
***********************************************************************************
D3A204247DDC7908A96073E4C99A2618
***********************************************************************************

*****	GENERATION #44 simulation complete	***********
GEN: 44 | Obj: 1.383238 | RCYCLE: 29.943182 %
