Member-1-Generation-24
S11     S22     S12

MaxStressData =

  526.3000   22.0600   14.4000
  451.8000   18.4000   15.4600
  542.6000   22.2400   19.2300
  460.6000   18.2100   20.9500

S11     S22     S12

MinStressData =

 -155.3000   -6.6630  -14.4000
 -448.2000  -18.1000  -15.6600
 -113.2000    2.3890  -18.3600
 -459.9000  -14.8100  -21.0600

***********************************************************************************
G24ID00028000001079A3388210813440000
***********************************************************************************
************************FAILURE LIMITS*********************************************
Failure(STR) S11 max= 2320 ----  Allowed S11 Max (Tensile)    = 1160 ------> Model S11 Max (Tensile)    = 542.6 ------>>  [  OK  ]      max value from loadcase=  3 >>> Effort = 0.23388 <<<<
Failure(STR) S11 min= -981 ----  Allowed S11 Min (Compressive)= -490.5 ------> Model S11 Min (Compressive)= -459.9 ------>>   [  OK  ]     min value from loadcase=  4 >>> Effort = 0.46881 <<<<
Failure(STR) S22 max= 49 ----  Allowed S22 Max (Tensile)    = 24.5 ------> Model S22 Max (Tensile)    = 22.24 ------>>   [  OK  ]     max value from loadcase=  3 >>> Effort = 0.45388 <<<<
Failure(STR) S22 min= -160 ----  Allowed S22 Min (Compressive)= -80 ------> Model S22 Min (Compressive)= -18.1 ------>>   [  OK  ]     min value from loadcase=  2 >>> Effort = 0.11313 <<<<
Failure(STR) S12 max= 67 ----  Allowed S12 Max (Tensile)    = 33.5 ------> Model S12 Max (Tensile)    = 20.95 ------>>   [  OK  ]     max value from loadcase=  4 >>> Effort = 0.31269 <<<<
Failure(STR) S12 min= -67 ----  Allowed S12 Min (Compressive)= -33.5 ------> Model S12 Min (Compressive)= -21.06 ------>>   [  OK  ]     min value from loadcase=  4 >>> Effort = 0.31433 <<<<
*********************************************************************
************************MEMBER OUTPUT*********************************************
eigenPerformanceError=1.6686
materialRelativeDifferenceError=0
s11Error= 6.2538e-08
s22Error= 2.0522e-14
s12Error= 5.0907e-75
objectiveVal= 1.6686
*********************************************************************
Load case 1 effort:     S11        S22       S12 
   tensile:           0.22685      0.4502     0.21493
   compressive:       0.15831    0.041644     0.21493
Load case 2 effort:     S11        S22       S12 
   tensile:           0.19474     0.37551     0.23075
   compressive:       0.45688     0.11313     0.23373
Load case 3 effort:     S11        S22       S12 
   tensile:           0.23388     0.45388     0.28701
   compressive:       0.11539    0.048755     0.27403
Load case 4 effort:     S11        S22       S12 
   tensile:           0.19853     0.37163     0.31269
   compressive:       0.46881    0.092563     0.31433
***********************************************************************************
D00028000001079A3388210813440000
***********************************************************************************
Member-2-Generation-24
S11     S22     S12

MaxStressData =

  528.9000   22.1600   14.6100
  453.6000   18.4700   15.5500
  542.0000   22.2200   19.2600
  460.4000   18.2900   20.7700

S11     S22     S12

MinStressData =

 -156.0000   -6.6930  -14.6200
 -448.6000  -18.1100  -15.6800
 -113.0000    2.4040  -18.4400
 -460.1000  -14.7900  -21.1100

***********************************************************************************
G24ID00028000001079A7981A10813450000
***********************************************************************************
************************FAILURE LIMITS*********************************************
Failure(STR) S11 max= 2320 ----  Allowed S11 Max (Tensile)    = 1160 ------> Model S11 Max (Tensile)    = 542 ------>>  [  OK  ]      max value from loadcase=  3 >>> Effort = 0.23362 <<<<
Failure(STR) S11 min= -981 ----  Allowed S11 Min (Compressive)= -490.5 ------> Model S11 Min (Compressive)= -460.1 ------>>   [  OK  ]     min value from loadcase=  4 >>> Effort = 0.46901 <<<<
Failure(STR) S22 max= 49 ----  Allowed S22 Max (Tensile)    = 24.5 ------> Model S22 Max (Tensile)    = 22.22 ------>>   [  OK  ]     max value from loadcase=  3 >>> Effort = 0.45347 <<<<
Failure(STR) S22 min= -160 ----  Allowed S22 Min (Compressive)= -80 ------> Model S22 Min (Compressive)= -18.11 ------>>   [  OK  ]     min value from loadcase=  2 >>> Effort = 0.11319 <<<<
Failure(STR) S12 max= 67 ----  Allowed S12 Max (Tensile)    = 33.5 ------> Model S12 Max (Tensile)    = 20.77 ------>>   [  OK  ]     max value from loadcase=  4 >>> Effort = 0.31 <<<<
Failure(STR) S12 min= -67 ----  Allowed S12 Min (Compressive)= -33.5 ------> Model S12 Min (Compressive)= -21.11 ------>>   [  OK  ]     min value from loadcase=  4 >>> Effort = 0.31507 <<<<
*********************************************************************
************************MEMBER OUTPUT*********************************************
eigenPerformanceError=1.7175
materialRelativeDifferenceError=0
s11Error= 7.6681e-08
s22Error= 1.3644e-14
s12Error= 1.0737e-74
objectiveVal= 1.7175
*********************************************************************
Load case 1 effort:     S11        S22       S12 
   tensile:           0.22797     0.45224     0.21806
   compressive:       0.15902    0.041831     0.21821
Load case 2 effort:     S11        S22       S12 
   tensile:           0.19552     0.37694     0.23209
   compressive:       0.45729     0.11319     0.23403
Load case 3 effort:     S11        S22       S12 
   tensile:           0.23362     0.45347     0.28746
   compressive:       0.11519    0.049061     0.27522
Load case 4 effort:     S11        S22       S12 
   tensile:           0.19845     0.37327        0.31
   compressive:       0.46901    0.092437     0.31507
***********************************************************************************
D00028000001079A7981A10813450000
***********************************************************************************
Member-3-Generation-24
S11     S22     S12

MaxStressData =

  526.3000   22.0600   14.4000
  451.8000   18.4000   15.4600
  547.5000   22.5400   19.2300
  462.6000   19.7400   20.9500

S11     S22     S12

MinStressData =

 -155.3000   -6.6630  -14.4000
 -448.2000  -18.1000  -15.6600
 -113.2000    2.3890  -18.4500
 -470.5000  -14.7900  -21.0600

***********************************************************************************
G24ID0002802000107927988A00813440000
***********************************************************************************
************************FAILURE LIMITS*********************************************
Failure(STR) S11 max= 2320 ----  Allowed S11 Max (Tensile)    = 1160 ------> Model S11 Max (Tensile)    = 547.5 ------>>  [  OK  ]      max value from loadcase=  3 >>> Effort = 0.23599 <<<<
Failure(STR) S11 min= -981 ----  Allowed S11 Min (Compressive)= -490.5 ------> Model S11 Min (Compressive)= -470.5 ------>>   [  OK  ]     min value from loadcase=  4 >>> Effort = 0.47961 <<<<
Failure(STR) S22 max= 49 ----  Allowed S22 Max (Tensile)    = 24.5 ------> Model S22 Max (Tensile)    = 22.54 ------>>   [  OK  ]     max value from loadcase=  3 >>> Effort = 0.46 <<<<
Failure(STR) S22 min= -160 ----  Allowed S22 Min (Compressive)= -80 ------> Model S22 Min (Compressive)= -18.1 ------>>   [  OK  ]     min value from loadcase=  2 >>> Effort = 0.11313 <<<<
Failure(STR) S12 max= 67 ----  Allowed S12 Max (Tensile)    = 33.5 ------> Model S12 Max (Tensile)    = 20.95 ------>>   [  OK  ]     max value from loadcase=  4 >>> Effort = 0.31269 <<<<
Failure(STR) S12 min= -67 ----  Allowed S12 Min (Compressive)= -33.5 ------> Model S12 Min (Compressive)= -21.06 ------>>   [  OK  ]     min value from loadcase=  4 >>> Effort = 0.31433 <<<<
*********************************************************************
************************MEMBER OUTPUT*********************************************
eigenPerformanceError=1.7096
materialRelativeDifferenceError=0
s11Error= 0.0030819
s22Error= 9.3576e-12
s12Error= 5.0907e-75
objectiveVal= 1.7096
*********************************************************************
Load case 1 effort:     S11        S22       S12 
   tensile:           0.22685      0.4502     0.21493
   compressive:       0.15831    0.041644     0.21493
Load case 2 effort:     S11        S22       S12 
   tensile:           0.19474     0.37551     0.23075
   compressive:       0.45688     0.11313     0.23373
Load case 3 effort:     S11        S22       S12 
   tensile:           0.23599        0.46     0.28701
   compressive:       0.11539    0.048755     0.27537
Load case 4 effort:     S11        S22       S12 
   tensile:           0.1994     0.40286     0.31269
   compressive:       0.47961    0.092437     0.31433
***********************************************************************************
D0002802000107927988A00813440000
***********************************************************************************
Member-4-Generation-24
S11     S22     S12

MaxStressData =

  528.9000   22.1600   14.6100
  453.6000   18.4700   15.5500
  546.9000   22.5100   19.2600
  462.6000   19.7400   20.7900

S11     S22     S12

MinStressData =

 -156.0000   -6.6930  -14.6200
 -448.6000  -18.1100  -15.6800
 -113.0000    2.4050  -18.4300
 -470.5000  -14.8000  -21.1100

***********************************************************************************
G24ID000280200010792F881A00813450000
***********************************************************************************
************************FAILURE LIMITS*********************************************
Failure(STR) S11 max= 2320 ----  Allowed S11 Max (Tensile)    = 1160 ------> Model S11 Max (Tensile)    = 546.9 ------>>  [  OK  ]      max value from loadcase=  3 >>> Effort = 0.23573 <<<<
Failure(STR) S11 min= -981 ----  Allowed S11 Min (Compressive)= -490.5 ------> Model S11 Min (Compressive)= -470.5 ------>>   [  OK  ]     min value from loadcase=  4 >>> Effort = 0.47961 <<<<
Failure(STR) S22 max= 49 ----  Allowed S22 Max (Tensile)    = 24.5 ------> Model S22 Max (Tensile)    = 22.51 ------>>   [  OK  ]     max value from loadcase=  3 >>> Effort = 0.45939 <<<<
Failure(STR) S22 min= -160 ----  Allowed S22 Min (Compressive)= -80 ------> Model S22 Min (Compressive)= -18.11 ------>>   [  OK  ]     min value from loadcase=  2 >>> Effort = 0.11319 <<<<
Failure(STR) S12 max= 67 ----  Allowed S12 Max (Tensile)    = 33.5 ------> Model S12 Max (Tensile)    = 20.79 ------>>   [  OK  ]     max value from loadcase=  4 >>> Effort = 0.3103 <<<<
Failure(STR) S12 min= -67 ----  Allowed S12 Min (Compressive)= -33.5 ------> Model S12 Min (Compressive)= -21.11 ------>>   [  OK  ]     min value from loadcase=  4 >>> Effort = 0.31507 <<<<
*********************************************************************
************************MEMBER OUTPUT*********************************************
eigenPerformanceError=1.669
materialRelativeDifferenceError=0
s11Error= 0.0030819
s22Error= 5.0731e-12
s12Error= 1.0737e-74
objectiveVal= 1.669
*********************************************************************
Load case 1 effort:     S11        S22       S12 
   tensile:           0.22797     0.45224     0.21806
   compressive:       0.15902    0.041831     0.21821
Load case 2 effort:     S11        S22       S12 
   tensile:           0.19552     0.37694     0.23209
   compressive:       0.45729     0.11319     0.23403
Load case 3 effort:     S11        S22       S12 
   tensile:           0.23573     0.45939     0.28746
   compressive:       0.11519    0.049082     0.27507
Load case 4 effort:     S11        S22       S12 
   tensile:           0.1994     0.40286      0.3103
   compressive:       0.47961      0.0925     0.31507
***********************************************************************************
D000280200010792F881A00813450000
***********************************************************************************
Member-5-Generation-24
S11     S22     S12

MaxStressData =

  528.9000   22.1600   14.6100
  452.1000   18.4100   15.4900
  547.6000   22.5400   19.2700
  462.6000   19.7400   20.9500

S11     S22     S12

MinStressData =

 -155.5000   -6.6700  -14.6200
 -448.3000  -18.1000  -15.6800
 -113.2000    2.3890  -18.4500
 -470.6000  -14.7900  -21.0600

***********************************************************************************
G24ID00028020001079A7189A00813440000
***********************************************************************************
************************FAILURE LIMITS*********************************************
Failure(STR) S11 max= 2320 ----  Allowed S11 Max (Tensile)    = 1160 ------> Model S11 Max (Tensile)    = 547.6 ------>>  [  OK  ]      max value from loadcase=  3 >>> Effort = 0.23603 <<<<
Failure(STR) S11 min= -981 ----  Allowed S11 Min (Compressive)= -490.5 ------> Model S11 Min (Compressive)= -470.6 ------>>   [  OK  ]     min value from loadcase=  4 >>> Effort = 0.47971 <<<<
Failure(STR) S22 max= 49 ----  Allowed S22 Max (Tensile)    = 24.5 ------> Model S22 Max (Tensile)    = 22.54 ------>>   [  OK  ]     max value from loadcase=  3 >>> Effort = 0.46 <<<<
Failure(STR) S22 min= -160 ----  Allowed S22 Min (Compressive)= -80 ------> Model S22 Min (Compressive)= -18.1 ------>>   [  OK  ]     min value from loadcase=  2 >>> Effort = 0.11313 <<<<
Failure(STR) S12 max= 67 ----  Allowed S12 Max (Tensile)    = 33.5 ------> Model S12 Max (Tensile)    = 20.95 ------>>   [  OK  ]     max value from loadcase=  4 >>> Effort = 0.31269 <<<<
Failure(STR) S12 min= -67 ----  Allowed S12 Min (Compressive)= -33.5 ------> Model S12 Min (Compressive)= -21.06 ------>>   [  OK  ]     min value from loadcase=  4 >>> Effort = 0.31433 <<<<
*********************************************************************
************************MEMBER OUTPUT*********************************************
eigenPerformanceError=1.7349
materialRelativeDifferenceError=0
s11Error= 0.0034126
s22Error= 9.3576e-12
s12Error= 5.0907e-75
objectiveVal= 1.7349
*********************************************************************
Load case 1 effort:     S11        S22       S12 
   tensile:           0.22797     0.45224     0.21806
   compressive:       0.15851    0.041688     0.21821
Load case 2 effort:     S11        S22       S12 
   tensile:           0.19487     0.37571     0.23119
   compressive:       0.45698     0.11313     0.23403
Load case 3 effort:     S11        S22       S12 
   tensile:           0.23603        0.46     0.28761
   compressive:       0.11539    0.048755     0.27537
Load case 4 effort:     S11        S22       S12 
   tensile:           0.1994     0.40286     0.31269
   compressive:       0.47971    0.092437     0.31433
***********************************************************************************
D00028020001079A7189A00813440000
***********************************************************************************
Member-6-Generation-24
S11     S22     S12

MaxStressData =

  526.3000   22.0600   14.4000
  451.9000   18.4000   15.4600
  547.1000   22.5100   19.2600
  462.0000   19.2100   20.9300

S11     S22     S12

MinStressData =

 -155.3000   -6.6620  -14.4000
 -448.4000  -18.1100  -15.6500
 -113.5000    2.3910  -18.4300
 -470.4000  -14.8000  -21.1000

***********************************************************************************
G24ID000280200010B9A2398200813440000
***********************************************************************************
************************FAILURE LIMITS*********************************************
Failure(STR) S11 max= 2320 ----  Allowed S11 Max (Tensile)    = 1160 ------> Model S11 Max (Tensile)    = 547.1 ------>>  [  OK  ]      max value from loadcase=  3 >>> Effort = 0.23582 <<<<
Failure(STR) S11 min= -981 ----  Allowed S11 Min (Compressive)= -490.5 ------> Model S11 Min (Compressive)= -470.4 ------>>   [  OK  ]     min value from loadcase=  4 >>> Effort = 0.47951 <<<<
Failure(STR) S22 max= 49 ----  Allowed S22 Max (Tensile)    = 24.5 ------> Model S22 Max (Tensile)    = 22.51 ------>>   [  OK  ]     max value from loadcase=  3 >>> Effort = 0.45939 <<<<
Failure(STR) S22 min= -160 ----  Allowed S22 Min (Compressive)= -80 ------> Model S22 Min (Compressive)= -18.11 ------>>   [  OK  ]     min value from loadcase=  2 >>> Effort = 0.11319 <<<<
Failure(STR) S12 max= 67 ----  Allowed S12 Max (Tensile)    = 33.5 ------> Model S12 Max (Tensile)    = 20.93 ------>>   [  OK  ]     max value from loadcase=  4 >>> Effort = 0.31239 <<<<
Failure(STR) S12 min= -67 ----  Allowed S12 Min (Compressive)= -33.5 ------> Model S12 Min (Compressive)= -21.1 ------>>   [  OK  ]     min value from loadcase=  4 >>> Effort = 0.31493 <<<<
*********************************************************************
************************MEMBER OUTPUT*********************************************
eigenPerformanceError=1.7207
materialRelativeDifferenceError=4.1903
s11Error= 0.0027832
s22Error= 5.0731e-12
s12Error= 9.2482e-75
objectiveVal= 4.5299
*********************************************************************
Load case 1 effort:     S11        S22       S12 
   tensile:           0.22685      0.4502     0.21493
   compressive:       0.15831    0.041638     0.21493
Load case 2 effort:     S11        S22       S12 
   tensile:           0.19478     0.37551     0.23075
   compressive:       0.45708     0.11319     0.23358
Load case 3 effort:     S11        S22       S12 
   tensile:           0.23582     0.45939     0.28746
   compressive:       0.1157    0.048796     0.27507
Load case 4 effort:     S11        S22       S12 
   tensile:           0.19914     0.39204     0.31239
   compressive:       0.47951      0.0925     0.31493
***********************************************************************************
D000280200010B9A2398200813440000
***********************************************************************************
Member-7-Generation-24
S11     S22     S12

MaxStressData =

  526.3000   22.0600   14.4000
  451.8000   18.4000   15.4600
  547.5000   22.5400   19.2600
  462.6000   19.7400   20.9500

S11     S22     S12

MinStressData =

 -155.3000   -6.6630  -14.4000
 -448.4000  -18.1000  -15.6500
 -113.5000    2.3890  -18.4500
 -470.5000  -14.7900  -21.0600

***********************************************************************************
G24ID000280200010F927988A04813440000
***********************************************************************************
************************FAILURE LIMITS*********************************************
Failure(STR) S11 max= 2320 ----  Allowed S11 Max (Tensile)    = 1160 ------> Model S11 Max (Tensile)    = 547.5 ------>>  [  OK  ]      max value from loadcase=  3 >>> Effort = 0.23599 <<<<
Failure(STR) S11 min= -981 ----  Allowed S11 Min (Compressive)= -490.5 ------> Model S11 Min (Compressive)= -470.5 ------>>   [  OK  ]     min value from loadcase=  4 >>> Effort = 0.47961 <<<<
Failure(STR) S22 max= 49 ----  Allowed S22 Max (Tensile)    = 24.5 ------> Model S22 Max (Tensile)    = 22.54 ------>>   [  OK  ]     max value from loadcase=  3 >>> Effort = 0.46 <<<<
Failure(STR) S22 min= -160 ----  Allowed S22 Min (Compressive)= -80 ------> Model S22 Min (Compressive)= -18.1 ------>>   [  OK  ]     min value from loadcase=  2 >>> Effort = 0.11313 <<<<
Failure(STR) S12 max= 67 ----  Allowed S12 Max (Tensile)    = 33.5 ------> Model S12 Max (Tensile)    = 20.95 ------>>   [  OK  ]     max value from loadcase=  4 >>> Effort = 0.31269 <<<<
Failure(STR) S12 min= -67 ----  Allowed S12 Min (Compressive)= -33.5 ------> Model S12 Min (Compressive)= -21.06 ------>>   [  OK  ]     min value from loadcase=  4 >>> Effort = 0.31433 <<<<
*********************************************************************
************************MEMBER OUTPUT*********************************************
eigenPerformanceError=1.7271
materialRelativeDifferenceError=0
s11Error= 0.0030819
s22Error= 9.3576e-12
s12Error= 5.0907e-75
objectiveVal= 1.7271
*********************************************************************
Load case 1 effort:     S11        S22       S12 
   tensile:           0.22685      0.4502     0.21493
   compressive:       0.15831    0.041644     0.21493
Load case 2 effort:     S11        S22       S12 
   tensile:           0.19474     0.37551     0.23075
   compressive:       0.45708     0.11313     0.23358
Load case 3 effort:     S11        S22       S12 
   tensile:           0.23599        0.46     0.28746
   compressive:       0.1157    0.048755     0.27537
Load case 4 effort:     S11        S22       S12 
   tensile:           0.1994     0.40286     0.31269
   compressive:       0.47961    0.092437     0.31433
***********************************************************************************
D000280200010F927988A04813440000
***********************************************************************************
Member-8-Generation-24
S11     S22     S12

MaxStressData =

  528.9000   22.1600   14.6100
  452.0000   18.4100   15.5000
  547.6000   22.5400   19.3100
  462.6000   19.7400   20.7700

S11     S22     S12

MinStressData =

 -155.5000   -6.6710  -14.6200
 -448.4000  -18.1100  -15.6500
 -113.5000    2.3900  -18.4500
 -470.6000  -14.7900  -21.1100

***********************************************************************************
G24ID000280200010F9A7981A10813440000
***********************************************************************************
************************FAILURE LIMITS*********************************************
Failure(STR) S11 max= 2320 ----  Allowed S11 Max (Tensile)    = 1160 ------> Model S11 Max (Tensile)    = 547.6 ------>>  [  OK  ]      max value from loadcase=  3 >>> Effort = 0.23603 <<<<
Failure(STR) S11 min= -981 ----  Allowed S11 Min (Compressive)= -490.5 ------> Model S11 Min (Compressive)= -470.6 ------>>   [  OK  ]     min value from loadcase=  4 >>> Effort = 0.47971 <<<<
Failure(STR) S22 max= 49 ----  Allowed S22 Max (Tensile)    = 24.5 ------> Model S22 Max (Tensile)    = 22.54 ------>>   [  OK  ]     max value from loadcase=  3 >>> Effort = 0.46 <<<<
Failure(STR) S22 min= -160 ----  Allowed S22 Min (Compressive)= -80 ------> Model S22 Min (Compressive)= -18.11 ------>>   [  OK  ]     min value from loadcase=  2 >>> Effort = 0.11319 <<<<
Failure(STR) S12 max= 67 ----  Allowed S12 Max (Tensile)    = 33.5 ------> Model S12 Max (Tensile)    = 20.77 ------>>   [  OK  ]     max value from loadcase=  4 >>> Effort = 0.31 <<<<
Failure(STR) S12 min= -67 ----  Allowed S12 Min (Compressive)= -33.5 ------> Model S12 Min (Compressive)= -21.11 ------>>   [  OK  ]     min value from loadcase=  4 >>> Effort = 0.31507 <<<<
*********************************************************************
************************MEMBER OUTPUT*********************************************
eigenPerformanceError=1.7297
materialRelativeDifferenceError=0
s11Error= 0.0034126
s22Error= 9.3576e-12
s12Error= 1.0737e-74
objectiveVal= 1.7297
*********************************************************************
Load case 1 effort:     S11        S22       S12 
   tensile:           0.22797     0.45224     0.21806
   compressive:       0.15851    0.041694     0.21821
Load case 2 effort:     S11        S22       S12 
   tensile:           0.19483     0.37571     0.23134
   compressive:       0.45708     0.11319     0.23358
Load case 3 effort:     S11        S22       S12 
   tensile:           0.23603        0.46     0.28821
   compressive:       0.1157    0.048776     0.27537
Load case 4 effort:     S11        S22       S12 
   tensile:           0.1994     0.40286        0.31
   compressive:       0.47971    0.092437     0.31507
***********************************************************************************
D000280200010F9A7981A10813440000
***********************************************************************************
Member-9-Generation-24
S11     S22     S12

MaxStressData =

  528.9000   22.1600   14.6100
  452.0000   18.4100   15.5000
  547.6000   22.5400   19.3100
  462.6000   19.7400   20.7900

S11     S22     S12

MinStressData =

 -155.5000   -6.6720  -14.6200
 -448.4000  -18.1100  -15.6500
 -113.5000    2.3900  -18.4500
 -470.6000  -14.8000  -21.1100

***********************************************************************************
G24ID000280200010F9AF881A00813440000
***********************************************************************************
************************FAILURE LIMITS*********************************************
Failure(STR) S11 max= 2320 ----  Allowed S11 Max (Tensile)    = 1160 ------> Model S11 Max (Tensile)    = 547.6 ------>>  [  OK  ]      max value from loadcase=  3 >>> Effort = 0.23603 <<<<
Failure(STR) S11 min= -981 ----  Allowed S11 Min (Compressive)= -490.5 ------> Model S11 Min (Compressive)= -470.6 ------>>   [  OK  ]     min value from loadcase=  4 >>> Effort = 0.47971 <<<<
Failure(STR) S22 max= 49 ----  Allowed S22 Max (Tensile)    = 24.5 ------> Model S22 Max (Tensile)    = 22.54 ------>>   [  OK  ]     max value from loadcase=  3 >>> Effort = 0.46 <<<<
Failure(STR) S22 min= -160 ----  Allowed S22 Min (Compressive)= -80 ------> Model S22 Min (Compressive)= -18.11 ------>>   [  OK  ]     min value from loadcase=  2 >>> Effort = 0.11319 <<<<
Failure(STR) S12 max= 67 ----  Allowed S12 Max (Tensile)    = 33.5 ------> Model S12 Max (Tensile)    = 20.79 ------>>   [  OK  ]     max value from loadcase=  4 >>> Effort = 0.3103 <<<<
Failure(STR) S12 min= -67 ----  Allowed S12 Min (Compressive)= -33.5 ------> Model S12 Min (Compressive)= -21.11 ------>>   [  OK  ]     min value from loadcase=  4 >>> Effort = 0.31507 <<<<
*********************************************************************
************************MEMBER OUTPUT*********************************************
eigenPerformanceError=1.6847
materialRelativeDifferenceError=0
s11Error= 0.0034126
s22Error= 9.3576e-12
s12Error= 1.0737e-74
objectiveVal= 1.6847
*********************************************************************
Load case 1 effort:     S11        S22       S12 
   tensile:           0.22797     0.45224     0.21806
   compressive:       0.15851      0.0417     0.21821
Load case 2 effort:     S11        S22       S12 
   tensile:           0.19483     0.37571     0.23134
   compressive:       0.45708     0.11319     0.23358
Load case 3 effort:     S11        S22       S12 
   tensile:           0.23603        0.46     0.28821
   compressive:       0.1157    0.048776     0.27537
Load case 4 effort:     S11        S22       S12 
   tensile:           0.1994     0.40286      0.3103
   compressive:       0.47971      0.0925     0.31507
***********************************************************************************
D000280200010F9AF881A00813440000
***********************************************************************************
Member-10-Generation-24
S11     S22     S12

MaxStressData =

  526.4000   22.0900   14.3600
  452.1000   18.4100   15.4700
  547.5000   22.5300   19.2600
  462.5000   19.7400   21.5600

S11     S22     S12

MinStressData =

 -155.6000   -6.6770  -14.3800
 -448.7000  -18.1100  -15.6500
 -113.1000    2.3890  -18.4500
 -470.4000  -14.9200  -21.7000

***********************************************************************************
G24ID00029020401079A7080A00813440000
***********************************************************************************
************************FAILURE LIMITS*********************************************
Failure(STR) S11 max= 2320 ----  Allowed S11 Max (Tensile)    = 1160 ------> Model S11 Max (Tensile)    = 547.5 ------>>  [  OK  ]      max value from loadcase=  3 >>> Effort = 0.23599 <<<<
Failure(STR) S11 min= -981 ----  Allowed S11 Min (Compressive)= -490.5 ------> Model S11 Min (Compressive)= -470.4 ------>>   [  OK  ]     min value from loadcase=  4 >>> Effort = 0.47951 <<<<
Failure(STR) S22 max= 49 ----  Allowed S22 Max (Tensile)    = 24.5 ------> Model S22 Max (Tensile)    = 22.53 ------>>   [  OK  ]     max value from loadcase=  3 >>> Effort = 0.4598 <<<<
Failure(STR) S22 min= -160 ----  Allowed S22 Min (Compressive)= -80 ------> Model S22 Min (Compressive)= -18.11 ------>>   [  OK  ]     min value from loadcase=  2 >>> Effort = 0.11319 <<<<
Failure(STR) S12 max= 67 ----  Allowed S12 Max (Tensile)    = 33.5 ------> Model S12 Max (Tensile)    = 21.56 ------>>   [  OK  ]     max value from loadcase=  4 >>> Effort = 0.32179 <<<<
Failure(STR) S12 min= -67 ----  Allowed S12 Min (Compressive)= -33.5 ------> Model S12 Min (Compressive)= -21.7 ------>>   [  OK  ]     min value from loadcase=  4 >>> Effort = 0.32388 <<<<
*********************************************************************
************************MEMBER OUTPUT*********************************************
eigenPerformanceError=1.9973
materialRelativeDifferenceError=4.7822
s11Error= 0.0027832
s22Error= 7.6302e-12
s12Error= 7.1657e-71
objectiveVal= 5.1825
*********************************************************************
Load case 1 effort:     S11        S22       S12 
   tensile:           0.2269     0.45082     0.21433
   compressive:       0.15861    0.041731     0.21463
Load case 2 effort:     S11        S22       S12 
   tensile:           0.19487     0.37571      0.2309
   compressive:       0.45739     0.11319     0.23358
Load case 3 effort:     S11        S22       S12 
   tensile:           0.23599      0.4598     0.28746
   compressive:       0.11529    0.048755     0.27537
Load case 4 effort:     S11        S22       S12 
   tensile:           0.19935     0.40286     0.32179
   compressive:       0.47951     0.09325     0.32388
***********************************************************************************
D00029020401079A7080A00813440000
***********************************************************************************
Member-11-Generation-24
S11     S22     S12

MaxStressData =

  544.2000   22.8000   14.7800
  456.5000   18.5900   15.6000
  547.6000   22.5000   19.5900
  474.7000   19.2600   22.1200

S11     S22     S12

MinStressData =

 -158.1000   -6.8180  -14.7800
 -450.1000  -18.1700  -15.7400
 -115.2000    2.4110  -18.4900
 -484.0000  -15.3100  -22.7100

***********************************************************************************
G24ID0945C2B6C040079A306811E6A065402
***********************************************************************************
************************FAILURE LIMITS*********************************************
Failure(STR) S11 max= 2320 ----  Allowed S11 Max (Tensile)    = 1160 ------> Model S11 Max (Tensile)    = 547.6 ------>>  [  OK  ]      max value from loadcase=  3 >>> Effort = 0.23603 <<<<
Failure(STR) S11 min= -981 ----  Allowed S11 Min (Compressive)= -490.5 ------> Model S11 Min (Compressive)= -484 ------>>   [  OK  ]     min value from loadcase=  4 >>> Effort = 0.49337 <<<<
Failure(STR) S22 max= 49 ----  Allowed S22 Max (Tensile)    = 24.5 ------> Model S22 Max (Tensile)    = 22.8 ------>>   [  OK  ]     max value from loadcase=  1 >>> Effort = 0.46531 <<<<
Failure(STR) S22 min= -160 ----  Allowed S22 Min (Compressive)= -80 ------> Model S22 Min (Compressive)= -18.17 ------>>   [  OK  ]     min value from loadcase=  2 >>> Effort = 0.11356 <<<<
Failure(STR) S12 max= 67 ----  Allowed S12 Max (Tensile)    = 33.5 ------> Model S12 Max (Tensile)    = 22.12 ------>>   [  OK  ]     max value from loadcase=  4 >>> Effort = 0.33015 <<<<
Failure(STR) S12 min= -67 ----  Allowed S12 Min (Compressive)= -33.5 ------> Model S12 Min (Compressive)= -22.71 ------>>   [  OK  ]     min value from loadcase=  4 >>> Effort = 0.33896 <<<<
*********************************************************************
************************MEMBER OUTPUT*********************************************
eigenPerformanceError=3.816
materialRelativeDifferenceError=0
s11Error= 96.6885
s22Error= 1.8862e-09
s12Error= 2.524e-64
objectiveVal= 96.7638
*********************************************************************
Load case 1 effort:     S11        S22       S12 
   tensile:           0.23457     0.46531      0.2206
   compressive:       0.16116    0.042612      0.2206
Load case 2 effort:     S11        S22       S12 
   tensile:           0.19677     0.37939     0.23284
   compressive:       0.45882     0.11356     0.23493
Load case 3 effort:     S11        S22       S12 
   tensile:           0.23603     0.45918     0.29239
   compressive:       0.11743    0.049204     0.27597
Load case 4 effort:     S11        S22       S12 
   tensile:           0.20461     0.39306     0.33015
   compressive:       0.49337    0.095688     0.33896
***********************************************************************************
D0945C2B6C040079A306811E6A065402
***********************************************************************************
Member-12-Generation-24
S11     S22     S12

MaxStressData =

  580.3000   24.3200   15.6700
  460.2000   18.7500   15.6900
  551.1000   22.7100   19.8100
  473.7000   20.1500   22.5400

S11     S22     S12

MinStressData =

 -159.7000   -6.8560  -13.8400
 -454.1000  -18.3400  -15.8100
 -116.6000    2.4270  -18.5800
 -484.1000  -16.1100  -23.3100

***********************************************************************************
G24ID0B01D5F4F5AFA870010C96BAA9AE532
***********************************************************************************
************************FAILURE LIMITS*********************************************
Failure(STR) S11 max= 2320 ----  Allowed S11 Max (Tensile)    = 1160 ------> Model S11 Max (Tensile)    = 580.3 ------>>  [  OK  ]      max value from loadcase=  1 >>> Effort = 0.25013 <<<<
Failure(STR) S11 min= -981 ----  Allowed S11 Min (Compressive)= -490.5 ------> Model S11 Min (Compressive)= -484.1 ------>>   [  OK  ]     min value from loadcase=  4 >>> Effort = 0.49348 <<<<
Failure(STR) S22 max= 49 ----  Allowed S22 Max (Tensile)    = 24.5 ------> Model S22 Max (Tensile)    = 24.32 ------>>   [  OK  ]     max value from loadcase=  1 >>> Effort = 0.49633 <<<<
Failure(STR) S22 min= -160 ----  Allowed S22 Min (Compressive)= -80 ------> Model S22 Min (Compressive)= -18.34 ------>>   [  OK  ]     min value from loadcase=  2 >>> Effort = 0.11463 <<<<
Failure(STR) S12 max= 67 ----  Allowed S12 Max (Tensile)    = 33.5 ------> Model S12 Max (Tensile)    = 22.54 ------>>   [  OK  ]     max value from loadcase=  4 >>> Effort = 0.33642 <<<<
Failure(STR) S12 min= -67 ----  Allowed S12 Min (Compressive)= -33.5 ------> Model S12 Min (Compressive)= -23.31 ------>>   [  OK  ]     min value from loadcase=  4 >>> Effort = 0.34791 <<<<
*********************************************************************
************************MEMBER OUTPUT*********************************************
eigenPerformanceError=7.4199
materialRelativeDifferenceError=0
s11Error= 96.9998
s22Error= 99.8215
s12Error= 1.9557e-60
objectiveVal= 139.3856
*********************************************************************
Load case 1 effort:     S11        S22       S12 
   tensile:           0.25013     0.49633     0.23388
   compressive:       0.16279     0.04285     0.20657
Load case 2 effort:     S11        S22       S12 
   tensile:           0.19836     0.38265     0.23418
   compressive:       0.4629     0.11463     0.23597
Load case 3 effort:     S11        S22       S12 
   tensile:           0.23754     0.46347     0.29567
   compressive:       0.11886    0.049531     0.27731
Load case 4 effort:     S11        S22       S12 
   tensile:           0.20418     0.41122     0.33642
   compressive:       0.49348     0.10069     0.34791
***********************************************************************************
D0B01D5F4F5AFA870010C96BAA9AE532
***********************************************************************************
Member-13-Generation-24
S11     S22     S12

MaxStressData =

  535.8000   22.4800   14.5800
  453.5000   18.4700   15.5200
  543.4000   22.3000   19.2200
  449.0000   18.7400   20.6400

S11     S22     S12

MinStressData =

 -157.6000   -6.7700  -14.6500
 -448.5000  -18.1100  -15.6900
 -113.5000    2.4000  -18.5200
 -468.6000  -14.9100  -21.3200

***********************************************************************************
G24ID200068080A00827B008210820010240
***********************************************************************************
************************FAILURE LIMITS*********************************************
Failure(STR) S11 max= 2320 ----  Allowed S11 Max (Tensile)    = 1160 ------> Model S11 Max (Tensile)    = 543.4 ------>>  [  OK  ]      max value from loadcase=  3 >>> Effort = 0.23422 <<<<
Failure(STR) S11 min= -981 ----  Allowed S11 Min (Compressive)= -490.5 ------> Model S11 Min (Compressive)= -468.6 ------>>   [  OK  ]     min value from loadcase=  4 >>> Effort = 0.47768 <<<<
Failure(STR) S22 max= 49 ----  Allowed S22 Max (Tensile)    = 24.5 ------> Model S22 Max (Tensile)    = 22.48 ------>>   [  OK  ]     max value from loadcase=  1 >>> Effort = 0.45878 <<<<
Failure(STR) S22 min= -160 ----  Allowed S22 Min (Compressive)= -80 ------> Model S22 Min (Compressive)= -18.11 ------>>   [  OK  ]     min value from loadcase=  2 >>> Effort = 0.11319 <<<<
Failure(STR) S12 max= 67 ----  Allowed S12 Max (Tensile)    = 33.5 ------> Model S12 Max (Tensile)    = 20.64 ------>>   [  OK  ]     max value from loadcase=  4 >>> Effort = 0.30806 <<<<
Failure(STR) S12 min= -67 ----  Allowed S12 Min (Compressive)= -33.5 ------> Model S12 Min (Compressive)= -21.32 ------>>   [  OK  ]     min value from loadcase=  4 >>> Effort = 0.31821 <<<<
*********************************************************************
************************MEMBER OUTPUT*********************************************
eigenPerformanceError=2.4515
materialRelativeDifferenceError=24.8816
s11Error= 0.00044431
s22Error= 2.7503e-12
s12Error= 2.4666e-73
objectiveVal= 25.0021
*********************************************************************
Load case 1 effort:     S11        S22       S12 
   tensile:           0.23095     0.45878     0.21761
   compressive:       0.16065    0.042312     0.21866
Load case 2 effort:     S11        S22       S12 
   tensile:           0.19547     0.37694     0.23164
   compressive:       0.45719     0.11319     0.23418
Load case 3 effort:     S11        S22       S12 
   tensile:           0.23422      0.4551     0.28687
   compressive:       0.1157     0.04898     0.27642
Load case 4 effort:     S11        S22       S12 
   tensile:           0.19353     0.38245     0.30806
   compressive:       0.47768    0.093188     0.31821
***********************************************************************************
D200068080A00827B008210820010240
***********************************************************************************
Member-14-Generation-24
S11     S22     S12

MaxStressData =

  560.6000   23.4300   15.2400
  455.4000   18.5500   15.5300
  554.6000   22.4800   19.5200
  478.1000   19.1400   22.1400

S11     S22     S12

MinStressData =

 -155.4000   -6.7430  -15.2200
 -451.3000  -18.2300  -15.7400
 -115.0000    2.4040  -18.7300
 -472.3000  -15.6400  -23.0300

***********************************************************************************
G24ID30C0408DA91510919A4901DE0D0BA5D
***********************************************************************************
************************FAILURE LIMITS*********************************************
Failure(STR) S11 max= 2320 ----  Allowed S11 Max (Tensile)    = 1160 ------> Model S11 Max (Tensile)    = 560.6 ------>>  [  OK  ]      max value from loadcase=  1 >>> Effort = 0.24164 <<<<
Failure(STR) S11 min= -981 ----  Allowed S11 Min (Compressive)= -490.5 ------> Model S11 Min (Compressive)= -472.3 ------>>   [  OK  ]     min value from loadcase=  4 >>> Effort = 0.48145 <<<<
Failure(STR) S22 max= 49 ----  Allowed S22 Max (Tensile)    = 24.5 ------> Model S22 Max (Tensile)    = 23.43 ------>>   [  OK  ]     max value from loadcase=  1 >>> Effort = 0.47816 <<<<
Failure(STR) S22 min= -160 ----  Allowed S22 Min (Compressive)= -80 ------> Model S22 Min (Compressive)= -18.23 ------>>   [  OK  ]     min value from loadcase=  2 >>> Effort = 0.11394 <<<<
Failure(STR) S12 max= 67 ----  Allowed S12 Max (Tensile)    = 33.5 ------> Model S12 Max (Tensile)    = 22.14 ------>>   [  OK  ]     max value from loadcase=  4 >>> Effort = 0.33045 <<<<
Failure(STR) S12 min= -67 ----  Allowed S12 Min (Compressive)= -33.5 ------> Model S12 Min (Compressive)= -23.03 ------>>   [  OK  ]     min value from loadcase=  4 >>> Effort = 0.34373 <<<<
*********************************************************************
************************MEMBER OUTPUT*********************************************
eigenPerformanceError=5.0797
materialRelativeDifferenceError=0
s11Error= 0.019303
s22Error= 0.00072338
s12Error= 2.9945e-62
objectiveVal= 5.0797
*********************************************************************
Load case 1 effort:     S11        S22       S12 
   tensile:           0.24164     0.47816     0.22746
   compressive:       0.15841    0.042144     0.22716
Load case 2 effort:     S11        S22       S12 
   tensile:           0.19629     0.37857     0.23179
   compressive:       0.46004     0.11394     0.23493
Load case 3 effort:     S11        S22       S12 
   tensile:           0.23905     0.45878     0.29134
   compressive:       0.11723    0.049061     0.27955
Load case 4 effort:     S11        S22       S12 
   tensile:           0.20608     0.39061     0.33045
   compressive:       0.48145     0.09775     0.34373
***********************************************************************************
D30C0408DA91510919A4901DE0D0BA5D
***********************************************************************************
Member-15-Generation-24
S11     S22     S12

MaxStressData =

  582.1000   24.3700   15.6600
  460.2000   18.7500   15.7000
  563.1000   22.9700   19.3500
  478.0000   20.3000   22.2900

S11     S22     S12

MinStressData =

 -160.2000   -6.9120  -15.6600
 -450.4000  -18.1800  -15.7100
 -115.2000    2.3880  -18.9300
 -473.2000  -15.8500  -23.0100

***********************************************************************************
G24ID358A72A4AA94209050253ABCF83E36C
***********************************************************************************
************************FAILURE LIMITS*********************************************
Failure(STR) S11 max= 2320 ----  Allowed S11 Max (Tensile)    = 1160 ------> Model S11 Max (Tensile)    = 582.1 ------>>  [  OK  ]      max value from loadcase=  1 >>> Effort = 0.25091 <<<<
Failure(STR) S11 min= -981 ----  Allowed S11 Min (Compressive)= -490.5 ------> Model S11 Min (Compressive)= -473.2 ------>>   [  OK  ]     min value from loadcase=  4 >>> Effort = 0.48236 <<<<
Failure(STR) S22 max= 49 ----  Allowed S22 Max (Tensile)    = 24.5 ------> Model S22 Max (Tensile)    = 24.37 ------>>   [  OK  ]     max value from loadcase=  1 >>> Effort = 0.49735 <<<<
Failure(STR) S22 min= -160 ----  Allowed S22 Min (Compressive)= -80 ------> Model S22 Min (Compressive)= -18.18 ------>>   [  OK  ]     min value from loadcase=  2 >>> Effort = 0.11363 <<<<
Failure(STR) S12 max= 67 ----  Allowed S12 Max (Tensile)    = 33.5 ------> Model S12 Max (Tensile)    = 22.29 ------>>   [  OK  ]     max value from loadcase=  4 >>> Effort = 0.33269 <<<<
Failure(STR) S12 min= -67 ----  Allowed S12 Min (Compressive)= -33.5 ------> Model S12 Min (Compressive)= -23.01 ------>>   [  OK  ]     min value from loadcase=  4 >>> Effort = 0.34343 <<<<
*********************************************************************
************************MEMBER OUTPUT*********************************************
eigenPerformanceError=7.1835
materialRelativeDifferenceError=0
s11Error= 0.048297
s22Error= 99.9356
s12Error= 2.2217e-62
objectiveVal= 100.1934
*********************************************************************
Load case 1 effort:     S11        S22       S12 
   tensile:           0.25091     0.49735     0.23373
   compressive:       0.1633      0.0432     0.23373
Load case 2 effort:     S11        S22       S12 
   tensile:           0.19836     0.38265     0.23433
   compressive:       0.45912     0.11363     0.23448
Load case 3 effort:     S11        S22       S12 
   tensile:           0.24272     0.46878     0.28881
   compressive:       0.11743    0.048735     0.28254
Load case 4 effort:     S11        S22       S12 
   tensile:           0.20603     0.41429     0.33269
   compressive:       0.48236    0.099062     0.34343
***********************************************************************************
D358A72A4AA94209050253ABCF83E36C
***********************************************************************************

*****	GENERATION #24 simulation complete	***********
GEN: 24 | Obj: 1.666993 | RCYCLE: 30.099432 %
