Member-1-Generation-15
S11     S22     S12

MaxStressData =

  529.3000   22.1400   14.7100
  454.0000   18.4900   15.5400
  541.8000   22.1900   19.2600
  460.0000   18.2000   20.7900

S11     S22     S12

MinStressData =

 -156.2000   -6.7010  -14.7200
 -449.0000  -18.1300  -15.6900
 -113.3000    2.4010  -18.3800
 -458.9000  -14.7900  -21.1200

***********************************************************************************
G15ID0002800000109B2B483210813450000
***********************************************************************************
************************FAILURE LIMITS*********************************************
Failure(STR) S11 max= 2320 ----  Allowed S11 Max (Tensile)    = 1160 ------> Model S11 Max (Tensile)    = 541.8 ------>>  [  OK  ]      max value from loadcase=  3 >>> Effort = 0.23353 <<<<
Failure(STR) S11 min= -981 ----  Allowed S11 Min (Compressive)= -490.5 ------> Model S11 Min (Compressive)= -458.9 ------>>   [  OK  ]     min value from loadcase=  4 >>> Effort = 0.46779 <<<<
Failure(STR) S22 max= 49 ----  Allowed S22 Max (Tensile)    = 24.5 ------> Model S22 Max (Tensile)    = 22.19 ------>>   [  OK  ]     max value from loadcase=  3 >>> Effort = 0.45286 <<<<
Failure(STR) S22 min= -160 ----  Allowed S22 Min (Compressive)= -80 ------> Model S22 Min (Compressive)= -18.13 ------>>   [  OK  ]     min value from loadcase=  2 >>> Effort = 0.11331 <<<<
Failure(STR) S12 max= 67 ----  Allowed S12 Max (Tensile)    = 33.5 ------> Model S12 Max (Tensile)    = 20.79 ------>>   [  OK  ]     max value from loadcase=  4 >>> Effort = 0.3103 <<<<
Failure(STR) S12 min= -67 ----  Allowed S12 Min (Compressive)= -33.5 ------> Model S12 Min (Compressive)= -21.12 ------>>   [  OK  ]     min value from loadcase=  4 >>> Effort = 0.31522 <<<<
*********************************************************************
************************MEMBER OUTPUT*********************************************
eigenPerformanceError=1.7049
materialRelativeDifferenceError=6.0369
s11Error= 2.2565e-08
s22Error= 7.3971e-15
s12Error= 1.2465e-74
objectiveVal= 6.273
*********************************************************************
Load case 1 effort:     S11        S22       S12 
   tensile:           0.22815     0.45184     0.21955
   compressive:       0.15923    0.041881      0.2197
Load case 2 effort:     S11        S22       S12 
   tensile:           0.19569     0.37735     0.23194
   compressive:       0.4577     0.11331     0.23418
Load case 3 effort:     S11        S22       S12 
   tensile:           0.23353     0.45286     0.28746
   compressive:       0.11549       0.049     0.27433
Load case 4 effort:     S11        S22       S12 
   tensile:           0.19828     0.37143      0.3103
   compressive:       0.46779    0.092437     0.31522
***********************************************************************************
D0002800000109B2B483210813450000
***********************************************************************************
Member-2-Generation-15
S11     S22     S12

MaxStressData =

  529.3000   22.1400   14.7100
  454.1000   18.5000   15.5400
  546.5000   22.4900   19.2200
  462.2000   19.3000   20.9500

S11     S22     S12

MinStressData =

 -156.2000   -6.6980  -14.7200
 -449.0000  -18.1300  -15.7200
 -113.1000    2.4060  -18.4100
 -470.4000  -14.8000  -21.1000

***********************************************************************************
G15ID000280200010392239BA10813450000
***********************************************************************************
************************FAILURE LIMITS*********************************************
Failure(STR) S11 max= 2320 ----  Allowed S11 Max (Tensile)    = 1160 ------> Model S11 Max (Tensile)    = 546.5 ------>>  [  OK  ]      max value from loadcase=  3 >>> Effort = 0.23556 <<<<
Failure(STR) S11 min= -981 ----  Allowed S11 Min (Compressive)= -490.5 ------> Model S11 Min (Compressive)= -470.4 ------>>   [  OK  ]     min value from loadcase=  4 >>> Effort = 0.47951 <<<<
Failure(STR) S22 max= 49 ----  Allowed S22 Max (Tensile)    = 24.5 ------> Model S22 Max (Tensile)    = 22.49 ------>>   [  OK  ]     max value from loadcase=  3 >>> Effort = 0.45898 <<<<
Failure(STR) S22 min= -160 ----  Allowed S22 Min (Compressive)= -80 ------> Model S22 Min (Compressive)= -18.13 ------>>   [  OK  ]     min value from loadcase=  2 >>> Effort = 0.11331 <<<<
Failure(STR) S12 max= 67 ----  Allowed S12 Max (Tensile)    = 33.5 ------> Model S12 Max (Tensile)    = 20.95 ------>>   [  OK  ]     max value from loadcase=  4 >>> Effort = 0.31269 <<<<
Failure(STR) S12 min= -67 ----  Allowed S12 Min (Compressive)= -33.5 ------> Model S12 Min (Compressive)= -21.1 ------>>   [  OK  ]     min value from loadcase=  4 >>> Effort = 0.31493 <<<<
*********************************************************************
************************MEMBER OUTPUT*********************************************
eigenPerformanceError=1.8792
materialRelativeDifferenceError=0
s11Error= 0.0027832
s22Error= 3.3729e-12
s12Error= 9.2482e-75
objectiveVal= 1.8792
*********************************************************************
Load case 1 effort:     S11        S22       S12 
   tensile:           0.22815     0.45184     0.21955
   compressive:       0.15923    0.041863      0.2197
Load case 2 effort:     S11        S22       S12 
   tensile:           0.19573     0.37755     0.23194
   compressive:       0.4577     0.11331     0.23463
Load case 3 effort:     S11        S22       S12 
   tensile:           0.23556     0.45898     0.28687
   compressive:       0.11529    0.049102     0.27478
Load case 4 effort:     S11        S22       S12 
   tensile:           0.19922     0.39388     0.31269
   compressive:       0.47951      0.0925     0.31493
***********************************************************************************
D000280200010392239BA10813450000
***********************************************************************************
Member-3-Generation-15
S11     S22     S12

MaxStressData =

  529.6000   22.1500   14.7200
  454.7000   18.5300   15.5700
  546.1000   22.4700   19.2400
  462.1000   19.3000   20.8000

S11     S22     S12

MinStressData =

 -155.8000   -6.6880  -14.7300
 -449.0000  -18.1300  -15.7200
 -113.6000    2.4050  -18.4300
 -470.8000  -14.8100  -21.1700

***********************************************************************************
G15ID000280200010392AA93A00813450001
***********************************************************************************
************************FAILURE LIMITS*********************************************
Failure(STR) S11 max= 2320 ----  Allowed S11 Max (Tensile)    = 1160 ------> Model S11 Max (Tensile)    = 546.1 ------>>  [  OK  ]      max value from loadcase=  3 >>> Effort = 0.23539 <<<<
Failure(STR) S11 min= -981 ----  Allowed S11 Min (Compressive)= -490.5 ------> Model S11 Min (Compressive)= -470.8 ------>>   [  OK  ]     min value from loadcase=  4 >>> Effort = 0.47992 <<<<
Failure(STR) S22 max= 49 ----  Allowed S22 Max (Tensile)    = 24.5 ------> Model S22 Max (Tensile)    = 22.47 ------>>   [  OK  ]     max value from loadcase=  3 >>> Effort = 0.45857 <<<<
Failure(STR) S22 min= -160 ----  Allowed S22 Min (Compressive)= -80 ------> Model S22 Min (Compressive)= -18.13 ------>>   [  OK  ]     min value from loadcase=  2 >>> Effort = 0.11331 <<<<
Failure(STR) S12 max= 67 ----  Allowed S12 Max (Tensile)    = 33.5 ------> Model S12 Max (Tensile)    = 20.8 ------>>   [  OK  ]     max value from loadcase=  4 >>> Effort = 0.31045 <<<<
Failure(STR) S12 min= -67 ----  Allowed S12 Min (Compressive)= -33.5 ------> Model S12 Min (Compressive)= -21.17 ------>>   [  OK  ]     min value from loadcase=  4 >>> Effort = 0.31597 <<<<
*********************************************************************
************************MEMBER OUTPUT*********************************************
eigenPerformanceError=1.8443
materialRelativeDifferenceError=0
s11Error= 0.0041843
s22Error= 2.2426e-12
s12Error= 2.629e-74
objectiveVal= 1.8443
*********************************************************************
Load case 1 effort:     S11        S22       S12 
   tensile:           0.22828     0.45204      0.2197
   compressive:       0.15882      0.0418     0.21985
Load case 2 effort:     S11        S22       S12 
   tensile:           0.19599     0.37816     0.23239
   compressive:       0.4577     0.11331     0.23463
Load case 3 effort:     S11        S22       S12 
   tensile:           0.23539     0.45857     0.28716
   compressive:       0.1158    0.049082     0.27507
Load case 4 effort:     S11        S22       S12 
   tensile:           0.19918     0.39388     0.31045
   compressive:       0.47992    0.092563     0.31597
***********************************************************************************
D000280200010392AA93A00813450001
***********************************************************************************
Member-4-Generation-15
S11     S22     S12

MaxStressData =

  529.5000   22.1500   14.7100
  454.9000   18.5400   15.5600
  546.1000   22.4700   19.2400
  462.1000   19.3000   20.7900

S11     S22     S12

MinStressData =

 -155.9000   -6.6910  -14.7200
 -449.2000  -18.1300  -15.7300
 -113.6000    2.4050  -18.4300
 -470.8000  -14.7900  -21.1200

***********************************************************************************
G15ID000280200010392F887A00813450001
***********************************************************************************
************************FAILURE LIMITS*********************************************
Failure(STR) S11 max= 2320 ----  Allowed S11 Max (Tensile)    = 1160 ------> Model S11 Max (Tensile)    = 546.1 ------>>  [  OK  ]      max value from loadcase=  3 >>> Effort = 0.23539 <<<<
Failure(STR) S11 min= -981 ----  Allowed S11 Min (Compressive)= -490.5 ------> Model S11 Min (Compressive)= -470.8 ------>>   [  OK  ]     min value from loadcase=  4 >>> Effort = 0.47992 <<<<
Failure(STR) S22 max= 49 ----  Allowed S22 Max (Tensile)    = 24.5 ------> Model S22 Max (Tensile)    = 22.47 ------>>   [  OK  ]     max value from loadcase=  3 >>> Effort = 0.45857 <<<<
Failure(STR) S22 min= -160 ----  Allowed S22 Min (Compressive)= -80 ------> Model S22 Min (Compressive)= -18.13 ------>>   [  OK  ]     min value from loadcase=  2 >>> Effort = 0.11331 <<<<
Failure(STR) S12 max= 67 ----  Allowed S12 Max (Tensile)    = 33.5 ------> Model S12 Max (Tensile)    = 20.79 ------>>   [  OK  ]     max value from loadcase=  4 >>> Effort = 0.3103 <<<<
Failure(STR) S12 min= -67 ----  Allowed S12 Min (Compressive)= -33.5 ------> Model S12 Min (Compressive)= -21.12 ------>>   [  OK  ]     min value from loadcase=  4 >>> Effort = 0.31522 <<<<
*********************************************************************
************************MEMBER OUTPUT*********************************************
eigenPerformanceError=1.8984
materialRelativeDifferenceError=0
s11Error= 0.0041843
s22Error= 2.2426e-12
s12Error= 1.2465e-74
objectiveVal= 1.8984
*********************************************************************
Load case 1 effort:     S11        S22       S12 
   tensile:           0.22823     0.45204     0.21955
   compressive:       0.15892    0.041819      0.2197
Load case 2 effort:     S11        S22       S12 
   tensile:           0.19608     0.37837     0.23224
   compressive:       0.4579     0.11331     0.23478
Load case 3 effort:     S11        S22       S12 
   tensile:           0.23539     0.45857     0.28716
   compressive:       0.1158    0.049082     0.27507
Load case 4 effort:     S11        S22       S12 
   tensile:           0.19918     0.39388      0.3103
   compressive:       0.47992    0.092437     0.31522
***********************************************************************************
D000280200010392F887A00813450001
***********************************************************************************
Member-5-Generation-15
S11     S22     S12

MaxStressData =

  526.5000   22.0700   14.4100
  454.2000   18.5000   15.5400
  546.0000   22.4700   19.2400
  462.0000   19.2100   20.9400

S11     S22     S12

MinStressData =

 -155.6000   -6.6720  -14.4100
 -448.8000  -18.1200  -15.6800
 -113.6000    2.4050  -18.4300
 -470.8000  -14.8000  -21.1900

***********************************************************************************
G15ID00028020001039A2398210813450001
***********************************************************************************
************************FAILURE LIMITS*********************************************
Failure(STR) S11 max= 2320 ----  Allowed S11 Max (Tensile)    = 1160 ------> Model S11 Max (Tensile)    = 546 ------>>  [  OK  ]      max value from loadcase=  3 >>> Effort = 0.23534 <<<<
Failure(STR) S11 min= -981 ----  Allowed S11 Min (Compressive)= -490.5 ------> Model S11 Min (Compressive)= -470.8 ------>>   [  OK  ]     min value from loadcase=  4 >>> Effort = 0.47992 <<<<
Failure(STR) S22 max= 49 ----  Allowed S22 Max (Tensile)    = 24.5 ------> Model S22 Max (Tensile)    = 22.47 ------>>   [  OK  ]     max value from loadcase=  3 >>> Effort = 0.45857 <<<<
Failure(STR) S22 min= -160 ----  Allowed S22 Min (Compressive)= -80 ------> Model S22 Min (Compressive)= -18.12 ------>>   [  OK  ]     min value from loadcase=  2 >>> Effort = 0.11325 <<<<
Failure(STR) S12 max= 67 ----  Allowed S12 Max (Tensile)    = 33.5 ------> Model S12 Max (Tensile)    = 20.94 ------>>   [  OK  ]     max value from loadcase=  4 >>> Effort = 0.31254 <<<<
Failure(STR) S12 min= -67 ----  Allowed S12 Min (Compressive)= -33.5 ------> Model S12 Min (Compressive)= -21.19 ------>>   [  OK  ]     min value from loadcase=  4 >>> Effort = 0.31627 <<<<
*********************************************************************
************************MEMBER OUTPUT*********************************************
eigenPerformanceError=1.7954
materialRelativeDifferenceError=0
s11Error= 0.0041843
s22Error= 2.2426e-12
s12Error= 3.5435e-74
objectiveVal= 1.7954
*********************************************************************
Load case 1 effort:     S11        S22       S12 
   tensile:           0.22694     0.45041     0.21507
   compressive:       0.15861      0.0417     0.21507
Load case 2 effort:     S11        S22       S12 
   tensile:           0.19578     0.37755     0.23194
   compressive:       0.45749     0.11325     0.23403
Load case 3 effort:     S11        S22       S12 
   tensile:           0.23534     0.45857     0.28716
   compressive:       0.1158    0.049082     0.27507
Load case 4 effort:     S11        S22       S12 
   tensile:           0.19914     0.39204     0.31254
   compressive:       0.47992      0.0925     0.31627
***********************************************************************************
D00028020001039A2398210813450001
***********************************************************************************
Member-6-Generation-15
S11     S22     S12

MaxStressData =

  526.3000   22.0600   14.4000
  452.0000   18.4100   15.4700
  550.2000   22.6400   19.3300
  462.1000   19.2300   20.7100

S11     S22     S12

MinStressData =

 -155.3000   -6.6600  -14.4000
 -449.5000  -18.1500  -15.7100
 -113.8000    2.3900  -18.5300
 -470.4000  -14.7600  -21.1900

***********************************************************************************
G15ID00028020001039A2398224A02540000
***********************************************************************************
************************FAILURE LIMITS*********************************************
Failure(STR) S11 max= 2320 ----  Allowed S11 Max (Tensile)    = 1160 ------> Model S11 Max (Tensile)    = 550.2 ------>>  [  OK  ]      max value from loadcase=  3 >>> Effort = 0.23716 <<<<
Failure(STR) S11 min= -981 ----  Allowed S11 Min (Compressive)= -490.5 ------> Model S11 Min (Compressive)= -470.4 ------>>   [  OK  ]     min value from loadcase=  4 >>> Effort = 0.47951 <<<<
Failure(STR) S22 max= 49 ----  Allowed S22 Max (Tensile)    = 24.5 ------> Model S22 Max (Tensile)    = 22.64 ------>>   [  OK  ]     max value from loadcase=  3 >>> Effort = 0.46204 <<<<
Failure(STR) S22 min= -160 ----  Allowed S22 Min (Compressive)= -80 ------> Model S22 Min (Compressive)= -18.15 ------>>   [  OK  ]     min value from loadcase=  2 >>> Effort = 0.11344 <<<<
Failure(STR) S12 max= 67 ----  Allowed S12 Max (Tensile)    = 33.5 ------> Model S12 Max (Tensile)    = 20.71 ------>>   [  OK  ]     max value from loadcase=  4 >>> Effort = 0.3091 <<<<
Failure(STR) S12 min= -67 ----  Allowed S12 Min (Compressive)= -33.5 ------> Model S12 Min (Compressive)= -21.19 ------>>   [  OK  ]     min value from loadcase=  4 >>> Effort = 0.31627 <<<<
*********************************************************************
************************MEMBER OUTPUT*********************************************
eigenPerformanceError=1.7433
materialRelativeDifferenceError=0.80492
s11Error= 0.0027832
s22Error= 7.2025e-11
s12Error= 3.5435e-74
objectiveVal= 1.9202
*********************************************************************
Load case 1 effort:     S11        S22       S12 
   tensile:           0.22685      0.4502     0.21493
   compressive:       0.15831    0.041625     0.21493
Load case 2 effort:     S11        S22       S12 
   tensile:           0.19483     0.37571      0.2309
   compressive:       0.45821     0.11344     0.23448
Load case 3 effort:     S11        S22       S12 
   tensile:           0.23716     0.46204     0.28851
   compressive:       0.116    0.048776     0.27657
Load case 4 effort:     S11        S22       S12 
   tensile:           0.19918     0.39245      0.3091
   compressive:       0.47951     0.09225     0.31627
***********************************************************************************
D00028020001039A2398224A02540000
***********************************************************************************
Member-7-Generation-15
S11     S22     S12

MaxStressData =

  526.3000   22.0600   14.4000
  453.5000   18.4700   15.5100
  546.8000   22.5100   19.2400
  462.5000   19.6500   20.9300

S11     S22     S12

MinStressData =

 -155.9000   -6.6830  -14.4000
 -448.8000  -18.1200  -15.6600
 -113.3000    2.4050  -18.4300
 -470.5000  -14.8000  -21.1000

***********************************************************************************
G15ID000280200010F9A2398210813450000
***********************************************************************************
************************FAILURE LIMITS*********************************************
Failure(STR) S11 max= 2320 ----  Allowed S11 Max (Tensile)    = 1160 ------> Model S11 Max (Tensile)    = 546.8 ------>>  [  OK  ]      max value from loadcase=  3 >>> Effort = 0.23569 <<<<
Failure(STR) S11 min= -981 ----  Allowed S11 Min (Compressive)= -490.5 ------> Model S11 Min (Compressive)= -470.5 ------>>   [  OK  ]     min value from loadcase=  4 >>> Effort = 0.47961 <<<<
Failure(STR) S22 max= 49 ----  Allowed S22 Max (Tensile)    = 24.5 ------> Model S22 Max (Tensile)    = 22.51 ------>>   [  OK  ]     max value from loadcase=  3 >>> Effort = 0.45939 <<<<
Failure(STR) S22 min= -160 ----  Allowed S22 Min (Compressive)= -80 ------> Model S22 Min (Compressive)= -18.12 ------>>   [  OK  ]     min value from loadcase=  2 >>> Effort = 0.11325 <<<<
Failure(STR) S12 max= 67 ----  Allowed S12 Max (Tensile)    = 33.5 ------> Model S12 Max (Tensile)    = 20.93 ------>>   [  OK  ]     max value from loadcase=  4 >>> Effort = 0.31239 <<<<
Failure(STR) S12 min= -67 ----  Allowed S12 Min (Compressive)= -33.5 ------> Model S12 Min (Compressive)= -21.1 ------>>   [  OK  ]     min value from loadcase=  4 >>> Effort = 0.31493 <<<<
*********************************************************************
************************MEMBER OUTPUT*********************************************
eigenPerformanceError=1.7644
materialRelativeDifferenceError=0
s11Error= 0.0030819
s22Error= 5.0731e-12
s12Error= 9.2482e-75
objectiveVal= 1.7644
*********************************************************************
Load case 1 effort:     S11        S22       S12 
   tensile:           0.22685      0.4502     0.21493
   compressive:       0.15892    0.041769     0.21493
Load case 2 effort:     S11        S22       S12 
   tensile:           0.19547     0.37694     0.23149
   compressive:       0.45749     0.11325     0.23373
Load case 3 effort:     S11        S22       S12 
   tensile:           0.23569     0.45939     0.28716
   compressive:       0.11549    0.049082     0.27507
Load case 4 effort:     S11        S22       S12 
   tensile:           0.19935     0.40102     0.31239
   compressive:       0.47961      0.0925     0.31493
***********************************************************************************
D000280200010F9A2398210813450000
***********************************************************************************
Member-8-Generation-15
S11     S22     S12

MaxStressData =

  528.0000   22.1100   14.4700
  455.3000   18.5600   15.4500
  545.4000   22.3800   19.2200
  460.6000   18.3100   20.9500

S11     S22     S12

MinStressData =

 -156.0000   -6.6750  -14.4700
 -449.2000  -18.1300  -15.7000
 -112.9000    2.4010  -18.3900
 -460.3000  -14.8400  -21.2400

***********************************************************************************
G15ID000280800018536FA88A10813450000
***********************************************************************************
************************FAILURE LIMITS*********************************************
Failure(STR) S11 max= 2320 ----  Allowed S11 Max (Tensile)    = 1160 ------> Model S11 Max (Tensile)    = 545.4 ------>>  [  OK  ]      max value from loadcase=  3 >>> Effort = 0.23509 <<<<
Failure(STR) S11 min= -981 ----  Allowed S11 Min (Compressive)= -490.5 ------> Model S11 Min (Compressive)= -460.3 ------>>   [  OK  ]     min value from loadcase=  4 >>> Effort = 0.46922 <<<<
Failure(STR) S22 max= 49 ----  Allowed S22 Max (Tensile)    = 24.5 ------> Model S22 Max (Tensile)    = 22.38 ------>>   [  OK  ]     max value from loadcase=  3 >>> Effort = 0.45673 <<<<
Failure(STR) S22 min= -160 ----  Allowed S22 Min (Compressive)= -80 ------> Model S22 Min (Compressive)= -18.13 ------>>   [  OK  ]     min value from loadcase=  2 >>> Effort = 0.11331 <<<<
Failure(STR) S12 max= 67 ----  Allowed S12 Max (Tensile)    = 33.5 ------> Model S12 Max (Tensile)    = 20.95 ------>>   [  OK  ]     max value from loadcase=  4 >>> Effort = 0.31269 <<<<
Failure(STR) S12 min= -67 ----  Allowed S12 Min (Compressive)= -33.5 ------> Model S12 Min (Compressive)= -21.24 ------>>   [  OK  ]     min value from loadcase=  4 >>> Effort = 0.31701 <<<<
*********************************************************************
************************MEMBER OUTPUT*********************************************
eigenPerformanceError=2.1962
materialRelativeDifferenceError=0
s11Error= 9.4021e-08
s22Error= 3.5732e-13
s12Error= 7.4737e-74
objectiveVal= 2.1962
*********************************************************************
Load case 1 effort:     S11        S22       S12 
   tensile:           0.22759     0.45122     0.21597
   compressive:       0.15902    0.041719     0.21597
Load case 2 effort:     S11        S22       S12 
   tensile:           0.19625     0.37878      0.2306
   compressive:       0.4579     0.11331     0.23433
Load case 3 effort:     S11        S22       S12 
   tensile:           0.23509     0.45673     0.28687
   compressive:       0.11509       0.049     0.27448
Load case 4 effort:     S11        S22       S12 
   tensile:           0.19853     0.37367     0.31269
   compressive:       0.46922     0.09275     0.31701
***********************************************************************************
D000280800018536FA88A10813450000
***********************************************************************************
Member-9-Generation-15
S11     S22     S12

MaxStressData =

  530.8000   22.1900   14.7800
  455.9000   18.5900   15.4700
  546.0000   22.4200   19.2300
  460.6000   18.3100   20.9700

S11     S22     S12

MinStressData =

 -156.2000   -6.6900  -14.7900
 -449.7000  -18.1500  -15.7200
 -113.1000    2.4020  -18.3600
 -463.7000  -14.8100  -21.1800

***********************************************************************************
G15ID000280800018C3A2193210813450000
***********************************************************************************
************************FAILURE LIMITS*********************************************
Failure(STR) S11 max= 2320 ----  Allowed S11 Max (Tensile)    = 1160 ------> Model S11 Max (Tensile)    = 546 ------>>  [  OK  ]      max value from loadcase=  3 >>> Effort = 0.23534 <<<<
Failure(STR) S11 min= -981 ----  Allowed S11 Min (Compressive)= -490.5 ------> Model S11 Min (Compressive)= -463.7 ------>>   [  OK  ]     min value from loadcase=  4 >>> Effort = 0.47268 <<<<
Failure(STR) S22 max= 49 ----  Allowed S22 Max (Tensile)    = 24.5 ------> Model S22 Max (Tensile)    = 22.42 ------>>   [  OK  ]     max value from loadcase=  3 >>> Effort = 0.45755 <<<<
Failure(STR) S22 min= -160 ----  Allowed S22 Min (Compressive)= -80 ------> Model S22 Min (Compressive)= -18.15 ------>>   [  OK  ]     min value from loadcase=  2 >>> Effort = 0.11344 <<<<
Failure(STR) S12 max= 67 ----  Allowed S12 Max (Tensile)    = 33.5 ------> Model S12 Max (Tensile)    = 20.97 ------>>   [  OK  ]     max value from loadcase=  4 >>> Effort = 0.31299 <<<<
Failure(STR) S12 min= -67 ----  Allowed S12 Min (Compressive)= -33.5 ------> Model S12 Min (Compressive)= -21.18 ------>>   [  OK  ]     min value from loadcase=  4 >>> Effort = 0.31612 <<<<
*********************************************************************
************************MEMBER OUTPUT*********************************************
eigenPerformanceError=2.0607
materialRelativeDifferenceError=10.1562
s11Error= 3.009e-06
s22Error= 8.0833e-13
s12Error= 3.0522e-74
objectiveVal= 10.3632
*********************************************************************
Load case 1 effort:     S11        S22       S12 
   tensile:           0.22879     0.45286      0.2206
   compressive:       0.15923    0.041813     0.22075
Load case 2 effort:     S11        S22       S12 
   tensile:           0.19651     0.37939      0.2309
   compressive:       0.45841     0.11344     0.23463
Load case 3 effort:     S11        S22       S12 
   tensile:           0.23534     0.45755     0.28701
   compressive:       0.11529     0.04902     0.27403
Load case 4 effort:     S11        S22       S12 
   tensile:           0.19853     0.37367     0.31299
   compressive:       0.47268    0.092563     0.31612
***********************************************************************************
D000280800018C3A2193210813450000
***********************************************************************************
Member-10-Generation-15
S11     S22     S12

MaxStressData =

  532.8000   22.2800   14.8300
  457.7000   18.6700   15.5700
  552.9000   22.7400   19.4400
  459.5000   19.9000   20.8600

S11     S22     S12

MinStressData =

 -155.5000   -6.6890  -14.8400
 -452.9000  -18.2800  -15.8500
 -114.5000    2.4180  -18.6000
 -469.3000  -14.7300  -21.1800

***********************************************************************************
G15ID002080200018CB6A087A00003550A03
***********************************************************************************
************************FAILURE LIMITS*********************************************
Failure(STR) S11 max= 2320 ----  Allowed S11 Max (Tensile)    = 1160 ------> Model S11 Max (Tensile)    = 552.9 ------>>  [  OK  ]      max value from loadcase=  3 >>> Effort = 0.23832 <<<<
Failure(STR) S11 min= -981 ----  Allowed S11 Min (Compressive)= -490.5 ------> Model S11 Min (Compressive)= -469.3 ------>>   [  OK  ]     min value from loadcase=  4 >>> Effort = 0.47839 <<<<
Failure(STR) S22 max= 49 ----  Allowed S22 Max (Tensile)    = 24.5 ------> Model S22 Max (Tensile)    = 22.74 ------>>   [  OK  ]     max value from loadcase=  3 >>> Effort = 0.46408 <<<<
Failure(STR) S22 min= -160 ----  Allowed S22 Min (Compressive)= -80 ------> Model S22 Min (Compressive)= -18.28 ------>>   [  OK  ]     min value from loadcase=  2 >>> Effort = 0.11425 <<<<
Failure(STR) S12 max= 67 ----  Allowed S12 Max (Tensile)    = 33.5 ------> Model S12 Max (Tensile)    = 20.86 ------>>   [  OK  ]     max value from loadcase=  4 >>> Effort = 0.31134 <<<<
Failure(STR) S12 min= -67 ----  Allowed S12 Min (Compressive)= -33.5 ------> Model S12 Min (Compressive)= -21.18 ------>>   [  OK  ]     min value from loadcase=  4 >>> Effort = 0.31612 <<<<
*********************************************************************
************************MEMBER OUTPUT*********************************************
eigenPerformanceError=2.2874
materialRelativeDifferenceError=0
s11Error= 0.00090693
s22Error= 5.5437e-10
s12Error= 3.0522e-74
objectiveVal= 2.2874
*********************************************************************
Load case 1 effort:     S11        S22       S12 
   tensile:           0.22966     0.45469     0.22134
   compressive:       0.15851    0.041806     0.22149
Load case 2 effort:     S11        S22       S12 
   tensile:           0.19728     0.38102     0.23239
   compressive:       0.46167     0.11425     0.23657
Load case 3 effort:     S11        S22       S12 
   tensile:           0.23832     0.46408     0.29015
   compressive:       0.11672    0.049347     0.27761
Load case 4 effort:     S11        S22       S12 
   tensile:           0.19806     0.40612     0.31134
   compressive:       0.47839    0.092063     0.31612
***********************************************************************************
D002080200018CB6A087A00003550A03
***********************************************************************************
Member-11-Generation-15
S11     S22     S12

MaxStressData =

  538.9000   22.5800   14.6400
  453.7000   18.5100   15.4200
  542.1000   22.2900   19.2800
  466.1000   19.1800   22.3200

S11     S22     S12

MinStressData =

 -155.8000   -6.7260  -14.6400
 -448.7000  -18.1100  -15.6900
 -113.3000    2.3860  -18.2600
 -468.0000  -14.9800  -22.4200

***********************************************************************************
G15ID00C14012102C10B180460C400080040
***********************************************************************************
************************FAILURE LIMITS*********************************************
Failure(STR) S11 max= 2320 ----  Allowed S11 Max (Tensile)    = 1160 ------> Model S11 Max (Tensile)    = 542.1 ------>>  [  OK  ]      max value from loadcase=  3 >>> Effort = 0.23366 <<<<
Failure(STR) S11 min= -981 ----  Allowed S11 Min (Compressive)= -490.5 ------> Model S11 Min (Compressive)= -468 ------>>   [  OK  ]     min value from loadcase=  4 >>> Effort = 0.47706 <<<<
Failure(STR) S22 max= 49 ----  Allowed S22 Max (Tensile)    = 24.5 ------> Model S22 Max (Tensile)    = 22.58 ------>>   [  OK  ]     max value from loadcase=  1 >>> Effort = 0.46082 <<<<
Failure(STR) S22 min= -160 ----  Allowed S22 Min (Compressive)= -80 ------> Model S22 Min (Compressive)= -18.11 ------>>   [  OK  ]     min value from loadcase=  2 >>> Effort = 0.11319 <<<<
Failure(STR) S12 max= 67 ----  Allowed S12 Max (Tensile)    = 33.5 ------> Model S12 Max (Tensile)    = 22.32 ------>>   [  OK  ]     max value from loadcase=  4 >>> Effort = 0.33313 <<<<
Failure(STR) S12 min= -67 ----  Allowed S12 Min (Compressive)= -33.5 ------> Model S12 Min (Compressive)= -22.42 ------>>   [  OK  ]     min value from loadcase=  4 >>> Effort = 0.33463 <<<<
*********************************************************************
************************MEMBER OUTPUT*********************************************
eigenPerformanceError=3.1037
materialRelativeDifferenceError=25.438
s11Error= 0.00024102
s22Error= 2.1169e-11
s12Error= 3.3289e-66
objectiveVal= 25.6266
*********************************************************************
Load case 1 effort:     S11        S22       S12 
   tensile:           0.23228     0.46082     0.21851
   compressive:       0.15882    0.042037     0.21851
Load case 2 effort:     S11        S22       S12 
   tensile:           0.19556     0.37776     0.23015
   compressive:       0.45739     0.11319     0.23418
Load case 3 effort:     S11        S22       S12 
   tensile:           0.23366      0.4549     0.28776
   compressive:       0.11549    0.048694     0.27254
Load case 4 effort:     S11        S22       S12 
   tensile:           0.20091     0.39143     0.33313
   compressive:       0.47706    0.093625     0.33463
***********************************************************************************
D00C14012102C10B180460C400080040
***********************************************************************************
Member-12-Generation-15
S11     S22     S12

MaxStressData =

  526.0000   24.5100   15.9900
  458.5000   18.6900   15.5900
  561.5000   23.0200   19.6700
  476.5000   19.5900   22.8600

S11     S22     S12

MinStressData =

 -160.6000   -6.9340  -16.0000
 -450.1000  -18.1700  -15.7300
 -115.7000    2.3810  -18.4400
 -477.5000  -15.6200  -22.7900

***********************************************************************************
G15ID01F1AA368169D093082352242E151E5
***********************************************************************************
************************FAILURE LIMITS*********************************************
Failure(STR) S11 max= 2320 ----  Allowed S11 Max (Tensile)    = 1160 ------> Model S11 Max (Tensile)    = 561.5 ------>>  [  OK  ]      max value from loadcase=  3 >>> Effort = 0.24203 <<<<
Failure(STR) S11 min= -981 ----  Allowed S11 Min (Compressive)= -490.5 ------> Model S11 Min (Compressive)= -477.5 ------>>   [  OK  ]     min value from loadcase=  4 >>> Effort = 0.48675 <<<<
Failure(STR) S22 max= 49 ----  Allowed S22 Max (Tensile)    = 24.5 ------> Model S22 Max (Tensile)    = 24.51 ------>>  !!!  VIOLATED  !!!  max value from loadcase=  1 >>> Effort = 0.5002 <<<<
Failure(STR) S22 min= -160 ----  Allowed S22 Min (Compressive)= -80 ------> Model S22 Min (Compressive)= -18.17 ------>>   [  OK  ]     min value from loadcase=  2 >>> Effort = 0.11356 <<<<
Failure(STR) S12 max= 67 ----  Allowed S12 Max (Tensile)    = 33.5 ------> Model S12 Max (Tensile)    = 22.86 ------>>   [  OK  ]     max value from loadcase=  4 >>> Effort = 0.34119 <<<<
Failure(STR) S12 min= -67 ----  Allowed S12 Min (Compressive)= -33.5 ------> Model S12 Min (Compressive)= -22.79 ------>>   [  OK  ]     min value from loadcase=  4 >>> Effort = 0.34015 <<<<
*********************************************************************
************************MEMBER OUTPUT*********************************************
eigenPerformanceError=7.4513
materialRelativeDifferenceError=0
s11Error= 3.7263
s22Error= 99.9963
s12Error= 2.368e-63
objectiveVal= 100.3427
*********************************************************************
Load case 1 effort:     S11        S22       S12 
   tensile:           0.22672      0.5002     0.23866
   compressive:       0.16371    0.043338     0.23881
Load case 2 effort:     S11        S22       S12 
   tensile:           0.19763     0.38143     0.23269
   compressive:       0.45882     0.11356     0.23478
Load case 3 effort:     S11        S22       S12 
   tensile:           0.24203      0.4698     0.29358
   compressive:       0.11794    0.048592     0.27522
Load case 4 effort:     S11        S22       S12 
   tensile:           0.20539      0.3998     0.34119
   compressive:       0.48675    0.097625     0.34015
***********************************************************************************
D01F1AA368169D093082352242E151E5
***********************************************************************************
Member-13-Generation-15
S11     S22     S12

MaxStressData =

  540.8000   22.5800   14.6200
  453.1000   18.4600   15.5200
  542.5000   22.2800   19.2600
  475.1000   18.0500   22.2300

S11     S22     S12

MinStressData =

 -157.5000   -6.7650  -14.5400
 -448.5000  -18.1000  -15.6700
 -113.4000    2.3920  -18.4600
 -474.4000  -15.5600  -21.9600

***********************************************************************************
G15ID04005401B0C20E401E8008040A08200
***********************************************************************************
************************FAILURE LIMITS*********************************************
Failure(STR) S11 max= 2320 ----  Allowed S11 Max (Tensile)    = 1160 ------> Model S11 Max (Tensile)    = 542.5 ------>>  [  OK  ]      max value from loadcase=  3 >>> Effort = 0.23384 <<<<
Failure(STR) S11 min= -981 ----  Allowed S11 Min (Compressive)= -490.5 ------> Model S11 Min (Compressive)= -474.4 ------>>   [  OK  ]     min value from loadcase=  4 >>> Effort = 0.48359 <<<<
Failure(STR) S22 max= 49 ----  Allowed S22 Max (Tensile)    = 24.5 ------> Model S22 Max (Tensile)    = 22.58 ------>>   [  OK  ]     max value from loadcase=  1 >>> Effort = 0.46082 <<<<
Failure(STR) S22 min= -160 ----  Allowed S22 Min (Compressive)= -80 ------> Model S22 Min (Compressive)= -18.1 ------>>   [  OK  ]     min value from loadcase=  2 >>> Effort = 0.11313 <<<<
Failure(STR) S12 max= 67 ----  Allowed S12 Max (Tensile)    = 33.5 ------> Model S12 Max (Tensile)    = 22.23 ------>>   [  OK  ]     max value from loadcase=  4 >>> Effort = 0.33179 <<<<
Failure(STR) S12 min= -67 ----  Allowed S12 Min (Compressive)= -33.5 ------> Model S12 Min (Compressive)= -21.96 ------>>   [  OK  ]     min value from loadcase=  4 >>> Effort = 0.32776 <<<<
*********************************************************************
************************MEMBER OUTPUT*********************************************
eigenPerformanceError=3.2011
materialRelativeDifferenceError=13.7429
s11Error= 0.16393
s22Error= 2.1169e-11
s12Error= 1.9531e-67
objectiveVal= 14.1117
*********************************************************************
Load case 1 effort:     S11        S22       S12 
   tensile:           0.2331     0.46082     0.21821
   compressive:       0.16055    0.042281     0.21701
Load case 2 effort:     S11        S22       S12 
   tensile:           0.1953     0.37673     0.23164
   compressive:       0.45719     0.11313     0.23388
Load case 3 effort:     S11        S22       S12 
   tensile:           0.23384     0.45469     0.28746
   compressive:       0.1156    0.048816     0.27552
Load case 4 effort:     S11        S22       S12 
   tensile:           0.20478     0.36837     0.33179
   compressive:       0.48359     0.09725     0.32776
***********************************************************************************
D04005401B0C20E401E8008040A08200
***********************************************************************************
Member-14-Generation-15
S11     S22     S12

MaxStressData =

  564.9000   23.6200   15.3300
  456.4000   18.5800   15.6900
  553.7000   22.7400   19.6100
  476.3000   19.9000   22.4700

S11     S22     S12

MinStressData =

 -158.3000   -6.8520  -15.3500
 -452.7000  -18.2800  -15.7800
 -115.7000    2.4040  -18.5600
 -484.3000  -15.4400  -22.8200

***********************************************************************************
G15ID052823653B41422C066C720541CB067
***********************************************************************************
************************FAILURE LIMITS*********************************************
Failure(STR) S11 max= 2320 ----  Allowed S11 Max (Tensile)    = 1160 ------> Model S11 Max (Tensile)    = 564.9 ------>>  [  OK  ]      max value from loadcase=  1 >>> Effort = 0.24349 <<<<
Failure(STR) S11 min= -981 ----  Allowed S11 Min (Compressive)= -490.5 ------> Model S11 Min (Compressive)= -484.3 ------>>   [  OK  ]     min value from loadcase=  4 >>> Effort = 0.49368 <<<<
Failure(STR) S22 max= 49 ----  Allowed S22 Max (Tensile)    = 24.5 ------> Model S22 Max (Tensile)    = 23.62 ------>>   [  OK  ]     max value from loadcase=  1 >>> Effort = 0.48204 <<<<
Failure(STR) S22 min= -160 ----  Allowed S22 Min (Compressive)= -80 ------> Model S22 Min (Compressive)= -18.28 ------>>   [  OK  ]     min value from loadcase=  2 >>> Effort = 0.11425 <<<<
Failure(STR) S12 max= 67 ----  Allowed S12 Max (Tensile)    = 33.5 ------> Model S12 Max (Tensile)    = 22.47 ------>>   [  OK  ]     max value from loadcase=  4 >>> Effort = 0.33537 <<<<
Failure(STR) S12 min= -67 ----  Allowed S12 Min (Compressive)= -33.5 ------> Model S12 Min (Compressive)= -22.82 ------>>   [  OK  ]     min value from loadcase=  4 >>> Effort = 0.3406 <<<<
*********************************************************************
************************MEMBER OUTPUT*********************************************
eigenPerformanceError=5.2173
materialRelativeDifferenceError=0
s11Error= 97.5396
s22Error= 0.034932
s12Error= 1.3035e-63
objectiveVal= 97.679
*********************************************************************
Load case 1 effort:     S11        S22       S12 
   tensile:           0.24349     0.48204     0.22881
   compressive:       0.16137    0.042825      0.2291
Load case 2 effort:     S11        S22       S12 
   tensile:           0.19672     0.37918     0.23418
   compressive:       0.46147     0.11425     0.23552
Load case 3 effort:     S11        S22       S12 
   tensile:           0.23866     0.46408     0.29269
   compressive:       0.11794    0.049061     0.27701
Load case 4 effort:     S11        S22       S12 
   tensile:           0.2053     0.40612     0.33537
   compressive:       0.49368      0.0965      0.3406
***********************************************************************************
D052823653B41422C066C720541CB067
***********************************************************************************
Member-15-Generation-15
S11     S22     S12

MaxStressData =

  573.7000   24.0700   15.5400
  459.0000   18.7000   15.6900
  552.6000   22.5400   19.5900
  476.0000   19.8100   21.6900

S11     S22     S12

MinStressData =

 -157.1000   -6.7870  -15.5600
 -452.6000  -18.2800  -15.8100
 -115.5000    2.4140  -18.4800
 -485.9000  -15.7700  -23.0000

***********************************************************************************
G15ID0629EAEE40051028CE164B228E33F1D
***********************************************************************************
************************FAILURE LIMITS*********************************************
Failure(STR) S11 max= 2320 ----  Allowed S11 Max (Tensile)    = 1160 ------> Model S11 Max (Tensile)    = 573.7 ------>>  [  OK  ]      max value from loadcase=  1 >>> Effort = 0.24728 <<<<
Failure(STR) S11 min= -981 ----  Allowed S11 Min (Compressive)= -490.5 ------> Model S11 Min (Compressive)= -485.9 ------>>   [  OK  ]     min value from loadcase=  4 >>> Effort = 0.49531 <<<<
Failure(STR) S22 max= 49 ----  Allowed S22 Max (Tensile)    = 24.5 ------> Model S22 Max (Tensile)    = 24.07 ------>>   [  OK  ]     max value from loadcase=  1 >>> Effort = 0.49122 <<<<
Failure(STR) S22 min= -160 ----  Allowed S22 Min (Compressive)= -80 ------> Model S22 Min (Compressive)= -18.28 ------>>   [  OK  ]     min value from loadcase=  2 >>> Effort = 0.11425 <<<<
Failure(STR) S12 max= 67 ----  Allowed S12 Max (Tensile)    = 33.5 ------> Model S12 Max (Tensile)    = 21.69 ------>>   [  OK  ]     max value from loadcase=  4 >>> Effort = 0.32373 <<<<
Failure(STR) S12 min= -67 ----  Allowed S12 Min (Compressive)= -33.5 ------> Model S12 Min (Compressive)= -23 ------>>   [  OK  ]     min value from loadcase=  4 >>> Effort = 0.34328 <<<<
*********************************************************************
************************MEMBER OUTPUT*********************************************
eigenPerformanceError=5.69
materialRelativeDifferenceError=0
s11Error= 99.5087
s22Error= 77.2853
s12Error= 1.9137e-62
objectiveVal= 126.1244
*********************************************************************
Load case 1 effort:     S11        S22       S12 
   tensile:           0.24728     0.49122     0.23194
   compressive:       0.16014    0.042419     0.23224
Load case 2 effort:     S11        S22       S12 
   tensile:           0.19784     0.38163     0.23418
   compressive:       0.46137     0.11425     0.23597
Load case 3 effort:     S11        S22       S12 
   tensile:           0.23819        0.46     0.29239
   compressive:       0.11774    0.049265     0.27582
Load case 4 effort:     S11        S22       S12 
   tensile:           0.20517     0.40429     0.32373
   compressive:       0.49531    0.098562     0.34328
***********************************************************************************
D0629EAEE40051028CE164B228E33F1D
***********************************************************************************

*****	GENERATION #15 simulation complete	***********
GEN: 15 | Obj: 1.740391 | RCYCLE: 31.654830 %
