Member-1-Generation-21
S11     S22     S12

MaxStressData =

  526.5000   22.0700   14.4100
  454.2000   18.5000   15.5400
  543.8000   22.2800   19.2400
  460.7000   17.9200   20.9600

S11     S22     S12

MinStressData =

 -155.6000   -6.6730  -14.4100
 -448.7000  -18.1200  -15.6800
 -113.4000    2.4040  -18.5000
 -459.8000  -14.8000  -21.0600

***********************************************************************************
G21ID000280000010392B388A00813450001
***********************************************************************************
************************FAILURE LIMITS*********************************************
Failure(STR) S11 max= 2320 ----  Allowed S11 Max (Tensile)    = 1160 ------> Model S11 Max (Tensile)    = 543.8 ------>>  [  OK  ]      max value from loadcase=  3 >>> Effort = 0.2344 <<<<
Failure(STR) S11 min= -981 ----  Allowed S11 Min (Compressive)= -490.5 ------> Model S11 Min (Compressive)= -459.8 ------>>   [  OK  ]     min value from loadcase=  4 >>> Effort = 0.46871 <<<<
Failure(STR) S22 max= 49 ----  Allowed S22 Max (Tensile)    = 24.5 ------> Model S22 Max (Tensile)    = 22.28 ------>>   [  OK  ]     max value from loadcase=  3 >>> Effort = 0.45469 <<<<
Failure(STR) S22 min= -160 ----  Allowed S22 Min (Compressive)= -80 ------> Model S22 Min (Compressive)= -18.12 ------>>   [  OK  ]     min value from loadcase=  2 >>> Effort = 0.11325 <<<<
Failure(STR) S12 max= 67 ----  Allowed S12 Max (Tensile)    = 33.5 ------> Model S12 Max (Tensile)    = 20.96 ------>>   [  OK  ]     max value from loadcase=  4 >>> Effort = 0.31284 <<<<
Failure(STR) S12 min= -67 ----  Allowed S12 Min (Compressive)= -33.5 ------> Model S12 Min (Compressive)= -21.06 ------>>   [  OK  ]     min value from loadcase=  4 >>> Effort = 0.31433 <<<<
*********************************************************************
************************MEMBER OUTPUT*********************************************
eigenPerformanceError=1.7336
materialRelativeDifferenceError=2.1307
s11Error= 5.6477e-08
s22Error= 4.6424e-14
s12Error= 5.0907e-75
objectiveVal= 2.7468
*********************************************************************
Load case 1 effort:     S11        S22       S12 
   tensile:           0.22694     0.45041     0.21507
   compressive:       0.15861    0.041706     0.21507
Load case 2 effort:     S11        S22       S12 
   tensile:           0.19578     0.37755     0.23194
   compressive:       0.45739     0.11325     0.23403
Load case 3 effort:     S11        S22       S12 
   tensile:           0.2344     0.45469     0.28716
   compressive:       0.1156    0.049061     0.27612
Load case 4 effort:     S11        S22       S12 
   tensile:           0.19858     0.36571     0.31284
   compressive:       0.46871      0.0925     0.31433
***********************************************************************************
D000280000010392B388A00813450001
***********************************************************************************
Member-2-Generation-21
S11     S22     S12

MaxStressData =

  526.5000   22.0700   14.4100
  452.6000   18.4300   15.4800
  542.1000   22.2300   19.2200
  460.6000   18.2100   20.9400

S11     S22     S12

MinStressData =

 -155.0000   -6.6500  -14.4100
 -448.4000  -18.1000  -15.6700
 -113.1000    2.4000  -18.4000
 -459.9000  -14.8000  -21.1900

***********************************************************************************
G21ID00028000001079A2398200813440001
***********************************************************************************
************************FAILURE LIMITS*********************************************
Failure(STR) S11 max= 2320 ----  Allowed S11 Max (Tensile)    = 1160 ------> Model S11 Max (Tensile)    = 542.1 ------>>  [  OK  ]      max value from loadcase=  3 >>> Effort = 0.23366 <<<<
Failure(STR) S11 min= -981 ----  Allowed S11 Min (Compressive)= -490.5 ------> Model S11 Min (Compressive)= -459.9 ------>>   [  OK  ]     min value from loadcase=  4 >>> Effort = 0.46881 <<<<
Failure(STR) S22 max= 49 ----  Allowed S22 Max (Tensile)    = 24.5 ------> Model S22 Max (Tensile)    = 22.23 ------>>   [  OK  ]     max value from loadcase=  3 >>> Effort = 0.45367 <<<<
Failure(STR) S22 min= -160 ----  Allowed S22 Min (Compressive)= -80 ------> Model S22 Min (Compressive)= -18.1 ------>>   [  OK  ]     min value from loadcase=  2 >>> Effort = 0.11313 <<<<
Failure(STR) S12 max= 67 ----  Allowed S12 Max (Tensile)    = 33.5 ------> Model S12 Max (Tensile)    = 20.94 ------>>   [  OK  ]     max value from loadcase=  4 >>> Effort = 0.31254 <<<<
Failure(STR) S12 min= -67 ----  Allowed S12 Min (Compressive)= -33.5 ------> Model S12 Min (Compressive)= -21.19 ------>>   [  OK  ]     min value from loadcase=  4 >>> Effort = 0.31627 <<<<
*********************************************************************
************************MEMBER OUTPUT*********************************************
eigenPerformanceError=1.7145
materialRelativeDifferenceError=0
s11Error= 6.2538e-08
s22Error= 1.6734e-14
s12Error= 3.5435e-74
objectiveVal= 1.7145
*********************************************************************
Load case 1 effort:     S11        S22       S12 
   tensile:           0.22694     0.45041     0.21507
   compressive:       0.158    0.041563     0.21507
Load case 2 effort:     S11        S22       S12 
   tensile:           0.19509     0.37612     0.23104
   compressive:       0.45708     0.11313     0.23388
Load case 3 effort:     S11        S22       S12 
   tensile:           0.23366     0.45367     0.28687
   compressive:       0.11529     0.04898     0.27463
Load case 4 effort:     S11        S22       S12 
   tensile:           0.19853     0.37163     0.31254
   compressive:       0.46881      0.0925     0.31627
***********************************************************************************
D00028000001079A2398200813440001
***********************************************************************************
Member-3-Generation-21
S11     S22     S12

MaxStressData =

  528.9000   22.1600   14.6100
  453.6000   18.4700   15.5500
  546.5000   22.4900   19.2600
  462.2000   19.3000   20.7900

S11     S22     S12

MinStressData =

 -156.0000   -6.6930  -14.6200
 -448.6000  -18.1100  -15.6800
 -113.1000    2.4050  -18.4100
 -470.4000  -14.8000  -21.1100

***********************************************************************************
G21ID000280200010392F881A00813450000
***********************************************************************************
************************FAILURE LIMITS*********************************************
Failure(STR) S11 max= 2320 ----  Allowed S11 Max (Tensile)    = 1160 ------> Model S11 Max (Tensile)    = 546.5 ------>>  [  OK  ]      max value from loadcase=  3 >>> Effort = 0.23556 <<<<
Failure(STR) S11 min= -981 ----  Allowed S11 Min (Compressive)= -490.5 ------> Model S11 Min (Compressive)= -470.4 ------>>   [  OK  ]     min value from loadcase=  4 >>> Effort = 0.47951 <<<<
Failure(STR) S22 max= 49 ----  Allowed S22 Max (Tensile)    = 24.5 ------> Model S22 Max (Tensile)    = 22.49 ------>>   [  OK  ]     max value from loadcase=  3 >>> Effort = 0.45898 <<<<
Failure(STR) S22 min= -160 ----  Allowed S22 Min (Compressive)= -80 ------> Model S22 Min (Compressive)= -18.11 ------>>   [  OK  ]     min value from loadcase=  2 >>> Effort = 0.11319 <<<<
Failure(STR) S12 max= 67 ----  Allowed S12 Max (Tensile)    = 33.5 ------> Model S12 Max (Tensile)    = 20.79 ------>>   [  OK  ]     max value from loadcase=  4 >>> Effort = 0.3103 <<<<
Failure(STR) S12 min= -67 ----  Allowed S12 Min (Compressive)= -33.5 ------> Model S12 Min (Compressive)= -21.11 ------>>   [  OK  ]     min value from loadcase=  4 >>> Effort = 0.31507 <<<<
*********************************************************************
************************MEMBER OUTPUT*********************************************
eigenPerformanceError=1.6673
materialRelativeDifferenceError=2.8883
s11Error= 0.0027832
s22Error= 3.3729e-12
s12Error= 1.0737e-74
objectiveVal= 3.335
*********************************************************************
Load case 1 effort:     S11        S22       S12 
   tensile:           0.22797     0.45224     0.21806
   compressive:       0.15902    0.041831     0.21821
Load case 2 effort:     S11        S22       S12 
   tensile:           0.19552     0.37694     0.23209
   compressive:       0.45729     0.11319     0.23403
Load case 3 effort:     S11        S22       S12 
   tensile:           0.23556     0.45898     0.28746
   compressive:       0.11529    0.049082     0.27478
Load case 4 effort:     S11        S22       S12 
   tensile:           0.19922     0.39388      0.3103
   compressive:       0.47951      0.0925     0.31507
***********************************************************************************
D000280200010392F881A00813450000
***********************************************************************************
Member-4-Generation-21
S11     S22     S12

MaxStressData =

  526.5000   22.0700   14.4100
  454.2000   18.5000   15.5400
  546.4000   22.4900   19.2700
  462.5000   19.6500   20.9400

S11     S22     S12

MinStressData =

 -155.6000   -6.6720  -14.4100
 -448.8000  -18.1200  -15.6800
 -113.6000    2.4050  -18.4400
 -470.9000  -14.8000  -21.1900

***********************************************************************************
G21ID00028020001079A2398200813450001
***********************************************************************************
************************FAILURE LIMITS*********************************************
Failure(STR) S11 max= 2320 ----  Allowed S11 Max (Tensile)    = 1160 ------> Model S11 Max (Tensile)    = 546.4 ------>>  [  OK  ]      max value from loadcase=  3 >>> Effort = 0.23552 <<<<
Failure(STR) S11 min= -981 ----  Allowed S11 Min (Compressive)= -490.5 ------> Model S11 Min (Compressive)= -470.9 ------>>   [  OK  ]     min value from loadcase=  4 >>> Effort = 0.48002 <<<<
Failure(STR) S22 max= 49 ----  Allowed S22 Max (Tensile)    = 24.5 ------> Model S22 Max (Tensile)    = 22.49 ------>>   [  OK  ]     max value from loadcase=  3 >>> Effort = 0.45898 <<<<
Failure(STR) S22 min= -160 ----  Allowed S22 Min (Compressive)= -80 ------> Model S22 Min (Compressive)= -18.12 ------>>   [  OK  ]     min value from loadcase=  2 >>> Effort = 0.11325 <<<<
Failure(STR) S12 max= 67 ----  Allowed S12 Max (Tensile)    = 33.5 ------> Model S12 Max (Tensile)    = 20.94 ------>>   [  OK  ]     max value from loadcase=  4 >>> Effort = 0.31254 <<<<
Failure(STR) S12 min= -67 ----  Allowed S12 Min (Compressive)= -33.5 ------> Model S12 Min (Compressive)= -21.19 ------>>   [  OK  ]     min value from loadcase=  4 >>> Effort = 0.31627 <<<<
*********************************************************************
************************MEMBER OUTPUT*********************************************
eigenPerformanceError=1.7844
materialRelativeDifferenceError=0
s11Error= 0.0046333
s22Error= 3.3729e-12
s12Error= 3.5435e-74
objectiveVal= 1.7844
*********************************************************************
Load case 1 effort:     S11        S22       S12 
   tensile:           0.22694     0.45041     0.21507
   compressive:       0.15861      0.0417     0.21507
Load case 2 effort:     S11        S22       S12 
   tensile:           0.19578     0.37755     0.23194
   compressive:       0.45749     0.11325     0.23403
Load case 3 effort:     S11        S22       S12 
   tensile:           0.23552     0.45898     0.28761
   compressive:       0.1158    0.049082     0.27522
Load case 4 effort:     S11        S22       S12 
   tensile:           0.19935     0.40102     0.31254
   compressive:       0.48002      0.0925     0.31627
***********************************************************************************
D00028020001079A2398200813450001
***********************************************************************************
Member-5-Generation-21
S11     S22     S12

MaxStressData =

  526.3000   22.0600   14.4000
  453.4000   18.4700   15.5100
  546.8000   22.5100   19.2100
  462.5000   19.6500   20.9500

S11     S22     S12

MinStressData =

 -155.9000   -6.6850  -14.4000
 -448.5000  -18.1100  -15.6700
 -113.0000    2.4040  -18.4300
 -470.5000  -14.7900  -21.0600

***********************************************************************************
G21ID00028020001079A7988210813450000
***********************************************************************************
************************FAILURE LIMITS*********************************************
Failure(STR) S11 max= 2320 ----  Allowed S11 Max (Tensile)    = 1160 ------> Model S11 Max (Tensile)    = 546.8 ------>>  [  OK  ]      max value from loadcase=  3 >>> Effort = 0.23569 <<<<
Failure(STR) S11 min= -981 ----  Allowed S11 Min (Compressive)= -490.5 ------> Model S11 Min (Compressive)= -470.5 ------>>   [  OK  ]     min value from loadcase=  4 >>> Effort = 0.47961 <<<<
Failure(STR) S22 max= 49 ----  Allowed S22 Max (Tensile)    = 24.5 ------> Model S22 Max (Tensile)    = 22.51 ------>>   [  OK  ]     max value from loadcase=  3 >>> Effort = 0.45939 <<<<
Failure(STR) S22 min= -160 ----  Allowed S22 Min (Compressive)= -80 ------> Model S22 Min (Compressive)= -18.11 ------>>   [  OK  ]     min value from loadcase=  2 >>> Effort = 0.11319 <<<<
Failure(STR) S12 max= 67 ----  Allowed S12 Max (Tensile)    = 33.5 ------> Model S12 Max (Tensile)    = 20.95 ------>>   [  OK  ]     max value from loadcase=  4 >>> Effort = 0.31269 <<<<
Failure(STR) S12 min= -67 ----  Allowed S12 Min (Compressive)= -33.5 ------> Model S12 Min (Compressive)= -21.06 ------>>   [  OK  ]     min value from loadcase=  4 >>> Effort = 0.31433 <<<<
*********************************************************************
************************MEMBER OUTPUT*********************************************
eigenPerformanceError=1.7948
materialRelativeDifferenceError=0
s11Error= 0.0030819
s22Error= 5.0731e-12
s12Error= 5.0907e-75
objectiveVal= 1.7948
*********************************************************************
Load case 1 effort:     S11        S22       S12 
   tensile:           0.22685      0.4502     0.21493
   compressive:       0.15892    0.041781     0.21493
Load case 2 effort:     S11        S22       S12 
   tensile:           0.19543     0.37694     0.23149
   compressive:       0.45719     0.11319     0.23388
Load case 3 effort:     S11        S22       S12 
   tensile:           0.23569     0.45939     0.28672
   compressive:       0.11519    0.049061     0.27507
Load case 4 effort:     S11        S22       S12 
   tensile:           0.19935     0.40102     0.31269
   compressive:       0.47961    0.092437     0.31433
***********************************************************************************
D00028020001079A7988210813450000
***********************************************************************************
Member-6-Generation-21
S11     S22     S12

MaxStressData =

  528.9000   22.1600   14.6100
  453.6000   18.4700   15.5500
  546.9000   22.5100   19.2600
  462.6000   19.7400   20.7900

S11     S22     S12

MinStressData =

 -156.0000   -6.6930  -14.6200
 -448.6000  -18.1100  -15.6800
 -113.0000    2.4050  -18.4300
 -470.6000  -14.8000  -21.1100

***********************************************************************************
G21ID00028020001079AF881A00813450000
***********************************************************************************
************************FAILURE LIMITS*********************************************
Failure(STR) S11 max= 2320 ----  Allowed S11 Max (Tensile)    = 1160 ------> Model S11 Max (Tensile)    = 546.9 ------>>  [  OK  ]      max value from loadcase=  3 >>> Effort = 0.23573 <<<<
Failure(STR) S11 min= -981 ----  Allowed S11 Min (Compressive)= -490.5 ------> Model S11 Min (Compressive)= -470.6 ------>>   [  OK  ]     min value from loadcase=  4 >>> Effort = 0.47971 <<<<
Failure(STR) S22 max= 49 ----  Allowed S22 Max (Tensile)    = 24.5 ------> Model S22 Max (Tensile)    = 22.51 ------>>   [  OK  ]     max value from loadcase=  3 >>> Effort = 0.45939 <<<<
Failure(STR) S22 min= -160 ----  Allowed S22 Min (Compressive)= -80 ------> Model S22 Min (Compressive)= -18.11 ------>>   [  OK  ]     min value from loadcase=  2 >>> Effort = 0.11319 <<<<
Failure(STR) S12 max= 67 ----  Allowed S12 Max (Tensile)    = 33.5 ------> Model S12 Max (Tensile)    = 20.79 ------>>   [  OK  ]     max value from loadcase=  4 >>> Effort = 0.3103 <<<<
Failure(STR) S12 min= -67 ----  Allowed S12 Min (Compressive)= -33.5 ------> Model S12 Min (Compressive)= -21.11 ------>>   [  OK  ]     min value from loadcase=  4 >>> Effort = 0.31507 <<<<
*********************************************************************
************************MEMBER OUTPUT*********************************************
eigenPerformanceError=1.7142
materialRelativeDifferenceError=0
s11Error= 0.0034126
s22Error= 5.0731e-12
s12Error= 1.0737e-74
objectiveVal= 1.7142
*********************************************************************
Load case 1 effort:     S11        S22       S12 
   tensile:           0.22797     0.45224     0.21806
   compressive:       0.15902    0.041831     0.21821
Load case 2 effort:     S11        S22       S12 
   tensile:           0.19552     0.37694     0.23209
   compressive:       0.45729     0.11319     0.23403
Load case 3 effort:     S11        S22       S12 
   tensile:           0.23573     0.45939     0.28746
   compressive:       0.11519    0.049082     0.27507
Load case 4 effort:     S11        S22       S12 
   tensile:           0.1994     0.40286      0.3103
   compressive:       0.47971      0.0925     0.31507
***********************************************************************************
D00028020001079AF881A00813450000
***********************************************************************************
Member-7-Generation-21
S11     S22     S12

MaxStressData =

  529.3000   22.1400   14.7100
  452.4000   18.4300   15.4900
  547.2000   22.5200   19.2800
  462.1000   19.3000   20.7700

S11     S22     S12

MinStressData =

 -155.6000   -6.6790  -14.7200
 -448.6000  -18.1100  -15.6800
 -113.5000    2.3900  -18.4300
 -470.4000  -14.7900  -21.1200

***********************************************************************************
G21ID000280200010B9A7983A00813440000
***********************************************************************************
************************FAILURE LIMITS*********************************************
Failure(STR) S11 max= 2320 ----  Allowed S11 Max (Tensile)    = 1160 ------> Model S11 Max (Tensile)    = 547.2 ------>>  [  OK  ]      max value from loadcase=  3 >>> Effort = 0.23586 <<<<
Failure(STR) S11 min= -981 ----  Allowed S11 Min (Compressive)= -490.5 ------> Model S11 Min (Compressive)= -470.4 ------>>   [  OK  ]     min value from loadcase=  4 >>> Effort = 0.47951 <<<<
Failure(STR) S22 max= 49 ----  Allowed S22 Max (Tensile)    = 24.5 ------> Model S22 Max (Tensile)    = 22.52 ------>>   [  OK  ]     max value from loadcase=  3 >>> Effort = 0.45959 <<<<
Failure(STR) S22 min= -160 ----  Allowed S22 Min (Compressive)= -80 ------> Model S22 Min (Compressive)= -18.11 ------>>   [  OK  ]     min value from loadcase=  2 >>> Effort = 0.11319 <<<<
Failure(STR) S12 max= 67 ----  Allowed S12 Max (Tensile)    = 33.5 ------> Model S12 Max (Tensile)    = 20.77 ------>>   [  OK  ]     max value from loadcase=  4 >>> Effort = 0.31 <<<<
Failure(STR) S12 min= -67 ----  Allowed S12 Min (Compressive)= -33.5 ------> Model S12 Min (Compressive)= -21.12 ------>>   [  OK  ]     min value from loadcase=  4 >>> Effort = 0.31522 <<<<
*********************************************************************
************************MEMBER OUTPUT*********************************************
eigenPerformanceError=1.8155
materialRelativeDifferenceError=0
s11Error= 0.0027832
s22Error= 6.2216e-12
s12Error= 1.2465e-74
objectiveVal= 1.8155
*********************************************************************
Load case 1 effort:     S11        S22       S12 
   tensile:           0.22815     0.45184     0.21955
   compressive:       0.15861    0.041744      0.2197
Load case 2 effort:     S11        S22       S12 
   tensile:           0.195     0.37612     0.23119
   compressive:       0.45729     0.11319     0.23403
Load case 3 effort:     S11        S22       S12 
   tensile:           0.23586     0.45959     0.28776
   compressive:       0.1157    0.048776     0.27507
Load case 4 effort:     S11        S22       S12 
   tensile:           0.19918     0.39388        0.31
   compressive:       0.47951    0.092437     0.31522
***********************************************************************************
D000280200010B9A7983A00813440000
***********************************************************************************
Member-8-Generation-21
S11     S22     S12

MaxStressData =

  529.3000   22.1400   14.7100
  454.0000   18.4900   15.5400
  546.6000   22.4900   19.2600
  462.1000   19.3000   20.7900

S11     S22     S12

MinStressData =

 -156.2000   -6.7010  -14.7200
 -449.0000  -18.1300  -15.6900
 -113.3000    2.4050  -18.4100
 -470.4000  -14.8000  -21.1200

***********************************************************************************
G21ID000280200010B9AF883A10813450000
***********************************************************************************
************************FAILURE LIMITS*********************************************
Failure(STR) S11 max= 2320 ----  Allowed S11 Max (Tensile)    = 1160 ------> Model S11 Max (Tensile)    = 546.6 ------>>  [  OK  ]      max value from loadcase=  3 >>> Effort = 0.2356 <<<<
Failure(STR) S11 min= -981 ----  Allowed S11 Min (Compressive)= -490.5 ------> Model S11 Min (Compressive)= -470.4 ------>>   [  OK  ]     min value from loadcase=  4 >>> Effort = 0.47951 <<<<
Failure(STR) S22 max= 49 ----  Allowed S22 Max (Tensile)    = 24.5 ------> Model S22 Max (Tensile)    = 22.49 ------>>   [  OK  ]     max value from loadcase=  3 >>> Effort = 0.45898 <<<<
Failure(STR) S22 min= -160 ----  Allowed S22 Min (Compressive)= -80 ------> Model S22 Min (Compressive)= -18.13 ------>>   [  OK  ]     min value from loadcase=  2 >>> Effort = 0.11331 <<<<
Failure(STR) S12 max= 67 ----  Allowed S12 Max (Tensile)    = 33.5 ------> Model S12 Max (Tensile)    = 20.79 ------>>   [  OK  ]     max value from loadcase=  4 >>> Effort = 0.3103 <<<<
Failure(STR) S12 min= -67 ----  Allowed S12 Min (Compressive)= -33.5 ------> Model S12 Min (Compressive)= -21.12 ------>>   [  OK  ]     min value from loadcase=  4 >>> Effort = 0.31522 <<<<
*********************************************************************
************************MEMBER OUTPUT*********************************************
eigenPerformanceError=1.8207
materialRelativeDifferenceError=0
s11Error= 0.0027832
s22Error= 3.3729e-12
s12Error= 1.2465e-74
objectiveVal= 1.8207
*********************************************************************
Load case 1 effort:     S11        S22       S12 
   tensile:           0.22815     0.45184     0.21955
   compressive:       0.15923    0.041881      0.2197
Load case 2 effort:     S11        S22       S12 
   tensile:           0.19569     0.37735     0.23194
   compressive:       0.4577     0.11331     0.23418
Load case 3 effort:     S11        S22       S12 
   tensile:           0.2356     0.45898     0.28746
   compressive:       0.11549    0.049082     0.27478
Load case 4 effort:     S11        S22       S12 
   tensile:           0.19918     0.39388      0.3103
   compressive:       0.47951      0.0925     0.31522
***********************************************************************************
D000280200010B9AF883A10813450000
***********************************************************************************
Member-9-Generation-21
S11     S22     S12

MaxStressData =

  529.3000   22.1400   14.7100
  452.3000   18.4300   15.4900
  547.3000   22.5200   19.2500
  462.2000   19.3100   20.7900

S11     S22     S12

MinStressData =

 -155.6000   -6.6800  -14.7200
 -448.5000  -18.1100  -15.7000
 -113.2000    2.3900  -18.4300
 -470.4000  -14.8000  -21.1200

***********************************************************************************
G21ID000280600010392F883A00813440000
***********************************************************************************
************************FAILURE LIMITS*********************************************
Failure(STR) S11 max= 2320 ----  Allowed S11 Max (Tensile)    = 1160 ------> Model S11 Max (Tensile)    = 547.3 ------>>  [  OK  ]      max value from loadcase=  3 >>> Effort = 0.23591 <<<<
Failure(STR) S11 min= -981 ----  Allowed S11 Min (Compressive)= -490.5 ------> Model S11 Min (Compressive)= -470.4 ------>>   [  OK  ]     min value from loadcase=  4 >>> Effort = 0.47951 <<<<
Failure(STR) S22 max= 49 ----  Allowed S22 Max (Tensile)    = 24.5 ------> Model S22 Max (Tensile)    = 22.52 ------>>   [  OK  ]     max value from loadcase=  3 >>> Effort = 0.45959 <<<<
Failure(STR) S22 min= -160 ----  Allowed S22 Min (Compressive)= -80 ------> Model S22 Min (Compressive)= -18.11 ------>>   [  OK  ]     min value from loadcase=  2 >>> Effort = 0.11319 <<<<
Failure(STR) S12 max= 67 ----  Allowed S12 Max (Tensile)    = 33.5 ------> Model S12 Max (Tensile)    = 20.79 ------>>   [  OK  ]     max value from loadcase=  4 >>> Effort = 0.3103 <<<<
Failure(STR) S12 min= -67 ----  Allowed S12 Min (Compressive)= -33.5 ------> Model S12 Min (Compressive)= -21.12 ------>>   [  OK  ]     min value from loadcase=  4 >>> Effort = 0.31522 <<<<
*********************************************************************
************************MEMBER OUTPUT*********************************************
eigenPerformanceError=1.7349
materialRelativeDifferenceError=0
s11Error= 0.0027832
s22Error= 6.2216e-12
s12Error= 1.2465e-74
objectiveVal= 1.7349
*********************************************************************
Load case 1 effort:     S11        S22       S12 
   tensile:           0.22815     0.45184     0.21955
   compressive:       0.15861     0.04175      0.2197
Load case 2 effort:     S11        S22       S12 
   tensile:           0.19496     0.37612     0.23119
   compressive:       0.45719     0.11319     0.23433
Load case 3 effort:     S11        S22       S12 
   tensile:           0.23591     0.45959     0.28731
   compressive:       0.11539    0.048776     0.27507
Load case 4 effort:     S11        S22       S12 
   tensile:           0.19922     0.39408      0.3103
   compressive:       0.47951      0.0925     0.31522
***********************************************************************************
D000280600010392F883A00813440000
***********************************************************************************
Member-10-Generation-21
S11     S22     S12

MaxStressData =

  526.3000   22.0600   14.4000
  451.8000   18.4000   15.4600
  547.2000   22.5200   19.2700
  462.0000   19.2200   20.7800

S11     S22     S12

MinStressData =

 -155.3000   -6.6630  -14.4000
 -448.3000  -18.1000  -15.6400
 -113.5000    2.3920  -18.4300
 -470.4000  -14.7900  -21.1000

***********************************************************************************
G21ID000280600010B9AF390210813440000
***********************************************************************************
************************FAILURE LIMITS*********************************************
Failure(STR) S11 max= 2320 ----  Allowed S11 Max (Tensile)    = 1160 ------> Model S11 Max (Tensile)    = 547.2 ------>>  [  OK  ]      max value from loadcase=  3 >>> Effort = 0.23586 <<<<
Failure(STR) S11 min= -981 ----  Allowed S11 Min (Compressive)= -490.5 ------> Model S11 Min (Compressive)= -470.4 ------>>   [  OK  ]     min value from loadcase=  4 >>> Effort = 0.47951 <<<<
Failure(STR) S22 max= 49 ----  Allowed S22 Max (Tensile)    = 24.5 ------> Model S22 Max (Tensile)    = 22.52 ------>>   [  OK  ]     max value from loadcase=  3 >>> Effort = 0.45959 <<<<
Failure(STR) S22 min= -160 ----  Allowed S22 Min (Compressive)= -80 ------> Model S22 Min (Compressive)= -18.1 ------>>   [  OK  ]     min value from loadcase=  2 >>> Effort = 0.11313 <<<<
Failure(STR) S12 max= 67 ----  Allowed S12 Max (Tensile)    = 33.5 ------> Model S12 Max (Tensile)    = 20.78 ------>>   [  OK  ]     max value from loadcase=  4 >>> Effort = 0.31015 <<<<
Failure(STR) S12 min= -67 ----  Allowed S12 Min (Compressive)= -33.5 ------> Model S12 Min (Compressive)= -21.1 ------>>   [  OK  ]     min value from loadcase=  4 >>> Effort = 0.31493 <<<<
*********************************************************************
************************MEMBER OUTPUT*********************************************
eigenPerformanceError=1.8368
materialRelativeDifferenceError=0
s11Error= 0.0027832
s22Error= 6.2216e-12
s12Error= 9.2482e-75
objectiveVal= 1.8368
*********************************************************************
Load case 1 effort:     S11        S22       S12 
   tensile:           0.22685      0.4502     0.21493
   compressive:       0.15831    0.041644     0.21493
Load case 2 effort:     S11        S22       S12 
   tensile:           0.19474     0.37551     0.23075
   compressive:       0.45698     0.11313     0.23343
Load case 3 effort:     S11        S22       S12 
   tensile:           0.23586     0.45959     0.28761
   compressive:       0.1157    0.048816     0.27507
Load case 4 effort:     S11        S22       S12 
   tensile:           0.19914     0.39224     0.31015
   compressive:       0.47951    0.092437     0.31493
***********************************************************************************
D000280600010B9AF390210813440000
***********************************************************************************
Member-11-Generation-21
S11     S22     S12

MaxStressData =

  543.6000   22.8100   14.7800
  457.6000   18.6300   15.6900
  550.1000   22.5900   19.4800
  483.3000   19.3000   22.8100

S11     S22     S12

MinStressData =

 -157.1000   -6.7790  -14.9000
 -451.5000  -18.2300  -15.7400
 -115.1000    2.4160  -18.4400
 -487.0000  -15.4200  -22.8800

***********************************************************************************
G21ID045AB2EF05C0007741962F203571009
***********************************************************************************
************************FAILURE LIMITS*********************************************
Failure(STR) S11 max= 2320 ----  Allowed S11 Max (Tensile)    = 1160 ------> Model S11 Max (Tensile)    = 550.1 ------>>  [  OK  ]      max value from loadcase=  3 >>> Effort = 0.23711 <<<<
Failure(STR) S11 min= -981 ----  Allowed S11 Min (Compressive)= -490.5 ------> Model S11 Min (Compressive)= -487 ------>>   [  OK  ]     min value from loadcase=  4 >>> Effort = 0.49643 <<<<
Failure(STR) S22 max= 49 ----  Allowed S22 Max (Tensile)    = 24.5 ------> Model S22 Max (Tensile)    = 22.81 ------>>   [  OK  ]     max value from loadcase=  1 >>> Effort = 0.46551 <<<<
Failure(STR) S22 min= -160 ----  Allowed S22 Min (Compressive)= -80 ------> Model S22 Min (Compressive)= -18.23 ------>>   [  OK  ]     min value from loadcase=  2 >>> Effort = 0.11394 <<<<
Failure(STR) S12 max= 67 ----  Allowed S12 Max (Tensile)    = 33.5 ------> Model S12 Max (Tensile)    = 22.81 ------>>   [  OK  ]     max value from loadcase=  4 >>> Effort = 0.34045 <<<<
Failure(STR) S12 min= -67 ----  Allowed S12 Min (Compressive)= -33.5 ------> Model S12 Min (Compressive)= -22.88 ------>>   [  OK  ]     min value from loadcase=  4 >>> Effort = 0.34149 <<<<
*********************************************************************
************************MEMBER OUTPUT*********************************************
eigenPerformanceError=4.5051
materialRelativeDifferenceError=0
s11Error= 99.8394
s22Error= 2.3132e-09
s12Error= 3.1917e-63
objectiveVal= 99.941
*********************************************************************
Load case 1 effort:     S11        S22       S12 
   tensile:           0.23431     0.46551      0.2206
   compressive:       0.16014    0.042369     0.22239
Load case 2 effort:     S11        S22       S12 
   tensile:           0.19724      0.3802     0.23418
   compressive:       0.46024     0.11394     0.23493
Load case 3 effort:     S11        S22       S12 
   tensile:           0.23711     0.46102     0.29075
   compressive:       0.11733    0.049306     0.27522
Load case 4 effort:     S11        S22       S12 
   tensile:           0.20832     0.39388     0.34045
   compressive:       0.49643    0.096375     0.34149
***********************************************************************************
D045AB2EF05C0007741962F203571009
***********************************************************************************
Member-12-Generation-21
S11     S22     S12

MaxStressData =

  567.4000   23.8600   15.5700
  456.2000   18.5700   15.6700
  549.0000   22.5400   19.5100
  468.7000   19.4300   22.4800

S11     S22     S12

MinStressData =

 -157.0000   -6.7970  -15.5900
 -452.4000  -18.2700  -15.7300
 -115.0000    2.4190  -18.4000
 -483.5000  -15.5700  -22.6900

***********************************************************************************
G21ID0D0122BBAA61A20408D8218173582BC
***********************************************************************************
************************FAILURE LIMITS*********************************************
Failure(STR) S11 max= 2320 ----  Allowed S11 Max (Tensile)    = 1160 ------> Model S11 Max (Tensile)    = 567.4 ------>>  [  OK  ]      max value from loadcase=  1 >>> Effort = 0.24457 <<<<
Failure(STR) S11 min= -981 ----  Allowed S11 Min (Compressive)= -490.5 ------> Model S11 Min (Compressive)= -483.5 ------>>   [  OK  ]     min value from loadcase=  4 >>> Effort = 0.49286 <<<<
Failure(STR) S22 max= 49 ----  Allowed S22 Max (Tensile)    = 24.5 ------> Model S22 Max (Tensile)    = 23.86 ------>>   [  OK  ]     max value from loadcase=  1 >>> Effort = 0.48694 <<<<
Failure(STR) S22 min= -160 ----  Allowed S22 Min (Compressive)= -80 ------> Model S22 Min (Compressive)= -18.27 ------>>   [  OK  ]     min value from loadcase=  2 >>> Effort = 0.11419 <<<<
Failure(STR) S12 max= 67 ----  Allowed S12 Max (Tensile)    = 33.5 ------> Model S12 Max (Tensile)    = 22.48 ------>>   [  OK  ]     max value from loadcase=  4 >>> Effort = 0.33552 <<<<
Failure(STR) S12 min= -67 ----  Allowed S12 Min (Compressive)= -33.5 ------> Model S12 Min (Compressive)= -22.69 ------>>   [  OK  ]     min value from loadcase=  4 >>> Effort = 0.33866 <<<<
*********************************************************************
************************MEMBER OUTPUT*********************************************
eigenPerformanceError=5.2986
materialRelativeDifferenceError=0
s11Error= 94.606
s22Error= 4.4735
s12Error= 1.8726e-64
objectiveVal= 94.8598
*********************************************************************
Load case 1 effort:     S11        S22       S12 
   tensile:           0.24457     0.48694     0.23239
   compressive:       0.16004    0.042481     0.23269
Load case 2 effort:     S11        S22       S12 
   tensile:           0.19664     0.37898     0.23388
   compressive:       0.46116     0.11419     0.23478
Load case 3 effort:     S11        S22       S12 
   tensile:           0.23664        0.46     0.29119
   compressive:       0.11723    0.049367     0.27463
Load case 4 effort:     S11        S22       S12 
   tensile:           0.20203     0.39653     0.33552
   compressive:       0.49286    0.097312     0.33866
***********************************************************************************
D0D0122BBAA61A20408D8218173582BC
***********************************************************************************
Member-13-Generation-21
S11     S22     S12

MaxStressData =

  578.8000   24.2600   15.4900
  457.3000   18.6300   15.6200
  555.5000   22.6900   19.5100
  476.5000   19.3300   22.8000

S11     S22     S12

MinStressData =

 -160.4000   -6.9110  -15.5000
 -449.0000  -18.1300  -15.6600
 -115.2000    2.3990  -18.5900
 -473.9000  -16.3500  -23.4300

***********************************************************************************
G21ID13E662DA6B0410D019825493212E168
***********************************************************************************
************************FAILURE LIMITS*********************************************
Failure(STR) S11 max= 2320 ----  Allowed S11 Max (Tensile)    = 1160 ------> Model S11 Max (Tensile)    = 578.8 ------>>  [  OK  ]      max value from loadcase=  1 >>> Effort = 0.24948 <<<<
Failure(STR) S11 min= -981 ----  Allowed S11 Min (Compressive)= -490.5 ------> Model S11 Min (Compressive)= -473.9 ------>>   [  OK  ]     min value from loadcase=  4 >>> Effort = 0.48308 <<<<
Failure(STR) S22 max= 49 ----  Allowed S22 Max (Tensile)    = 24.5 ------> Model S22 Max (Tensile)    = 24.26 ------>>   [  OK  ]     max value from loadcase=  1 >>> Effort = 0.4951 <<<<
Failure(STR) S22 min= -160 ----  Allowed S22 Min (Compressive)= -80 ------> Model S22 Min (Compressive)= -18.13 ------>>   [  OK  ]     min value from loadcase=  2 >>> Effort = 0.11331 <<<<
Failure(STR) S12 max= 67 ----  Allowed S12 Max (Tensile)    = 33.5 ------> Model S12 Max (Tensile)    = 22.8 ------>>   [  OK  ]     max value from loadcase=  4 >>> Effort = 0.3403 <<<<
Failure(STR) S12 min= -67 ----  Allowed S12 Min (Compressive)= -33.5 ------> Model S12 Min (Compressive)= -23.43 ------>>   [  OK  ]     min value from loadcase=  4 >>> Effort = 0.3497 <<<<
*********************************************************************
************************MEMBER OUTPUT*********************************************
eigenPerformanceError=6.9362
materialRelativeDifferenceError=0
s11Error= 0.098537
s22Error= 99.3952
s12Error= 1.1726e-59
objectiveVal= 99.637
*********************************************************************
Load case 1 effort:     S11        S22       S12 
   tensile:           0.24948      0.4951     0.23119
   compressive:       0.16351    0.043194     0.23134
Load case 2 effort:     S11        S22       S12 
   tensile:           0.19711      0.3802     0.23313
   compressive:       0.4577     0.11331     0.23373
Load case 3 effort:     S11        S22       S12 
   tensile:           0.23944     0.46306     0.29119
   compressive:       0.11743    0.048959     0.27746
Load case 4 effort:     S11        S22       S12 
   tensile:           0.20539     0.39449      0.3403
   compressive:       0.48308     0.10219      0.3497
***********************************************************************************
D13E662DA6B0410D019825493212E168
***********************************************************************************
Member-14-Generation-21
S11     S22     S12

MaxStressData =

  565.3000   23.7000   15.4200
  460.6000   18.7500   15.7600
  554.2000   22.6600   19.8400
  471.7000   17.9200   22.3500

S11     S22     S12

MinStressData =

 -158.2000   -6.7930  -15.2300
 -455.8000  -18.4100  -15.8700
 -116.6000    2.4430  -18.9000
 -475.5000  -16.3100  -22.7500

***********************************************************************************
G21ID152D40D3A933020C2143955A71FDD27
***********************************************************************************
************************FAILURE LIMITS*********************************************
Failure(STR) S11 max= 2320 ----  Allowed S11 Max (Tensile)    = 1160 ------> Model S11 Max (Tensile)    = 565.3 ------>>  [  OK  ]      max value from loadcase=  1 >>> Effort = 0.24366 <<<<
Failure(STR) S11 min= -981 ----  Allowed S11 Min (Compressive)= -490.5 ------> Model S11 Min (Compressive)= -475.5 ------>>   [  OK  ]     min value from loadcase=  4 >>> Effort = 0.48471 <<<<
Failure(STR) S22 max= 49 ----  Allowed S22 Max (Tensile)    = 24.5 ------> Model S22 Max (Tensile)    = 23.7 ------>>   [  OK  ]     max value from loadcase=  1 >>> Effort = 0.48367 <<<<
Failure(STR) S22 min= -160 ----  Allowed S22 Min (Compressive)= -80 ------> Model S22 Min (Compressive)= -18.41 ------>>   [  OK  ]     min value from loadcase=  2 >>> Effort = 0.11506 <<<<
Failure(STR) S12 max= 67 ----  Allowed S12 Max (Tensile)    = 33.5 ------> Model S12 Max (Tensile)    = 22.35 ------>>   [  OK  ]     max value from loadcase=  4 >>> Effort = 0.33358 <<<<
Failure(STR) S12 min= -67 ----  Allowed S12 Min (Compressive)= -33.5 ------> Model S12 Min (Compressive)= -22.75 ------>>   [  OK  ]     min value from loadcase=  4 >>> Effort = 0.33955 <<<<
*********************************************************************
************************MEMBER OUTPUT*********************************************
eigenPerformanceError=5.9986
materialRelativeDifferenceError=0
s11Error= 0.50139
s22Error= 0.1785
s12Error= 4.5853e-64
objectiveVal= 6.0222
*********************************************************************
Load case 1 effort:     S11        S22       S12 
   tensile:           0.24366     0.48367     0.23015
   compressive:       0.16126    0.042456     0.22731
Load case 2 effort:     S11        S22       S12 
   tensile:           0.19853     0.38265     0.23522
   compressive:       0.46463     0.11506     0.23687
Load case 3 effort:     S11        S22       S12 
   tensile:           0.23888     0.46245     0.29612
   compressive:       0.11886    0.049857     0.28209
Load case 4 effort:     S11        S22       S12 
   tensile:           0.20332     0.36571     0.33358
   compressive:       0.48471     0.10194     0.33955
***********************************************************************************
D152D40D3A933020C2143955A71FDD27
***********************************************************************************
Member-15-Generation-21
S11     S22     S12

MaxStressData =

  554.4000   23.2900   15.3100
  453.3000   18.4600   15.5200
  547.8000   22.5100   19.6200
  484.4000   19.1700   22.4500

S11     S22     S12

MinStressData =

 -156.7000   -6.8030  -15.2500
 -452.3000  -18.2600  -15.7900
 -115.7000    2.3940  -18.6400
 -477.2000  -16.5400  -23.2400

***********************************************************************************
G21ID1DC280912EE5443010291278E781B89
***********************************************************************************
************************FAILURE LIMITS*********************************************
Failure(STR) S11 max= 2320 ----  Allowed S11 Max (Tensile)    = 1160 ------> Model S11 Max (Tensile)    = 554.4 ------>>  [  OK  ]      max value from loadcase=  1 >>> Effort = 0.23897 <<<<
Failure(STR) S11 min= -981 ----  Allowed S11 Min (Compressive)= -490.5 ------> Model S11 Min (Compressive)= -477.2 ------>>   [  OK  ]     min value from loadcase=  4 >>> Effort = 0.48644 <<<<
Failure(STR) S22 max= 49 ----  Allowed S22 Max (Tensile)    = 24.5 ------> Model S22 Max (Tensile)    = 23.29 ------>>   [  OK  ]     max value from loadcase=  1 >>> Effort = 0.47531 <<<<
Failure(STR) S22 min= -160 ----  Allowed S22 Min (Compressive)= -80 ------> Model S22 Min (Compressive)= -18.26 ------>>   [  OK  ]     min value from loadcase=  2 >>> Effort = 0.11413 <<<<
Failure(STR) S12 max= 67 ----  Allowed S12 Max (Tensile)    = 33.5 ------> Model S12 Max (Tensile)    = 22.45 ------>>   [  OK  ]     max value from loadcase=  4 >>> Effort = 0.33507 <<<<
Failure(STR) S12 min= -67 ----  Allowed S12 Min (Compressive)= -33.5 ------> Model S12 Min (Compressive)= -23.24 ------>>   [  OK  ]     min value from loadcase=  4 >>> Effort = 0.34687 <<<<
*********************************************************************
************************MEMBER OUTPUT*********************************************
eigenPerformanceError=5.2609
materialRelativeDifferenceError=0
s11Error= 2.7717
s22Error= 4.1546e-05
s12Error= 6.8794e-61
objectiveVal= 5.9463
*********************************************************************
Load case 1 effort:     S11        S22       S12 
   tensile:           0.23897     0.47531     0.22851
   compressive:       0.15973    0.042519     0.22761
Load case 2 effort:     S11        S22       S12 
   tensile:           0.19539     0.37673     0.23164
   compressive:       0.46106     0.11413     0.23567
Load case 3 effort:     S11        S22       S12 
   tensile:           0.23612     0.45939     0.29284
   compressive:       0.11794    0.048857     0.27821
Load case 4 effort:     S11        S22       S12 
   tensile:           0.20879     0.39122     0.33507
   compressive:       0.48644     0.10337     0.34687
***********************************************************************************
D1DC280912EE5443010291278E781B89
***********************************************************************************

*****	GENERATION #21 simulation complete	***********
GEN: 21 | Obj: 1.669541 | RCYCLE: 31.534091 %
