Member-1-Generation-23
S11     S22     S12

MaxStressData =

  526.5000   22.0700   14.4100
  452.6000   18.4300   15.4800
  542.1000   22.2300   19.2200
  460.6000   18.2100   20.9400

S11     S22     S12

MinStressData =

 -155.0000   -6.6500  -14.4100
 -448.4000  -18.1000  -15.6700
 -113.1000    2.4000  -18.4000
 -459.9000  -14.8000  -21.1900

***********************************************************************************
G23ID00028000001079A2398210813440001
***********************************************************************************
************************FAILURE LIMITS*********************************************
Failure(STR) S11 max= 2320 ----  Allowed S11 Max (Tensile)    = 1160 ------> Model S11 Max (Tensile)    = 542.1 ------>>  [  OK  ]      max value from loadcase=  3 >>> Effort = 0.23366 <<<<
Failure(STR) S11 min= -981 ----  Allowed S11 Min (Compressive)= -490.5 ------> Model S11 Min (Compressive)= -459.9 ------>>   [  OK  ]     min value from loadcase=  4 >>> Effort = 0.46881 <<<<
Failure(STR) S22 max= 49 ----  Allowed S22 Max (Tensile)    = 24.5 ------> Model S22 Max (Tensile)    = 22.23 ------>>   [  OK  ]     max value from loadcase=  3 >>> Effort = 0.45367 <<<<
Failure(STR) S22 min= -160 ----  Allowed S22 Min (Compressive)= -80 ------> Model S22 Min (Compressive)= -18.1 ------>>   [  OK  ]     min value from loadcase=  2 >>> Effort = 0.11313 <<<<
Failure(STR) S12 max= 67 ----  Allowed S12 Max (Tensile)    = 33.5 ------> Model S12 Max (Tensile)    = 20.94 ------>>   [  OK  ]     max value from loadcase=  4 >>> Effort = 0.31254 <<<<
Failure(STR) S12 min= -67 ----  Allowed S12 Min (Compressive)= -33.5 ------> Model S12 Min (Compressive)= -21.19 ------>>   [  OK  ]     min value from loadcase=  4 >>> Effort = 0.31627 <<<<
*********************************************************************
************************MEMBER OUTPUT*********************************************
eigenPerformanceError=1.7232
materialRelativeDifferenceError=0
s11Error= 6.2538e-08
s22Error= 1.6734e-14
s12Error= 3.5435e-74
objectiveVal= 1.7232
*********************************************************************
Load case 1 effort:     S11        S22       S12 
   tensile:           0.22694     0.45041     0.21507
   compressive:       0.158    0.041563     0.21507
Load case 2 effort:     S11        S22       S12 
   tensile:           0.19509     0.37612     0.23104
   compressive:       0.45708     0.11313     0.23388
Load case 3 effort:     S11        S22       S12 
   tensile:           0.23366     0.45367     0.28687
   compressive:       0.11529     0.04898     0.27463
Load case 4 effort:     S11        S22       S12 
   tensile:           0.19853     0.37163     0.31254
   compressive:       0.46881      0.0925     0.31627
***********************************************************************************
D00028000001079A2398210813440001
***********************************************************************************
Member-2-Generation-23
S11     S22     S12

MaxStressData =

  528.9000   22.1600   14.6100
  453.6000   18.4700   15.5500
  542.0000   22.2200   19.2600
  460.0000   18.2900   20.7900

S11     S22     S12

MinStressData =

 -156.0000   -6.6930  -14.6200
 -448.6000  -18.1100  -15.6800
 -113.0000    2.4040  -18.4400
 -459.9000  -14.8000  -21.1100

***********************************************************************************
G23ID00028000001079AF881A00813450000
***********************************************************************************
************************FAILURE LIMITS*********************************************
Failure(STR) S11 max= 2320 ----  Allowed S11 Max (Tensile)    = 1160 ------> Model S11 Max (Tensile)    = 542 ------>>  [  OK  ]      max value from loadcase=  3 >>> Effort = 0.23362 <<<<
Failure(STR) S11 min= -981 ----  Allowed S11 Min (Compressive)= -490.5 ------> Model S11 Min (Compressive)= -459.9 ------>>   [  OK  ]     min value from loadcase=  4 >>> Effort = 0.46881 <<<<
Failure(STR) S22 max= 49 ----  Allowed S22 Max (Tensile)    = 24.5 ------> Model S22 Max (Tensile)    = 22.22 ------>>   [  OK  ]     max value from loadcase=  3 >>> Effort = 0.45347 <<<<
Failure(STR) S22 min= -160 ----  Allowed S22 Min (Compressive)= -80 ------> Model S22 Min (Compressive)= -18.11 ------>>   [  OK  ]     min value from loadcase=  2 >>> Effort = 0.11319 <<<<
Failure(STR) S12 max= 67 ----  Allowed S12 Max (Tensile)    = 33.5 ------> Model S12 Max (Tensile)    = 20.79 ------>>   [  OK  ]     max value from loadcase=  4 >>> Effort = 0.3103 <<<<
Failure(STR) S12 min= -67 ----  Allowed S12 Min (Compressive)= -33.5 ------> Model S12 Min (Compressive)= -21.11 ------>>   [  OK  ]     min value from loadcase=  4 >>> Effort = 0.31507 <<<<
*********************************************************************
************************MEMBER OUTPUT*********************************************
eigenPerformanceError=1.6735
materialRelativeDifferenceError=0
s11Error= 6.2538e-08
s22Error= 1.3644e-14
s12Error= 1.0737e-74
objectiveVal= 1.6735
*********************************************************************
Load case 1 effort:     S11        S22       S12 
   tensile:           0.22797     0.45224     0.21806
   compressive:       0.15902    0.041831     0.21821
Load case 2 effort:     S11        S22       S12 
   tensile:           0.19552     0.37694     0.23209
   compressive:       0.45729     0.11319     0.23403
Load case 3 effort:     S11        S22       S12 
   tensile:           0.23362     0.45347     0.28746
   compressive:       0.11519    0.049061     0.27522
Load case 4 effort:     S11        S22       S12 
   tensile:           0.19828     0.37327      0.3103
   compressive:       0.46881      0.0925     0.31507
***********************************************************************************
D00028000001079AF881A00813450000
***********************************************************************************
Member-3-Generation-23
S11     S22     S12

MaxStressData =

  529.3000   22.1400   14.7100
  452.3000   18.4300   15.4900
  547.2000   22.5200   19.2500
  462.1000   19.3000   20.7900

S11     S22     S12

MinStressData =

 -155.6000   -6.6800  -14.7200
 -448.5000  -18.1100  -15.7000
 -113.2000    2.3900  -18.4300
 -470.4000  -14.8000  -21.1200

***********************************************************************************
G23ID00028020001039A7883A10813440000
***********************************************************************************
************************FAILURE LIMITS*********************************************
Failure(STR) S11 max= 2320 ----  Allowed S11 Max (Tensile)    = 1160 ------> Model S11 Max (Tensile)    = 547.2 ------>>  [  OK  ]      max value from loadcase=  3 >>> Effort = 0.23586 <<<<
Failure(STR) S11 min= -981 ----  Allowed S11 Min (Compressive)= -490.5 ------> Model S11 Min (Compressive)= -470.4 ------>>   [  OK  ]     min value from loadcase=  4 >>> Effort = 0.47951 <<<<
Failure(STR) S22 max= 49 ----  Allowed S22 Max (Tensile)    = 24.5 ------> Model S22 Max (Tensile)    = 22.52 ------>>   [  OK  ]     max value from loadcase=  3 >>> Effort = 0.45959 <<<<
Failure(STR) S22 min= -160 ----  Allowed S22 Min (Compressive)= -80 ------> Model S22 Min (Compressive)= -18.11 ------>>   [  OK  ]     min value from loadcase=  2 >>> Effort = 0.11319 <<<<
Failure(STR) S12 max= 67 ----  Allowed S12 Max (Tensile)    = 33.5 ------> Model S12 Max (Tensile)    = 20.79 ------>>   [  OK  ]     max value from loadcase=  4 >>> Effort = 0.3103 <<<<
Failure(STR) S12 min= -67 ----  Allowed S12 Min (Compressive)= -33.5 ------> Model S12 Min (Compressive)= -21.12 ------>>   [  OK  ]     min value from loadcase=  4 >>> Effort = 0.31522 <<<<
*********************************************************************
************************MEMBER OUTPUT*********************************************
eigenPerformanceError=1.7315
materialRelativeDifferenceError=0
s11Error= 0.0027832
s22Error= 6.2216e-12
s12Error= 1.2465e-74
objectiveVal= 1.7315
*********************************************************************
Load case 1 effort:     S11        S22       S12 
   tensile:           0.22815     0.45184     0.21955
   compressive:       0.15861     0.04175      0.2197
Load case 2 effort:     S11        S22       S12 
   tensile:           0.19496     0.37612     0.23119
   compressive:       0.45719     0.11319     0.23433
Load case 3 effort:     S11        S22       S12 
   tensile:           0.23586     0.45959     0.28731
   compressive:       0.11539    0.048776     0.27507
Load case 4 effort:     S11        S22       S12 
   tensile:           0.19918     0.39388      0.3103
   compressive:       0.47951      0.0925     0.31522
***********************************************************************************
D00028020001039A7883A10813440000
***********************************************************************************
Member-4-Generation-23
S11     S22     S12

MaxStressData =

  526.3000   22.0600   14.4000
  451.8000   18.4000   15.4600
  547.6000   22.5400   19.2300
  462.6000   19.7400   20.9500

S11     S22     S12

MinStressData =

 -155.3000   -6.6630  -14.4000
 -448.2000  -18.1000  -15.6600
 -113.2000    2.3890  -18.4500
 -470.6000  -14.7900  -21.0600

***********************************************************************************
G23ID00028020001079A7188A00813440000
***********************************************************************************
************************FAILURE LIMITS*********************************************
Failure(STR) S11 max= 2320 ----  Allowed S11 Max (Tensile)    = 1160 ------> Model S11 Max (Tensile)    = 547.6 ------>>  [  OK  ]      max value from loadcase=  3 >>> Effort = 0.23603 <<<<
Failure(STR) S11 min= -981 ----  Allowed S11 Min (Compressive)= -490.5 ------> Model S11 Min (Compressive)= -470.6 ------>>   [  OK  ]     min value from loadcase=  4 >>> Effort = 0.47971 <<<<
Failure(STR) S22 max= 49 ----  Allowed S22 Max (Tensile)    = 24.5 ------> Model S22 Max (Tensile)    = 22.54 ------>>   [  OK  ]     max value from loadcase=  3 >>> Effort = 0.46 <<<<
Failure(STR) S22 min= -160 ----  Allowed S22 Min (Compressive)= -80 ------> Model S22 Min (Compressive)= -18.1 ------>>   [  OK  ]     min value from loadcase=  2 >>> Effort = 0.11313 <<<<
Failure(STR) S12 max= 67 ----  Allowed S12 Max (Tensile)    = 33.5 ------> Model S12 Max (Tensile)    = 20.95 ------>>   [  OK  ]     max value from loadcase=  4 >>> Effort = 0.31269 <<<<
Failure(STR) S12 min= -67 ----  Allowed S12 Min (Compressive)= -33.5 ------> Model S12 Min (Compressive)= -21.06 ------>>   [  OK  ]     min value from loadcase=  4 >>> Effort = 0.31433 <<<<
*********************************************************************
************************MEMBER OUTPUT*********************************************
eigenPerformanceError=1.6709
materialRelativeDifferenceError=0
s11Error= 0.0034126
s22Error= 9.3576e-12
s12Error= 5.0907e-75
objectiveVal= 1.6709
*********************************************************************
Load case 1 effort:     S11        S22       S12 
   tensile:           0.22685      0.4502     0.21493
   compressive:       0.15831    0.041644     0.21493
Load case 2 effort:     S11        S22       S12 
   tensile:           0.19474     0.37551     0.23075
   compressive:       0.45688     0.11313     0.23373
Load case 3 effort:     S11        S22       S12 
   tensile:           0.23603        0.46     0.28701
   compressive:       0.11539    0.048755     0.27537
Load case 4 effort:     S11        S22       S12 
   tensile:           0.1994     0.40286     0.31269
   compressive:       0.47971    0.092437     0.31433
***********************************************************************************
D00028020001079A7188A00813440000
***********************************************************************************
Member-5-Generation-23
S11     S22     S12

MaxStressData =

  528.9000   22.1600   14.6100
  452.0000   18.4100   15.5000
  547.6000   22.5400   19.2800
  462.6000   19.7400   20.7900

S11     S22     S12

MinStressData =

 -155.5000   -6.6720  -14.6200
 -448.2000  -18.1000  -15.6700
 -113.2000    2.3900  -18.4500
 -470.6000  -14.8000  -21.1100

***********************************************************************************
G23ID00028020001079AF881A00813440000
***********************************************************************************
************************FAILURE LIMITS*********************************************
Failure(STR) S11 max= 2320 ----  Allowed S11 Max (Tensile)    = 1160 ------> Model S11 Max (Tensile)    = 547.6 ------>>  [  OK  ]      max value from loadcase=  3 >>> Effort = 0.23603 <<<<
Failure(STR) S11 min= -981 ----  Allowed S11 Min (Compressive)= -490.5 ------> Model S11 Min (Compressive)= -470.6 ------>>   [  OK  ]     min value from loadcase=  4 >>> Effort = 0.47971 <<<<
Failure(STR) S22 max= 49 ----  Allowed S22 Max (Tensile)    = 24.5 ------> Model S22 Max (Tensile)    = 22.54 ------>>   [  OK  ]     max value from loadcase=  3 >>> Effort = 0.46 <<<<
Failure(STR) S22 min= -160 ----  Allowed S22 Min (Compressive)= -80 ------> Model S22 Min (Compressive)= -18.1 ------>>   [  OK  ]     min value from loadcase=  2 >>> Effort = 0.11313 <<<<
Failure(STR) S12 max= 67 ----  Allowed S12 Max (Tensile)    = 33.5 ------> Model S12 Max (Tensile)    = 20.79 ------>>   [  OK  ]     max value from loadcase=  4 >>> Effort = 0.3103 <<<<
Failure(STR) S12 min= -67 ----  Allowed S12 Min (Compressive)= -33.5 ------> Model S12 Min (Compressive)= -21.11 ------>>   [  OK  ]     min value from loadcase=  4 >>> Effort = 0.31507 <<<<
*********************************************************************
************************MEMBER OUTPUT*********************************************
eigenPerformanceError=1.6843
materialRelativeDifferenceError=0
s11Error= 0.0034126
s22Error= 9.3576e-12
s12Error= 1.0737e-74
objectiveVal= 1.6844
*********************************************************************
Load case 1 effort:     S11        S22       S12 
   tensile:           0.22797     0.45224     0.21806
   compressive:       0.15851      0.0417     0.21821
Load case 2 effort:     S11        S22       S12 
   tensile:           0.19483     0.37571     0.23134
   compressive:       0.45688     0.11313     0.23388
Load case 3 effort:     S11        S22       S12 
   tensile:           0.23603        0.46     0.28776
   compressive:       0.11539    0.048776     0.27537
Load case 4 effort:     S11        S22       S12 
   tensile:           0.1994     0.40286      0.3103
   compressive:       0.47971      0.0925     0.31507
***********************************************************************************
D00028020001079AF881A00813440000
***********************************************************************************
Member-6-Generation-23
S11     S22     S12

MaxStressData =

  528.9000   22.1600   14.6100
  452.0000   18.4100   15.5000
  547.2000   22.5200   19.3100
  462.2000   19.3000   20.7900

S11     S22     S12

MinStressData =

 -155.5000   -6.6720  -14.6200
 -448.4000  -18.1100  -15.6500
 -113.5000    2.3900  -18.4300
 -470.4000  -14.8000  -21.1100

***********************************************************************************
G23ID000280200010B92F881A00813440000
***********************************************************************************
************************FAILURE LIMITS*********************************************
Failure(STR) S11 max= 2320 ----  Allowed S11 Max (Tensile)    = 1160 ------> Model S11 Max (Tensile)    = 547.2 ------>>  [  OK  ]      max value from loadcase=  3 >>> Effort = 0.23586 <<<<
Failure(STR) S11 min= -981 ----  Allowed S11 Min (Compressive)= -490.5 ------> Model S11 Min (Compressive)= -470.4 ------>>   [  OK  ]     min value from loadcase=  4 >>> Effort = 0.47951 <<<<
Failure(STR) S22 max= 49 ----  Allowed S22 Max (Tensile)    = 24.5 ------> Model S22 Max (Tensile)    = 22.52 ------>>   [  OK  ]     max value from loadcase=  3 >>> Effort = 0.45959 <<<<
Failure(STR) S22 min= -160 ----  Allowed S22 Min (Compressive)= -80 ------> Model S22 Min (Compressive)= -18.11 ------>>   [  OK  ]     min value from loadcase=  2 >>> Effort = 0.11319 <<<<
Failure(STR) S12 max= 67 ----  Allowed S12 Max (Tensile)    = 33.5 ------> Model S12 Max (Tensile)    = 20.79 ------>>   [  OK  ]     max value from loadcase=  4 >>> Effort = 0.3103 <<<<
Failure(STR) S12 min= -67 ----  Allowed S12 Min (Compressive)= -33.5 ------> Model S12 Min (Compressive)= -21.11 ------>>   [  OK  ]     min value from loadcase=  4 >>> Effort = 0.31507 <<<<
*********************************************************************
************************MEMBER OUTPUT*********************************************
eigenPerformanceError=1.6323
materialRelativeDifferenceError=4.7112
s11Error= 0.0027832
s22Error= 6.2216e-12
s12Error= 1.0737e-74
objectiveVal= 4.9859
*********************************************************************
Load case 1 effort:     S11        S22       S12 
   tensile:           0.22797     0.45224     0.21806
   compressive:       0.15851      0.0417     0.21821
Load case 2 effort:     S11        S22       S12 
   tensile:           0.19483     0.37571     0.23134
   compressive:       0.45708     0.11319     0.23358
Load case 3 effort:     S11        S22       S12 
   tensile:           0.23586     0.45959     0.28821
   compressive:       0.1157    0.048776     0.27507
Load case 4 effort:     S11        S22       S12 
   tensile:           0.19922     0.39388      0.3103
   compressive:       0.47951      0.0925     0.31507
***********************************************************************************
D000280200010B92F881A00813440000
***********************************************************************************
Member-7-Generation-23
S11     S22     S12

MaxStressData =

  528.9000   22.1600   14.6100
  452.0000   18.4100   15.5000
  547.2000   22.5200   19.3100
  462.1000   19.3000   20.7900

S11     S22     S12

MinStressData =

 -155.5000   -6.6720  -14.6200
 -448.4000  -18.1100  -15.6500
 -113.5000    2.3900  -18.4300
 -470.4000  -14.8000  -21.1100

***********************************************************************************
G23ID000280200010B9AF881A00813440000
***********************************************************************************
************************FAILURE LIMITS*********************************************
Failure(STR) S11 max= 2320 ----  Allowed S11 Max (Tensile)    = 1160 ------> Model S11 Max (Tensile)    = 547.2 ------>>  [  OK  ]      max value from loadcase=  3 >>> Effort = 0.23586 <<<<
Failure(STR) S11 min= -981 ----  Allowed S11 Min (Compressive)= -490.5 ------> Model S11 Min (Compressive)= -470.4 ------>>   [  OK  ]     min value from loadcase=  4 >>> Effort = 0.47951 <<<<
Failure(STR) S22 max= 49 ----  Allowed S22 Max (Tensile)    = 24.5 ------> Model S22 Max (Tensile)    = 22.52 ------>>   [  OK  ]     max value from loadcase=  3 >>> Effort = 0.45959 <<<<
Failure(STR) S22 min= -160 ----  Allowed S22 Min (Compressive)= -80 ------> Model S22 Min (Compressive)= -18.11 ------>>   [  OK  ]     min value from loadcase=  2 >>> Effort = 0.11319 <<<<
Failure(STR) S12 max= 67 ----  Allowed S12 Max (Tensile)    = 33.5 ------> Model S12 Max (Tensile)    = 20.79 ------>>   [  OK  ]     max value from loadcase=  4 >>> Effort = 0.3103 <<<<
Failure(STR) S12 min= -67 ----  Allowed S12 Min (Compressive)= -33.5 ------> Model S12 Min (Compressive)= -21.11 ------>>   [  OK  ]     min value from loadcase=  4 >>> Effort = 0.31507 <<<<
*********************************************************************
************************MEMBER OUTPUT*********************************************
eigenPerformanceError=1.6827
materialRelativeDifferenceError=0
s11Error= 0.0027832
s22Error= 6.2216e-12
s12Error= 1.0737e-74
objectiveVal= 1.6827
*********************************************************************
Load case 1 effort:     S11        S22       S12 
   tensile:           0.22797     0.45224     0.21806
   compressive:       0.15851      0.0417     0.21821
Load case 2 effort:     S11        S22       S12 
   tensile:           0.19483     0.37571     0.23134
   compressive:       0.45708     0.11319     0.23358
Load case 3 effort:     S11        S22       S12 
   tensile:           0.23586     0.45959     0.28821
   compressive:       0.1157    0.048776     0.27507
Load case 4 effort:     S11        S22       S12 
   tensile:           0.19918     0.39388      0.3103
   compressive:       0.47951      0.0925     0.31507
***********************************************************************************
D000280200010B9AF881A00813440000
***********************************************************************************
Member-8-Generation-23
S11     S22     S12

MaxStressData =

  528.9000   22.1600   14.6100
  452.0000   18.4100   15.5000
  547.6000   22.5400   19.3100
  462.6000   19.7400   20.7800

S11     S22     S12

MinStressData =

 -155.5000   -6.6710  -14.6200
 -448.4000  -18.1100  -15.6500
 -113.5000    2.3900  -18.4500
 -470.6000  -14.8000  -21.1100

***********************************************************************************
G23ID000280200010F9A2381A00813440000
***********************************************************************************
************************FAILURE LIMITS*********************************************
Failure(STR) S11 max= 2320 ----  Allowed S11 Max (Tensile)    = 1160 ------> Model S11 Max (Tensile)    = 547.6 ------>>  [  OK  ]      max value from loadcase=  3 >>> Effort = 0.23603 <<<<
Failure(STR) S11 min= -981 ----  Allowed S11 Min (Compressive)= -490.5 ------> Model S11 Min (Compressive)= -470.6 ------>>   [  OK  ]     min value from loadcase=  4 >>> Effort = 0.47971 <<<<
Failure(STR) S22 max= 49 ----  Allowed S22 Max (Tensile)    = 24.5 ------> Model S22 Max (Tensile)    = 22.54 ------>>   [  OK  ]     max value from loadcase=  3 >>> Effort = 0.46 <<<<
Failure(STR) S22 min= -160 ----  Allowed S22 Min (Compressive)= -80 ------> Model S22 Min (Compressive)= -18.11 ------>>   [  OK  ]     min value from loadcase=  2 >>> Effort = 0.11319 <<<<
Failure(STR) S12 max= 67 ----  Allowed S12 Max (Tensile)    = 33.5 ------> Model S12 Max (Tensile)    = 20.78 ------>>   [  OK  ]     max value from loadcase=  4 >>> Effort = 0.31015 <<<<
Failure(STR) S12 min= -67 ----  Allowed S12 Min (Compressive)= -33.5 ------> Model S12 Min (Compressive)= -21.11 ------>>   [  OK  ]     min value from loadcase=  4 >>> Effort = 0.31507 <<<<
*********************************************************************
************************MEMBER OUTPUT*********************************************
eigenPerformanceError=1.5819
materialRelativeDifferenceError=4.7112
s11Error= 0.0034126
s22Error= 9.3576e-12
s12Error= 1.0737e-74
objectiveVal= 4.9697
*********************************************************************
Load case 1 effort:     S11        S22       S12 
   tensile:           0.22797     0.45224     0.21806
   compressive:       0.15851    0.041694     0.21821
Load case 2 effort:     S11        S22       S12 
   tensile:           0.19483     0.37571     0.23134
   compressive:       0.45708     0.11319     0.23358
Load case 3 effort:     S11        S22       S12 
   tensile:           0.23603        0.46     0.28821
   compressive:       0.1157    0.048776     0.27537
Load case 4 effort:     S11        S22       S12 
   tensile:           0.1994     0.40286     0.31015
   compressive:       0.47971      0.0925     0.31507
***********************************************************************************
D000280200010F9A2381A00813440000
***********************************************************************************
Member-9-Generation-23
S11     S22     S12

MaxStressData =

  526.3000   22.0600   14.4000
  451.7000   18.4000   15.4600
  547.6000   22.5400   19.2700
  462.6000   19.7400   20.7700

S11     S22     S12

MinStressData =

 -155.3000   -6.6640  -14.4000
 -448.3000  -18.1000  -15.6400
 -113.5000    2.3900  -18.4500
 -470.6000  -14.7900  -21.1100

***********************************************************************************
G23ID000280200010F9A7980A10813440000
***********************************************************************************
************************FAILURE LIMITS*********************************************
Failure(STR) S11 max= 2320 ----  Allowed S11 Max (Tensile)    = 1160 ------> Model S11 Max (Tensile)    = 547.6 ------>>  [  OK  ]      max value from loadcase=  3 >>> Effort = 0.23603 <<<<
Failure(STR) S11 min= -981 ----  Allowed S11 Min (Compressive)= -490.5 ------> Model S11 Min (Compressive)= -470.6 ------>>   [  OK  ]     min value from loadcase=  4 >>> Effort = 0.47971 <<<<
Failure(STR) S22 max= 49 ----  Allowed S22 Max (Tensile)    = 24.5 ------> Model S22 Max (Tensile)    = 22.54 ------>>   [  OK  ]     max value from loadcase=  3 >>> Effort = 0.46 <<<<
Failure(STR) S22 min= -160 ----  Allowed S22 Min (Compressive)= -80 ------> Model S22 Min (Compressive)= -18.1 ------>>   [  OK  ]     min value from loadcase=  2 >>> Effort = 0.11313 <<<<
Failure(STR) S12 max= 67 ----  Allowed S12 Max (Tensile)    = 33.5 ------> Model S12 Max (Tensile)    = 20.77 ------>>   [  OK  ]     max value from loadcase=  4 >>> Effort = 0.31 <<<<
Failure(STR) S12 min= -67 ----  Allowed S12 Min (Compressive)= -33.5 ------> Model S12 Min (Compressive)= -21.11 ------>>   [  OK  ]     min value from loadcase=  4 >>> Effort = 0.31507 <<<<
*********************************************************************
************************MEMBER OUTPUT*********************************************
eigenPerformanceError=1.667
materialRelativeDifferenceError=0
s11Error= 0.0034126
s22Error= 9.3576e-12
s12Error= 1.0737e-74
objectiveVal= 1.667
*********************************************************************
Load case 1 effort:     S11        S22       S12 
   tensile:           0.22685      0.4502     0.21493
   compressive:       0.15831     0.04165     0.21493
Load case 2 effort:     S11        S22       S12 
   tensile:           0.1947     0.37551     0.23075
   compressive:       0.45698     0.11313     0.23343
Load case 3 effort:     S11        S22       S12 
   tensile:           0.23603        0.46     0.28761
   compressive:       0.1157    0.048776     0.27537
Load case 4 effort:     S11        S22       S12 
   tensile:           0.1994     0.40286        0.31
   compressive:       0.47971    0.092437     0.31507
***********************************************************************************
D000280200010F9A7980A10813440000
***********************************************************************************
Member-10-Generation-23
S11     S22     S12

MaxStressData =

  526.3000   22.0600   14.4000
  451.8000   18.4000   15.4600
  546.8000   22.5100   19.2600
  462.4000   19.7300   22.4100

S11     S22     S12

MinStressData =

 -155.3000   -6.6630  -14.4000
 -448.4000  -18.1000  -15.6500
 -113.5000    2.3890  -18.4300
 -489.0000  -15.8600  -21.3300

***********************************************************************************
G23ID080280200010F927988A10813440000
***********************************************************************************
************************FAILURE LIMITS*********************************************
Failure(STR) S11 max= 2320 ----  Allowed S11 Max (Tensile)    = 1160 ------> Model S11 Max (Tensile)    = 546.8 ------>>  [  OK  ]      max value from loadcase=  3 >>> Effort = 0.23569 <<<<
Failure(STR) S11 min= -981 ----  Allowed S11 Min (Compressive)= -490.5 ------> Model S11 Min (Compressive)= -489 ------>>   [  OK  ]     min value from loadcase=  4 >>> Effort = 0.49847 <<<<
Failure(STR) S22 max= 49 ----  Allowed S22 Max (Tensile)    = 24.5 ------> Model S22 Max (Tensile)    = 22.51 ------>>   [  OK  ]     max value from loadcase=  3 >>> Effort = 0.45939 <<<<
Failure(STR) S22 min= -160 ----  Allowed S22 Min (Compressive)= -80 ------> Model S22 Min (Compressive)= -18.1 ------>>   [  OK  ]     min value from loadcase=  2 >>> Effort = 0.11313 <<<<
Failure(STR) S12 max= 67 ----  Allowed S12 Max (Tensile)    = 33.5 ------> Model S12 Max (Tensile)    = 22.41 ------>>   [  OK  ]     max value from loadcase=  4 >>> Effort = 0.33448 <<<<
Failure(STR) S12 min= -67 ----  Allowed S12 Min (Compressive)= -33.5 ------> Model S12 Min (Compressive)= -21.33 ------>>   [  OK  ]     min value from loadcase=  4 >>> Effort = 0.31836 <<<<
*********************************************************************
************************MEMBER OUTPUT*********************************************
eigenPerformanceError=1.7801
materialRelativeDifferenceError=0
s11Error= 99.9791
s22Error= 5.0731e-12
s12Error= 2.8674e-66
objectiveVal= 99.9949
*********************************************************************
Load case 1 effort:     S11        S22       S12 
   tensile:           0.22685      0.4502     0.21493
   compressive:       0.15831    0.041644     0.21493
Load case 2 effort:     S11        S22       S12 
   tensile:           0.19474     0.37551     0.23075
   compressive:       0.45708     0.11313     0.23358
Load case 3 effort:     S11        S22       S12 
   tensile:           0.23569     0.45939     0.28746
   compressive:       0.1157    0.048755     0.27507
Load case 4 effort:     S11        S22       S12 
   tensile:           0.19931     0.40265     0.33448
   compressive:       0.49847    0.099125     0.31836
***********************************************************************************
D080280200010F927988A10813440000
***********************************************************************************
Member-11-Generation-23
S11     S22     S12

MaxStressData =

  524.9000   24.4300   15.8400
  459.6000   18.7400   15.6500
  564.3000   23.1000   19.6000
  485.7000   20.0700   22.9200

S11     S22     S12

MinStressData =

 -159.9000   -6.8740  -15.8500
 -451.7000  -18.2300  -15.7600
 -115.5000    2.4000  -18.4200
 -487.3000  -15.9600  -22.8600

***********************************************************************************
G23ID201435520FCD203D10CA64021D331EA
***********************************************************************************
************************FAILURE LIMITS*********************************************
Failure(STR) S11 max= 2320 ----  Allowed S11 Max (Tensile)    = 1160 ------> Model S11 Max (Tensile)    = 564.3 ------>>  [  OK  ]      max value from loadcase=  3 >>> Effort = 0.24323 <<<<
Failure(STR) S11 min= -981 ----  Allowed S11 Min (Compressive)= -490.5 ------> Model S11 Min (Compressive)= -487.3 ------>>   [  OK  ]     min value from loadcase=  4 >>> Effort = 0.49674 <<<<
Failure(STR) S22 max= 49 ----  Allowed S22 Max (Tensile)    = 24.5 ------> Model S22 Max (Tensile)    = 24.43 ------>>   [  OK  ]     max value from loadcase=  1 >>> Effort = 0.49857 <<<<
Failure(STR) S22 min= -160 ----  Allowed S22 Min (Compressive)= -80 ------> Model S22 Min (Compressive)= -18.23 ------>>   [  OK  ]     min value from loadcase=  2 >>> Effort = 0.11394 <<<<
Failure(STR) S12 max= 67 ----  Allowed S12 Max (Tensile)    = 33.5 ------> Model S12 Max (Tensile)    = 22.92 ------>>   [  OK  ]     max value from loadcase=  4 >>> Effort = 0.34209 <<<<
Failure(STR) S12 min= -67 ----  Allowed S12 Min (Compressive)= -33.5 ------> Model S12 Min (Compressive)= -22.86 ------>>   [  OK  ]     min value from loadcase=  4 >>> Effort = 0.34119 <<<<
*********************************************************************
************************MEMBER OUTPUT*********************************************
eigenPerformanceError=7.6589
materialRelativeDifferenceError=0
s11Error= 99.8816
s22Error= 99.9811
s12Error= 5.7984e-63
objectiveVal= 141.5317
*********************************************************************
Load case 1 effort:     S11        S22       S12 
   tensile:           0.22625     0.49857     0.23642
   compressive:       0.163    0.042963     0.23657
Load case 2 effort:     S11        S22       S12 
   tensile:           0.1981     0.38245     0.23358
   compressive:       0.46045     0.11394     0.23522
Load case 3 effort:     S11        S22       S12 
   tensile:           0.24323     0.47143     0.29254
   compressive:       0.11774     0.04898     0.27493
Load case 4 effort:     S11        S22       S12 
   tensile:           0.20935     0.40959     0.34209
   compressive:       0.49674     0.09975     0.34119
***********************************************************************************
D201435520FCD203D10CA64021D331EA
***********************************************************************************
Member-12-Generation-23
S11     S22     S12

MaxStressData =

  535.6000   22.3500   14.5300
  452.0000   18.4100   15.4900
  542.5000   22.2700   19.2300
  461.6000   19.0900   21.8800

S11     S22     S12

MinStressData =

 -154.9000   -6.6360  -14.4700
 -447.0000  -18.0500  -15.6000
 -113.4000    2.3810  -18.2100
 -474.3000  -14.9500  -22.9200

***********************************************************************************
G23ID21014048BE24A5002A0404420401002
***********************************************************************************
************************FAILURE LIMITS*********************************************
Failure(STR) S11 max= 2320 ----  Allowed S11 Max (Tensile)    = 1160 ------> Model S11 Max (Tensile)    = 542.5 ------>>  [  OK  ]      max value from loadcase=  3 >>> Effort = 0.23384 <<<<
Failure(STR) S11 min= -981 ----  Allowed S11 Min (Compressive)= -490.5 ------> Model S11 Min (Compressive)= -474.3 ------>>   [  OK  ]     min value from loadcase=  4 >>> Effort = 0.48349 <<<<
Failure(STR) S22 max= 49 ----  Allowed S22 Max (Tensile)    = 24.5 ------> Model S22 Max (Tensile)    = 22.35 ------>>   [  OK  ]     max value from loadcase=  1 >>> Effort = 0.45612 <<<<
Failure(STR) S22 min= -160 ----  Allowed S22 Min (Compressive)= -80 ------> Model S22 Min (Compressive)= -18.05 ------>>   [  OK  ]     min value from loadcase=  2 >>> Effort = 0.11281 <<<<
Failure(STR) S12 max= 67 ----  Allowed S12 Max (Tensile)    = 33.5 ------> Model S12 Max (Tensile)    = 21.88 ------>>   [  OK  ]     max value from loadcase=  4 >>> Effort = 0.32657 <<<<
Failure(STR) S12 min= -67 ----  Allowed S12 Min (Compressive)= -33.5 ------> Model S12 Min (Compressive)= -22.92 ------>>   [  OK  ]     min value from loadcase=  4 >>> Effort = 0.34209 <<<<
*********************************************************************
************************MEMBER OUTPUT*********************************************
eigenPerformanceError=3.123
materialRelativeDifferenceError=25.3078
s11Error= 0.14807
s22Error= 1.9372e-13
s12Error= 5.7984e-63
objectiveVal= 25.5002
*********************************************************************
Load case 1 effort:     S11        S22       S12 
   tensile:           0.23086     0.45612     0.21687
   compressive:       0.1579    0.041475     0.21597
Load case 2 effort:     S11        S22       S12 
   tensile:           0.19483     0.37571     0.23119
   compressive:       0.45566     0.11281     0.23284
Load case 3 effort:     S11        S22       S12 
   tensile:           0.23384     0.45449     0.28701
   compressive:       0.1156    0.048592     0.27179
Load case 4 effort:     S11        S22       S12 
   tensile:           0.19897     0.38959     0.32657
   compressive:       0.48349    0.093437     0.34209
***********************************************************************************
D21014048BE24A5002A0404420401002
***********************************************************************************
Member-13-Generation-23
S11     S22     S12

MaxStressData =

  562.5000   23.5200   15.2800
  457.3000   18.6400   15.5900
  549.5000   22.5400   19.4700
  474.0000   20.8000   22.5700

S11     S22     S12

MinStressData =

 -159.3000   -6.8520  -15.1300
 -450.7000  -18.1900  -15.7900
 -114.6000    2.4110  -18.5300
 -474.0000  -15.5400  -23.1400

***********************************************************************************
G23ID21560560190A4EC0A401385BBD0CA31
***********************************************************************************
************************FAILURE LIMITS*********************************************
Failure(STR) S11 max= 2320 ----  Allowed S11 Max (Tensile)    = 1160 ------> Model S11 Max (Tensile)    = 562.5 ------>>  [  OK  ]      max value from loadcase=  1 >>> Effort = 0.24246 <<<<
Failure(STR) S11 min= -981 ----  Allowed S11 Min (Compressive)= -490.5 ------> Model S11 Min (Compressive)= -474 ------>>   [  OK  ]     min value from loadcase=  4 >>> Effort = 0.48318 <<<<
Failure(STR) S22 max= 49 ----  Allowed S22 Max (Tensile)    = 24.5 ------> Model S22 Max (Tensile)    = 23.52 ------>>   [  OK  ]     max value from loadcase=  1 >>> Effort = 0.48 <<<<
Failure(STR) S22 min= -160 ----  Allowed S22 Min (Compressive)= -80 ------> Model S22 Min (Compressive)= -18.19 ------>>   [  OK  ]     min value from loadcase=  2 >>> Effort = 0.11369 <<<<
Failure(STR) S12 max= 67 ----  Allowed S12 Max (Tensile)    = 33.5 ------> Model S12 Max (Tensile)    = 22.57 ------>>   [  OK  ]     max value from loadcase=  4 >>> Effort = 0.33687 <<<<
Failure(STR) S12 min= -67 ----  Allowed S12 Min (Compressive)= -33.5 ------> Model S12 Min (Compressive)= -23.14 ------>>   [  OK  ]     min value from loadcase=  4 >>> Effort = 0.34537 <<<<
*********************************************************************
************************MEMBER OUTPUT*********************************************
eigenPerformanceError=4.9024
materialRelativeDifferenceError=0
s11Error= 0.1091
s22Error= 0.0045398
s12Error= 1.5465e-61
objectiveVal= 4.9036
*********************************************************************
Load case 1 effort:     S11        S22       S12 
   tensile:           0.24246        0.48     0.22806
   compressive:       0.16239    0.042825     0.22582
Load case 2 effort:     S11        S22       S12 
   tensile:           0.19711     0.38041     0.23269
   compressive:       0.45943     0.11369     0.23567
Load case 3 effort:     S11        S22       S12 
   tensile:           0.23685        0.46      0.2906
   compressive:       0.11682    0.049204     0.27657
Load case 4 effort:     S11        S22       S12 
   tensile:           0.20431     0.42449     0.33687
   compressive:       0.48318    0.097125     0.34537
***********************************************************************************
D21560560190A4EC0A401385BBD0CA31
***********************************************************************************
Member-14-Generation-23
S11     S22     S12

MaxStressData =

  564.4000   23.4800   15.3300
  461.2000   18.8000   15.7200
  553.2000   22.6700   19.9300
  481.6000   20.8000   21.5700

S11     S22     S12

MinStressData =

 -158.6000   -6.8220  -15.1100
 -454.3000  -18.3400  -15.8200
 -116.6000    2.4300  -18.6500
 -486.1000  -16.3700  -23.1000

***********************************************************************************
G23ID225A5536068BC040414B74C0F2B9E4D
***********************************************************************************
************************FAILURE LIMITS*********************************************
Failure(STR) S11 max= 2320 ----  Allowed S11 Max (Tensile)    = 1160 ------> Model S11 Max (Tensile)    = 564.4 ------>>  [  OK  ]      max value from loadcase=  1 >>> Effort = 0.24328 <<<<
Failure(STR) S11 min= -981 ----  Allowed S11 Min (Compressive)= -490.5 ------> Model S11 Min (Compressive)= -486.1 ------>>   [  OK  ]     min value from loadcase=  4 >>> Effort = 0.49551 <<<<
Failure(STR) S22 max= 49 ----  Allowed S22 Max (Tensile)    = 24.5 ------> Model S22 Max (Tensile)    = 23.48 ------>>   [  OK  ]     max value from loadcase=  1 >>> Effort = 0.47918 <<<<
Failure(STR) S22 min= -160 ----  Allowed S22 Min (Compressive)= -80 ------> Model S22 Min (Compressive)= -18.34 ------>>   [  OK  ]     min value from loadcase=  2 >>> Effort = 0.11463 <<<<
Failure(STR) S12 max= 67 ----  Allowed S12 Max (Tensile)    = 33.5 ------> Model S12 Max (Tensile)    = 21.57 ------>>   [  OK  ]     max value from loadcase=  4 >>> Effort = 0.32194 <<<<
Failure(STR) S12 min= -67 ----  Allowed S12 Min (Compressive)= -33.5 ------> Model S12 Min (Compressive)= -23.1 ------>>   [  OK  ]     min value from loadcase=  4 >>> Effort = 0.34478 <<<<
*********************************************************************
************************MEMBER OUTPUT*********************************************
eigenPerformanceError=5.2222
materialRelativeDifferenceError=0
s11Error= 99.5989
s22Error= 0.0020069
s12Error= 8.5128e-62
objectiveVal= 99.7357
*********************************************************************
Load case 1 effort:     S11        S22       S12 
   tensile:           0.24328     0.47918     0.22881
   compressive:       0.16167    0.042638     0.22552
Load case 2 effort:     S11        S22       S12 
   tensile:           0.19879     0.38367     0.23463
   compressive:       0.4631     0.11463     0.23612
Load case 3 effort:     S11        S22       S12 
   tensile:           0.23845     0.46265     0.29746
   compressive:       0.11886    0.049592     0.27836
Load case 4 effort:     S11        S22       S12 
   tensile:           0.20759     0.42449     0.32194
   compressive:       0.49551     0.10231     0.34478
***********************************************************************************
D225A5536068BC040414B74C0F2B9E4D
***********************************************************************************
Member-15-Generation-23
S11     S22     S12

MaxStressData =

  549.3000   23.0800   15.0300
  454.0000   18.5100   15.4500
  543.2000   22.2800   19.1200
  460.3000   18.5600   22.1200

S11     S22     S12

MinStressData =

 -156.4000   -6.7410  -15.0400
 -447.7000  -18.0700  -15.6700
 -113.1000    2.3900  -18.6000
 -468.0000  -16.0900  -22.3700

***********************************************************************************
G23ID3001021085082106485008201000488
***********************************************************************************
************************FAILURE LIMITS*********************************************
Failure(STR) S11 max= 2320 ----  Allowed S11 Max (Tensile)    = 1160 ------> Model S11 Max (Tensile)    = 549.3 ------>>  [  OK  ]      max value from loadcase=  1 >>> Effort = 0.23677 <<<<
Failure(STR) S11 min= -981 ----  Allowed S11 Min (Compressive)= -490.5 ------> Model S11 Min (Compressive)= -468 ------>>   [  OK  ]     min value from loadcase=  4 >>> Effort = 0.47706 <<<<
Failure(STR) S22 max= 49 ----  Allowed S22 Max (Tensile)    = 24.5 ------> Model S22 Max (Tensile)    = 23.08 ------>>   [  OK  ]     max value from loadcase=  1 >>> Effort = 0.47102 <<<<
Failure(STR) S22 min= -160 ----  Allowed S22 Min (Compressive)= -80 ------> Model S22 Min (Compressive)= -18.07 ------>>   [  OK  ]     min value from loadcase=  2 >>> Effort = 0.11294 <<<<
Failure(STR) S12 max= 67 ----  Allowed S12 Max (Tensile)    = 33.5 ------> Model S12 Max (Tensile)    = 22.12 ------>>   [  OK  ]     max value from loadcase=  4 >>> Effort = 0.33015 <<<<
Failure(STR) S12 min= -67 ----  Allowed S12 Min (Compressive)= -33.5 ------> Model S12 Min (Compressive)= -22.37 ------>>   [  OK  ]     min value from loadcase=  4 >>> Effort = 0.33388 <<<<
*********************************************************************
************************MEMBER OUTPUT*********************************************
eigenPerformanceError=2.8415
materialRelativeDifferenceError=25.4498
s11Error= 0.00024102
s22Error= 5.7183e-07
s12Error= 1.5784e-66
objectiveVal= 25.608
*********************************************************************
Load case 1 effort:     S11        S22       S12 
   tensile:           0.23677     0.47102     0.22433
   compressive:       0.15943    0.042131     0.22448
Load case 2 effort:     S11        S22       S12 
   tensile:           0.19569     0.37776      0.2306
   compressive:       0.45637     0.11294     0.23388
Load case 3 effort:     S11        S22       S12 
   tensile:           0.23414     0.45469     0.28537
   compressive:       0.11529    0.048776     0.27761
Load case 4 effort:     S11        S22       S12 
   tensile:           0.19841     0.37878     0.33015
   compressive:       0.47706     0.10056     0.33388
***********************************************************************************
D3001021085082106485008201000488
***********************************************************************************

*****	GENERATION #23 simulation complete	***********
GEN: 23 | Obj: 1.666993 | RCYCLE: 31.029830 %
