Member-1-Generation-18
S11     S22     S12

MaxStressData =

  526.5000   22.0700   14.4100
  454.2000   18.5000   15.5400
  543.8000   22.2800   19.2700
  460.6000   18.2100   20.9400

S11     S22     S12

MinStressData =

 -155.6000   -6.6720  -14.4100
 -448.8000  -18.1200  -15.6800
 -113.4000    2.4040  -18.5100
 -459.9000  -14.8000  -21.1900

***********************************************************************************
G18ID00028000001079A2398200813450001
***********************************************************************************
************************FAILURE LIMITS*********************************************
Failure(STR) S11 max= 2320 ----  Allowed S11 Max (Tensile)    = 1160 ------> Model S11 Max (Tensile)    = 543.8 ------>>  [  OK  ]      max value from loadcase=  3 >>> Effort = 0.2344 <<<<
Failure(STR) S11 min= -981 ----  Allowed S11 Min (Compressive)= -490.5 ------> Model S11 Min (Compressive)= -459.9 ------>>   [  OK  ]     min value from loadcase=  4 >>> Effort = 0.46881 <<<<
Failure(STR) S22 max= 49 ----  Allowed S22 Max (Tensile)    = 24.5 ------> Model S22 Max (Tensile)    = 22.28 ------>>   [  OK  ]     max value from loadcase=  3 >>> Effort = 0.45469 <<<<
Failure(STR) S22 min= -160 ----  Allowed S22 Min (Compressive)= -80 ------> Model S22 Min (Compressive)= -18.12 ------>>   [  OK  ]     min value from loadcase=  2 >>> Effort = 0.11325 <<<<
Failure(STR) S12 max= 67 ----  Allowed S12 Max (Tensile)    = 33.5 ------> Model S12 Max (Tensile)    = 20.94 ------>>   [  OK  ]     max value from loadcase=  4 >>> Effort = 0.31254 <<<<
Failure(STR) S12 min= -67 ----  Allowed S12 Min (Compressive)= -33.5 ------> Model S12 Min (Compressive)= -21.19 ------>>   [  OK  ]     min value from loadcase=  4 >>> Effort = 0.31627 <<<<
*********************************************************************
************************MEMBER OUTPUT*********************************************
eigenPerformanceError=1.7465
materialRelativeDifferenceError=0
s11Error= 6.2538e-08
s22Error= 4.6424e-14
s12Error= 3.5435e-74
objectiveVal= 1.7465
*********************************************************************
Load case 1 effort:     S11        S22       S12 
   tensile:           0.22694     0.45041     0.21507
   compressive:       0.15861      0.0417     0.21507
Load case 2 effort:     S11        S22       S12 
   tensile:           0.19578     0.37755     0.23194
   compressive:       0.45749     0.11325     0.23403
Load case 3 effort:     S11        S22       S12 
   tensile:           0.2344     0.45469     0.28761
   compressive:       0.1156    0.049061     0.27627
Load case 4 effort:     S11        S22       S12 
   tensile:           0.19853     0.37163     0.31254
   compressive:       0.46881      0.0925     0.31627
***********************************************************************************
D00028000001079A2398200813450001
***********************************************************************************
Member-2-Generation-18
S11     S22     S12

MaxStressData =

  529.6000   22.1500   14.7200
  454.7000   18.5300   15.5600
  544.1000   22.2900   19.2700
  459.1000   18.2100   20.5800

S11     S22     S12

MinStressData =

 -155.9000   -6.6880  -14.7300
 -449.2000  -18.1400  -15.7000
 -113.4000    2.4010  -18.4600
 -457.6000  -14.7400  -21.1200

***********************************************************************************
G18ID0002800000109B2B893A00803450001
***********************************************************************************
************************FAILURE LIMITS*********************************************
Failure(STR) S11 max= 2320 ----  Allowed S11 Max (Tensile)    = 1160 ------> Model S11 Max (Tensile)    = 544.1 ------>>  [  OK  ]      max value from loadcase=  3 >>> Effort = 0.23453 <<<<
Failure(STR) S11 min= -981 ----  Allowed S11 Min (Compressive)= -490.5 ------> Model S11 Min (Compressive)= -457.6 ------>>   [  OK  ]     min value from loadcase=  4 >>> Effort = 0.46646 <<<<
Failure(STR) S22 max= 49 ----  Allowed S22 Max (Tensile)    = 24.5 ------> Model S22 Max (Tensile)    = 22.29 ------>>   [  OK  ]     max value from loadcase=  3 >>> Effort = 0.4549 <<<<
Failure(STR) S22 min= -160 ----  Allowed S22 Min (Compressive)= -80 ------> Model S22 Min (Compressive)= -18.14 ------>>   [  OK  ]     min value from loadcase=  2 >>> Effort = 0.11338 <<<<
Failure(STR) S12 max= 67 ----  Allowed S12 Max (Tensile)    = 33.5 ------> Model S12 Max (Tensile)    = 20.58 ------>>   [  OK  ]     max value from loadcase=  4 >>> Effort = 0.30716 <<<<
Failure(STR) S12 min= -67 ----  Allowed S12 Min (Compressive)= -33.5 ------> Model S12 Min (Compressive)= -21.12 ------>>   [  OK  ]     min value from loadcase=  4 >>> Effort = 0.31522 <<<<
*********************************************************************
************************MEMBER OUTPUT*********************************************
eigenPerformanceError=1.8027
materialRelativeDifferenceError=0
s11Error= 5.9968e-09
s22Error= 5.6935e-14
s12Error= 1.2465e-74
objectiveVal= 1.8027
*********************************************************************
Load case 1 effort:     S11        S22       S12 
   tensile:           0.22828     0.45204      0.2197
   compressive:       0.15892      0.0418     0.21985
Load case 2 effort:     S11        S22       S12 
   tensile:           0.19599     0.37816     0.23224
   compressive:       0.4579     0.11338     0.23433
Load case 3 effort:     S11        S22       S12 
   tensile:           0.23453      0.4549     0.28761
   compressive:       0.1156       0.049     0.27552
Load case 4 effort:     S11        S22       S12 
   tensile:           0.19789     0.37163     0.30716
   compressive:       0.46646    0.092125     0.31522
***********************************************************************************
D0002800000109B2B893A00803450001
***********************************************************************************
Member-3-Generation-18
S11     S22     S12

MaxStressData =

  529.6000   22.1500   14.7200
  454.7000   18.5300   15.5600
  546.1000   22.4700   19.2400
  462.1000   19.3000   20.7800

S11     S22     S12

MinStressData =

 -155.8000   -6.6880  -14.7300
 -449.0000  -18.1300  -15.7200
 -113.6000    2.4050  -18.4300
 -470.8000  -14.8000  -21.1800

***********************************************************************************
G18ID0002802000103922B93A00813450001
***********************************************************************************
************************FAILURE LIMITS*********************************************
Failure(STR) S11 max= 2320 ----  Allowed S11 Max (Tensile)    = 1160 ------> Model S11 Max (Tensile)    = 546.1 ------>>  [  OK  ]      max value from loadcase=  3 >>> Effort = 0.23539 <<<<
Failure(STR) S11 min= -981 ----  Allowed S11 Min (Compressive)= -490.5 ------> Model S11 Min (Compressive)= -470.8 ------>>   [  OK  ]     min value from loadcase=  4 >>> Effort = 0.47992 <<<<
Failure(STR) S22 max= 49 ----  Allowed S22 Max (Tensile)    = 24.5 ------> Model S22 Max (Tensile)    = 22.47 ------>>   [  OK  ]     max value from loadcase=  3 >>> Effort = 0.45857 <<<<
Failure(STR) S22 min= -160 ----  Allowed S22 Min (Compressive)= -80 ------> Model S22 Min (Compressive)= -18.13 ------>>   [  OK  ]     min value from loadcase=  2 >>> Effort = 0.11331 <<<<
Failure(STR) S12 max= 67 ----  Allowed S12 Max (Tensile)    = 33.5 ------> Model S12 Max (Tensile)    = 20.78 ------>>   [  OK  ]     max value from loadcase=  4 >>> Effort = 0.31015 <<<<
Failure(STR) S12 min= -67 ----  Allowed S12 Min (Compressive)= -33.5 ------> Model S12 Min (Compressive)= -21.18 ------>>   [  OK  ]     min value from loadcase=  4 >>> Effort = 0.31612 <<<<
*********************************************************************
************************MEMBER OUTPUT*********************************************
eigenPerformanceError=1.8796
materialRelativeDifferenceError=0
s11Error= 0.0041843
s22Error= 2.2426e-12
s12Error= 3.0522e-74
objectiveVal= 1.8796
*********************************************************************
Load case 1 effort:     S11        S22       S12 
   tensile:           0.22828     0.45204      0.2197
   compressive:       0.15882      0.0418     0.21985
Load case 2 effort:     S11        S22       S12 
   tensile:           0.19599     0.37816     0.23224
   compressive:       0.4577     0.11331     0.23463
Load case 3 effort:     S11        S22       S12 
   tensile:           0.23539     0.45857     0.28716
   compressive:       0.1158    0.049082     0.27507
Load case 4 effort:     S11        S22       S12 
   tensile:           0.19918     0.39388     0.31015
   compressive:       0.47992      0.0925     0.31612
***********************************************************************************
D0002802000103922B93A00813450001
***********************************************************************************
Member-4-Generation-18
S11     S22     S12

MaxStressData =

  529.3000   22.1400   14.7100
  454.1000   18.5000   15.5500
  549.6000   22.6200   19.3300
  462.2000   19.3200   20.8200

S11     S22     S12

MinStressData =

 -156.1000   -6.6970  -14.7200
 -450.1000  -18.1700  -15.7500
 -113.7000    2.4060  -18.5200
 -470.4000  -14.8000  -21.1000

***********************************************************************************
G18ID0002802000103922B93A04812550000
***********************************************************************************
************************FAILURE LIMITS*********************************************
Failure(STR) S11 max= 2320 ----  Allowed S11 Max (Tensile)    = 1160 ------> Model S11 Max (Tensile)    = 549.6 ------>>  [  OK  ]      max value from loadcase=  3 >>> Effort = 0.2369 <<<<
Failure(STR) S11 min= -981 ----  Allowed S11 Min (Compressive)= -490.5 ------> Model S11 Min (Compressive)= -470.4 ------>>   [  OK  ]     min value from loadcase=  4 >>> Effort = 0.47951 <<<<
Failure(STR) S22 max= 49 ----  Allowed S22 Max (Tensile)    = 24.5 ------> Model S22 Max (Tensile)    = 22.62 ------>>   [  OK  ]     max value from loadcase=  3 >>> Effort = 0.46163 <<<<
Failure(STR) S22 min= -160 ----  Allowed S22 Min (Compressive)= -80 ------> Model S22 Min (Compressive)= -18.17 ------>>   [  OK  ]     min value from loadcase=  2 >>> Effort = 0.11356 <<<<
Failure(STR) S12 max= 67 ----  Allowed S12 Max (Tensile)    = 33.5 ------> Model S12 Max (Tensile)    = 20.82 ------>>   [  OK  ]     max value from loadcase=  4 >>> Effort = 0.31075 <<<<
Failure(STR) S12 min= -67 ----  Allowed S12 Min (Compressive)= -33.5 ------> Model S12 Min (Compressive)= -21.1 ------>>   [  OK  ]     min value from loadcase=  4 >>> Effort = 0.31493 <<<<
*********************************************************************
************************MEMBER OUTPUT*********************************************
eigenPerformanceError=1.8715
materialRelativeDifferenceError=0
s11Error= 0.0027832
s22Error= 4.7887e-11
s12Error= 9.2482e-75
objectiveVal= 1.8715
*********************************************************************
Load case 1 effort:     S11        S22       S12 
   tensile:           0.22815     0.45184     0.21955
   compressive:       0.15912    0.041856      0.2197
Load case 2 effort:     S11        S22       S12 
   tensile:           0.19573     0.37755     0.23209
   compressive:       0.45882     0.11356     0.23507
Load case 3 effort:     S11        S22       S12 
   tensile:           0.2369     0.46163     0.28851
   compressive:       0.1159    0.049102     0.27642
Load case 4 effort:     S11        S22       S12 
   tensile:           0.19922     0.39429     0.31075
   compressive:       0.47951      0.0925     0.31493
***********************************************************************************
D0002802000103922B93A04812550000
***********************************************************************************
Member-5-Generation-18
S11     S22     S12

MaxStressData =

  529.3000   22.1400   14.7100
  454.0000   18.5000   15.5400
  546.5000   22.4900   19.2300
  462.2000   19.3000   20.7900

S11     S22     S12

MinStressData =

 -156.2000   -6.7000  -14.7200
 -448.9000  -18.1200  -15.7100
 -113.1000    2.4070  -18.4100
 -470.4000  -14.7900  -21.1100

***********************************************************************************
G18ID000280200010392F893A00813450000
***********************************************************************************
************************FAILURE LIMITS*********************************************
Failure(STR) S11 max= 2320 ----  Allowed S11 Max (Tensile)    = 1160 ------> Model S11 Max (Tensile)    = 546.5 ------>>  [  OK  ]      max value from loadcase=  3 >>> Effort = 0.23556 <<<<
Failure(STR) S11 min= -981 ----  Allowed S11 Min (Compressive)= -490.5 ------> Model S11 Min (Compressive)= -470.4 ------>>   [  OK  ]     min value from loadcase=  4 >>> Effort = 0.47951 <<<<
Failure(STR) S22 max= 49 ----  Allowed S22 Max (Tensile)    = 24.5 ------> Model S22 Max (Tensile)    = 22.49 ------>>   [  OK  ]     max value from loadcase=  3 >>> Effort = 0.45898 <<<<
Failure(STR) S22 min= -160 ----  Allowed S22 Min (Compressive)= -80 ------> Model S22 Min (Compressive)= -18.12 ------>>   [  OK  ]     min value from loadcase=  2 >>> Effort = 0.11325 <<<<
Failure(STR) S12 max= 67 ----  Allowed S12 Max (Tensile)    = 33.5 ------> Model S12 Max (Tensile)    = 20.79 ------>>   [  OK  ]     max value from loadcase=  4 >>> Effort = 0.3103 <<<<
Failure(STR) S12 min= -67 ----  Allowed S12 Min (Compressive)= -33.5 ------> Model S12 Min (Compressive)= -21.11 ------>>   [  OK  ]     min value from loadcase=  4 >>> Effort = 0.31507 <<<<
*********************************************************************
************************MEMBER OUTPUT*********************************************
eigenPerformanceError=1.8632
materialRelativeDifferenceError=0
s11Error= 0.0027832
s22Error= 3.3729e-12
s12Error= 1.0737e-74
objectiveVal= 1.8632
*********************************************************************
Load case 1 effort:     S11        S22       S12 
   tensile:           0.22815     0.45184     0.21955
   compressive:       0.15923    0.041875      0.2197
Load case 2 effort:     S11        S22       S12 
   tensile:           0.19569     0.37755     0.23194
   compressive:       0.45759     0.11325     0.23448
Load case 3 effort:     S11        S22       S12 
   tensile:           0.23556     0.45898     0.28701
   compressive:       0.11529    0.049122     0.27478
Load case 4 effort:     S11        S22       S12 
   tensile:           0.19922     0.39388      0.3103
   compressive:       0.47951    0.092437     0.31507
***********************************************************************************
D000280200010392F893A00813450000
***********************************************************************************
Member-6-Generation-18
S11     S22     S12

MaxStressData =

  529.6000   22.1500   14.7200
  454.7000   18.5200   15.5700
  546.1000   22.4700   19.2400
  462.2000   19.3000   20.7900

S11     S22     S12

MinStressData =

 -155.9000   -6.6890  -14.7200
 -449.0000  -18.1300  -15.7100
 -113.6000    2.4050  -18.4300
 -470.8000  -14.8000  -21.1300

***********************************************************************************
G18ID000280200010396D883A10813450001
***********************************************************************************
************************FAILURE LIMITS*********************************************
Failure(STR) S11 max= 2320 ----  Allowed S11 Max (Tensile)    = 1160 ------> Model S11 Max (Tensile)    = 546.1 ------>>  [  OK  ]      max value from loadcase=  3 >>> Effort = 0.23539 <<<<
Failure(STR) S11 min= -981 ----  Allowed S11 Min (Compressive)= -490.5 ------> Model S11 Min (Compressive)= -470.8 ------>>   [  OK  ]     min value from loadcase=  4 >>> Effort = 0.47992 <<<<
Failure(STR) S22 max= 49 ----  Allowed S22 Max (Tensile)    = 24.5 ------> Model S22 Max (Tensile)    = 22.47 ------>>   [  OK  ]     max value from loadcase=  3 >>> Effort = 0.45857 <<<<
Failure(STR) S22 min= -160 ----  Allowed S22 Min (Compressive)= -80 ------> Model S22 Min (Compressive)= -18.13 ------>>   [  OK  ]     min value from loadcase=  2 >>> Effort = 0.11331 <<<<
Failure(STR) S12 max= 67 ----  Allowed S12 Max (Tensile)    = 33.5 ------> Model S12 Max (Tensile)    = 20.79 ------>>   [  OK  ]     max value from loadcase=  4 >>> Effort = 0.3103 <<<<
Failure(STR) S12 min= -67 ----  Allowed S12 Min (Compressive)= -33.5 ------> Model S12 Min (Compressive)= -21.13 ------>>   [  OK  ]     min value from loadcase=  4 >>> Effort = 0.31537 <<<<
*********************************************************************
************************MEMBER OUTPUT*********************************************
eigenPerformanceError=1.783
materialRelativeDifferenceError=0
s11Error= 0.0041843
s22Error= 2.2426e-12
s12Error= 1.4472e-74
objectiveVal= 1.783
*********************************************************************
Load case 1 effort:     S11        S22       S12 
   tensile:           0.22828     0.45204      0.2197
   compressive:       0.15892    0.041806      0.2197
Load case 2 effort:     S11        S22       S12 
   tensile:           0.19599     0.37796     0.23239
   compressive:       0.4577     0.11331     0.23448
Load case 3 effort:     S11        S22       S12 
   tensile:           0.23539     0.45857     0.28716
   compressive:       0.1158    0.049082     0.27507
Load case 4 effort:     S11        S22       S12 
   tensile:           0.19922     0.39388      0.3103
   compressive:       0.47992      0.0925     0.31537
***********************************************************************************
D000280200010396D883A10813450001
***********************************************************************************
Member-7-Generation-18
S11     S22     S12

MaxStressData =

  529.3000   22.1400   14.7100
  452.4000   18.4300   15.4900
  547.2000   22.5200   19.2400
  462.1000   19.3000   20.8000

S11     S22     S12

MinStressData =

 -155.6000   -6.6780  -14.7200
 -448.6000  -18.1100  -15.7000
 -113.2000    2.3900  -18.4300
 -470.4000  -14.8200  -21.0500

***********************************************************************************
G18ID00028020001039A6A8BA04812440000
***********************************************************************************
************************FAILURE LIMITS*********************************************
Failure(STR) S11 max= 2320 ----  Allowed S11 Max (Tensile)    = 1160 ------> Model S11 Max (Tensile)    = 547.2 ------>>  [  OK  ]      max value from loadcase=  3 >>> Effort = 0.23586 <<<<
Failure(STR) S11 min= -981 ----  Allowed S11 Min (Compressive)= -490.5 ------> Model S11 Min (Compressive)= -470.4 ------>>   [  OK  ]     min value from loadcase=  4 >>> Effort = 0.47951 <<<<
Failure(STR) S22 max= 49 ----  Allowed S22 Max (Tensile)    = 24.5 ------> Model S22 Max (Tensile)    = 22.52 ------>>   [  OK  ]     max value from loadcase=  3 >>> Effort = 0.45959 <<<<
Failure(STR) S22 min= -160 ----  Allowed S22 Min (Compressive)= -80 ------> Model S22 Min (Compressive)= -18.11 ------>>   [  OK  ]     min value from loadcase=  2 >>> Effort = 0.11319 <<<<
Failure(STR) S12 max= 67 ----  Allowed S12 Max (Tensile)    = 33.5 ------> Model S12 Max (Tensile)    = 20.8 ------>>   [  OK  ]     max value from loadcase=  4 >>> Effort = 0.31045 <<<<
Failure(STR) S12 min= -67 ----  Allowed S12 Min (Compressive)= -33.5 ------> Model S12 Min (Compressive)= -21.05 ------>>   [  OK  ]     min value from loadcase=  4 >>> Effort = 0.31418 <<<<
*********************************************************************
************************MEMBER OUTPUT*********************************************
eigenPerformanceError=1.8218
materialRelativeDifferenceError=0
s11Error= 0.0027832
s22Error= 6.2216e-12
s12Error= 4.3849e-75
objectiveVal= 1.8218
*********************************************************************
Load case 1 effort:     S11        S22       S12 
   tensile:           0.22815     0.45184     0.21955
   compressive:       0.15861    0.041737      0.2197
Load case 2 effort:     S11        S22       S12 
   tensile:           0.195     0.37612     0.23119
   compressive:       0.45729     0.11319     0.23433
Load case 3 effort:     S11        S22       S12 
   tensile:           0.23586     0.45959     0.28716
   compressive:       0.11539    0.048776     0.27507
Load case 4 effort:     S11        S22       S12 
   tensile:           0.19918     0.39388     0.31045
   compressive:       0.47951    0.092625     0.31418
***********************************************************************************
D00028020001039A6A8BA04812440000
***********************************************************************************
Member-8-Generation-18
S11     S22     S12

MaxStressData =

  529.3000   22.1400   14.7100
  452.4000   18.4300   15.4900
  547.5000   22.5400   19.2800
  462.6000   19.7400   20.7900

S11     S22     S12

MinStressData =

 -155.6000   -6.6790  -14.7200
 -448.6000  -18.1100  -15.6800
 -113.5000    2.3900  -18.4500
 -470.5000  -14.8000  -21.1200

***********************************************************************************
G18ID000280200010F92F883A00813440000
***********************************************************************************
************************FAILURE LIMITS*********************************************
Failure(STR) S11 max= 2320 ----  Allowed S11 Max (Tensile)    = 1160 ------> Model S11 Max (Tensile)    = 547.5 ------>>  [  OK  ]      max value from loadcase=  3 >>> Effort = 0.23599 <<<<
Failure(STR) S11 min= -981 ----  Allowed S11 Min (Compressive)= -490.5 ------> Model S11 Min (Compressive)= -470.5 ------>>   [  OK  ]     min value from loadcase=  4 >>> Effort = 0.47961 <<<<
Failure(STR) S22 max= 49 ----  Allowed S22 Max (Tensile)    = 24.5 ------> Model S22 Max (Tensile)    = 22.54 ------>>   [  OK  ]     max value from loadcase=  3 >>> Effort = 0.46 <<<<
Failure(STR) S22 min= -160 ----  Allowed S22 Min (Compressive)= -80 ------> Model S22 Min (Compressive)= -18.11 ------>>   [  OK  ]     min value from loadcase=  2 >>> Effort = 0.11319 <<<<
Failure(STR) S12 max= 67 ----  Allowed S12 Max (Tensile)    = 33.5 ------> Model S12 Max (Tensile)    = 20.79 ------>>   [  OK  ]     max value from loadcase=  4 >>> Effort = 0.3103 <<<<
Failure(STR) S12 min= -67 ----  Allowed S12 Min (Compressive)= -33.5 ------> Model S12 Min (Compressive)= -21.12 ------>>   [  OK  ]     min value from loadcase=  4 >>> Effort = 0.31522 <<<<
*********************************************************************
************************MEMBER OUTPUT*********************************************
eigenPerformanceError=1.737
materialRelativeDifferenceError=0
s11Error= 0.0030819
s22Error= 9.3576e-12
s12Error= 1.2465e-74
objectiveVal= 1.737
*********************************************************************
Load case 1 effort:     S11        S22       S12 
   tensile:           0.22815     0.45184     0.21955
   compressive:       0.15861    0.041744      0.2197
Load case 2 effort:     S11        S22       S12 
   tensile:           0.195     0.37612     0.23119
   compressive:       0.45729     0.11319     0.23403
Load case 3 effort:     S11        S22       S12 
   tensile:           0.23599        0.46     0.28776
   compressive:       0.1157    0.048776     0.27537
Load case 4 effort:     S11        S22       S12 
   tensile:           0.1994     0.40286      0.3103
   compressive:       0.47961      0.0925     0.31522
***********************************************************************************
D000280200010F92F883A00813440000
***********************************************************************************
Member-9-Generation-18
S11     S22     S12

MaxStressData =

  529.3000   22.1400   14.7100
  452.4000   18.4300   15.4900
  547.6000   22.5400   19.2800
  462.6000   19.7400   20.7800

S11     S22     S12

MinStressData =

 -155.6000   -6.6790  -14.7200
 -448.6000  -18.1100  -15.6800
 -113.5000    2.3900  -18.4500
 -470.6000  -14.8000  -21.1200

***********************************************************************************
G18ID000280200010F9A2383A00813440000
***********************************************************************************
************************FAILURE LIMITS*********************************************
Failure(STR) S11 max= 2320 ----  Allowed S11 Max (Tensile)    = 1160 ------> Model S11 Max (Tensile)    = 547.6 ------>>  [  OK  ]      max value from loadcase=  3 >>> Effort = 0.23603 <<<<
Failure(STR) S11 min= -981 ----  Allowed S11 Min (Compressive)= -490.5 ------> Model S11 Min (Compressive)= -470.6 ------>>   [  OK  ]     min value from loadcase=  4 >>> Effort = 0.47971 <<<<
Failure(STR) S22 max= 49 ----  Allowed S22 Max (Tensile)    = 24.5 ------> Model S22 Max (Tensile)    = 22.54 ------>>   [  OK  ]     max value from loadcase=  3 >>> Effort = 0.46 <<<<
Failure(STR) S22 min= -160 ----  Allowed S22 Min (Compressive)= -80 ------> Model S22 Min (Compressive)= -18.11 ------>>   [  OK  ]     min value from loadcase=  2 >>> Effort = 0.11319 <<<<
Failure(STR) S12 max= 67 ----  Allowed S12 Max (Tensile)    = 33.5 ------> Model S12 Max (Tensile)    = 20.78 ------>>   [  OK  ]     max value from loadcase=  4 >>> Effort = 0.31015 <<<<
Failure(STR) S12 min= -67 ----  Allowed S12 Min (Compressive)= -33.5 ------> Model S12 Min (Compressive)= -21.12 ------>>   [  OK  ]     min value from loadcase=  4 >>> Effort = 0.31522 <<<<
*********************************************************************
************************MEMBER OUTPUT*********************************************
eigenPerformanceError=1.6852
materialRelativeDifferenceError=0
s11Error= 0.0034126
s22Error= 9.3576e-12
s12Error= 1.2465e-74
objectiveVal= 1.6852
*********************************************************************
Load case 1 effort:     S11        S22       S12 
   tensile:           0.22815     0.45184     0.21955
   compressive:       0.15861    0.041744      0.2197
Load case 2 effort:     S11        S22       S12 
   tensile:           0.195     0.37612     0.23119
   compressive:       0.45729     0.11319     0.23403
Load case 3 effort:     S11        S22       S12 
   tensile:           0.23603        0.46     0.28776
   compressive:       0.1157    0.048776     0.27537
Load case 4 effort:     S11        S22       S12 
   tensile:           0.1994     0.40286     0.31015
   compressive:       0.47971      0.0925     0.31522
***********************************************************************************
D000280200010F9A2383A00813440000
***********************************************************************************
Member-10-Generation-18
S11     S22     S12

MaxStressData =

  526.5000   22.0700   14.4100
  454.2000   18.5000   15.5400
  546.4000   22.4900   19.2700
  462.5000   19.6500   20.9400

S11     S22     S12

MinStressData =

 -155.6000   -6.6720  -14.4100
 -448.9000  -18.1300  -15.6700
 -113.6000    2.4050  -18.4400
 -471.0000  -14.8000  -21.1900

***********************************************************************************
G18ID000280200010F9A2398210813450001
***********************************************************************************
************************FAILURE LIMITS*********************************************
Failure(STR) S11 max= 2320 ----  Allowed S11 Max (Tensile)    = 1160 ------> Model S11 Max (Tensile)    = 546.4 ------>>  [  OK  ]      max value from loadcase=  3 >>> Effort = 0.23552 <<<<
Failure(STR) S11 min= -981 ----  Allowed S11 Min (Compressive)= -490.5 ------> Model S11 Min (Compressive)= -471 ------>>   [  OK  ]     min value from loadcase=  4 >>> Effort = 0.48012 <<<<
Failure(STR) S22 max= 49 ----  Allowed S22 Max (Tensile)    = 24.5 ------> Model S22 Max (Tensile)    = 22.49 ------>>   [  OK  ]     max value from loadcase=  3 >>> Effort = 0.45898 <<<<
Failure(STR) S22 min= -160 ----  Allowed S22 Min (Compressive)= -80 ------> Model S22 Min (Compressive)= -18.13 ------>>   [  OK  ]     min value from loadcase=  2 >>> Effort = 0.11331 <<<<
Failure(STR) S12 max= 67 ----  Allowed S12 Max (Tensile)    = 33.5 ------> Model S12 Max (Tensile)    = 20.94 ------>>   [  OK  ]     max value from loadcase=  4 >>> Effort = 0.31254 <<<<
Failure(STR) S12 min= -67 ----  Allowed S12 Min (Compressive)= -33.5 ------> Model S12 Min (Compressive)= -21.19 ------>>   [  OK  ]     min value from loadcase=  4 >>> Effort = 0.31627 <<<<
*********************************************************************
************************MEMBER OUTPUT*********************************************
eigenPerformanceError=1.7997
materialRelativeDifferenceError=0
s11Error= 0.0051305
s22Error= 3.3729e-12
s12Error= 3.5435e-74
objectiveVal= 1.7997
*********************************************************************
Load case 1 effort:     S11        S22       S12 
   tensile:           0.22694     0.45041     0.21507
   compressive:       0.15861      0.0417     0.21507
Load case 2 effort:     S11        S22       S12 
   tensile:           0.19578     0.37755     0.23194
   compressive:       0.45759     0.11331     0.23388
Load case 3 effort:     S11        S22       S12 
   tensile:           0.23552     0.45898     0.28761
   compressive:       0.1158    0.049082     0.27522
Load case 4 effort:     S11        S22       S12 
   tensile:           0.19935     0.40102     0.31254
   compressive:       0.48012      0.0925     0.31627
***********************************************************************************
D000280200010F9A2398210813450001
***********************************************************************************
Member-11-Generation-18
S11     S22     S12

MaxStressData =

  576.4000   24.0700   15.7200
  456.8000   18.6000   15.6700
  558.4000   22.7500   19.5200
  476.9000   20.2200   22.2200

S11     S22     S12

MinStressData =

 -155.9000   -6.7850  -14.4900
 -453.4000  -18.3000  -15.9000
 -114.7000    2.4180  -18.6400
 -486.0000  -15.8300  -22.8200

***********************************************************************************
G18ID04409913341606A5630158071305A3F
***********************************************************************************
************************FAILURE LIMITS*********************************************
Failure(STR) S11 max= 2320 ----  Allowed S11 Max (Tensile)    = 1160 ------> Model S11 Max (Tensile)    = 576.4 ------>>  [  OK  ]      max value from loadcase=  1 >>> Effort = 0.24845 <<<<
Failure(STR) S11 min= -981 ----  Allowed S11 Min (Compressive)= -490.5 ------> Model S11 Min (Compressive)= -486 ------>>   [  OK  ]     min value from loadcase=  4 >>> Effort = 0.49541 <<<<
Failure(STR) S22 max= 49 ----  Allowed S22 Max (Tensile)    = 24.5 ------> Model S22 Max (Tensile)    = 24.07 ------>>   [  OK  ]     max value from loadcase=  1 >>> Effort = 0.49122 <<<<
Failure(STR) S22 min= -160 ----  Allowed S22 Min (Compressive)= -80 ------> Model S22 Min (Compressive)= -18.3 ------>>   [  OK  ]     min value from loadcase=  2 >>> Effort = 0.11438 <<<<
Failure(STR) S12 max= 67 ----  Allowed S12 Max (Tensile)    = 33.5 ------> Model S12 Max (Tensile)    = 22.22 ------>>   [  OK  ]     max value from loadcase=  4 >>> Effort = 0.33164 <<<<
Failure(STR) S12 min= -67 ----  Allowed S12 Min (Compressive)= -33.5 ------> Model S12 Min (Compressive)= -22.82 ------>>   [  OK  ]     min value from loadcase=  4 >>> Effort = 0.3406 <<<<
*********************************************************************
************************MEMBER OUTPUT*********************************************
eigenPerformanceError=5.9795
materialRelativeDifferenceError=0
s11Error= 99.5561
s22Error= 77.2853
s12Error= 1.3035e-63
objectiveVal= 126.1752
*********************************************************************
Load case 1 effort:     S11        S22       S12 
   tensile:           0.24845     0.49122     0.23463
   compressive:       0.15892    0.042406     0.21627
Load case 2 effort:     S11        S22       S12 
   tensile:           0.1969     0.37959     0.23388
   compressive:       0.46218     0.11438     0.23731
Load case 3 effort:     S11        S22       S12 
   tensile:           0.24069     0.46429     0.29134
   compressive:       0.11692    0.049347     0.27821
Load case 4 effort:     S11        S22       S12 
   tensile:           0.20556     0.41265     0.33164
   compressive:       0.49541    0.098937      0.3406
***********************************************************************************
D04409913341606A5630158071305A3F
***********************************************************************************
Member-12-Generation-18
S11     S22     S12

MaxStressData =

  563.7000   23.6200   15.3000
  459.7000   18.7100   15.7600
  550.5000   22.6200   19.4400
  474.3000   18.7900   22.2700

S11     S22     S12

MinStressData =

 -160.0000   -6.9070  -15.3600
 -452.4000  -18.2600  -15.7600
 -115.0000    2.4170  -18.8200
 -466.4000  -15.7700  -23.0300

***********************************************************************************
G18ID130575C365108004414B3FEE667D390
***********************************************************************************
************************FAILURE LIMITS*********************************************
Failure(STR) S11 max= 2320 ----  Allowed S11 Max (Tensile)    = 1160 ------> Model S11 Max (Tensile)    = 563.7 ------>>  [  OK  ]      max value from loadcase=  1 >>> Effort = 0.24297 <<<<
Failure(STR) S11 min= -981 ----  Allowed S11 Min (Compressive)= -490.5 ------> Model S11 Min (Compressive)= -466.4 ------>>   [  OK  ]     min value from loadcase=  4 >>> Effort = 0.47543 <<<<
Failure(STR) S22 max= 49 ----  Allowed S22 Max (Tensile)    = 24.5 ------> Model S22 Max (Tensile)    = 23.62 ------>>   [  OK  ]     max value from loadcase=  1 >>> Effort = 0.48204 <<<<
Failure(STR) S22 min= -160 ----  Allowed S22 Min (Compressive)= -80 ------> Model S22 Min (Compressive)= -18.26 ------>>   [  OK  ]     min value from loadcase=  2 >>> Effort = 0.11413 <<<<
Failure(STR) S12 max= 67 ----  Allowed S12 Max (Tensile)    = 33.5 ------> Model S12 Max (Tensile)    = 22.27 ------>>   [  OK  ]     max value from loadcase=  4 >>> Effort = 0.33239 <<<<
Failure(STR) S12 min= -67 ----  Allowed S12 Min (Compressive)= -33.5 ------> Model S12 Min (Compressive)= -23.03 ------>>   [  OK  ]     min value from loadcase=  4 >>> Effort = 0.34373 <<<<
*********************************************************************
************************MEMBER OUTPUT*********************************************
eigenPerformanceError=6.1324
materialRelativeDifferenceError=0
s11Error= 4.7177e-05
s22Error= 0.034932
s12Error= 2.9945e-62
objectiveVal= 6.1325
*********************************************************************
Load case 1 effort:     S11        S22       S12 
   tensile:           0.24297     0.48204     0.22836
   compressive:       0.1631    0.043169     0.22925
Load case 2 effort:     S11        S22       S12 
   tensile:           0.19815     0.38184     0.23522
   compressive:       0.46116     0.11413     0.23522
Load case 3 effort:     S11        S22       S12 
   tensile:           0.23728     0.46163     0.29015
   compressive:       0.11723    0.049327      0.2809
Load case 4 effort:     S11        S22       S12 
   tensile:           0.20444     0.38347     0.33239
   compressive:       0.47543    0.098562     0.34373
***********************************************************************************
D130575C365108004414B3FEE667D390
***********************************************************************************
Member-13-Generation-18
S11     S22     S12

MaxStressData =

  568.3000   23.7800   15.4600
  462.5000   18.8700   15.6900
  558.8000   22.9700   19.8600
  479.4000   20.1800   22.2600

S11     S22     S12

MinStressData =

 -157.3000   -6.8170  -15.4600
 -453.6000  -18.3100  -15.8600
 -117.2000    2.4000  -18.7800
 -475.6000  -15.5400  -23.1000

***********************************************************************************
G18ID2850C83B6B9D8052A50C0AE1A0BC53B
***********************************************************************************
************************FAILURE LIMITS*********************************************
Failure(STR) S11 max= 2320 ----  Allowed S11 Max (Tensile)    = 1160 ------> Model S11 Max (Tensile)    = 568.3 ------>>  [  OK  ]      max value from loadcase=  1 >>> Effort = 0.24496 <<<<
Failure(STR) S11 min= -981 ----  Allowed S11 Min (Compressive)= -490.5 ------> Model S11 Min (Compressive)= -475.6 ------>>   [  OK  ]     min value from loadcase=  4 >>> Effort = 0.48481 <<<<
Failure(STR) S22 max= 49 ----  Allowed S22 Max (Tensile)    = 24.5 ------> Model S22 Max (Tensile)    = 23.78 ------>>   [  OK  ]     max value from loadcase=  1 >>> Effort = 0.48531 <<<<
Failure(STR) S22 min= -160 ----  Allowed S22 Min (Compressive)= -80 ------> Model S22 Min (Compressive)= -18.31 ------>>   [  OK  ]     min value from loadcase=  2 >>> Effort = 0.11444 <<<<
Failure(STR) S12 max= 67 ----  Allowed S12 Max (Tensile)    = 33.5 ------> Model S12 Max (Tensile)    = 22.26 ------>>   [  OK  ]     max value from loadcase=  4 >>> Effort = 0.33224 <<<<
Failure(STR) S12 min= -67 ----  Allowed S12 Min (Compressive)= -33.5 ------> Model S12 Min (Compressive)= -23.1 ------>>   [  OK  ]     min value from loadcase=  4 >>> Effort = 0.34478 <<<<
*********************************************************************
************************MEMBER OUTPUT*********************************************
eigenPerformanceError=7.0422
materialRelativeDifferenceError=0
s11Error= 0.55489
s22Error= 0.90681
s12Error= 8.5128e-62
objectiveVal= 7.122
*********************************************************************
Load case 1 effort:     S11        S22       S12 
   tensile:           0.24496     0.48531     0.23075
   compressive:       0.16035    0.042606     0.23075
Load case 2 effort:     S11        S22       S12 
   tensile:           0.19935      0.3851     0.23418
   compressive:       0.46239     0.11444     0.23672
Load case 3 effort:     S11        S22       S12 
   tensile:           0.24086     0.46878     0.29642
   compressive:       0.11947     0.04898      0.2803
Load case 4 effort:     S11        S22       S12 
   tensile:           0.20664     0.41184     0.33224
   compressive:       0.48481    0.097125     0.34478
***********************************************************************************
D2850C83B6B9D8052A50C0AE1A0BC53B
***********************************************************************************
Member-14-Generation-18
S11     S22     S12

MaxStressData =

  548.0000   22.9600   14.8900
  453.9000   18.4700   15.6200
  544.2000   22.3800   19.3600
  478.4000   18.7200   22.5200

S11     S22     S12

MinStressData =

 -157.1000   -6.7830  -14.9400
 -450.6000  -18.1900  -15.7900
 -114.1000    2.3940  -18.7200
 -481.8000  -15.6000  -22.8600

***********************************************************************************
G18ID29156D47BAA08038A3075EB84504218
***********************************************************************************
************************FAILURE LIMITS*********************************************
Failure(STR) S11 max= 2320 ----  Allowed S11 Max (Tensile)    = 1160 ------> Model S11 Max (Tensile)    = 548 ------>>  [  OK  ]      max value from loadcase=  1 >>> Effort = 0.23621 <<<<
Failure(STR) S11 min= -981 ----  Allowed S11 Min (Compressive)= -490.5 ------> Model S11 Min (Compressive)= -481.8 ------>>   [  OK  ]     min value from loadcase=  4 >>> Effort = 0.49113 <<<<
Failure(STR) S22 max= 49 ----  Allowed S22 Max (Tensile)    = 24.5 ------> Model S22 Max (Tensile)    = 22.96 ------>>   [  OK  ]     max value from loadcase=  1 >>> Effort = 0.46857 <<<<
Failure(STR) S22 min= -160 ----  Allowed S22 Min (Compressive)= -80 ------> Model S22 Min (Compressive)= -18.19 ------>>   [  OK  ]     min value from loadcase=  2 >>> Effort = 0.11369 <<<<
Failure(STR) S12 max= 67 ----  Allowed S12 Max (Tensile)    = 33.5 ------> Model S12 Max (Tensile)    = 22.52 ------>>   [  OK  ]     max value from loadcase=  4 >>> Effort = 0.33612 <<<<
Failure(STR) S12 min= -67 ----  Allowed S12 Min (Compressive)= -33.5 ------> Model S12 Min (Compressive)= -22.86 ------>>   [  OK  ]     min value from loadcase=  4 >>> Effort = 0.34119 <<<<
*********************************************************************
************************MEMBER OUTPUT*********************************************
eigenPerformanceError=5.596
materialRelativeDifferenceError=0
s11Error= 75.6115
s22Error= 4.9396e-08
s12Error= 2.368e-63
objectiveVal= 75.8183
*********************************************************************
Load case 1 effort:     S11        S22       S12 
   tensile:           0.23621     0.46857     0.22224
   compressive:       0.16014    0.042394     0.22299
Load case 2 effort:     S11        S22       S12 
   tensile:           0.19565     0.37694     0.23313
   compressive:       0.45933     0.11369     0.23567
Load case 3 effort:     S11        S22       S12 
   tensile:           0.23457     0.45673     0.28896
   compressive:       0.11631    0.048857      0.2794
Load case 4 effort:     S11        S22       S12 
   tensile:           0.20621     0.38204     0.33612
   compressive:       0.49113      0.0975     0.34119
***********************************************************************************
D29156D47BAA08038A3075EB84504218
***********************************************************************************
Member-15-Generation-18
S11     S22     S12

MaxStressData =

  578.0000   24.5100   12.5900
  458.6000   18.6800   15.6200
  549.9000   22.5300   19.4800
  468.4000   20.0300   22.5900

S11     S22     S12

MinStressData =

 -159.7000   -6.9250  -15.6200
 -455.1000  -18.3700  -15.9000
 -115.2000    2.4090  -18.6500
 -487.6000  -16.1700  -23.1900

***********************************************************************************
G18ID309ABFBB269BB28022043EA5E8D04EC
***********************************************************************************
************************FAILURE LIMITS*********************************************
Failure(STR) S11 max= 2320 ----  Allowed S11 Max (Tensile)    = 1160 ------> Model S11 Max (Tensile)    = 578 ------>>  [  OK  ]      max value from loadcase=  1 >>> Effort = 0.24914 <<<<
Failure(STR) S11 min= -981 ----  Allowed S11 Min (Compressive)= -490.5 ------> Model S11 Min (Compressive)= -487.6 ------>>   [  OK  ]     min value from loadcase=  4 >>> Effort = 0.49704 <<<<
Failure(STR) S22 max= 49 ----  Allowed S22 Max (Tensile)    = 24.5 ------> Model S22 Max (Tensile)    = 24.51 ------>>  !!!  VIOLATED  !!!  max value from loadcase=  1 >>> Effort = 0.5002 <<<<
Failure(STR) S22 min= -160 ----  Allowed S22 Min (Compressive)= -80 ------> Model S22 Min (Compressive)= -18.37 ------>>   [  OK  ]     min value from loadcase=  2 >>> Effort = 0.11481 <<<<
Failure(STR) S12 max= 67 ----  Allowed S12 Max (Tensile)    = 33.5 ------> Model S12 Max (Tensile)    = 22.59 ------>>   [  OK  ]     max value from loadcase=  4 >>> Effort = 0.33716 <<<<
Failure(STR) S12 min= -67 ----  Allowed S12 Min (Compressive)= -33.5 ------> Model S12 Min (Compressive)= -23.19 ------>>   [  OK  ]     min value from loadcase=  4 >>> Effort = 0.34612 <<<<
*********************************************************************
************************MEMBER OUTPUT*********************************************
eigenPerformanceError=7.5586
materialRelativeDifferenceError=0
s11Error= 99.9128
s22Error= 99.9963
s12Error= 3.2617e-61
objectiveVal= 141.559
*********************************************************************
Load case 1 effort:     S11        S22       S12 
   tensile:           0.24914      0.5002     0.18791
   compressive:       0.16279    0.043281     0.23313
Load case 2 effort:     S11        S22       S12 
   tensile:           0.19767     0.38122     0.23313
   compressive:       0.46391     0.11481     0.23731
Load case 3 effort:     S11        S22       S12 
   tensile:           0.23703      0.4598     0.29075
   compressive:       0.11743    0.049163     0.27836
Load case 4 effort:     S11        S22       S12 
   tensile:           0.2019     0.40878     0.33716
   compressive:       0.49704     0.10106     0.34612
***********************************************************************************
D309ABFBB269BB28022043EA5E8D04EC
***********************************************************************************

*****	GENERATION #18 simulation complete	***********
GEN: 18 | Obj: 1.685210 | RCYCLE: 30.667614 %
