Member-1-Generation-7
S11     S22     S12

MaxStressData =

  531.1000   22.2000   14.7900
  456.6000   18.6200   15.5100
  548.3000   22.5200   19.3000
  461.6000   19.7600   20.9800

S11     S22     S12

MinStressData =

 -155.9000   -6.6780  -14.8000
 -449.6000  -18.1500  -15.7400
 -113.6000    2.4050  -18.4000
 -470.0000  -14.8200  -21.1900

***********************************************************************************
G7ID000280200018596D883A00813450001
***********************************************************************************
************************FAILURE LIMITS*********************************************
Failure(STR) S11 max= 2320 ----  Allowed S11 Max (Tensile)    = 1160 ------> Model S11 Max (Tensile)    = 548.3 ------>>  [  OK  ]      max value from loadcase=  3 >>> Effort = 0.23634 <<<<
Failure(STR) S11 min= -981 ----  Allowed S11 Min (Compressive)= -490.5 ------> Model S11 Min (Compressive)= -470 ------>>   [  OK  ]     min value from loadcase=  4 >>> Effort = 0.4791 <<<<
Failure(STR) S22 max= 49 ----  Allowed S22 Max (Tensile)    = 24.5 ------> Model S22 Max (Tensile)    = 22.52 ------>>   [  OK  ]     max value from loadcase=  3 >>> Effort = 0.45959 <<<<
Failure(STR) S22 min= -160 ----  Allowed S22 Min (Compressive)= -80 ------> Model S22 Min (Compressive)= -18.15 ------>>   [  OK  ]     min value from loadcase=  2 >>> Effort = 0.11344 <<<<
Failure(STR) S12 max= 67 ----  Allowed S12 Max (Tensile)    = 33.5 ------> Model S12 Max (Tensile)    = 20.98 ------>>   [  OK  ]     max value from loadcase=  4 >>> Effort = 0.31313 <<<<
Failure(STR) S12 min= -67 ----  Allowed S12 Min (Compressive)= -33.5 ------> Model S12 Min (Compressive)= -21.19 ------>>   [  OK  ]     min value from loadcase=  4 >>> Effort = 0.31627 <<<<
*********************************************************************
************************MEMBER OUTPUT*********************************************
eigenPerformanceError=2.1457
materialRelativeDifferenceError=0
s11Error= 0.0018513
s22Error= 6.2216e-12
s12Error= 3.5435e-74
objectiveVal= 2.1457
*********************************************************************
Load case 1 effort:     S11        S22       S12 
   tensile:           0.22892     0.45306     0.22075
   compressive:       0.15892    0.041737      0.2209
Load case 2 effort:     S11        S22       S12 
   tensile:           0.19681        0.38     0.23149
   compressive:       0.45831     0.11344     0.23493
Load case 3 effort:     S11        S22       S12 
   tensile:           0.23634     0.45959     0.28806
   compressive:       0.1158    0.049082     0.27463
Load case 4 effort:     S11        S22       S12 
   tensile:           0.19897     0.40327     0.31313
   compressive:       0.4791    0.092625     0.31627
***********************************************************************************
000280200018596D883A00813450001
***********************************************************************************
Member-2-Generation-7
S11     S22     S12

MaxStressData =

  526.4000   22.0600   14.4100
  453.4000   18.4600   15.5200
  546.4000   22.4900   19.2100
  474.2000   19.2200   21.5600

S11     S22     S12

MinStressData =

 -155.7000   -6.6770  -14.4100
 -448.7000  -18.1100  -15.6800
 -113.1000    2.4010  -18.4100
 -479.2000  -15.3100  -21.8000

***********************************************************************************
G7ID00028020005039E24980A0813450000
***********************************************************************************
************************FAILURE LIMITS*********************************************
Failure(STR) S11 max= 2320 ----  Allowed S11 Max (Tensile)    = 1160 ------> Model S11 Max (Tensile)    = 546.4 ------>>  [  OK  ]      max value from loadcase=  3 >>> Effort = 0.23552 <<<<
Failure(STR) S11 min= -981 ----  Allowed S11 Min (Compressive)= -490.5 ------> Model S11 Min (Compressive)= -479.2 ------>>   [  OK  ]     min value from loadcase=  4 >>> Effort = 0.48848 <<<<
Failure(STR) S22 max= 49 ----  Allowed S22 Max (Tensile)    = 24.5 ------> Model S22 Max (Tensile)    = 22.49 ------>>   [  OK  ]     max value from loadcase=  3 >>> Effort = 0.45898 <<<<
Failure(STR) S22 min= -160 ----  Allowed S22 Min (Compressive)= -80 ------> Model S22 Min (Compressive)= -18.11 ------>>   [  OK  ]     min value from loadcase=  2 >>> Effort = 0.11319 <<<<
Failure(STR) S12 max= 67 ----  Allowed S12 Max (Tensile)    = 33.5 ------> Model S12 Max (Tensile)    = 21.56 ------>>   [  OK  ]     max value from loadcase=  4 >>> Effort = 0.32179 <<<<
Failure(STR) S12 min= -67 ----  Allowed S12 Min (Compressive)= -33.5 ------> Model S12 Min (Compressive)= -21.8 ------>>   [  OK  ]     min value from loadcase=  4 >>> Effort = 0.32537 <<<<
*********************************************************************
************************MEMBER OUTPUT*********************************************
eigenPerformanceError=1.9618
materialRelativeDifferenceError=0
s11Error= 17.963
s22Error= 3.3729e-12
s12Error= 3.1876e-70
objectiveVal= 18.0698
*********************************************************************
Load case 1 effort:     S11        S22       S12 
   tensile:           0.2269      0.4502     0.21507
   compressive:       0.15872    0.041731     0.21507
Load case 2 effort:     S11        S22       S12 
   tensile:           0.19543     0.37673     0.23164
   compressive:       0.45739     0.11319     0.23403
Load case 3 effort:     S11        S22       S12 
   tensile:           0.23552     0.45898     0.28672
   compressive:       0.11529       0.049     0.27478
Load case 4 effort:     S11        S22       S12 
   tensile:           0.2044     0.39224     0.32179
   compressive:       0.48848    0.095688     0.32537
***********************************************************************************
00028020005039E24980A0813450000
***********************************************************************************
Member-3-Generation-7
S11     S22     S12

MaxStressData =

  547.0000   22.8600   15.2200
  454.9000   18.5600   15.4600
  545.0000   22.4300   19.1800
  460.4000   19.7400   21.3000

S11     S22     S12

MinStressData =

 -156.2000   -6.7660  -15.2300
 -449.6000  -18.1500  -15.7200
 -113.0000    2.3960  -18.3600
 -467.8000  -14.7900  -22.4000

***********************************************************************************
G7ID000280200218EAA2083A00813440181
***********************************************************************************
************************FAILURE LIMITS*********************************************
Failure(STR) S11 max= 2320 ----  Allowed S11 Max (Tensile)    = 1160 ------> Model S11 Max (Tensile)    = 547 ------>>  [  OK  ]      max value from loadcase=  1 >>> Effort = 0.23578 <<<<
Failure(STR) S11 min= -981 ----  Allowed S11 Min (Compressive)= -490.5 ------> Model S11 Min (Compressive)= -467.8 ------>>   [  OK  ]     min value from loadcase=  4 >>> Effort = 0.47686 <<<<
Failure(STR) S22 max= 49 ----  Allowed S22 Max (Tensile)    = 24.5 ------> Model S22 Max (Tensile)    = 22.86 ------>>   [  OK  ]     max value from loadcase=  1 >>> Effort = 0.46653 <<<<
Failure(STR) S22 min= -160 ----  Allowed S22 Min (Compressive)= -80 ------> Model S22 Min (Compressive)= -18.15 ------>>   [  OK  ]     min value from loadcase=  2 >>> Effort = 0.11344 <<<<
Failure(STR) S12 max= 67 ----  Allowed S12 Max (Tensile)    = 33.5 ------> Model S12 Max (Tensile)    = 21.3 ------>>   [  OK  ]     max value from loadcase=  4 >>> Effort = 0.31791 <<<<
Failure(STR) S12 min= -67 ----  Allowed S12 Min (Compressive)= -33.5 ------> Model S12 Min (Compressive)= -22.4 ------>>   [  OK  ]     min value from loadcase=  4 >>> Effort = 0.33433 <<<<
*********************************************************************
************************MEMBER OUTPUT*********************************************
eigenPerformanceError=3.1433
materialRelativeDifferenceError=7.3864
s11Error= 0.00019657
s22Error= 6.4176e-09
s12Error= 2.4698e-66
objectiveVal= 8.0274
*********************************************************************
Load case 1 effort:     S11        S22       S12 
   tensile:           0.23578     0.46653     0.22716
   compressive:       0.15923    0.042287     0.22731
Load case 2 effort:     S11        S22       S12 
   tensile:           0.19608     0.37878     0.23075
   compressive:       0.45831     0.11344     0.23463
Load case 3 effort:     S11        S22       S12 
   tensile:           0.23491     0.45776     0.28627
   compressive:       0.11519    0.048898     0.27403
Load case 4 effort:     S11        S22       S12 
   tensile:           0.19845     0.40286     0.31791
   compressive:       0.47686    0.092437     0.33433
***********************************************************************************
000280200218EAA2083A00813440181
***********************************************************************************
Member-4-Generation-7
S11     S22     S12

MaxStressData =

  530.8000   22.1900   14.7800
  455.8000   18.5900   15.4900
  546.8000   22.5100   19.2300
  462.6000   19.7400   21.9900

S11     S22     S12

MinStressData =

 -156.2000   -6.6890  -14.7900
 -449.6000  -18.1500  -15.7200
 -113.1000    2.4050  -18.4300
 -469.7000  -14.8100  -22.2400

***********************************************************************************
G7ID000280200218F36E883A10813450000
***********************************************************************************
************************FAILURE LIMITS*********************************************
Failure(STR) S11 max= 2320 ----  Allowed S11 Max (Tensile)    = 1160 ------> Model S11 Max (Tensile)    = 546.8 ------>>  [  OK  ]      max value from loadcase=  3 >>> Effort = 0.23569 <<<<
Failure(STR) S11 min= -981 ----  Allowed S11 Min (Compressive)= -490.5 ------> Model S11 Min (Compressive)= -469.7 ------>>   [  OK  ]     min value from loadcase=  4 >>> Effort = 0.4788 <<<<
Failure(STR) S22 max= 49 ----  Allowed S22 Max (Tensile)    = 24.5 ------> Model S22 Max (Tensile)    = 22.51 ------>>   [  OK  ]     max value from loadcase=  3 >>> Effort = 0.45939 <<<<
Failure(STR) S22 min= -160 ----  Allowed S22 Min (Compressive)= -80 ------> Model S22 Min (Compressive)= -18.15 ------>>   [  OK  ]     min value from loadcase=  2 >>> Effort = 0.11344 <<<<
Failure(STR) S12 max= 67 ----  Allowed S12 Max (Tensile)    = 33.5 ------> Model S12 Max (Tensile)    = 21.99 ------>>   [  OK  ]     max value from loadcase=  4 >>> Effort = 0.32821 <<<<
Failure(STR) S12 min= -67 ----  Allowed S12 Min (Compressive)= -33.5 ------> Model S12 Min (Compressive)= -22.24 ------>>   [  OK  ]     min value from loadcase=  4 >>> Effort = 0.33194 <<<<
*********************************************************************
************************MEMBER OUTPUT*********************************************
eigenPerformanceError=2.3419
materialRelativeDifferenceError=0
s11Error= 0.0013635
s22Error= 5.0731e-12
s12Error= 2.2675e-67
objectiveVal= 2.3419
*********************************************************************
Load case 1 effort:     S11        S22       S12 
   tensile:           0.22879     0.45286      0.2206
   compressive:       0.15923    0.041806     0.22075
Load case 2 effort:     S11        S22       S12 
   tensile:           0.19647     0.37939     0.23119
   compressive:       0.45831     0.11344     0.23463
Load case 3 effort:     S11        S22       S12 
   tensile:           0.23569     0.45939     0.28701
   compressive:       0.11529    0.049082     0.27507
Load case 4 effort:     S11        S22       S12 
   tensile:           0.1994     0.40286     0.32821
   compressive:       0.4788    0.092563     0.33194
***********************************************************************************
000280200218F36E883A10813450000
***********************************************************************************
Member-5-Generation-7
S11     S22     S12

MaxStressData =

  536.2000   22.5000   14.6400
  457.3000   18.6200   15.6400
  554.5000   22.8100   19.5200
  463.3000   19.3800   21.8700

S11     S22     S12

MinStressData =

 -155.8000   -6.6900  -14.6400
 -453.7000  -18.3200  -15.8500
 -114.9000    2.4280  -18.6600
 -472.4000  -14.9000  -22.4300

***********************************************************************************
G7ID000280A052101BA24D0221C911F0A83
***********************************************************************************
************************FAILURE LIMITS*********************************************
Failure(STR) S11 max= 2320 ----  Allowed S11 Max (Tensile)    = 1160 ------> Model S11 Max (Tensile)    = 554.5 ------>>  [  OK  ]      max value from loadcase=  3 >>> Effort = 0.23901 <<<<
Failure(STR) S11 min= -981 ----  Allowed S11 Min (Compressive)= -490.5 ------> Model S11 Min (Compressive)= -472.4 ------>>   [  OK  ]     min value from loadcase=  4 >>> Effort = 0.48155 <<<<
Failure(STR) S22 max= 49 ----  Allowed S22 Max (Tensile)    = 24.5 ------> Model S22 Max (Tensile)    = 22.81 ------>>   [  OK  ]     max value from loadcase=  3 >>> Effort = 0.46551 <<<<
Failure(STR) S22 min= -160 ----  Allowed S22 Min (Compressive)= -80 ------> Model S22 Min (Compressive)= -18.32 ------>>   [  OK  ]     min value from loadcase=  2 >>> Effort = 0.1145 <<<<
Failure(STR) S12 max= 67 ----  Allowed S12 Max (Tensile)    = 33.5 ------> Model S12 Max (Tensile)    = 21.87 ------>>   [  OK  ]     max value from loadcase=  4 >>> Effort = 0.32642 <<<<
Failure(STR) S12 min= -67 ----  Allowed S12 Min (Compressive)= -33.5 ------> Model S12 Min (Compressive)= -22.43 ------>>   [  OK  ]     min value from loadcase=  4 >>> Effort = 0.33478 <<<<
*********************************************************************
************************MEMBER OUTPUT*********************************************
eigenPerformanceError=3.0249
materialRelativeDifferenceError=0
s11Error= 0.021373
s22Error= 2.3132e-09
s12Error= 3.8648e-66
objectiveVal= 3.025
*********************************************************************
Load case 1 effort:     S11        S22       S12 
   tensile:           0.23112     0.45918     0.21851
   compressive:       0.15882    0.041813     0.21851
Load case 2 effort:     S11        S22       S12 
   tensile:           0.19711        0.38     0.23343
   compressive:       0.46249      0.1145     0.23657
Load case 3 effort:     S11        S22       S12 
   tensile:           0.23901     0.46551     0.29134
   compressive:       0.11713    0.049551     0.27851
Load case 4 effort:     S11        S22       S12 
   tensile:           0.1997     0.39551     0.32642
   compressive:       0.48155    0.093125     0.33478
***********************************************************************************
000280A052101BA24D0221C911F0A83
***********************************************************************************
Member-6-Generation-7
S11     S22     S12

MaxStressData =

  541.5000   22.7500   14.8100
  454.7000   18.5100   15.5700
  545.6000   22.3600   19.3300
  455.5000   17.9600   20.9500

S11     S22     S12

MinStressData =

 -156.4000   -6.7140  -14.8100
 -451.3000  -18.2200  -15.7800
 -113.9000    2.4060  -18.4900
 -470.7000  -14.7400  -21.4700

***********************************************************************************
G7ID00080000405039E2498039C831602C1
***********************************************************************************
************************FAILURE LIMITS*********************************************
Failure(STR) S11 max= 2320 ----  Allowed S11 Max (Tensile)    = 1160 ------> Model S11 Max (Tensile)    = 545.6 ------>>  [  OK  ]      max value from loadcase=  3 >>> Effort = 0.23517 <<<<
Failure(STR) S11 min= -981 ----  Allowed S11 Min (Compressive)= -490.5 ------> Model S11 Min (Compressive)= -470.7 ------>>   [  OK  ]     min value from loadcase=  4 >>> Effort = 0.47982 <<<<
Failure(STR) S22 max= 49 ----  Allowed S22 Max (Tensile)    = 24.5 ------> Model S22 Max (Tensile)    = 22.75 ------>>   [  OK  ]     max value from loadcase=  1 >>> Effort = 0.46429 <<<<
Failure(STR) S22 min= -160 ----  Allowed S22 Min (Compressive)= -80 ------> Model S22 Min (Compressive)= -18.22 ------>>   [  OK  ]     min value from loadcase=  2 >>> Effort = 0.11387 <<<<
Failure(STR) S12 max= 67 ----  Allowed S12 Max (Tensile)    = 33.5 ------> Model S12 Max (Tensile)    = 20.95 ------>>   [  OK  ]     max value from loadcase=  4 >>> Effort = 0.31269 <<<<
Failure(STR) S12 min= -67 ----  Allowed S12 Min (Compressive)= -33.5 ------> Model S12 Min (Compressive)= -21.47 ------>>   [  OK  ]     min value from loadcase=  4 >>> Effort = 0.32045 <<<<
*********************************************************************
************************MEMBER OUTPUT*********************************************
eigenPerformanceError=2.989
materialRelativeDifferenceError=0
s11Error= 0.0037788
s22Error= 6.7987e-10
s12Error= 2.3142e-72
objectiveVal= 2.989
*********************************************************************
Load case 1 effort:     S11        S22       S12 
   tensile:           0.23341     0.46429     0.22104
   compressive:       0.15943    0.041962     0.22104
Load case 2 effort:     S11        S22       S12 
   tensile:           0.19599     0.37776     0.23239
   compressive:       0.46004     0.11387     0.23552
Load case 3 effort:     S11        S22       S12 
   tensile:           0.23517     0.45633     0.28851
   compressive:       0.11611    0.049102     0.27597
Load case 4 effort:     S11        S22       S12 
   tensile:           0.19634     0.36653     0.31269
   compressive:       0.47982    0.092125     0.32045
***********************************************************************************
00080000405039E2498039C831602C1
***********************************************************************************
Member-7-Generation-7
S11     S22     S12

MaxStressData =

  533.1000   22.3700   14.6200
  456.8000   18.6000   15.6300
  553.9000   22.8000   19.4800
  464.6000   19.3600   21.2500

S11     S22     S12

MinStressData =

 -157.8000   -6.7660  -14.6200
 -451.9000  -18.2500  -15.7900
 -114.6000    2.4240  -18.6600
 -470.1000  -14.6700  -22.2400

***********************************************************************************
G7ID00084020001039A239822420076CA00
***********************************************************************************
************************FAILURE LIMITS*********************************************
Failure(STR) S11 max= 2320 ----  Allowed S11 Max (Tensile)    = 1160 ------> Model S11 Max (Tensile)    = 553.9 ------>>  [  OK  ]      max value from loadcase=  3 >>> Effort = 0.23875 <<<<
Failure(STR) S11 min= -981 ----  Allowed S11 Min (Compressive)= -490.5 ------> Model S11 Min (Compressive)= -470.1 ------>>   [  OK  ]     min value from loadcase=  4 >>> Effort = 0.4792 <<<<
Failure(STR) S22 max= 49 ----  Allowed S22 Max (Tensile)    = 24.5 ------> Model S22 Max (Tensile)    = 22.8 ------>>   [  OK  ]     max value from loadcase=  3 >>> Effort = 0.46531 <<<<
Failure(STR) S22 min= -160 ----  Allowed S22 Min (Compressive)= -80 ------> Model S22 Min (Compressive)= -18.25 ------>>   [  OK  ]     min value from loadcase=  2 >>> Effort = 0.11406 <<<<
Failure(STR) S12 max= 67 ----  Allowed S12 Max (Tensile)    = 33.5 ------> Model S12 Max (Tensile)    = 21.25 ------>>   [  OK  ]     max value from loadcase=  4 >>> Effort = 0.31716 <<<<
Failure(STR) S12 min= -67 ----  Allowed S12 Min (Compressive)= -33.5 ------> Model S12 Min (Compressive)= -22.24 ------>>   [  OK  ]     min value from loadcase=  4 >>> Effort = 0.33194 <<<<
*********************************************************************
************************MEMBER OUTPUT*********************************************
eigenPerformanceError=2.2966
materialRelativeDifferenceError=0
s11Error= 0.0020499
s22Error= 1.8862e-09
s12Error= 2.2675e-67
objectiveVal= 2.2966
*********************************************************************
Load case 1 effort:     S11        S22       S12 
   tensile:           0.22978     0.45653     0.21821
   compressive:       0.16086    0.042287     0.21821
Load case 2 effort:     S11        S22       S12 
   tensile:           0.1969     0.37959     0.23328
   compressive:       0.46065     0.11406     0.23567
Load case 3 effort:     S11        S22       S12 
   tensile:           0.23875     0.46531     0.29075
   compressive:       0.11682    0.049469     0.27851
Load case 4 effort:     S11        S22       S12 
   tensile:           0.20026      0.3951     0.31716
   compressive:       0.4792    0.091688     0.33194
***********************************************************************************
00084020001039A239822420076CA00
***********************************************************************************
Member-8-Generation-7
S11     S22     S12

MaxStressData =

  534.9000   22.4500   14.6200
  454.3000   18.5000   15.5200
  544.3000   22.3100   19.2800
  462.3000   17.8800   20.9200

S11     S22     S12

MinStressData =

 -156.1000   -6.7000  -14.6200
 -450.4000  -18.1800  -15.7500
 -113.6000    2.4010  -18.4700
 -469.3000  -14.8200  -22.0400

***********************************************************************************
G7ID00200080121039A238C044223060D00
***********************************************************************************
************************FAILURE LIMITS*********************************************
Failure(STR) S11 max= 2320 ----  Allowed S11 Max (Tensile)    = 1160 ------> Model S11 Max (Tensile)    = 544.3 ------>>  [  OK  ]      max value from loadcase=  3 >>> Effort = 0.23461 <<<<
Failure(STR) S11 min= -981 ----  Allowed S11 Min (Compressive)= -490.5 ------> Model S11 Min (Compressive)= -469.3 ------>>   [  OK  ]     min value from loadcase=  4 >>> Effort = 0.47839 <<<<
Failure(STR) S22 max= 49 ----  Allowed S22 Max (Tensile)    = 24.5 ------> Model S22 Max (Tensile)    = 22.45 ------>>   [  OK  ]     max value from loadcase=  1 >>> Effort = 0.45816 <<<<
Failure(STR) S22 min= -160 ----  Allowed S22 Min (Compressive)= -80 ------> Model S22 Min (Compressive)= -18.18 ------>>   [  OK  ]     min value from loadcase=  2 >>> Effort = 0.11363 <<<<
Failure(STR) S12 max= 67 ----  Allowed S12 Max (Tensile)    = 33.5 ------> Model S12 Max (Tensile)    = 20.92 ------>>   [  OK  ]     max value from loadcase=  4 >>> Effort = 0.31224 <<<<
Failure(STR) S12 min= -67 ----  Allowed S12 Min (Compressive)= -33.5 ------> Model S12 Min (Compressive)= -22.04 ------>>   [  OK  ]     min value from loadcase=  4 >>> Effort = 0.32896 <<<<
*********************************************************************
************************MEMBER OUTPUT*********************************************
eigenPerformanceError=2.4232
materialRelativeDifferenceError=0
s11Error= 0.00090693
s22Error= 1.491e-12
s12Error= 1.1459e-68
objectiveVal= 2.4232
*********************************************************************
Load case 1 effort:     S11        S22       S12 
   tensile:           0.23056     0.45816     0.21821
   compressive:       0.15912    0.041875     0.21821
Load case 2 effort:     S11        S22       S12 
   tensile:           0.19582     0.37755     0.23164
   compressive:       0.45912     0.11363     0.23507
Load case 3 effort:     S11        S22       S12 
   tensile:           0.23461     0.45531     0.28776
   compressive:       0.1158       0.049     0.27567
Load case 4 effort:     S11        S22       S12 
   tensile:           0.19927      0.3649     0.31224
   compressive:       0.47839    0.092625     0.32896
***********************************************************************************
00200080121039A238C044223060D00
***********************************************************************************
Member-9-Generation-7
S11     S22     S12

MaxStressData =

  536.2000   22.5100   14.6300
  457.6000   18.6300   15.6300
  550.0000   22.5400   19.4700
  462.0000   17.9800   20.8600

S11     S22     S12

MinStressData =

 -155.9000   -6.6940  -14.6300
 -454.1000  -18.3300  -15.8800
 -114.8000    2.4260  -18.6700
 -471.8000  -14.8300  -22.0500

***********************************************************************************
G7ID0020008012103AA238C0442211F0A83
***********************************************************************************
************************FAILURE LIMITS*********************************************
Failure(STR) S11 max= 2320 ----  Allowed S11 Max (Tensile)    = 1160 ------> Model S11 Max (Tensile)    = 550 ------>>  [  OK  ]      max value from loadcase=  3 >>> Effort = 0.23707 <<<<
Failure(STR) S11 min= -981 ----  Allowed S11 Min (Compressive)= -490.5 ------> Model S11 Min (Compressive)= -471.8 ------>>   [  OK  ]     min value from loadcase=  4 >>> Effort = 0.48094 <<<<
Failure(STR) S22 max= 49 ----  Allowed S22 Max (Tensile)    = 24.5 ------> Model S22 Max (Tensile)    = 22.54 ------>>   [  OK  ]     max value from loadcase=  3 >>> Effort = 0.46 <<<<
Failure(STR) S22 min= -160 ----  Allowed S22 Min (Compressive)= -80 ------> Model S22 Min (Compressive)= -18.33 ------>>   [  OK  ]     min value from loadcase=  2 >>> Effort = 0.11456 <<<<
Failure(STR) S12 max= 67 ----  Allowed S12 Max (Tensile)    = 33.5 ------> Model S12 Max (Tensile)    = 20.86 ------>>   [  OK  ]     max value from loadcase=  4 >>> Effort = 0.31134 <<<<
Failure(STR) S12 min= -67 ----  Allowed S12 Min (Compressive)= -33.5 ------> Model S12 Min (Compressive)= -22.05 ------>>   [  OK  ]     min value from loadcase=  4 >>> Effort = 0.3291 <<<<
*********************************************************************
************************MEMBER OUTPUT*********************************************
eigenPerformanceError=2.6308
materialRelativeDifferenceError=0
s11Error= 0.011596
s22Error= 9.3576e-12
s12Error= 1.3303e-68
objectiveVal= 2.6308
*********************************************************************
Load case 1 effort:     S11        S22       S12 
   tensile:           0.23112     0.45939     0.21836
   compressive:       0.15892    0.041837     0.21836
Load case 2 effort:     S11        S22       S12 
   tensile:           0.19724      0.3802     0.23328
   compressive:       0.4629     0.11456     0.23701
Load case 3 effort:     S11        S22       S12 
   tensile:           0.23707        0.46      0.2906
   compressive:       0.11702     0.04951     0.27866
Load case 4 effort:     S11        S22       S12 
   tensile:           0.19914     0.36694     0.31134
   compressive:       0.48094    0.092688      0.3291
***********************************************************************************
0020008012103AA238C0442211F0A83
***********************************************************************************
Member-10-Generation-7
S11     S22     S12

MaxStressData =

  547.8000   22.8700   14.8500
  452.9000   18.4500   15.4900
  543.5000   22.2700   19.3300
  461.6000   19.1800   22.2100

S11     S22     S12

MinStressData =

 -157.0000   -6.7220  -14.7400
 -448.2000  -18.1000  -15.6600
 -113.9000    2.3940  -18.3500
 -472.2000  -15.2300  -21.8900

***********************************************************************************
G7ID0280400811041026160110031104880
***********************************************************************************
************************FAILURE LIMITS*********************************************
Failure(STR) S11 max= 2320 ----  Allowed S11 Max (Tensile)    = 1160 ------> Model S11 Max (Tensile)    = 547.8 ------>>  [  OK  ]      max value from loadcase=  1 >>> Effort = 0.23612 <<<<
Failure(STR) S11 min= -981 ----  Allowed S11 Min (Compressive)= -490.5 ------> Model S11 Min (Compressive)= -472.2 ------>>   [  OK  ]     min value from loadcase=  4 >>> Effort = 0.48135 <<<<
Failure(STR) S22 max= 49 ----  Allowed S22 Max (Tensile)    = 24.5 ------> Model S22 Max (Tensile)    = 22.87 ------>>   [  OK  ]     max value from loadcase=  1 >>> Effort = 0.46673 <<<<
Failure(STR) S22 min= -160 ----  Allowed S22 Min (Compressive)= -80 ------> Model S22 Min (Compressive)= -18.1 ------>>   [  OK  ]     min value from loadcase=  2 >>> Effort = 0.11313 <<<<
Failure(STR) S12 max= 67 ----  Allowed S12 Max (Tensile)    = 33.5 ------> Model S12 Max (Tensile)    = 22.21 ------>>   [  OK  ]     max value from loadcase=  4 >>> Effort = 0.33149 <<<<
Failure(STR) S12 min= -67 ----  Allowed S12 Min (Compressive)= -33.5 ------> Model S12 Min (Compressive)= -21.89 ------>>   [  OK  ]     min value from loadcase=  4 >>> Effort = 0.32672 <<<<
*********************************************************************
************************MEMBER OUTPUT*********************************************
eigenPerformanceError=2.9282
materialRelativeDifferenceError=24.8224
s11Error= 0.017432
s22Error= 7.8706e-09
s12Error= 1.4491e-67
objectiveVal= 24.9946
*********************************************************************
Load case 1 effort:     S11        S22       S12 
   tensile:           0.23612     0.46673     0.22164
   compressive:       0.16004    0.042013        0.22
Load case 2 effort:     S11        S22       S12 
   tensile:           0.19522     0.37653     0.23119
   compressive:       0.45688     0.11313     0.23373
Load case 3 effort:     S11        S22       S12 
   tensile:           0.23427     0.45449     0.28851
   compressive:       0.11611    0.048857     0.27388
Load case 4 effort:     S11        S22       S12 
   tensile:           0.19897     0.39143     0.33149
   compressive:       0.48135    0.095188     0.32672
***********************************************************************************
0280400811041026160110031104880
***********************************************************************************
Member-11-Generation-7
S11     S22     S12

MaxStressData =

  580.0000   24.3600   13.9900
  459.5000   18.7200   15.6500
  552.2000   22.4700   19.3400
  473.0000   20.3300   22.6700

S11     S22     S12

MinStressData =

 -160.1000   -6.9190  -15.7700
 -453.8000  -18.3300  -15.9300
 -114.0000    2.4120  -18.6500
 -470.2000  -16.0500  -23.1900

***********************************************************************************
G7ID03DE8F80423D2418350694332055274
***********************************************************************************
************************FAILURE LIMITS*********************************************
Failure(STR) S11 max= 2320 ----  Allowed S11 Max (Tensile)    = 1160 ------> Model S11 Max (Tensile)    = 580 ------>>  [  OK  ]      max value from loadcase=  1 >>> Effort = 0.25 <<<<
Failure(STR) S11 min= -981 ----  Allowed S11 Min (Compressive)= -490.5 ------> Model S11 Min (Compressive)= -470.2 ------>>   [  OK  ]     min value from loadcase=  4 >>> Effort = 0.47931 <<<<
Failure(STR) S22 max= 49 ----  Allowed S22 Max (Tensile)    = 24.5 ------> Model S22 Max (Tensile)    = 24.36 ------>>   [  OK  ]     max value from loadcase=  1 >>> Effort = 0.49714 <<<<
Failure(STR) S22 min= -160 ----  Allowed S22 Min (Compressive)= -80 ------> Model S22 Min (Compressive)= -18.33 ------>>   [  OK  ]     min value from loadcase=  2 >>> Effort = 0.11456 <<<<
Failure(STR) S12 max= 67 ----  Allowed S12 Max (Tensile)    = 33.5 ------> Model S12 Max (Tensile)    = 22.67 ------>>   [  OK  ]     max value from loadcase=  4 >>> Effort = 0.33836 <<<<
Failure(STR) S12 min= -67 ----  Allowed S12 Min (Compressive)= -33.5 ------> Model S12 Min (Compressive)= -23.19 ------>>   [  OK  ]     min value from loadcase=  4 >>> Effort = 0.34612 <<<<
*********************************************************************
************************MEMBER OUTPUT*********************************************
eigenPerformanceError=7.4761
materialRelativeDifferenceError=0
s11Error= 0.0022699
s22Error= 99.921
s12Error= 3.2617e-61
objectiveVal= 100.2003
*********************************************************************
Load case 1 effort:     S11        S22       S12 
   tensile:           0.25     0.49714     0.20881
   compressive:       0.1632    0.043244     0.23537
Load case 2 effort:     S11        S22       S12 
   tensile:           0.19806     0.38204     0.23358
   compressive:       0.46259     0.11456     0.23776
Load case 3 effort:     S11        S22       S12 
   tensile:           0.23802     0.45857     0.28866
   compressive:       0.11621    0.049224     0.27836
Load case 4 effort:     S11        S22       S12 
   tensile:           0.20388      0.4149     0.33836
   compressive:       0.47931     0.10031     0.34612
***********************************************************************************
03DE8F80423D2418350694332055274
***********************************************************************************
Member-12-Generation-7
S11     S22     S12

MaxStressData =

  537.3000   22.5100   14.8400
  455.1000   18.5600   15.5000
  545.1000   22.3800   19.3800
  473.5000   18.2400   21.9300

S11     S22     S12

MinStressData =

 -156.7000   -6.7030  -14.6600
 -448.6000  -18.1200  -15.6600
 -113.8000    2.3950  -18.7100
 -476.2000  -15.4200  -22.4500

***********************************************************************************
G7ID11130002810A9589401004640020200
***********************************************************************************
************************FAILURE LIMITS*********************************************
Failure(STR) S11 max= 2320 ----  Allowed S11 Max (Tensile)    = 1160 ------> Model S11 Max (Tensile)    = 545.1 ------>>  [  OK  ]      max value from loadcase=  3 >>> Effort = 0.23496 <<<<
Failure(STR) S11 min= -981 ----  Allowed S11 Min (Compressive)= -490.5 ------> Model S11 Min (Compressive)= -476.2 ------>>   [  OK  ]     min value from loadcase=  4 >>> Effort = 0.48542 <<<<
Failure(STR) S22 max= 49 ----  Allowed S22 Max (Tensile)    = 24.5 ------> Model S22 Max (Tensile)    = 22.51 ------>>   [  OK  ]     max value from loadcase=  1 >>> Effort = 0.45939 <<<<
Failure(STR) S22 min= -160 ----  Allowed S22 Min (Compressive)= -80 ------> Model S22 Min (Compressive)= -18.12 ------>>   [  OK  ]     min value from loadcase=  2 >>> Effort = 0.11325 <<<<
Failure(STR) S12 max= 67 ----  Allowed S12 Max (Tensile)    = 33.5 ------> Model S12 Max (Tensile)    = 21.93 ------>>   [  OK  ]     max value from loadcase=  4 >>> Effort = 0.32731 <<<<
Failure(STR) S12 min= -67 ----  Allowed S12 Min (Compressive)= -33.5 ------> Model S12 Min (Compressive)= -22.45 ------>>   [  OK  ]     min value from loadcase=  4 >>> Effort = 0.33507 <<<<
*********************************************************************
************************MEMBER OUTPUT*********************************************
eigenPerformanceError=2.4725
materialRelativeDifferenceError=21.0227
s11Error= 1.0181
s22Error= 5.0731e-12
s12Error= 5.2091e-66
objectiveVal= 21.1921
*********************************************************************
Load case 1 effort:     S11        S22       S12 
   tensile:           0.23159     0.45939     0.22149
   compressive:       0.15973    0.041894     0.21881
Load case 2 effort:     S11        S22       S12 
   tensile:           0.19616     0.37878     0.23134
   compressive:       0.45729     0.11325     0.23373
Load case 3 effort:     S11        S22       S12 
   tensile:           0.23496     0.45673     0.28925
   compressive:       0.116    0.048878     0.27925
Load case 4 effort:     S11        S22       S12 
   tensile:           0.20409     0.37224     0.32731
   compressive:       0.48542    0.096375     0.33507
***********************************************************************************
11130002810A9589401004640020200
***********************************************************************************
Member-13-Generation-7
S11     S22     S12

MaxStressData =

  570.5000   23.8500   15.2100
  458.7000   18.7000   15.5700
  545.9000   22.4100   19.3500
  477.8000   19.2500   22.4800

S11     S22     S12

MinStressData =

 -160.2000   -6.8820  -13.7600
 -451.7000  -18.2500  -15.8500
 -114.1000    2.4120  -18.5900
 -485.5000  -16.0700  -23.1700

***********************************************************************************
G7ID13C06A93646E1A1104C0706C04AA060
***********************************************************************************
************************FAILURE LIMITS*********************************************
Failure(STR) S11 max= 2320 ----  Allowed S11 Max (Tensile)    = 1160 ------> Model S11 Max (Tensile)    = 570.5 ------>>  [  OK  ]      max value from loadcase=  1 >>> Effort = 0.24591 <<<<
Failure(STR) S11 min= -981 ----  Allowed S11 Min (Compressive)= -490.5 ------> Model S11 Min (Compressive)= -485.5 ------>>   [  OK  ]     min value from loadcase=  4 >>> Effort = 0.4949 <<<<
Failure(STR) S22 max= 49 ----  Allowed S22 Max (Tensile)    = 24.5 ------> Model S22 Max (Tensile)    = 23.85 ------>>   [  OK  ]     max value from loadcase=  1 >>> Effort = 0.48673 <<<<
Failure(STR) S22 min= -160 ----  Allowed S22 Min (Compressive)= -80 ------> Model S22 Min (Compressive)= -18.25 ------>>   [  OK  ]     min value from loadcase=  2 >>> Effort = 0.11406 <<<<
Failure(STR) S12 max= 67 ----  Allowed S12 Max (Tensile)    = 33.5 ------> Model S12 Max (Tensile)    = 22.48 ------>>   [  OK  ]     max value from loadcase=  4 >>> Effort = 0.33552 <<<<
Failure(STR) S12 min= -67 ----  Allowed S12 Min (Compressive)= -33.5 ------> Model S12 Min (Compressive)= -23.17 ------>>   [  OK  ]     min value from loadcase=  4 >>> Effort = 0.34582 <<<<
*********************************************************************
************************MEMBER OUTPUT*********************************************
eigenPerformanceError=6.1099
materialRelativeDifferenceError=0
s11Error= 99.2632
s22Error= 3.6781
s12Error= 2.42e-61
objectiveVal= 99.519
*********************************************************************
Load case 1 effort:     S11        S22       S12 
   tensile:           0.24591     0.48673     0.22701
   compressive:       0.1633    0.043012     0.20537
Load case 2 effort:     S11        S22       S12 
   tensile:           0.19772     0.38163     0.23239
   compressive:       0.46045     0.11406     0.23657
Load case 3 effort:     S11        S22       S12 
   tensile:           0.2353     0.45735     0.28881
   compressive:       0.11631    0.049224     0.27746
Load case 4 effort:     S11        S22       S12 
   tensile:           0.20595     0.39286     0.33552
   compressive:       0.4949     0.10044     0.34582
***********************************************************************************
13C06A93646E1A1104C0706C04AA060
***********************************************************************************
Member-14-Generation-7
S11     S22     S12

MaxStressData =

  536.2000   22.5100   14.6300
  457.4000   18.6200   15.6400
  554.9000   22.7600   19.5200
  465.7000   20.3200   21.8200

S11     S22     S12

MinStressData =

 -155.9000   -6.6920  -14.6300
 -453.7000  -18.3200  -15.8400
 -114.9000    2.4260  -18.6000
 -472.4000  -14.9700  -22.2900

***********************************************************************************
G7ID20A040A012101BA24D0221C911F0A83
***********************************************************************************
************************FAILURE LIMITS*********************************************
Failure(STR) S11 max= 2320 ----  Allowed S11 Max (Tensile)    = 1160 ------> Model S11 Max (Tensile)    = 554.9 ------>>  [  OK  ]      max value from loadcase=  3 >>> Effort = 0.23918 <<<<
Failure(STR) S11 min= -981 ----  Allowed S11 Min (Compressive)= -490.5 ------> Model S11 Min (Compressive)= -472.4 ------>>   [  OK  ]     min value from loadcase=  4 >>> Effort = 0.48155 <<<<
Failure(STR) S22 max= 49 ----  Allowed S22 Max (Tensile)    = 24.5 ------> Model S22 Max (Tensile)    = 22.76 ------>>   [  OK  ]     max value from loadcase=  3 >>> Effort = 0.46449 <<<<
Failure(STR) S22 min= -160 ----  Allowed S22 Min (Compressive)= -80 ------> Model S22 Min (Compressive)= -18.32 ------>>   [  OK  ]     min value from loadcase=  2 >>> Effort = 0.1145 <<<<
Failure(STR) S12 max= 67 ----  Allowed S12 Max (Tensile)    = 33.5 ------> Model S12 Max (Tensile)    = 21.82 ------>>   [  OK  ]     max value from loadcase=  4 >>> Effort = 0.32567 <<<<
Failure(STR) S12 min= -67 ----  Allowed S12 Min (Compressive)= -33.5 ------> Model S12 Min (Compressive)= -22.29 ------>>   [  OK  ]     min value from loadcase=  4 >>> Effort = 0.33269 <<<<
*********************************************************************
************************MEMBER OUTPUT*********************************************
eigenPerformanceError=3.0343
materialRelativeDifferenceError=0
s11Error= 0.021373
s22Error= 8.3379e-10
s12Error= 4.7824e-67
objectiveVal= 3.0344
*********************************************************************
Load case 1 effort:     S11        S22       S12 
   tensile:           0.23112     0.45939     0.21836
   compressive:       0.15892    0.041825     0.21836
Load case 2 effort:     S11        S22       S12 
   tensile:           0.19716        0.38     0.23343
   compressive:       0.46249      0.1145     0.23642
Load case 3 effort:     S11        S22       S12 
   tensile:           0.23918     0.46449     0.29134
   compressive:       0.11713     0.04951     0.27761
Load case 4 effort:     S11        S22       S12 
   tensile:           0.20073     0.41469     0.32567
   compressive:       0.48155    0.093563     0.33269
***********************************************************************************
20A040A012101BA24D0221C911F0A83
***********************************************************************************
Member-15-Generation-7
S11     S22     S12

MaxStressData =

  532.8000   22.2800   14.4800
  455.8000   18.5700   15.5500
  547.8000   22.4700   19.5600
  470.2000   20.5800   21.9900

S11     S22     S12

MinStressData =

 -155.6000   -6.6860  -14.4700
 -447.9000  -18.0800  -15.6500
 -114.4000    2.3790  -18.3200
 -477.3000  -15.4400  -22.7800

***********************************************************************************
G7ID2200213111DC5604808020800020000
***********************************************************************************
************************FAILURE LIMITS*********************************************
Failure(STR) S11 max= 2320 ----  Allowed S11 Max (Tensile)    = 1160 ------> Model S11 Max (Tensile)    = 547.8 ------>>  [  OK  ]      max value from loadcase=  3 >>> Effort = 0.23612 <<<<
Failure(STR) S11 min= -981 ----  Allowed S11 Min (Compressive)= -490.5 ------> Model S11 Min (Compressive)= -477.3 ------>>   [  OK  ]     min value from loadcase=  4 >>> Effort = 0.48654 <<<<
Failure(STR) S22 max= 49 ----  Allowed S22 Max (Tensile)    = 24.5 ------> Model S22 Max (Tensile)    = 22.47 ------>>   [  OK  ]     max value from loadcase=  3 >>> Effort = 0.45857 <<<<
Failure(STR) S22 min= -160 ----  Allowed S22 Min (Compressive)= -80 ------> Model S22 Min (Compressive)= -18.08 ------>>   [  OK  ]     min value from loadcase=  2 >>> Effort = 0.113 <<<<
Failure(STR) S12 max= 67 ----  Allowed S12 Max (Tensile)    = 33.5 ------> Model S12 Max (Tensile)    = 21.99 ------>>   [  OK  ]     max value from loadcase=  4 >>> Effort = 0.32821 <<<<
Failure(STR) S12 min= -67 ----  Allowed S12 Min (Compressive)= -33.5 ------> Model S12 Min (Compressive)= -22.78 ------>>   [  OK  ]     min value from loadcase=  4 >>> Effort = 0.34 <<<<
*********************************************************************
************************MEMBER OUTPUT*********************************************
eigenPerformanceError=3.0287
materialRelativeDifferenceError=25.438
s11Error= 3.0601
s22Error= 2.2426e-12
s12Error= 7.1751e-64
objectiveVal= 25.7998
*********************************************************************
Load case 1 effort:     S11        S22       S12 
   tensile:           0.22966     0.45469     0.21612
   compressive:       0.15861    0.041787     0.21597
Load case 2 effort:     S11        S22       S12 
   tensile:           0.19647     0.37898     0.23209
   compressive:       0.45657       0.113     0.23358
Load case 3 effort:     S11        S22       S12 
   tensile:           0.23612     0.45857     0.29194
   compressive:       0.11662    0.048551     0.27343
Load case 4 effort:     S11        S22       S12 
   tensile:           0.20267        0.42     0.32821
   compressive:       0.48654      0.0965        0.34
***********************************************************************************
2200213111DC5604808020800020000
***********************************************************************************

*****	GENERATION #7 simulation complete	***********
GEN: 7 | Obj: 2.145682 | RCYCLE: 30.866477 %
