Member-1-Generation-2
S11     S22     S12

MaxStressData =

  553.8000   23.3000   15.6900
  458.8000   18.6800   15.7700
  549.4000   22.5400   19.6400
  466.8000   19.0900   21.6800

S11     S22     S12

MinStressData =

 -158.4000   -6.8110  -15.3500
 -454.3000  -18.3400  -15.8900
 -115.5000    2.4300  -18.6100
 -468.6000  -15.0200  -22.9100

***********************************************************************************
G2ID00180104A202C020B8F4A1C913F82C1
***********************************************************************************
************************FAILURE LIMITS*********************************************
Failure(STR) S11 max= 2320 ----  Allowed S11 Max (Tensile)    = 1160 ------> Model S11 Max (Tensile)    = 553.8 ------>>  [  OK  ]      max value from loadcase=  1 >>> Effort = 0.23871 <<<<
Failure(STR) S11 min= -981 ----  Allowed S11 Min (Compressive)= -490.5 ------> Model S11 Min (Compressive)= -468.6 ------>>   [  OK  ]     min value from loadcase=  4 >>> Effort = 0.47768 <<<<
Failure(STR) S22 max= 49 ----  Allowed S22 Max (Tensile)    = 24.5 ------> Model S22 Max (Tensile)    = 23.3 ------>>   [  OK  ]     max value from loadcase=  1 >>> Effort = 0.47551 <<<<
Failure(STR) S22 min= -160 ----  Allowed S22 Min (Compressive)= -80 ------> Model S22 Min (Compressive)= -18.34 ------>>   [  OK  ]     min value from loadcase=  2 >>> Effort = 0.11463 <<<<
Failure(STR) S12 max= 67 ----  Allowed S12 Max (Tensile)    = 33.5 ------> Model S12 Max (Tensile)    = 21.68 ------>>   [  OK  ]     max value from loadcase=  4 >>> Effort = 0.32358 <<<<
Failure(STR) S12 min= -67 ----  Allowed S12 Min (Compressive)= -33.5 ------> Model S12 Min (Compressive)= -22.91 ------>>   [  OK  ]     min value from loadcase=  4 >>> Effort = 0.34194 <<<<
*********************************************************************
************************MEMBER OUTPUT*********************************************
eigenPerformanceError=3.57
materialRelativeDifferenceError=0
s11Error= 0.00044431
s22Error= 5.0952e-05
s12Error= 4.9945e-63
objectiveVal= 3.57
*********************************************************************
Load case 1 effort:     S11        S22       S12 
   tensile:           0.23871     0.47551     0.23418
   compressive:       0.16147    0.042569      0.2291
Load case 2 effort:     S11        S22       S12 
   tensile:           0.19776     0.38122     0.23537
   compressive:       0.4631     0.11463     0.23716
Load case 3 effort:     S11        S22       S12 
   tensile:           0.23681        0.46     0.29313
   compressive:       0.11774    0.049592     0.27776
Load case 4 effort:     S11        S22       S12 
   tensile:           0.20121     0.38959     0.32358
   compressive:       0.47768    0.093875     0.34194
***********************************************************************************
00180104A202C020B8F4A1C913F82C1
***********************************************************************************
Member-2-Generation-2
S11     S22     S12

MaxStressData =

  567.9000   23.8400   15.6800
  453.3000   18.4700   15.5400
  547.3000   22.4100   19.2300
  463.1000   18.2200   22.5000

S11     S22     S12

MinStressData =

 -157.9000   -6.8040  -15.4700
 -447.9000  -18.0900  -15.6600
 -113.4000    2.3890  -18.3300
 -473.1000  -15.8200  -22.6600

***********************************************************************************
G2ID001924084182594548101015140286E
***********************************************************************************
************************FAILURE LIMITS*********************************************
Failure(STR) S11 max= 2320 ----  Allowed S11 Max (Tensile)    = 1160 ------> Model S11 Max (Tensile)    = 567.9 ------>>  [  OK  ]      max value from loadcase=  1 >>> Effort = 0.24478 <<<<
Failure(STR) S11 min= -981 ----  Allowed S11 Min (Compressive)= -490.5 ------> Model S11 Min (Compressive)= -473.1 ------>>   [  OK  ]     min value from loadcase=  4 >>> Effort = 0.48226 <<<<
Failure(STR) S22 max= 49 ----  Allowed S22 Max (Tensile)    = 24.5 ------> Model S22 Max (Tensile)    = 23.84 ------>>   [  OK  ]     max value from loadcase=  1 >>> Effort = 0.48653 <<<<
Failure(STR) S22 min= -160 ----  Allowed S22 Min (Compressive)= -80 ------> Model S22 Min (Compressive)= -18.09 ------>>   [  OK  ]     min value from loadcase=  2 >>> Effort = 0.11306 <<<<
Failure(STR) S12 max= 67 ----  Allowed S12 Max (Tensile)    = 33.5 ------> Model S12 Max (Tensile)    = 22.5 ------>>   [  OK  ]     max value from loadcase=  4 >>> Effort = 0.33582 <<<<
Failure(STR) S12 min= -67 ----  Allowed S12 Min (Compressive)= -33.5 ------> Model S12 Min (Compressive)= -22.66 ------>>   [  OK  ]     min value from loadcase=  4 >>> Effort = 0.33821 <<<<
*********************************************************************
************************MEMBER OUTPUT*********************************************
eigenPerformanceError=4.8057
materialRelativeDifferenceError=0
s11Error= 0.043619
s22Error= 3.0196
s12Error= 1.1967e-64
objectiveVal= 5.6758
*********************************************************************
Load case 1 effort:     S11        S22       S12 
   tensile:           0.24478     0.48653     0.23403
   compressive:       0.16096    0.042525      0.2309
Load case 2 effort:     S11        S22       S12 
   tensile:           0.19539     0.37694     0.23194
   compressive:       0.45657     0.11306     0.23373
Load case 3 effort:     S11        S22       S12 
   tensile:           0.23591     0.45735     0.28701
   compressive:       0.1156    0.048755     0.27358
Load case 4 effort:     S11        S22       S12 
   tensile:           0.19961     0.37184     0.33582
   compressive:       0.48226    0.098875     0.33821
***********************************************************************************
001924084182594548101015140286E
***********************************************************************************
Member-3-Generation-2
S11     S22     S12

MaxStressData =

  564.4000   23.6100   15.4100
  459.2000   18.7100   15.6900
  549.4000   22.4500   19.5500
  473.8000   18.3400   21.8800

S11     S22     S12

MinStressData =

 -158.8000   -6.8230  -15.3800
 -453.4000  -18.3000  -15.8200
 -115.3000    2.4280  -18.5700
 -479.9000  -15.5100  -22.2800

***********************************************************************************
G2ID004090406112E9A008A8110007B7453
***********************************************************************************
************************FAILURE LIMITS*********************************************
Failure(STR) S11 max= 2320 ----  Allowed S11 Max (Tensile)    = 1160 ------> Model S11 Max (Tensile)    = 564.4 ------>>  [  OK  ]      max value from loadcase=  1 >>> Effort = 0.24328 <<<<
Failure(STR) S11 min= -981 ----  Allowed S11 Min (Compressive)= -490.5 ------> Model S11 Min (Compressive)= -479.9 ------>>   [  OK  ]     min value from loadcase=  4 >>> Effort = 0.48919 <<<<
Failure(STR) S22 max= 49 ----  Allowed S22 Max (Tensile)    = 24.5 ------> Model S22 Max (Tensile)    = 23.61 ------>>   [  OK  ]     max value from loadcase=  1 >>> Effort = 0.48184 <<<<
Failure(STR) S22 min= -160 ----  Allowed S22 Min (Compressive)= -80 ------> Model S22 Min (Compressive)= -18.3 ------>>   [  OK  ]     min value from loadcase=  2 >>> Effort = 0.11438 <<<<
Failure(STR) S12 max= 67 ----  Allowed S12 Max (Tensile)    = 33.5 ------> Model S12 Max (Tensile)    = 21.88 ------>>   [  OK  ]     max value from loadcase=  4 >>> Effort = 0.32657 <<<<
Failure(STR) S12 min= -67 ----  Allowed S12 Min (Compressive)= -33.5 ------> Model S12 Min (Compressive)= -22.28 ------>>   [  OK  ]     min value from loadcase=  4 >>> Effort = 0.33254 <<<<
*********************************************************************
************************MEMBER OUTPUT*********************************************
eigenPerformanceError=4.593
materialRelativeDifferenceError=0
s11Error= 30.8893
s22Error= 0.028485
s12Error= 4.1193e-67
objectiveVal= 31.2289
*********************************************************************
Load case 1 effort:     S11        S22       S12 
   tensile:           0.24328     0.48184        0.23
   compressive:       0.16188    0.042644     0.22955
Load case 2 effort:     S11        S22       S12 
   tensile:           0.19793     0.38184     0.23418
   compressive:       0.46218     0.11438     0.23612
Load case 3 effort:     S11        S22       S12 
   tensile:           0.23681     0.45816     0.29179
   compressive:       0.11753    0.049551     0.27716
Load case 4 effort:     S11        S22       S12 
   tensile:           0.20422     0.37429     0.32657
   compressive:       0.48919    0.096937     0.33254
***********************************************************************************
004090406112E9A008A8110007B7453
***********************************************************************************
Member-4-Generation-2
S11     S22     S12

MaxStressData =

  546.8000   22.9500   15.0000
  455.9000   18.5700   15.5900
  543.5000   22.2700   19.4300
  472.0000   18.2400   22.3000

S11     S22     S12

MinStressData =

 -156.1000   -6.7090  -14.9700
 -452.4000  -18.2600  -15.8500
 -114.4000    2.4120  -18.6600
 -477.6000  -15.4600  -22.5000

***********************************************************************************
G2ID004098404152EBE008A021020310D03
***********************************************************************************
************************FAILURE LIMITS*********************************************
Failure(STR) S11 max= 2320 ----  Allowed S11 Max (Tensile)    = 1160 ------> Model S11 Max (Tensile)    = 546.8 ------>>  [  OK  ]      max value from loadcase=  1 >>> Effort = 0.23569 <<<<
Failure(STR) S11 min= -981 ----  Allowed S11 Min (Compressive)= -490.5 ------> Model S11 Min (Compressive)= -477.6 ------>>   [  OK  ]     min value from loadcase=  4 >>> Effort = 0.48685 <<<<
Failure(STR) S22 max= 49 ----  Allowed S22 Max (Tensile)    = 24.5 ------> Model S22 Max (Tensile)    = 22.95 ------>>   [  OK  ]     max value from loadcase=  1 >>> Effort = 0.46837 <<<<
Failure(STR) S22 min= -160 ----  Allowed S22 Min (Compressive)= -80 ------> Model S22 Min (Compressive)= -18.26 ------>>   [  OK  ]     min value from loadcase=  2 >>> Effort = 0.11413 <<<<
Failure(STR) S12 max= 67 ----  Allowed S12 Max (Tensile)    = 33.5 ------> Model S12 Max (Tensile)    = 22.3 ------>>   [  OK  ]     max value from loadcase=  4 >>> Effort = 0.33284 <<<<
Failure(STR) S12 min= -67 ----  Allowed S12 Min (Compressive)= -33.5 ------> Model S12 Min (Compressive)= -22.5 ------>>   [  OK  ]     min value from loadcase=  4 >>> Effort = 0.33582 <<<<
*********************************************************************
************************MEMBER OUTPUT*********************************************
eigenPerformanceError=3.7343
materialRelativeDifferenceError=0
s11Error= 4.1097
s22Error= 4.0277e-08
s12Error= 1.0987e-65
objectiveVal= 5.5529
*********************************************************************
Load case 1 effort:     S11        S22       S12 
   tensile:           0.23569     0.46837     0.22388
   compressive:       0.15912    0.041931     0.22343
Load case 2 effort:     S11        S22       S12 
   tensile:           0.19651     0.37898     0.23269
   compressive:       0.46116     0.11413     0.23657
Load case 3 effort:     S11        S22       S12 
   tensile:           0.23427     0.45449        0.29
   compressive:       0.11662    0.049224     0.27851
Load case 4 effort:     S11        S22       S12 
   tensile:           0.20345     0.37224     0.33284
   compressive:       0.48685    0.096625     0.33582
***********************************************************************************
004098404152EBE008A021020310D03
***********************************************************************************
Member-5-Generation-2
S11     S22     S12

MaxStressData =

  553.4000   23.2800   15.1700
  453.6000   18.4800   15.5100
  540.7000   22.1600   19.3100
  477.7000   18.2300   22.3100

S11     S22     S12

MinStressData =

 -156.6000   -6.7320  -15.1700
 -450.7000  -18.1900  -15.8000
 -113.8000    2.3970  -18.5700
 -476.7000  -15.4500  -22.5400

***********************************************************************************
G2ID004098404152EBE009A200060200D81
***********************************************************************************
************************FAILURE LIMITS*********************************************
Failure(STR) S11 max= 2320 ----  Allowed S11 Max (Tensile)    = 1160 ------> Model S11 Max (Tensile)    = 553.4 ------>>  [  OK  ]      max value from loadcase=  1 >>> Effort = 0.23853 <<<<
Failure(STR) S11 min= -981 ----  Allowed S11 Min (Compressive)= -490.5 ------> Model S11 Min (Compressive)= -476.7 ------>>   [  OK  ]     min value from loadcase=  4 >>> Effort = 0.48593 <<<<
Failure(STR) S22 max= 49 ----  Allowed S22 Max (Tensile)    = 24.5 ------> Model S22 Max (Tensile)    = 23.28 ------>>   [  OK  ]     max value from loadcase=  1 >>> Effort = 0.4751 <<<<
Failure(STR) S22 min= -160 ----  Allowed S22 Min (Compressive)= -80 ------> Model S22 Min (Compressive)= -18.19 ------>>   [  OK  ]     min value from loadcase=  2 >>> Effort = 0.11369 <<<<
Failure(STR) S12 max= 67 ----  Allowed S12 Max (Tensile)    = 33.5 ------> Model S12 Max (Tensile)    = 22.31 ------>>   [  OK  ]     max value from loadcase=  4 >>> Effort = 0.33299 <<<<
Failure(STR) S12 min= -67 ----  Allowed S12 Min (Compressive)= -33.5 ------> Model S12 Min (Compressive)= -22.54 ------>>   [  OK  ]     min value from loadcase=  4 >>> Effort = 0.33642 <<<<
*********************************************************************
************************MEMBER OUTPUT*********************************************
eigenPerformanceError=4.2474
materialRelativeDifferenceError=0
s11Error= 1.6836
s22Error= 3.3876e-05
s12Error= 1.9959e-65
objectiveVal= 4.5689
*********************************************************************
Load case 1 effort:     S11        S22       S12 
   tensile:           0.23853      0.4751     0.22642
   compressive:       0.15963    0.042075     0.22642
Load case 2 effort:     S11        S22       S12 
   tensile:           0.19552     0.37714     0.23149
   compressive:       0.45943     0.11369     0.23582
Load case 3 effort:     S11        S22       S12 
   tensile:           0.23306     0.45224     0.28821
   compressive:       0.116    0.048918     0.27716
Load case 4 effort:     S11        S22       S12 
   tensile:           0.20591     0.37204     0.33299
   compressive:       0.48593    0.096562     0.33642
***********************************************************************************
004098404152EBE009A200060200D81
***********************************************************************************
Member-6-Generation-2
S11     S22     S12

MaxStressData =

  567.9000   23.8400   15.6800
  453.3000   18.4700   15.5400
  548.0000   22.4300   19.2300
  462.0000   18.2200   22.5100

S11     S22     S12

MinStressData =

 -157.9000   -6.8040  -15.4700
 -447.9000  -18.0900  -15.6600
 -113.4000    2.3890  -18.3300
 -473.1000  -15.8200  -22.2800

***********************************************************************************
G2ID004124084182594548101015140286E
***********************************************************************************
************************FAILURE LIMITS*********************************************
Failure(STR) S11 max= 2320 ----  Allowed S11 Max (Tensile)    = 1160 ------> Model S11 Max (Tensile)    = 567.9 ------>>  [  OK  ]      max value from loadcase=  1 >>> Effort = 0.24478 <<<<
Failure(STR) S11 min= -981 ----  Allowed S11 Min (Compressive)= -490.5 ------> Model S11 Min (Compressive)= -473.1 ------>>   [  OK  ]     min value from loadcase=  4 >>> Effort = 0.48226 <<<<
Failure(STR) S22 max= 49 ----  Allowed S22 Max (Tensile)    = 24.5 ------> Model S22 Max (Tensile)    = 23.84 ------>>   [  OK  ]     max value from loadcase=  1 >>> Effort = 0.48653 <<<<
Failure(STR) S22 min= -160 ----  Allowed S22 Min (Compressive)= -80 ------> Model S22 Min (Compressive)= -18.09 ------>>   [  OK  ]     min value from loadcase=  2 >>> Effort = 0.11306 <<<<
Failure(STR) S12 max= 67 ----  Allowed S12 Max (Tensile)    = 33.5 ------> Model S12 Max (Tensile)    = 22.51 ------>>   [  OK  ]     max value from loadcase=  4 >>> Effort = 0.33597 <<<<
Failure(STR) S12 min= -67 ----  Allowed S12 Min (Compressive)= -33.5 ------> Model S12 Min (Compressive)= -22.28 ------>>   [  OK  ]     min value from loadcase=  4 >>> Effort = 0.33254 <<<<
*********************************************************************
************************MEMBER OUTPUT*********************************************
eigenPerformanceError=4.5882
materialRelativeDifferenceError=0
s11Error= 0.043619
s22Error= 3.0196
s12Error= 1.2755e-65
objectiveVal= 5.4928
*********************************************************************
Load case 1 effort:     S11        S22       S12 
   tensile:           0.24478     0.48653     0.23403
   compressive:       0.16096    0.042525      0.2309
Load case 2 effort:     S11        S22       S12 
   tensile:           0.19539     0.37694     0.23194
   compressive:       0.45657     0.11306     0.23373
Load case 3 effort:     S11        S22       S12 
   tensile:           0.23621     0.45776     0.28701
   compressive:       0.1156    0.048755     0.27358
Load case 4 effort:     S11        S22       S12 
   tensile:           0.19914     0.37184     0.33597
   compressive:       0.48226    0.098875     0.33254
***********************************************************************************
004124084182594548101015140286E
***********************************************************************************
Member-7-Generation-2
S11     S22     S12

MaxStressData =

  554.3000   23.3100   15.2600
  456.9000   18.6200   15.6000
  544.9000   22.3300   19.2200
  472.6000   18.8500   21.9200

S11     S22     S12

MinStressData =

 -157.1000   -6.7990  -15.3100
 -452.3000  -18.2500  -15.8000
 -113.2000    2.4030  -18.3700
 -478.1000  -15.1200  -22.7100

***********************************************************************************
G2ID00501100AE288031F066210102E01C4
***********************************************************************************
************************FAILURE LIMITS*********************************************
Failure(STR) S11 max= 2320 ----  Allowed S11 Max (Tensile)    = 1160 ------> Model S11 Max (Tensile)    = 554.3 ------>>  [  OK  ]      max value from loadcase=  1 >>> Effort = 0.23892 <<<<
Failure(STR) S11 min= -981 ----  Allowed S11 Min (Compressive)= -490.5 ------> Model S11 Min (Compressive)= -478.1 ------>>   [  OK  ]     min value from loadcase=  4 >>> Effort = 0.48736 <<<<
Failure(STR) S22 max= 49 ----  Allowed S22 Max (Tensile)    = 24.5 ------> Model S22 Max (Tensile)    = 23.31 ------>>   [  OK  ]     max value from loadcase=  1 >>> Effort = 0.47571 <<<<
Failure(STR) S22 min= -160 ----  Allowed S22 Min (Compressive)= -80 ------> Model S22 Min (Compressive)= -18.25 ------>>   [  OK  ]     min value from loadcase=  2 >>> Effort = 0.11406 <<<<
Failure(STR) S12 max= 67 ----  Allowed S12 Max (Tensile)    = 33.5 ------> Model S12 Max (Tensile)    = 21.92 ------>>   [  OK  ]     max value from loadcase=  4 >>> Effort = 0.32716 <<<<
Failure(STR) S12 min= -67 ----  Allowed S12 Min (Compressive)= -33.5 ------> Model S12 Min (Compressive)= -22.71 ------>>   [  OK  ]     min value from loadcase=  4 >>> Effort = 0.33896 <<<<
*********************************************************************
************************MEMBER OUTPUT*********************************************
eigenPerformanceError=5.0429
materialRelativeDifferenceError=0.15388
s11Error= 6.6598
s22Error= 6.2487e-05
s12Error= 2.524e-64
objectiveVal= 8.3551
*********************************************************************
Load case 1 effort:     S11        S22       S12 
   tensile:           0.23892     0.47571     0.22776
   compressive:       0.16014    0.042494     0.22851
Load case 2 effort:     S11        S22       S12 
   tensile:           0.19694        0.38     0.23284
   compressive:       0.46106     0.11406     0.23582
Load case 3 effort:     S11        S22       S12 
   tensile:           0.23487     0.45571     0.28687
   compressive:       0.11539    0.049041     0.27418
Load case 4 effort:     S11        S22       S12 
   tensile:           0.20371     0.38469     0.32716
   compressive:       0.48736      0.0945     0.33896
***********************************************************************************
00501100AE288031F066210102E01C4
***********************************************************************************
Member-8-Generation-2
S11     S22     S12

MaxStressData =

  548.6000   22.9600   15.1900
  454.6000   18.5300   15.5100
  550.3000   22.6300   19.3600
  463.7000   19.3500   21.0400

S11     S22     S12

MinStressData =

 -156.4000   -6.7700  -15.2000
 -451.5000  -18.2300  -15.8000
 -113.9000    2.3830  -18.5000
 -476.8000  -14.6600  -22.1700

***********************************************************************************
G2ID010800208018116BC81010017540324
***********************************************************************************
************************FAILURE LIMITS*********************************************
Failure(STR) S11 max= 2320 ----  Allowed S11 Max (Tensile)    = 1160 ------> Model S11 Max (Tensile)    = 550.3 ------>>  [  OK  ]      max value from loadcase=  3 >>> Effort = 0.2372 <<<<
Failure(STR) S11 min= -981 ----  Allowed S11 Min (Compressive)= -490.5 ------> Model S11 Min (Compressive)= -476.8 ------>>   [  OK  ]     min value from loadcase=  4 >>> Effort = 0.48603 <<<<
Failure(STR) S22 max= 49 ----  Allowed S22 Max (Tensile)    = 24.5 ------> Model S22 Max (Tensile)    = 22.96 ------>>   [  OK  ]     max value from loadcase=  1 >>> Effort = 0.46857 <<<<
Failure(STR) S22 min= -160 ----  Allowed S22 Min (Compressive)= -80 ------> Model S22 Min (Compressive)= -18.23 ------>>   [  OK  ]     min value from loadcase=  2 >>> Effort = 0.11394 <<<<
Failure(STR) S12 max= 67 ----  Allowed S12 Max (Tensile)    = 33.5 ------> Model S12 Max (Tensile)    = 21.04 ------>>   [  OK  ]     max value from loadcase=  4 >>> Effort = 0.31403 <<<<
Failure(STR) S12 min= -67 ----  Allowed S12 Min (Compressive)= -33.5 ------> Model S12 Min (Compressive)= -22.17 ------>>   [  OK  ]     min value from loadcase=  4 >>> Effort = 0.3309 <<<<
*********************************************************************
************************MEMBER OUTPUT*********************************************
eigenPerformanceError=3.3439
materialRelativeDifferenceError=0
s11Error= 1.8609
s22Error= 4.9396e-08
s12Error= 7.9763e-68
objectiveVal= 3.8268
*********************************************************************
Load case 1 effort:     S11        S22       S12 
   tensile:           0.23647     0.46857     0.22672
   compressive:       0.15943    0.042312     0.22687
Load case 2 effort:     S11        S22       S12 
   tensile:           0.19595     0.37816     0.23149
   compressive:       0.46024     0.11394     0.23582
Load case 3 effort:     S11        S22       S12 
   tensile:           0.2372     0.46184     0.28896
   compressive:       0.11611    0.048633     0.27612
Load case 4 effort:     S11        S22       S12 
   tensile:           0.19987      0.3949     0.31403
   compressive:       0.48603    0.091625      0.3309
***********************************************************************************
010800208018116BC81010017540324
***********************************************************************************
Member-9-Generation-2
S11     S22     S12

MaxStressData =

  513.8000   23.9400   15.6600
  457.4000   18.6400   15.6500
  549.2000   22.4200   19.3400
  478.6000   19.5800   22.6000

S11     S22     S12

MinStressData =

 -159.5000   -6.8580  -15.6700
 -451.5000  -18.2200  -15.7800
 -114.6000    2.4000  -18.4600
 -480.3000  -15.8600  -23.1100

***********************************************************************************
G2ID081594E0A944B421249D956556685E1
***********************************************************************************
************************FAILURE LIMITS*********************************************
Failure(STR) S11 max= 2320 ----  Allowed S11 Max (Tensile)    = 1160 ------> Model S11 Max (Tensile)    = 549.2 ------>>  [  OK  ]      max value from loadcase=  3 >>> Effort = 0.23672 <<<<
Failure(STR) S11 min= -981 ----  Allowed S11 Min (Compressive)= -490.5 ------> Model S11 Min (Compressive)= -480.3 ------>>   [  OK  ]     min value from loadcase=  4 >>> Effort = 0.4896 <<<<
Failure(STR) S22 max= 49 ----  Allowed S22 Max (Tensile)    = 24.5 ------> Model S22 Max (Tensile)    = 23.94 ------>>   [  OK  ]     max value from loadcase=  1 >>> Effort = 0.48857 <<<<
Failure(STR) S22 min= -160 ----  Allowed S22 Min (Compressive)= -80 ------> Model S22 Min (Compressive)= -18.22 ------>>   [  OK  ]     min value from loadcase=  2 >>> Effort = 0.11387 <<<<
Failure(STR) S12 max= 67 ----  Allowed S12 Max (Tensile)    = 33.5 ------> Model S12 Max (Tensile)    = 22.6 ------>>   [  OK  ]     max value from loadcase=  4 >>> Effort = 0.33731 <<<<
Failure(STR) S12 min= -67 ----  Allowed S12 Min (Compressive)= -33.5 ------> Model S12 Min (Compressive)= -23.11 ------>>   [  OK  ]     min value from loadcase=  4 >>> Effort = 0.34493 <<<<
*********************************************************************
************************MEMBER OUTPUT*********************************************
eigenPerformanceError=6.1533
materialRelativeDifferenceError=0
s11Error= 40.19
s22Error= 19.3321
s12Error= 9.883e-62
objectiveVal= 45.0204
*********************************************************************
Load case 1 effort:     S11        S22       S12 
   tensile:           0.22147     0.48857     0.23373
   compressive:       0.16259    0.042862     0.23388
Load case 2 effort:     S11        S22       S12 
   tensile:           0.19716     0.38041     0.23358
   compressive:       0.46024     0.11387     0.23552
Load case 3 effort:     S11        S22       S12 
   tensile:           0.23672     0.45755     0.28866
   compressive:       0.11682     0.04898     0.27552
Load case 4 effort:     S11        S22       S12 
   tensile:           0.20629     0.39959     0.33731
   compressive:       0.4896    0.099125     0.34493
***********************************************************************************
081594E0A944B421249D956556685E1
***********************************************************************************
Member-10-Generation-2
S11     S22     S12

MaxStressData =

  561.4000   23.4100   15.5300
  455.9000   18.5800   15.6100
  553.5000   22.6900   19.6300
  473.6000   20.1300   22.0200

S11     S22     S12

MinStressData =

 -157.1000   -6.8270  -15.5400
 -453.6000  -18.3100  -15.8400
 -115.5000    2.4070  -18.4800
 -479.6000  -15.2300  -22.5100

***********************************************************************************
G2ID2004803BB4D5115119328612C5C8875
***********************************************************************************
************************FAILURE LIMITS*********************************************
Failure(STR) S11 max= 2320 ----  Allowed S11 Max (Tensile)    = 1160 ------> Model S11 Max (Tensile)    = 561.4 ------>>  [  OK  ]      max value from loadcase=  1 >>> Effort = 0.24198 <<<<
Failure(STR) S11 min= -981 ----  Allowed S11 Min (Compressive)= -490.5 ------> Model S11 Min (Compressive)= -479.6 ------>>   [  OK  ]     min value from loadcase=  4 >>> Effort = 0.48889 <<<<
Failure(STR) S22 max= 49 ----  Allowed S22 Max (Tensile)    = 24.5 ------> Model S22 Max (Tensile)    = 23.41 ------>>   [  OK  ]     max value from loadcase=  1 >>> Effort = 0.47776 <<<<
Failure(STR) S22 min= -160 ----  Allowed S22 Min (Compressive)= -80 ------> Model S22 Min (Compressive)= -18.31 ------>>   [  OK  ]     min value from loadcase=  2 >>> Effort = 0.11444 <<<<
Failure(STR) S12 max= 67 ----  Allowed S12 Max (Tensile)    = 33.5 ------> Model S12 Max (Tensile)    = 22.02 ------>>   [  OK  ]     max value from loadcase=  4 >>> Effort = 0.32866 <<<<
Failure(STR) S12 min= -67 ----  Allowed S12 Min (Compressive)= -33.5 ------> Model S12 Min (Compressive)= -22.51 ------>>   [  OK  ]     min value from loadcase=  4 >>> Effort = 0.33597 <<<<
*********************************************************************
************************MEMBER OUTPUT*********************************************
eigenPerformanceError=5.3656
materialRelativeDifferenceError=0
s11Error= 24.7664
s22Error= 0.00048096
s12Error= 1.2755e-65
objectiveVal= 25.3409
*********************************************************************
Load case 1 effort:     S11        S22       S12 
   tensile:           0.24198     0.47776     0.23179
   compressive:       0.16014    0.042669     0.23194
Load case 2 effort:     S11        S22       S12 
   tensile:           0.19651     0.37918     0.23299
   compressive:       0.46239     0.11444     0.23642
Load case 3 effort:     S11        S22       S12 
   tensile:           0.23858     0.46306     0.29299
   compressive:       0.11774    0.049122     0.27582
Load case 4 effort:     S11        S22       S12 
   tensile:           0.20414     0.41082     0.32866
   compressive:       0.48889    0.095188     0.33597
***********************************************************************************
2004803BB4D5115119328612C5C8875
***********************************************************************************
Member-11-Generation-2
S11     S22     S12

MaxStressData =

  567.9000   23.8400   15.6800
  453.3000   18.4700   15.5400
  548.0000   22.4300   19.2300
  462.8000   19.0600   22.5100

S11     S22     S12

MinStressData =

 -157.9000   -6.8040  -15.4700
 -447.9000  -18.0900  -15.6600
 -113.4000    2.3890  -18.3800
 -473.1000  -15.8200  -22.2800

***********************************************************************************
G2ID284124084182594548111015140286E
***********************************************************************************
************************FAILURE LIMITS*********************************************
Failure(STR) S11 max= 2320 ----  Allowed S11 Max (Tensile)    = 1160 ------> Model S11 Max (Tensile)    = 567.9 ------>>  [  OK  ]      max value from loadcase=  1 >>> Effort = 0.24478 <<<<
Failure(STR) S11 min= -981 ----  Allowed S11 Min (Compressive)= -490.5 ------> Model S11 Min (Compressive)= -473.1 ------>>   [  OK  ]     min value from loadcase=  4 >>> Effort = 0.48226 <<<<
Failure(STR) S22 max= 49 ----  Allowed S22 Max (Tensile)    = 24.5 ------> Model S22 Max (Tensile)    = 23.84 ------>>   [  OK  ]     max value from loadcase=  1 >>> Effort = 0.48653 <<<<
Failure(STR) S22 min= -160 ----  Allowed S22 Min (Compressive)= -80 ------> Model S22 Min (Compressive)= -18.09 ------>>   [  OK  ]     min value from loadcase=  2 >>> Effort = 0.11306 <<<<
Failure(STR) S12 max= 67 ----  Allowed S12 Max (Tensile)    = 33.5 ------> Model S12 Max (Tensile)    = 22.51 ------>>   [  OK  ]     max value from loadcase=  4 >>> Effort = 0.33597 <<<<
Failure(STR) S12 min= -67 ----  Allowed S12 Min (Compressive)= -33.5 ------> Model S12 Min (Compressive)= -22.28 ------>>   [  OK  ]     min value from loadcase=  4 >>> Effort = 0.33254 <<<<
*********************************************************************
************************MEMBER OUTPUT*********************************************
eigenPerformanceError=4.633
materialRelativeDifferenceError=0
s11Error= 0.043619
s22Error= 3.0196
s12Error= 1.2755e-65
objectiveVal= 5.5304
*********************************************************************
Load case 1 effort:     S11        S22       S12 
   tensile:           0.24478     0.48653     0.23403
   compressive:       0.16096    0.042525      0.2309
Load case 2 effort:     S11        S22       S12 
   tensile:           0.19539     0.37694     0.23194
   compressive:       0.45657     0.11306     0.23373
Load case 3 effort:     S11        S22       S12 
   tensile:           0.23621     0.45776     0.28701
   compressive:       0.1156    0.048755     0.27433
Load case 4 effort:     S11        S22       S12 
   tensile:           0.19948     0.38898     0.33597
   compressive:       0.48226    0.098875     0.33254
***********************************************************************************
284124084182594548111015140286E
***********************************************************************************
Member-12-Generation-2
S11     S22     S12

MaxStressData =

  558.4000   23.2100   15.3400
  452.7000   18.4500   15.5000
  542.0000   22.2500   19.2500
  461.7000   19.1500   22.5100

S11     S22     S12

MinStressData =

 -157.0000   -6.7630  -15.1900
 -448.1000  -18.0900  -15.6700
 -113.7000    2.3860  -18.3700
 -482.7000  -15.8000  -22.4500

***********************************************************************************
G2ID294124084182CC86403910851402818
***********************************************************************************
************************FAILURE LIMITS*********************************************
Failure(STR) S11 max= 2320 ----  Allowed S11 Max (Tensile)    = 1160 ------> Model S11 Max (Tensile)    = 558.4 ------>>  [  OK  ]      max value from loadcase=  1 >>> Effort = 0.24069 <<<<
Failure(STR) S11 min= -981 ----  Allowed S11 Min (Compressive)= -490.5 ------> Model S11 Min (Compressive)= -482.7 ------>>   [  OK  ]     min value from loadcase=  4 >>> Effort = 0.49205 <<<<
Failure(STR) S22 max= 49 ----  Allowed S22 Max (Tensile)    = 24.5 ------> Model S22 Max (Tensile)    = 23.21 ------>>   [  OK  ]     max value from loadcase=  1 >>> Effort = 0.47367 <<<<
Failure(STR) S22 min= -160 ----  Allowed S22 Min (Compressive)= -80 ------> Model S22 Min (Compressive)= -18.09 ------>>   [  OK  ]     min value from loadcase=  2 >>> Effort = 0.11306 <<<<
Failure(STR) S12 max= 67 ----  Allowed S12 Max (Tensile)    = 33.5 ------> Model S12 Max (Tensile)    = 22.51 ------>>   [  OK  ]     max value from loadcase=  4 >>> Effort = 0.33597 <<<<
Failure(STR) S12 min= -67 ----  Allowed S12 Min (Compressive)= -33.5 ------> Model S12 Min (Compressive)= -22.45 ------>>   [  OK  ]     min value from loadcase=  4 >>> Effort = 0.33507 <<<<
*********************************************************************
************************MEMBER OUTPUT*********************************************
eigenPerformanceError=3.7093
materialRelativeDifferenceError=3.563
s11Error= 88.5839
s22Error= 8.1185e-06
s12Error= 1.2755e-65
objectiveVal= 88.7331
*********************************************************************
Load case 1 effort:     S11        S22       S12 
   tensile:           0.24069     0.47367     0.22896
   compressive:       0.16004    0.042269     0.22672
Load case 2 effort:     S11        S22       S12 
   tensile:           0.19513     0.37653     0.23134
   compressive:       0.45678     0.11306     0.23388
Load case 3 effort:     S11        S22       S12 
   tensile:           0.23362     0.45408     0.28731
   compressive:       0.1159    0.048694     0.27418
Load case 4 effort:     S11        S22       S12 
   tensile:           0.19901     0.39082     0.33597
   compressive:       0.49205     0.09875     0.33507
***********************************************************************************
294124084182CC86403910851402818
***********************************************************************************
Member-13-Generation-2
S11     S22     S12

MaxStressData =

  572.3000   23.8800   15.4900
  460.5000   18.7600   15.7000
  554.5000   22.7300   19.7700
  471.8000   20.3900   22.3600

S11     S22     S12

MinStressData =

 -158.8000   -6.8380  -15.5000
 -452.3000  -18.2600  -15.8200
 -116.1000    2.4060  -18.5500
 -483.7000  -15.4500  -22.7100

***********************************************************************************
G2ID2AA403D9827C848A55249A00B05E2A5
***********************************************************************************
************************FAILURE LIMITS*********************************************
Failure(STR) S11 max= 2320 ----  Allowed S11 Max (Tensile)    = 1160 ------> Model S11 Max (Tensile)    = 572.3 ------>>  [  OK  ]      max value from loadcase=  1 >>> Effort = 0.24668 <<<<
Failure(STR) S11 min= -981 ----  Allowed S11 Min (Compressive)= -490.5 ------> Model S11 Min (Compressive)= -483.7 ------>>   [  OK  ]     min value from loadcase=  4 >>> Effort = 0.49307 <<<<
Failure(STR) S22 max= 49 ----  Allowed S22 Max (Tensile)    = 24.5 ------> Model S22 Max (Tensile)    = 23.88 ------>>   [  OK  ]     max value from loadcase=  1 >>> Effort = 0.48735 <<<<
Failure(STR) S22 min= -160 ----  Allowed S22 Min (Compressive)= -80 ------> Model S22 Min (Compressive)= -18.26 ------>>   [  OK  ]     min value from loadcase=  2 >>> Effort = 0.11413 <<<<
Failure(STR) S12 max= 67 ----  Allowed S12 Max (Tensile)    = 33.5 ------> Model S12 Max (Tensile)    = 22.36 ------>>   [  OK  ]     max value from loadcase=  4 >>> Effort = 0.33373 <<<<
Failure(STR) S12 min= -67 ----  Allowed S12 Min (Compressive)= -33.5 ------> Model S12 Min (Compressive)= -22.71 ------>>   [  OK  ]     min value from loadcase=  4 >>> Effort = 0.33896 <<<<
*********************************************************************
************************MEMBER OUTPUT*********************************************
eigenPerformanceError=6.0488
materialRelativeDifferenceError=0
s11Error= 95.5566
s22Error= 6.5801
s12Error= 2.524e-64
objectiveVal= 95.9737
*********************************************************************
Load case 1 effort:     S11        S22       S12 
   tensile:           0.24668     0.48735     0.23119
   compressive:       0.16188    0.042737     0.23134
Load case 2 effort:     S11        S22       S12 
   tensile:           0.19849     0.38286     0.23433
   compressive:       0.46106     0.11413     0.23612
Load case 3 effort:     S11        S22       S12 
   tensile:           0.23901     0.46388     0.29507
   compressive:       0.11835    0.049102     0.27687
Load case 4 effort:     S11        S22       S12 
   tensile:           0.20336     0.41612     0.33373
   compressive:       0.49307    0.096562     0.33896
***********************************************************************************
2AA403D9827C848A55249A00B05E2A5
***********************************************************************************
Member-14-Generation-2
S11     S22     S12

MaxStressData =

  590.9000   24.8500   14.9400
  456.4000   18.5600   15.7200
  554.1000   22.8700   19.5400
  475.5000   20.3600   22.4900

S11     S22     S12

MinStressData =

 -160.2000   -6.9560  -15.8700
 -453.4000  -18.3100  -15.7800
 -115.2000    2.3980  -18.4600
 -474.8000  -16.0700  -23.1500

***********************************************************************************
G2ID2E9397E5B5E39906010A842A94D4578
***********************************************************************************
************************FAILURE LIMITS*********************************************
Failure(STR) S11 max= 2320 ----  Allowed S11 Max (Tensile)    = 1160 ------> Model S11 Max (Tensile)    = 590.9 ------>>  [  OK  ]      max value from loadcase=  1 >>> Effort = 0.2547 <<<<
Failure(STR) S11 min= -981 ----  Allowed S11 Min (Compressive)= -490.5 ------> Model S11 Min (Compressive)= -474.8 ------>>   [  OK  ]     min value from loadcase=  4 >>> Effort = 0.484 <<<<
Failure(STR) S22 max= 49 ----  Allowed S22 Max (Tensile)    = 24.5 ------> Model S22 Max (Tensile)    = 24.85 ------>>  !!!  VIOLATED  !!!  max value from loadcase=  1 >>> Effort = 0.50714 <<<<
Failure(STR) S22 min= -160 ----  Allowed S22 Min (Compressive)= -80 ------> Model S22 Min (Compressive)= -18.31 ------>>   [  OK  ]     min value from loadcase=  2 >>> Effort = 0.11444 <<<<
Failure(STR) S12 max= 67 ----  Allowed S12 Max (Tensile)    = 33.5 ------> Model S12 Max (Tensile)    = 22.49 ------>>   [  OK  ]     max value from loadcase=  4 >>> Effort = 0.33567 <<<<
Failure(STR) S12 min= -67 ----  Allowed S12 Min (Compressive)= -33.5 ------> Model S12 Min (Compressive)= -23.15 ------>>   [  OK  ]     min value from loadcase=  4 >>> Effort = 0.34552 <<<<
*********************************************************************
************************MEMBER OUTPUT*********************************************
eigenPerformanceError=7.8542
materialRelativeDifferenceError=0
s11Error= 0.24626
s22Error= 100
s12Error= 1.7954e-61
objectiveVal= 100.3083
*********************************************************************
Load case 1 effort:     S11        S22       S12 
   tensile:           0.2547     0.50714     0.22299
   compressive:       0.1633    0.043475     0.23687
Load case 2 effort:     S11        S22       S12 
   tensile:           0.19672     0.37878     0.23463
   compressive:       0.46218     0.11444     0.23552
Load case 3 effort:     S11        S22       S12 
   tensile:           0.23884     0.46673     0.29164
   compressive:       0.11743    0.048939     0.27552
Load case 4 effort:     S11        S22       S12 
   tensile:           0.20496     0.41551     0.33567
   compressive:       0.484     0.10044     0.34552
***********************************************************************************
2E9397E5B5E39906010A842A94D4578
***********************************************************************************
Member-15-Generation-2
S11     S22     S12

MaxStressData =

  587.6000   24.4200   15.5700
  456.9000   18.6000   15.6800
  561.7000   22.8100   19.4200
  477.3000   20.2700   22.5000

S11     S22     S12

MinStressData =

 -157.6000   -6.8270  -15.5800
 -450.4000  -18.1900  -15.7400
 -114.8000    2.4000  -18.7600
 -477.7000  -16.3100  -23.1000

***********************************************************************************
G2ID3135AB9BF0450C120408DC20F40D2DD
***********************************************************************************
************************FAILURE LIMITS*********************************************
Failure(STR) S11 max= 2320 ----  Allowed S11 Max (Tensile)    = 1160 ------> Model S11 Max (Tensile)    = 587.6 ------>>  [  OK  ]      max value from loadcase=  1 >>> Effort = 0.25328 <<<<
Failure(STR) S11 min= -981 ----  Allowed S11 Min (Compressive)= -490.5 ------> Model S11 Min (Compressive)= -477.7 ------>>   [  OK  ]     min value from loadcase=  4 >>> Effort = 0.48695 <<<<
Failure(STR) S22 max= 49 ----  Allowed S22 Max (Tensile)    = 24.5 ------> Model S22 Max (Tensile)    = 24.42 ------>>   [  OK  ]     max value from loadcase=  1 >>> Effort = 0.49837 <<<<
Failure(STR) S22 min= -160 ----  Allowed S22 Min (Compressive)= -80 ------> Model S22 Min (Compressive)= -18.19 ------>>   [  OK  ]     min value from loadcase=  2 >>> Effort = 0.11369 <<<<
Failure(STR) S12 max= 67 ----  Allowed S12 Max (Tensile)    = 33.5 ------> Model S12 Max (Tensile)    = 22.5 ------>>   [  OK  ]     max value from loadcase=  4 >>> Effort = 0.33582 <<<<
Failure(STR) S12 min= -67 ----  Allowed S12 Min (Compressive)= -33.5 ------> Model S12 Min (Compressive)= -23.1 ------>>   [  OK  ]     min value from loadcase=  4 >>> Effort = 0.34478 <<<<
*********************************************************************
************************MEMBER OUTPUT*********************************************
eigenPerformanceError=6.9982
materialRelativeDifferenceError=0
s11Error= 4.5308
s22Error= 99.9768
s12Error= 8.5128e-62
objectiveVal= 100.3238
*********************************************************************
Load case 1 effort:     S11        S22       S12 
   tensile:           0.25328     0.49837     0.23239
   compressive:       0.16065    0.042669     0.23254
Load case 2 effort:     S11        S22       S12 
   tensile:           0.19694     0.37959     0.23403
   compressive:       0.45912     0.11369     0.23493
Load case 3 effort:     S11        S22       S12 
   tensile:           0.24211     0.46551     0.28985
   compressive:       0.11702     0.04898        0.28
Load case 4 effort:     S11        S22       S12 
   tensile:           0.20573     0.41367     0.33582
   compressive:       0.48695     0.10194     0.34478
***********************************************************************************
3135AB9BF0450C120408DC20F40D2DD
***********************************************************************************

*****	GENERATION #2 simulation complete	***********
GEN: 2 | Obj: 2.802218 | RCYCLE: 32.159091 %
